[4.249s] Invoking command in '/home/mc2148/AURO/GIT-SUBMISSION/AURO/Submission/src/solution': PYTHONPATH=/home/mc2148/AURO/GIT-SUBMISSION/AURO/Submission/build/solution/prefix_override:/home/mc2148/AURO/GIT-SUBMISSION/AURO/Submission/install/solution/lib/python3.10/site-packages:${PYTHONPATH} /usr/bin/python3 setup.py egg_info --egg-base ../../build/solution build --build-base /home/mc2148/AURO/GIT-SUBMISSION/AURO/Submission/build/solution/build install --record /home/mc2148/AURO/GIT-SUBMISSION/AURO/Submission/build/solution/install.log --single-version-externally-managed
[5.333s] running egg_info
[5.335s] writing ../../build/solution/solution.egg-info/PKG-INFO
[5.336s] writing dependency_links to ../../build/solution/solution.egg-info/dependency_links.txt
[5.336s] writing entry points to ../../build/solution/solution.egg-info/entry_points.txt
[5.337s] writing requirements to ../../build/solution/solution.egg-info/requires.txt
[5.337s] writing top-level names to ../../build/solution/solution.egg-info/top_level.txt
[5.342s] reading manifest file '../../build/solution/solution.egg-info/SOURCES.txt'
[5.347s] writing manifest file '../../build/solution/solution.egg-info/SOURCES.txt'
[5.348s] running build
[5.348s] running build_py
[5.349s] copying solution/robot_controller.py -> /home/mc2148/AURO/GIT-SUBMISSION/AURO/Submission/build/solution/build/lib/solution
[5.349s] running install
[5.350s] running install_lib
[5.350s] copying /home/mc2148/AURO/GIT-SUBMISSION/AURO/Submission/build/solution/build/lib/solution/robot_controller.py -> /home/mc2148/AURO/GIT-SUBMISSION/AURO/Submission/install/solution/lib/python3.10/site-packages/solution
[5.351s] byte-compiling /home/mc2148/AURO/GIT-SUBMISSION/AURO/Submission/install/solution/lib/python3.10/site-packages/solution/robot_controller.py to robot_controller.cpython-310.pyc
[5.360s] running install_data
[5.362s] running install_egg_info
[5.368s] removing '/home/mc2148/AURO/GIT-SUBMISSION/AURO/Submission/install/solution/lib/python3.10/site-packages/solution-0.0.0-py3.10.egg-info' (and everything under it)
[5.369s] Copying ../../build/solution/solution.egg-info to /home/mc2148/AURO/GIT-SUBMISSION/AURO/Submission/install/solution/lib/python3.10/site-packages/solution-0.0.0-py3.10.egg-info
[5.372s] running install_scripts
[5.438s] Installing data_logger script to /home/mc2148/AURO/GIT-SUBMISSION/AURO/Submission/install/solution/lib/solution
[5.438s] Installing robot_controller script to /home/mc2148/AURO/GIT-SUBMISSION/AURO/Submission/install/solution/lib/solution
[5.441s] writing list of installed files to '/home/mc2148/AURO/GIT-SUBMISSION/AURO/Submission/build/solution/install.log'
[5.970s] Invoked command in '/home/mc2148/AURO/GIT-SUBMISSION/AURO/Submission/src/solution' returned '0': PYTHONPATH=/home/mc2148/AURO/GIT-SUBMISSION/AURO/Submission/build/solution/prefix_override:/home/mc2148/AURO/GIT-SUBMISSION/AURO/Submission/install/solution/lib/python3.10/site-packages:${PYTHONPATH} /usr/bin/python3 setup.py egg_info --egg-base ../../build/solution build --build-base /home/mc2148/AURO/GIT-SUBMISSION/AURO/Submission/build/solution/build install --record /home/mc2148/AURO/GIT-SUBMISSION/AURO/Submission/build/solution/install.log --single-version-externally-managed
