[6.850s] Invoking command in '/home/mc2148/AURO/GIT-SUBMISSION/AURO/Submission/src/tf_relay': PYTHONPATH=/home/mc2148/AURO/GIT-SUBMISSION/AURO/Submission/build/tf_relay/prefix_override:/home/mc2148/AURO/GIT-SUBMISSION/AURO/Submission/install/tf_relay/lib/python3.10/site-packages:${PYTHONPATH} /usr/bin/python3 setup.py egg_info --egg-base ../../build/tf_relay build --build-base /home/mc2148/AURO/GIT-SUBMISSION/AURO/Submission/build/tf_relay/build install --record /home/mc2148/AURO/GIT-SUBMISSION/AURO/Submission/build/tf_relay/install.log --single-version-externally-managed
[9.615s] running egg_info
[9.623s] creating ../../build/tf_relay/tf_relay.egg-info
[9.625s] writing ../../build/tf_relay/tf_relay.egg-info/PKG-INFO
[9.627s] writing dependency_links to ../../build/tf_relay/tf_relay.egg-info/dependency_links.txt
[9.628s] writing entry points to ../../build/tf_relay/tf_relay.egg-info/entry_points.txt
[9.630s] writing requirements to ../../build/tf_relay/tf_relay.egg-info/requires.txt
[9.635s] writing top-level names to ../../build/tf_relay/tf_relay.egg-info/top_level.txt
[9.640s] writing manifest file '../../build/tf_relay/tf_relay.egg-info/SOURCES.txt'
[9.664s] reading manifest file '../../build/tf_relay/tf_relay.egg-info/SOURCES.txt'
[9.682s] writing manifest file '../../build/tf_relay/tf_relay.egg-info/SOURCES.txt'
[9.683s] running build
[9.684s] running build_py
[9.691s] creating /home/mc2148/AURO/GIT-SUBMISSION/AURO/Submission/build/tf_relay/build
[9.692s] creating /home/mc2148/AURO/GIT-SUBMISSION/AURO/Submission/build/tf_relay/build/lib
[9.693s] creating /home/mc2148/AURO/GIT-SUBMISSION/AURO/Submission/build/tf_relay/build/lib/tf_relay
[9.694s] copying tf_relay/tf_static_relay.py -> /home/mc2148/AURO/GIT-SUBMISSION/AURO/Submission/build/tf_relay/build/lib/tf_relay
[9.695s] copying tf_relay/tf_relay.py -> /home/mc2148/AURO/GIT-SUBMISSION/AURO/Submission/build/tf_relay/build/lib/tf_relay
[9.698s] copying tf_relay/main.py -> /home/mc2148/AURO/GIT-SUBMISSION/AURO/Submission/build/tf_relay/build/lib/tf_relay
[9.698s] copying tf_relay/__init__.py -> /home/mc2148/AURO/GIT-SUBMISSION/AURO/Submission/build/tf_relay/build/lib/tf_relay
[9.698s] running install
[9.699s] running install_lib
[9.710s] creating /home/mc2148/AURO/GIT-SUBMISSION/AURO/Submission/install/tf_relay/lib/python3.10/site-packages/tf_relay
[9.719s] copying /home/mc2148/AURO/GIT-SUBMISSION/AURO/Submission/build/tf_relay/build/lib/tf_relay/tf_static_relay.py -> /home/mc2148/AURO/GIT-SUBMISSION/AURO/Submission/install/tf_relay/lib/python3.10/site-packages/tf_relay
[9.721s] copying /home/mc2148/AURO/GIT-SUBMISSION/AURO/Submission/build/tf_relay/build/lib/tf_relay/tf_relay.py -> /home/mc2148/AURO/GIT-SUBMISSION/AURO/Submission/install/tf_relay/lib/python3.10/site-packages/tf_relay
[9.721s] copying /home/mc2148/AURO/GIT-SUBMISSION/AURO/Submission/build/tf_relay/build/lib/tf_relay/main.py -> /home/mc2148/AURO/GIT-SUBMISSION/AURO/Submission/install/tf_relay/lib/python3.10/site-packages/tf_relay
[9.722s] copying /home/mc2148/AURO/GIT-SUBMISSION/AURO/Submission/build/tf_relay/build/lib/tf_relay/__init__.py -> /home/mc2148/AURO/GIT-SUBMISSION/AURO/Submission/install/tf_relay/lib/python3.10/site-packages/tf_relay
[9.732s] byte-compiling /home/mc2148/AURO/GIT-SUBMISSION/AURO/Submission/install/tf_relay/lib/python3.10/site-packages/tf_relay/tf_static_relay.py to tf_static_relay.cpython-310.pyc
[9.739s] byte-compiling /home/mc2148/AURO/GIT-SUBMISSION/AURO/Submission/install/tf_relay/lib/python3.10/site-packages/tf_relay/tf_relay.py to tf_relay.cpython-310.pyc
[9.741s] byte-compiling /home/mc2148/AURO/GIT-SUBMISSION/AURO/Submission/install/tf_relay/lib/python3.10/site-packages/tf_relay/main.py to main.cpython-310.pyc
[9.748s] byte-compiling /home/mc2148/AURO/GIT-SUBMISSION/AURO/Submission/install/tf_relay/lib/python3.10/site-packages/tf_relay/__init__.py to __init__.cpython-310.pyc
[9.749s] running install_data
[9.761s] creating /home/mc2148/AURO/GIT-SUBMISSION/AURO/Submission/install/tf_relay/share/ament_index
[9.762s] creating /home/mc2148/AURO/GIT-SUBMISSION/AURO/Submission/install/tf_relay/share/ament_index/resource_index
[9.762s] creating /home/mc2148/AURO/GIT-SUBMISSION/AURO/Submission/install/tf_relay/share/ament_index/resource_index/packages
[9.763s] copying resource/tf_relay -> /home/mc2148/AURO/GIT-SUBMISSION/AURO/Submission/install/tf_relay/share/ament_index/resource_index/packages
[9.769s] copying package.xml -> /home/mc2148/AURO/GIT-SUBMISSION/AURO/Submission/install/tf_relay/share/tf_relay
[9.770s] running install_egg_info
[9.800s] Copying ../../build/tf_relay/tf_relay.egg-info to /home/mc2148/AURO/GIT-SUBMISSION/AURO/Submission/install/tf_relay/lib/python3.10/site-packages/tf_relay-0.0.0-py3.10.egg-info
[9.811s] running install_scripts
[9.994s] Installing relay script to /home/mc2148/AURO/GIT-SUBMISSION/AURO/Submission/install/tf_relay/lib/tf_relay
[9.996s] writing list of installed files to '/home/mc2148/AURO/GIT-SUBMISSION/AURO/Submission/build/tf_relay/install.log'
[10.327s] Invoked command in '/home/mc2148/AURO/GIT-SUBMISSION/AURO/Submission/src/tf_relay' returned '0': PYTHONPATH=/home/mc2148/AURO/GIT-SUBMISSION/AURO/Submission/build/tf_relay/prefix_override:/home/mc2148/AURO/GIT-SUBMISSION/AURO/Submission/install/tf_relay/lib/python3.10/site-packages:${PYTHONPATH} /usr/bin/python3 setup.py egg_info --egg-base ../../build/tf_relay build --build-base /home/mc2148/AURO/GIT-SUBMISSION/AURO/Submission/build/tf_relay/build install --record /home/mc2148/AURO/GIT-SUBMISSION/AURO/Submission/build/tf_relay/install.log --single-version-externally-managed
