[1.547s] Invoking command in '/home/mc2148/AURO/Submission/src/solution': PYTHONPATH=/home/mc2148/AURO/Submission/build/solution/prefix_override:/home/mc2148/AURO/Submission/install/solution/lib/python3.10/site-packages:${PYTHONPATH} /usr/bin/python3 setup.py egg_info --egg-base ../../build/solution build --build-base /home/mc2148/AURO/Submission/build/solution/build install --record /home/mc2148/AURO/Submission/build/solution/install.log --single-version-externally-managed
[1.832s] running egg_info
[1.832s] writing ../../build/solution/solution.egg-info/PKG-INFO
[1.832s] writing dependency_links to ../../build/solution/solution.egg-info/dependency_links.txt
[1.833s] writing entry points to ../../build/solution/solution.egg-info/entry_points.txt
[1.833s] writing requirements to ../../build/solution/solution.egg-info/requires.txt
[1.833s] writing top-level names to ../../build/solution/solution.egg-info/top_level.txt
[1.835s] reading manifest file '../../build/solution/solution.egg-info/SOURCES.txt'
[1.836s] writing manifest file '../../build/solution/solution.egg-info/SOURCES.txt'
[1.837s] running build
[1.837s] running build_py
[1.837s] copying solution/item_assessor_service.py -> /home/mc2148/AURO/Submission/build/solution/build/lib/solution
[1.837s] running install
[1.838s] running install_lib
[1.838s] copying /home/mc2148/AURO/Submission/build/solution/build/lib/solution/item_assessor_service.py -> /home/mc2148/AURO/Submission/install/solution/lib/python3.10/site-packages/solution
[1.839s] byte-compiling /home/mc2148/AURO/Submission/install/solution/lib/python3.10/site-packages/solution/item_assessor_service.py to item_assessor_service.cpython-310.pyc
[1.840s] running install_data
[1.841s] running install_egg_info
[1.843s] removing '/home/mc2148/AURO/Submission/install/solution/lib/python3.10/site-packages/solution-0.0.0-py3.10.egg-info' (and everything under it)
[1.843s] Copying ../../build/solution/solution.egg-info to /home/mc2148/AURO/Submission/install/solution/lib/python3.10/site-packages/solution-0.0.0-py3.10.egg-info
[1.844s] running install_scripts
[1.865s] Installing data_logger script to /home/mc2148/AURO/Submission/install/solution/lib/solution
[1.865s] Installing item_assessor_service script to /home/mc2148/AURO/Submission/install/solution/lib/solution
[1.865s] Installing randomised_goal_service script to /home/mc2148/AURO/Submission/install/solution/lib/solution
[1.866s] Installing robot_controller script to /home/mc2148/AURO/Submission/install/solution/lib/solution
[1.866s] Installing robot_position script to /home/mc2148/AURO/Submission/install/solution/lib/solution
[1.867s] writing list of installed files to '/home/mc2148/AURO/Submission/build/solution/install.log'
[1.900s] Invoked command in '/home/mc2148/AURO/Submission/src/solution' returned '0': PYTHONPATH=/home/mc2148/AURO/Submission/build/solution/prefix_override:/home/mc2148/AURO/Submission/install/solution/lib/python3.10/site-packages:${PYTHONPATH} /usr/bin/python3 setup.py egg_info --egg-base ../../build/solution build --build-base /home/mc2148/AURO/Submission/build/solution/build install --record /home/mc2148/AURO/Submission/build/solution/install.log --single-version-externally-managed
