[5.465s] Invoking command in '/home/mc2148/AURO/GIT-SUBMISSION/AURO/Submission/src/assessment': PYTHONPATH=/home/mc2148/AURO/GIT-SUBMISSION/AURO/Submission/build/assessment/prefix_override:/home/mc2148/AURO/GIT-SUBMISSION/AURO/Submission/install/assessment/lib/python3.10/site-packages:${PYTHONPATH} /usr/bin/python3 setup.py egg_info --egg-base ../../build/assessment build --build-base /home/mc2148/AURO/GIT-SUBMISSION/AURO/Submission/build/assessment/build install --record /home/mc2148/AURO/GIT-SUBMISSION/AURO/Submission/build/assessment/install.log --single-version-externally-managed
[6.614s] running egg_info
[6.614s] writing ../../build/assessment/assessment.egg-info/PKG-INFO
[6.615s] writing dependency_links to ../../build/assessment/assessment.egg-info/dependency_links.txt
[6.615s] writing entry points to ../../build/assessment/assessment.egg-info/entry_points.txt
[6.615s] writing requirements to ../../build/assessment/assessment.egg-info/requires.txt
[6.615s] writing top-level names to ../../build/assessment/assessment.egg-info/top_level.txt
[6.616s] reading manifest file '../../build/assessment/assessment.egg-info/SOURCES.txt'
[6.616s] writing manifest file '../../build/assessment/assessment.egg-info/SOURCES.txt'
[6.617s] running build
[6.617s] running build_py
[6.617s] copying assessment/item_sensor.py -> /home/mc2148/AURO/GIT-SUBMISSION/AURO/Submission/build/assessment/build/lib/assessment
[6.623s] running install
[6.623s] running install_lib
[6.623s] copying /home/mc2148/AURO/GIT-SUBMISSION/AURO/Submission/build/assessment/build/lib/assessment/item_sensor.py -> /home/mc2148/AURO/GIT-SUBMISSION/AURO/Submission/install/assessment/lib/python3.10/site-packages/assessment
[6.624s] byte-compiling /home/mc2148/AURO/GIT-SUBMISSION/AURO/Submission/install/assessment/lib/python3.10/site-packages/assessment/item_sensor.py to item_sensor.cpython-310.pyc
[6.629s] running install_data
[6.633s] running install_egg_info
[6.643s] removing '/home/mc2148/AURO/GIT-SUBMISSION/AURO/Submission/install/assessment/lib/python3.10/site-packages/assessment-0.0.0-py3.10.egg-info' (and everything under it)
[6.644s] Copying ../../build/assessment/assessment.egg-info to /home/mc2148/AURO/GIT-SUBMISSION/AURO/Submission/install/assessment/lib/python3.10/site-packages/assessment-0.0.0-py3.10.egg-info
[6.645s] running install_scripts
[6.709s] Installing home_zone_sensor script to /home/mc2148/AURO/GIT-SUBMISSION/AURO/Submission/install/assessment/lib/assessment
[6.710s] Installing item_manager script to /home/mc2148/AURO/GIT-SUBMISSION/AURO/Submission/install/assessment/lib/assessment
[6.710s] Installing item_sensor script to /home/mc2148/AURO/GIT-SUBMISSION/AURO/Submission/install/assessment/lib/assessment
[6.711s] Installing robot_sensor script to /home/mc2148/AURO/GIT-SUBMISSION/AURO/Submission/install/assessment/lib/assessment
[6.712s] writing list of installed files to '/home/mc2148/AURO/GIT-SUBMISSION/AURO/Submission/build/assessment/install.log'
[7.298s] Invoked command in '/home/mc2148/AURO/GIT-SUBMISSION/AURO/Submission/src/assessment' returned '0': PYTHONPATH=/home/mc2148/AURO/GIT-SUBMISSION/AURO/Submission/build/assessment/prefix_override:/home/mc2148/AURO/GIT-SUBMISSION/AURO/Submission/install/assessment/lib/python3.10/site-packages:${PYTHONPATH} /usr/bin/python3 setup.py egg_info --egg-base ../../build/assessment build --build-base /home/mc2148/AURO/GIT-SUBMISSION/AURO/Submission/build/assessment/build install --record /home/mc2148/AURO/GIT-SUBMISSION/AURO/Submission/build/assessment/install.log --single-version-externally-managed
