[2.356s] Invoking command in '/home/mc2148/AURO/GIT-SUBMISSION/AURO/Submission/src/tf_relay': PYTHONPATH=/home/mc2148/AURO/GIT-SUBMISSION/AURO/Submission/build/tf_relay/prefix_override:/home/mc2148/AURO/GIT-SUBMISSION/AURO/Submission/install/tf_relay/lib/python3.10/site-packages:${PYTHONPATH} /usr/bin/python3 setup.py egg_info --egg-base ../../build/tf_relay build --build-base /home/mc2148/AURO/GIT-SUBMISSION/AURO/Submission/build/tf_relay/build install --record /home/mc2148/AURO/GIT-SUBMISSION/AURO/Submission/build/tf_relay/install.log --single-version-externally-managed
[2.935s] running egg_info
[2.936s] writing ../../build/tf_relay/tf_relay.egg-info/PKG-INFO
[2.936s] writing dependency_links to ../../build/tf_relay/tf_relay.egg-info/dependency_links.txt
[2.937s] writing entry points to ../../build/tf_relay/tf_relay.egg-info/entry_points.txt
[2.937s] writing requirements to ../../build/tf_relay/tf_relay.egg-info/requires.txt
[2.937s] writing top-level names to ../../build/tf_relay/tf_relay.egg-info/top_level.txt
[2.941s] reading manifest file '../../build/tf_relay/tf_relay.egg-info/SOURCES.txt'
[2.944s] writing manifest file '../../build/tf_relay/tf_relay.egg-info/SOURCES.txt'
[2.944s] running build
[2.944s] running build_py
[2.945s] running install
[2.946s] running install_lib
[2.949s] running install_data
[2.950s] running install_egg_info
[2.954s] removing '/home/mc2148/AURO/GIT-SUBMISSION/AURO/Submission/install/tf_relay/lib/python3.10/site-packages/tf_relay-0.0.0-py3.10.egg-info' (and everything under it)
[2.954s] Copying ../../build/tf_relay/tf_relay.egg-info to /home/mc2148/AURO/GIT-SUBMISSION/AURO/Submission/install/tf_relay/lib/python3.10/site-packages/tf_relay-0.0.0-py3.10.egg-info
[2.956s] running install_scripts
[2.996s] Installing relay script to /home/mc2148/AURO/GIT-SUBMISSION/AURO/Submission/install/tf_relay/lib/tf_relay
[2.997s] writing list of installed files to '/home/mc2148/AURO/GIT-SUBMISSION/AURO/Submission/build/tf_relay/install.log'
[3.051s] Invoked command in '/home/mc2148/AURO/GIT-SUBMISSION/AURO/Submission/src/tf_relay' returned '0': PYTHONPATH=/home/mc2148/AURO/GIT-SUBMISSION/AURO/Submission/build/tf_relay/prefix_override:/home/mc2148/AURO/GIT-SUBMISSION/AURO/Submission/install/tf_relay/lib/python3.10/site-packages:${PYTHONPATH} /usr/bin/python3 setup.py egg_info --egg-base ../../build/tf_relay build --build-base /home/mc2148/AURO/GIT-SUBMISSION/AURO/Submission/build/tf_relay/build install --record /home/mc2148/AURO/GIT-SUBMISSION/AURO/Submission/build/tf_relay/install.log --single-version-externally-managed
