[1.509s] Invoking command in '/home/mc2148/AURO/Submission/src/solution': PYTHONPATH=/home/mc2148/AURO/Submission/build/solution/prefix_override:/home/mc2148/AURO/Submission/install/solution/lib/python3.10/site-packages:${PYTHONPATH} /usr/bin/python3 setup.py egg_info --egg-base ../../build/solution build --build-base /home/mc2148/AURO/Submission/build/solution/build install --record /home/mc2148/AURO/Submission/build/solution/install.log --single-version-externally-managed
[1.815s] running egg_info
[1.816s] writing ../../build/solution/solution.egg-info/PKG-INFO
[1.816s] writing dependency_links to ../../build/solution/solution.egg-info/dependency_links.txt
[1.817s] writing entry points to ../../build/solution/solution.egg-info/entry_points.txt
[1.817s] writing requirements to ../../build/solution/solution.egg-info/requires.txt
[1.818s] writing top-level names to ../../build/solution/solution.egg-info/top_level.txt
[1.819s] reading manifest file '../../build/solution/solution.egg-info/SOURCES.txt'
[1.820s] writing manifest file '../../build/solution/solution.egg-info/SOURCES.txt'
[1.820s] running build
[1.821s] running build_py
[1.821s] copying solution/robot_controller.py -> /home/mc2148/AURO/Submission/build/solution/build/lib/solution
[1.821s] running install
[1.821s] running install_lib
[1.822s] copying /home/mc2148/AURO/Submission/build/solution/build/lib/solution/robot_controller.py -> /home/mc2148/AURO/Submission/install/solution/lib/python3.10/site-packages/solution
[1.824s] byte-compiling /home/mc2148/AURO/Submission/install/solution/lib/python3.10/site-packages/solution/robot_controller.py to robot_controller.cpython-310.pyc
[1.826s] running install_data
[1.827s] running install_egg_info
[1.828s] removing '/home/mc2148/AURO/Submission/install/solution/lib/python3.10/site-packages/solution-0.0.0-py3.10.egg-info' (and everything under it)
[1.829s] Copying ../../build/solution/solution.egg-info to /home/mc2148/AURO/Submission/install/solution/lib/python3.10/site-packages/solution-0.0.0-py3.10.egg-info
[1.830s] running install_scripts
[1.853s] Installing data_logger script to /home/mc2148/AURO/Submission/install/solution/lib/solution
[1.853s] Installing item_assessor_service script to /home/mc2148/AURO/Submission/install/solution/lib/solution
[1.853s] Installing randomised_goal_service script to /home/mc2148/AURO/Submission/install/solution/lib/solution
[1.854s] Installing robot_controller script to /home/mc2148/AURO/Submission/install/solution/lib/solution
[1.854s] Installing robot_position script to /home/mc2148/AURO/Submission/install/solution/lib/solution
[1.856s] writing list of installed files to '/home/mc2148/AURO/Submission/build/solution/install.log'
[1.893s] Invoked command in '/home/mc2148/AURO/Submission/src/solution' returned '0': PYTHONPATH=/home/mc2148/AURO/Submission/build/solution/prefix_override:/home/mc2148/AURO/Submission/install/solution/lib/python3.10/site-packages:${PYTHONPATH} /usr/bin/python3 setup.py egg_info --egg-base ../../build/solution build --build-base /home/mc2148/AURO/Submission/build/solution/build install --record /home/mc2148/AURO/Submission/build/solution/install.log --single-version-externally-managed
