[2.439s] DEBUG:colcon:Command line arguments: ['/usr/bin/colcon', 'build']
[2.439s] DEBUG:colcon:Parsed command line arguments: Namespace(log_base=None, log_level=None, verb_name='build', build_base='build', install_base='install', merge_install=False, symlink_install=False, test_result_base=None, continue_on_error=False, executor='parallel', parallel_workers=4, event_handlers=None, ignore_user_meta=False, metas=['./colcon.meta'], base_paths=['.'], packages_ignore=None, packages_ignore_regex=None, paths=None, packages_up_to=None, packages_up_to_regex=None, packages_above=None, packages_above_and_dependencies=None, packages_above_depth=None, packages_select_by_dep=None, packages_skip_by_dep=None, packages_skip_up_to=None, packages_select_build_failed=False, packages_skip_build_finished=False, packages_select_test_failures=False, packages_skip_test_passed=False, packages_select=None, packages_skip=None, packages_select_regex=None, packages_skip_regex=None, packages_start=None, packages_end=None, allow_overriding=[], cmake_args=None, cmake_target=None, cmake_target_skip_unavailable=False, cmake_clean_cache=False, cmake_clean_first=False, cmake_force_configure=False, ament_cmake_args=None, catkin_cmake_args=None, catkin_skip_building_tests=False, verb_parser=<colcon_defaults.argument_parser.defaults.DefaultArgumentsDecorator object at 0x7f0a640c89a0>, verb_extension=<colcon_core.verb.build.BuildVerb object at 0x7f0a640c8850>, main=<bound method BuildVerb.main of <colcon_core.verb.build.BuildVerb object at 0x7f0a640c8850>>)
[2.546s] Level 1:colcon.colcon_core.package_discovery:discover_packages(colcon_meta) check parameters
[2.546s] Level 1:colcon.colcon_core.package_discovery:discover_packages(recursive) check parameters
[2.546s] Level 1:colcon.colcon_core.package_discovery:discover_packages(ignore) check parameters
[2.546s] Level 1:colcon.colcon_core.package_discovery:discover_packages(path) check parameters
[2.546s] Level 1:colcon.colcon_core.package_discovery:discover_packages(colcon_meta) discover
[2.546s] Level 1:colcon.colcon_core.package_discovery:discover_packages(recursive) discover
[2.547s] INFO:colcon.colcon_core.package_discovery:Crawling recursively for packages in '/home/mc2148/AURO/GIT-SUBMISSION/AURO/Submission'
[2.547s] Level 1:colcon.colcon_core.package_identification:_identify(.) by extensions ['ignore', 'ignore_ament_install']
[2.547s] Level 1:colcon.colcon_core.package_identification:_identify(.) by extension 'ignore'
[2.547s] Level 1:colcon.colcon_core.package_identification:_identify(.) by extension 'ignore_ament_install'
[2.547s] Level 1:colcon.colcon_core.package_identification:_identify(.) by extensions ['colcon_pkg']
[2.547s] Level 1:colcon.colcon_core.package_identification:_identify(.) by extension 'colcon_pkg'
[2.547s] Level 1:colcon.colcon_core.package_identification:_identify(.) by extensions ['colcon_meta']
[2.547s] Level 1:colcon.colcon_core.package_identification:_identify(.) by extension 'colcon_meta'
[2.548s] Level 1:colcon.colcon_core.package_identification:_identify(.) by extensions ['ros']
[2.548s] Level 1:colcon.colcon_core.package_identification:_identify(.) by extension 'ros'
[2.571s] Level 1:colcon.colcon_core.package_identification:_identify(.) by extensions ['cmake', 'python']
[2.571s] Level 1:colcon.colcon_core.package_identification:_identify(.) by extension 'cmake'
[2.571s] Level 1:colcon.colcon_core.package_identification:_identify(.) by extension 'python'
[2.571s] Level 1:colcon.colcon_core.package_identification:_identify(.) by extensions ['python_setup_py']
[2.571s] Level 1:colcon.colcon_core.package_identification:_identify(.) by extension 'python_setup_py'
[2.572s] Level 1:colcon.colcon_core.package_identification:_identify(build) by extensions ['ignore', 'ignore_ament_install']
[2.572s] Level 1:colcon.colcon_core.package_identification:_identify(build) by extension 'ignore'
[2.572s] Level 1:colcon.colcon_core.package_identification:_identify(build) ignored
[2.572s] Level 1:colcon.colcon_core.package_identification:_identify(install) by extensions ['ignore', 'ignore_ament_install']
[2.572s] Level 1:colcon.colcon_core.package_identification:_identify(install) by extension 'ignore'
[2.572s] Level 1:colcon.colcon_core.package_identification:_identify(install) ignored
[2.573s] Level 1:colcon.colcon_core.package_identification:_identify(log) by extensions ['ignore', 'ignore_ament_install']
[2.573s] Level 1:colcon.colcon_core.package_identification:_identify(log) by extension 'ignore'
[2.573s] Level 1:colcon.colcon_core.package_identification:_identify(log) ignored
[2.573s] Level 1:colcon.colcon_core.package_identification:_identify(src) by extensions ['ignore', 'ignore_ament_install']
[2.573s] Level 1:colcon.colcon_core.package_identification:_identify(src) by extension 'ignore'
[2.573s] Level 1:colcon.colcon_core.package_identification:_identify(src) by extension 'ignore_ament_install'
[2.573s] Level 1:colcon.colcon_core.package_identification:_identify(src) by extensions ['colcon_pkg']
[2.574s] Level 1:colcon.colcon_core.package_identification:_identify(src) by extension 'colcon_pkg'
[2.574s] Level 1:colcon.colcon_core.package_identification:_identify(src) by extensions ['colcon_meta']
[2.574s] Level 1:colcon.colcon_core.package_identification:_identify(src) by extension 'colcon_meta'
[2.574s] Level 1:colcon.colcon_core.package_identification:_identify(src) by extensions ['ros']
[2.574s] Level 1:colcon.colcon_core.package_identification:_identify(src) by extension 'ros'
[2.574s] Level 1:colcon.colcon_core.package_identification:_identify(src) by extensions ['cmake', 'python']
[2.574s] Level 1:colcon.colcon_core.package_identification:_identify(src) by extension 'cmake'
[2.574s] Level 1:colcon.colcon_core.package_identification:_identify(src) by extension 'python'
[2.574s] Level 1:colcon.colcon_core.package_identification:_identify(src) by extensions ['python_setup_py']
[2.574s] Level 1:colcon.colcon_core.package_identification:_identify(src) by extension 'python_setup_py'
[2.575s] Level 1:colcon.colcon_core.package_identification:_identify(src/assessment) by extensions ['ignore', 'ignore_ament_install']
[2.575s] Level 1:colcon.colcon_core.package_identification:_identify(src/assessment) by extension 'ignore'
[2.575s] Level 1:colcon.colcon_core.package_identification:_identify(src/assessment) by extension 'ignore_ament_install'
[2.575s] Level 1:colcon.colcon_core.package_identification:_identify(src/assessment) by extensions ['colcon_pkg']
[2.575s] Level 1:colcon.colcon_core.package_identification:_identify(src/assessment) by extension 'colcon_pkg'
[2.575s] Level 1:colcon.colcon_core.package_identification:_identify(src/assessment) by extensions ['colcon_meta']
[2.575s] Level 1:colcon.colcon_core.package_identification:_identify(src/assessment) by extension 'colcon_meta'
[2.575s] Level 1:colcon.colcon_core.package_identification:_identify(src/assessment) by extensions ['ros']
[2.575s] Level 1:colcon.colcon_core.package_identification:_identify(src/assessment) by extension 'ros'
[2.580s] DEBUG:colcon.colcon_core.package_identification:Package 'src/assessment' with type 'ros.ament_python' and name 'assessment'
[2.581s] Level 1:colcon.colcon_core.package_identification:_identify(src/assessment_interfaces) by extensions ['ignore', 'ignore_ament_install']
[2.581s] Level 1:colcon.colcon_core.package_identification:_identify(src/assessment_interfaces) by extension 'ignore'
[2.581s] Level 1:colcon.colcon_core.package_identification:_identify(src/assessment_interfaces) by extension 'ignore_ament_install'
[2.581s] Level 1:colcon.colcon_core.package_identification:_identify(src/assessment_interfaces) by extensions ['colcon_pkg']
[2.581s] Level 1:colcon.colcon_core.package_identification:_identify(src/assessment_interfaces) by extension 'colcon_pkg'
[2.581s] Level 1:colcon.colcon_core.package_identification:_identify(src/assessment_interfaces) by extensions ['colcon_meta']
[2.581s] Level 1:colcon.colcon_core.package_identification:_identify(src/assessment_interfaces) by extension 'colcon_meta'
[2.581s] Level 1:colcon.colcon_core.package_identification:_identify(src/assessment_interfaces) by extensions ['ros']
[2.581s] Level 1:colcon.colcon_core.package_identification:_identify(src/assessment_interfaces) by extension 'ros'
[2.583s] DEBUG:colcon.colcon_core.package_identification:Package 'src/assessment_interfaces' with type 'ros.ament_cmake' and name 'assessment_interfaces'
[2.583s] Level 1:colcon.colcon_core.package_identification:_identify(src/solution) by extensions ['ignore', 'ignore_ament_install']
[2.583s] Level 1:colcon.colcon_core.package_identification:_identify(src/solution) by extension 'ignore'
[2.583s] Level 1:colcon.colcon_core.package_identification:_identify(src/solution) by extension 'ignore_ament_install'
[2.583s] Level 1:colcon.colcon_core.package_identification:_identify(src/solution) by extensions ['colcon_pkg']
[2.583s] Level 1:colcon.colcon_core.package_identification:_identify(src/solution) by extension 'colcon_pkg'
[2.583s] Level 1:colcon.colcon_core.package_identification:_identify(src/solution) by extensions ['colcon_meta']
[2.583s] Level 1:colcon.colcon_core.package_identification:_identify(src/solution) by extension 'colcon_meta'
[2.584s] Level 1:colcon.colcon_core.package_identification:_identify(src/solution) by extensions ['ros']
[2.584s] Level 1:colcon.colcon_core.package_identification:_identify(src/solution) by extension 'ros'
[2.584s] DEBUG:colcon.colcon_core.package_identification:Package 'src/solution' with type 'ros.ament_python' and name 'solution'
[2.585s] Level 1:colcon.colcon_core.package_identification:_identify(src/solution_interfaces) by extensions ['ignore', 'ignore_ament_install']
[2.585s] Level 1:colcon.colcon_core.package_identification:_identify(src/solution_interfaces) by extension 'ignore'
[2.585s] Level 1:colcon.colcon_core.package_identification:_identify(src/solution_interfaces) by extension 'ignore_ament_install'
[2.585s] Level 1:colcon.colcon_core.package_identification:_identify(src/solution_interfaces) by extensions ['colcon_pkg']
[2.585s] Level 1:colcon.colcon_core.package_identification:_identify(src/solution_interfaces) by extension 'colcon_pkg'
[2.585s] Level 1:colcon.colcon_core.package_identification:_identify(src/solution_interfaces) by extensions ['colcon_meta']
[2.585s] Level 1:colcon.colcon_core.package_identification:_identify(src/solution_interfaces) by extension 'colcon_meta'
[2.586s] Level 1:colcon.colcon_core.package_identification:_identify(src/solution_interfaces) by extensions ['ros']
[2.586s] Level 1:colcon.colcon_core.package_identification:_identify(src/solution_interfaces) by extension 'ros'
[2.587s] DEBUG:colcon.colcon_core.package_identification:Package 'src/solution_interfaces' with type 'ros.ament_cmake' and name 'solution_interfaces'
[2.587s] Level 1:colcon.colcon_core.package_identification:_identify(src/tf_relay) by extensions ['ignore', 'ignore_ament_install']
[2.587s] Level 1:colcon.colcon_core.package_identification:_identify(src/tf_relay) by extension 'ignore'
[2.587s] Level 1:colcon.colcon_core.package_identification:_identify(src/tf_relay) by extension 'ignore_ament_install'
[2.587s] Level 1:colcon.colcon_core.package_identification:_identify(src/tf_relay) by extensions ['colcon_pkg']
[2.587s] Level 1:colcon.colcon_core.package_identification:_identify(src/tf_relay) by extension 'colcon_pkg'
[2.587s] Level 1:colcon.colcon_core.package_identification:_identify(src/tf_relay) by extensions ['colcon_meta']
[2.588s] Level 1:colcon.colcon_core.package_identification:_identify(src/tf_relay) by extension 'colcon_meta'
[2.588s] Level 1:colcon.colcon_core.package_identification:_identify(src/tf_relay) by extensions ['ros']
[2.588s] Level 1:colcon.colcon_core.package_identification:_identify(src/tf_relay) by extension 'ros'
[2.589s] DEBUG:colcon.colcon_core.package_identification:Package 'src/tf_relay' with type 'ros.ament_python' and name 'tf_relay'
[2.589s] Level 1:colcon.colcon_core.package_discovery:discover_packages(recursive) using defaults
[2.589s] Level 1:colcon.colcon_core.package_discovery:discover_packages(ignore) discover
[2.589s] Level 1:colcon.colcon_core.package_discovery:discover_packages(ignore) using defaults
[2.589s] Level 1:colcon.colcon_core.package_discovery:discover_packages(path) discover
[2.589s] Level 1:colcon.colcon_core.package_discovery:discover_packages(path) using defaults
[2.805s] Level 1:colcon.colcon_core.package_discovery:discover_packages(prefix_path) check parameters
[2.805s] Level 1:colcon.colcon_core.package_discovery:discover_packages(prefix_path) discover
[2.879s] DEBUG:colcon.colcon_installed_package_information.package_discovery:Found 5 installed packages in /home/mc2148/AURO/GIT-SUBMISSION/AURO/Submission/install
[2.933s] DEBUG:colcon.colcon_installed_package_information.package_discovery:Found 15 installed packages in /home/mc2148/turtlebot3_ws/install
[2.971s] DEBUG:colcon.colcon_installed_package_information.package_discovery:Found 414 installed packages in /opt/ros/humble
[2.976s] Level 1:colcon.colcon_core.package_discovery:discover_packages(prefix_path) using defaults
[3.226s] Level 5:colcon.colcon_core.verb:set package 'assessment' build argument 'cmake_args' from command line to 'None'
[3.226s] Level 5:colcon.colcon_core.verb:set package 'assessment' build argument 'cmake_target' from command line to 'None'
[3.227s] Level 5:colcon.colcon_core.verb:set package 'assessment' build argument 'cmake_target_skip_unavailable' from command line to 'False'
[3.227s] Level 5:colcon.colcon_core.verb:set package 'assessment' build argument 'cmake_clean_cache' from command line to 'False'
[3.227s] Level 5:colcon.colcon_core.verb:set package 'assessment' build argument 'cmake_clean_first' from command line to 'False'
[3.227s] Level 5:colcon.colcon_core.verb:set package 'assessment' build argument 'cmake_force_configure' from command line to 'False'
[3.227s] Level 5:colcon.colcon_core.verb:set package 'assessment' build argument 'ament_cmake_args' from command line to 'None'
[3.227s] Level 5:colcon.colcon_core.verb:set package 'assessment' build argument 'catkin_cmake_args' from command line to 'None'
[3.227s] Level 5:colcon.colcon_core.verb:set package 'assessment' build argument 'catkin_skip_building_tests' from command line to 'False'
[3.227s] DEBUG:colcon.colcon_core.verb:Building package 'assessment' with the following arguments: {'ament_cmake_args': None, 'build_base': '/home/mc2148/AURO/GIT-SUBMISSION/AURO/Submission/build/assessment', 'catkin_cmake_args': None, 'catkin_skip_building_tests': False, 'cmake_args': None, 'cmake_clean_cache': False, 'cmake_clean_first': False, 'cmake_force_configure': False, 'cmake_target': None, 'cmake_target_skip_unavailable': False, 'install_base': '/home/mc2148/AURO/GIT-SUBMISSION/AURO/Submission/install/assessment', 'merge_install': False, 'path': '/home/mc2148/AURO/GIT-SUBMISSION/AURO/Submission/src/assessment', 'symlink_install': False, 'test_result_base': None}
[3.262s] Level 5:colcon.colcon_core.verb:set package 'assessment_interfaces' build argument 'cmake_args' from command line to 'None'
[3.262s] Level 5:colcon.colcon_core.verb:set package 'assessment_interfaces' build argument 'cmake_target' from command line to 'None'
[3.262s] Level 5:colcon.colcon_core.verb:set package 'assessment_interfaces' build argument 'cmake_target_skip_unavailable' from command line to 'False'
[3.262s] Level 5:colcon.colcon_core.verb:set package 'assessment_interfaces' build argument 'cmake_clean_cache' from command line to 'False'
[3.263s] Level 5:colcon.colcon_core.verb:set package 'assessment_interfaces' build argument 'cmake_clean_first' from command line to 'False'
[3.263s] Level 5:colcon.colcon_core.verb:set package 'assessment_interfaces' build argument 'cmake_force_configure' from command line to 'False'
[3.263s] Level 5:colcon.colcon_core.verb:set package 'assessment_interfaces' build argument 'ament_cmake_args' from command line to 'None'
[3.263s] Level 5:colcon.colcon_core.verb:set package 'assessment_interfaces' build argument 'catkin_cmake_args' from command line to 'None'
[3.263s] Level 5:colcon.colcon_core.verb:set package 'assessment_interfaces' build argument 'catkin_skip_building_tests' from command line to 'False'
[3.263s] DEBUG:colcon.colcon_core.verb:Building package 'assessment_interfaces' with the following arguments: {'ament_cmake_args': None, 'build_base': '/home/mc2148/AURO/GIT-SUBMISSION/AURO/Submission/build/assessment_interfaces', 'catkin_cmake_args': None, 'catkin_skip_building_tests': False, 'cmake_args': None, 'cmake_clean_cache': False, 'cmake_clean_first': False, 'cmake_force_configure': False, 'cmake_target': None, 'cmake_target_skip_unavailable': False, 'install_base': '/home/mc2148/AURO/GIT-SUBMISSION/AURO/Submission/install/assessment_interfaces', 'merge_install': False, 'path': '/home/mc2148/AURO/GIT-SUBMISSION/AURO/Submission/src/assessment_interfaces', 'symlink_install': False, 'test_result_base': None}
[3.298s] Level 5:colcon.colcon_core.verb:set package 'solution' build argument 'cmake_args' from command line to 'None'
[3.298s] Level 5:colcon.colcon_core.verb:set package 'solution' build argument 'cmake_target' from command line to 'None'
[3.298s] Level 5:colcon.colcon_core.verb:set package 'solution' build argument 'cmake_target_skip_unavailable' from command line to 'False'
[3.298s] Level 5:colcon.colcon_core.verb:set package 'solution' build argument 'cmake_clean_cache' from command line to 'False'
[3.298s] Level 5:colcon.colcon_core.verb:set package 'solution' build argument 'cmake_clean_first' from command line to 'False'
[3.298s] Level 5:colcon.colcon_core.verb:set package 'solution' build argument 'cmake_force_configure' from command line to 'False'
[3.298s] Level 5:colcon.colcon_core.verb:set package 'solution' build argument 'ament_cmake_args' from command line to 'None'
[3.298s] Level 5:colcon.colcon_core.verb:set package 'solution' build argument 'catkin_cmake_args' from command line to 'None'
[3.298s] Level 5:colcon.colcon_core.verb:set package 'solution' build argument 'catkin_skip_building_tests' from command line to 'False'
[3.298s] DEBUG:colcon.colcon_core.verb:Building package 'solution' with the following arguments: {'ament_cmake_args': None, 'build_base': '/home/mc2148/AURO/GIT-SUBMISSION/AURO/Submission/build/solution', 'catkin_cmake_args': None, 'catkin_skip_building_tests': False, 'cmake_args': None, 'cmake_clean_cache': False, 'cmake_clean_first': False, 'cmake_force_configure': False, 'cmake_target': None, 'cmake_target_skip_unavailable': False, 'install_base': '/home/mc2148/AURO/GIT-SUBMISSION/AURO/Submission/install/solution', 'merge_install': False, 'path': '/home/mc2148/AURO/GIT-SUBMISSION/AURO/Submission/src/solution', 'symlink_install': False, 'test_result_base': None}
[3.337s] Level 5:colcon.colcon_core.verb:set package 'solution_interfaces' build argument 'cmake_args' from command line to 'None'
[3.337s] Level 5:colcon.colcon_core.verb:set package 'solution_interfaces' build argument 'cmake_target' from command line to 'None'
[3.337s] Level 5:colcon.colcon_core.verb:set package 'solution_interfaces' build argument 'cmake_target_skip_unavailable' from command line to 'False'
[3.337s] Level 5:colcon.colcon_core.verb:set package 'solution_interfaces' build argument 'cmake_clean_cache' from command line to 'False'
[3.337s] Level 5:colcon.colcon_core.verb:set package 'solution_interfaces' build argument 'cmake_clean_first' from command line to 'False'
[3.337s] Level 5:colcon.colcon_core.verb:set package 'solution_interfaces' build argument 'cmake_force_configure' from command line to 'False'
[3.337s] Level 5:colcon.colcon_core.verb:set package 'solution_interfaces' build argument 'ament_cmake_args' from command line to 'None'
[3.337s] Level 5:colcon.colcon_core.verb:set package 'solution_interfaces' build argument 'catkin_cmake_args' from command line to 'None'
[3.337s] Level 5:colcon.colcon_core.verb:set package 'solution_interfaces' build argument 'catkin_skip_building_tests' from command line to 'False'
[3.337s] DEBUG:colcon.colcon_core.verb:Building package 'solution_interfaces' with the following arguments: {'ament_cmake_args': None, 'build_base': '/home/mc2148/AURO/GIT-SUBMISSION/AURO/Submission/build/solution_interfaces', 'catkin_cmake_args': None, 'catkin_skip_building_tests': False, 'cmake_args': None, 'cmake_clean_cache': False, 'cmake_clean_first': False, 'cmake_force_configure': False, 'cmake_target': None, 'cmake_target_skip_unavailable': False, 'install_base': '/home/mc2148/AURO/GIT-SUBMISSION/AURO/Submission/install/solution_interfaces', 'merge_install': False, 'path': '/home/mc2148/AURO/GIT-SUBMISSION/AURO/Submission/src/solution_interfaces', 'symlink_install': False, 'test_result_base': None}
[3.373s] Level 5:colcon.colcon_core.verb:set package 'tf_relay' build argument 'cmake_args' from command line to 'None'
[3.373s] Level 5:colcon.colcon_core.verb:set package 'tf_relay' build argument 'cmake_target' from command line to 'None'
[3.373s] Level 5:colcon.colcon_core.verb:set package 'tf_relay' build argument 'cmake_target_skip_unavailable' from command line to 'False'
[3.374s] Level 5:colcon.colcon_core.verb:set package 'tf_relay' build argument 'cmake_clean_cache' from command line to 'False'
[3.374s] Level 5:colcon.colcon_core.verb:set package 'tf_relay' build argument 'cmake_clean_first' from command line to 'False'
[3.374s] Level 5:colcon.colcon_core.verb:set package 'tf_relay' build argument 'cmake_force_configure' from command line to 'False'
[3.374s] Level 5:colcon.colcon_core.verb:set package 'tf_relay' build argument 'ament_cmake_args' from command line to 'None'
[3.374s] Level 5:colcon.colcon_core.verb:set package 'tf_relay' build argument 'catkin_cmake_args' from command line to 'None'
[3.374s] Level 5:colcon.colcon_core.verb:set package 'tf_relay' build argument 'catkin_skip_building_tests' from command line to 'False'
[3.374s] DEBUG:colcon.colcon_core.verb:Building package 'tf_relay' with the following arguments: {'ament_cmake_args': None, 'build_base': '/home/mc2148/AURO/GIT-SUBMISSION/AURO/Submission/build/tf_relay', 'catkin_cmake_args': None, 'catkin_skip_building_tests': False, 'cmake_args': None, 'cmake_clean_cache': False, 'cmake_clean_first': False, 'cmake_force_configure': False, 'cmake_target': None, 'cmake_target_skip_unavailable': False, 'install_base': '/home/mc2148/AURO/GIT-SUBMISSION/AURO/Submission/install/tf_relay', 'merge_install': False, 'path': '/home/mc2148/AURO/GIT-SUBMISSION/AURO/Submission/src/tf_relay', 'symlink_install': False, 'test_result_base': None}
[3.409s] INFO:colcon.colcon_core.executor:Executing jobs using 'parallel' executor
[3.445s] DEBUG:colcon.colcon_parallel_executor.executor.parallel:run_until_complete
[3.446s] INFO:colcon.colcon_ros.task.ament_python.build:Building ROS package in '/home/mc2148/AURO/GIT-SUBMISSION/AURO/Submission/src/assessment' with build type 'ament_python'
[3.446s] Level 1:colcon.colcon_core.shell:create_environment_hook('assessment', 'ament_prefix_path')
[3.490s] INFO:colcon.colcon_core.plugin_system:Skipping extension 'colcon_core.shell.bat': Not used on non-Windows systems
[3.490s] INFO:colcon.colcon_core.shell:Creating environment hook '/home/mc2148/AURO/GIT-SUBMISSION/AURO/Submission/install/assessment/share/assessment/hook/ament_prefix_path.ps1'
[3.491s] INFO:colcon.colcon_core.shell:Creating environment descriptor '/home/mc2148/AURO/GIT-SUBMISSION/AURO/Submission/install/assessment/share/assessment/hook/ament_prefix_path.dsv'
[3.492s] INFO:colcon.colcon_core.shell:Creating environment hook '/home/mc2148/AURO/GIT-SUBMISSION/AURO/Submission/install/assessment/share/assessment/hook/ament_prefix_path.sh'
[3.530s] INFO:colcon.colcon_core.shell:Skip shell extension 'powershell' for command environment: Not usable outside of PowerShell
[3.530s] DEBUG:colcon.colcon_core.shell:Skip shell extension 'dsv' for command environment
[3.687s] INFO:colcon.colcon_ros.task.ament_cmake.build:Building ROS package in '/home/mc2148/AURO/GIT-SUBMISSION/AURO/Submission/src/assessment_interfaces' with build type 'ament_cmake'
[3.687s] INFO:colcon.colcon_cmake.task.cmake.build:Building CMake package in '/home/mc2148/AURO/GIT-SUBMISSION/AURO/Submission/src/assessment_interfaces'
[3.726s] INFO:colcon.colcon_core.shell:Skip shell extension 'powershell' for command environment: Not usable outside of PowerShell
[3.726s] DEBUG:colcon.colcon_core.shell:Skip shell extension 'dsv' for command environment
[3.881s] INFO:colcon.colcon_ros.task.ament_python.build:Building ROS package in '/home/mc2148/AURO/GIT-SUBMISSION/AURO/Submission/src/solution' with build type 'ament_python'
[3.881s] Level 1:colcon.colcon_core.shell:create_environment_hook('solution', 'ament_prefix_path')
[3.923s] INFO:colcon.colcon_core.shell:Creating environment hook '/home/mc2148/AURO/GIT-SUBMISSION/AURO/Submission/install/solution/share/solution/hook/ament_prefix_path.ps1'
[3.924s] INFO:colcon.colcon_core.shell:Creating environment descriptor '/home/mc2148/AURO/GIT-SUBMISSION/AURO/Submission/install/solution/share/solution/hook/ament_prefix_path.dsv'
[3.925s] INFO:colcon.colcon_core.shell:Creating environment hook '/home/mc2148/AURO/GIT-SUBMISSION/AURO/Submission/install/solution/share/solution/hook/ament_prefix_path.sh'
[3.961s] INFO:colcon.colcon_core.shell:Skip shell extension 'powershell' for command environment: Not usable outside of PowerShell
[3.961s] DEBUG:colcon.colcon_core.shell:Skip shell extension 'dsv' for command environment
[4.112s] INFO:colcon.colcon_ros.task.ament_cmake.build:Building ROS package in '/home/mc2148/AURO/GIT-SUBMISSION/AURO/Submission/src/solution_interfaces' with build type 'ament_cmake'
[4.113s] INFO:colcon.colcon_cmake.task.cmake.build:Building CMake package in '/home/mc2148/AURO/GIT-SUBMISSION/AURO/Submission/src/solution_interfaces'
[4.153s] INFO:colcon.colcon_core.shell:Skip shell extension 'powershell' for command environment: Not usable outside of PowerShell
[4.153s] DEBUG:colcon.colcon_core.shell:Skip shell extension 'dsv' for command environment
[4.996s] INFO:colcon.colcon_core.task.python.build:Building Python package in '/home/mc2148/AURO/GIT-SUBMISSION/AURO/Submission/src/assessment'
[5.032s] INFO:colcon.colcon_core.shell:Skip shell extension 'powershell' for command environment: Not usable outside of PowerShell
[5.032s] DEBUG:colcon.colcon_core.shell:Skip shell extension 'dsv' for command environment
[5.193s] DEBUG:colcon.colcon_core.event_handler.log_command:Invoking command in '/home/mc2148/AURO/GIT-SUBMISSION/AURO/Submission/build/assessment_interfaces': CMAKE_PREFIX_PATH=${CMAKE_PREFIX_PATH}:/home/mc2148/turtlebot3_ws/install/turtlebot3_teleop:/home/mc2148/turtlebot3_ws/install/turtlebot3_example:/home/mc2148/AURO/GIT-SUBMISSION/AURO/Submission/install/tf_relay:/home/mc2148/AURO/GIT-SUBMISSION/AURO/Submission/install/solution:/home/mc2148/AURO/GIT-SUBMISSION/AURO/Submission/install/assessment:/opt/ros/humble /usr/bin/cmake --build /home/mc2148/AURO/GIT-SUBMISSION/AURO/Submission/build/assessment_interfaces -- -j4 -l4
[5.925s] INFO:colcon.colcon_core.task.python.build:Building Python package in '/home/mc2148/AURO/GIT-SUBMISSION/AURO/Submission/src/solution'
[5.962s] INFO:colcon.colcon_core.shell:Skip shell extension 'powershell' for command environment: Not usable outside of PowerShell
[5.962s] DEBUG:colcon.colcon_core.shell:Skip shell extension 'dsv' for command environment
[6.130s] DEBUG:colcon.colcon_core.event_handler.log_command:Invoking command in '/home/mc2148/AURO/GIT-SUBMISSION/AURO/Submission/build/solution_interfaces': CMAKE_PREFIX_PATH=${CMAKE_PREFIX_PATH}:/home/mc2148/turtlebot3_ws/install/turtlebot3_teleop:/home/mc2148/turtlebot3_ws/install/turtlebot3_example:/home/mc2148/AURO/GIT-SUBMISSION/AURO/Submission/install/tf_relay:/home/mc2148/AURO/GIT-SUBMISSION/AURO/Submission/install/solution:/home/mc2148/AURO/GIT-SUBMISSION/AURO/Submission/install/assessment:/opt/ros/humble /usr/bin/cmake --build /home/mc2148/AURO/GIT-SUBMISSION/AURO/Submission/build/solution_interfaces -- -j4 -l4
[7.223s] DEBUG:colcon.colcon_core.event_handler.log_command:Invoked command in '/home/mc2148/AURO/GIT-SUBMISSION/AURO/Submission/build/assessment_interfaces' returned '0': CMAKE_PREFIX_PATH=${CMAKE_PREFIX_PATH}:/home/mc2148/turtlebot3_ws/install/turtlebot3_teleop:/home/mc2148/turtlebot3_ws/install/turtlebot3_example:/home/mc2148/AURO/GIT-SUBMISSION/AURO/Submission/install/tf_relay:/home/mc2148/AURO/GIT-SUBMISSION/AURO/Submission/install/solution:/home/mc2148/AURO/GIT-SUBMISSION/AURO/Submission/install/assessment:/opt/ros/humble /usr/bin/cmake --build /home/mc2148/AURO/GIT-SUBMISSION/AURO/Submission/build/assessment_interfaces -- -j4 -l4
[7.734s] DEBUG:colcon.colcon_core.event_handler.log_command:Invoking command in '/home/mc2148/AURO/GIT-SUBMISSION/AURO/Submission/src/assessment': PYTHONPATH=/home/mc2148/AURO/GIT-SUBMISSION/AURO/Submission/build/assessment/prefix_override:/home/mc2148/AURO/GIT-SUBMISSION/AURO/Submission/install/assessment/lib/python3.10/site-packages:${PYTHONPATH} /usr/bin/python3 setup.py egg_info --egg-base ../../build/assessment build --build-base /home/mc2148/AURO/GIT-SUBMISSION/AURO/Submission/build/assessment/build install --record /home/mc2148/AURO/GIT-SUBMISSION/AURO/Submission/build/assessment/install.log --single-version-externally-managed
[7.842s] DEBUG:colcon.colcon_core.event_handler.log_command:Invoking command in '/home/mc2148/AURO/GIT-SUBMISSION/AURO/Submission/src/solution': PYTHONPATH=/home/mc2148/AURO/GIT-SUBMISSION/AURO/Submission/build/solution/prefix_override:/home/mc2148/AURO/GIT-SUBMISSION/AURO/Submission/install/solution/lib/python3.10/site-packages:${PYTHONPATH} /usr/bin/python3 setup.py egg_info --egg-base ../../build/solution build --build-base /home/mc2148/AURO/GIT-SUBMISSION/AURO/Submission/build/solution/build install --record /home/mc2148/AURO/GIT-SUBMISSION/AURO/Submission/build/solution/install.log --single-version-externally-managed
[8.014s] DEBUG:colcon.colcon_core.event_handler.log_command:Invoking command in '/home/mc2148/AURO/GIT-SUBMISSION/AURO/Submission/build/assessment_interfaces': CMAKE_PREFIX_PATH=${CMAKE_PREFIX_PATH}:/home/mc2148/turtlebot3_ws/install/turtlebot3_teleop:/home/mc2148/turtlebot3_ws/install/turtlebot3_example:/home/mc2148/AURO/GIT-SUBMISSION/AURO/Submission/install/tf_relay:/home/mc2148/AURO/GIT-SUBMISSION/AURO/Submission/install/solution:/home/mc2148/AURO/GIT-SUBMISSION/AURO/Submission/install/assessment:/opt/ros/humble /usr/bin/cmake --install /home/mc2148/AURO/GIT-SUBMISSION/AURO/Submission/build/assessment_interfaces
[8.289s] Level 1:colcon.colcon_core.environment:create_environment_scripts_only(assessment_interfaces)
[8.297s] DEBUG:colcon.colcon_core.event_handler.log_command:Invoked command in '/home/mc2148/AURO/GIT-SUBMISSION/AURO/Submission/build/assessment_interfaces' returned '0': CMAKE_PREFIX_PATH=${CMAKE_PREFIX_PATH}:/home/mc2148/turtlebot3_ws/install/turtlebot3_teleop:/home/mc2148/turtlebot3_ws/install/turtlebot3_example:/home/mc2148/AURO/GIT-SUBMISSION/AURO/Submission/install/tf_relay:/home/mc2148/AURO/GIT-SUBMISSION/AURO/Submission/install/solution:/home/mc2148/AURO/GIT-SUBMISSION/AURO/Submission/install/assessment:/opt/ros/humble /usr/bin/cmake --install /home/mc2148/AURO/GIT-SUBMISSION/AURO/Submission/build/assessment_interfaces
[8.368s] Level 1:colcon.colcon_core.environment:checking '/home/mc2148/AURO/GIT-SUBMISSION/AURO/Submission/install/assessment_interfaces' for CMake module files
[8.370s] Level 1:colcon.colcon_core.environment:checking '/home/mc2148/AURO/GIT-SUBMISSION/AURO/Submission/install/assessment_interfaces' for CMake config files
[8.371s] Level 1:colcon.colcon_core.shell:create_environment_hook('assessment_interfaces', 'cmake_prefix_path')
[8.434s] INFO:colcon.colcon_core.shell:Creating environment hook '/home/mc2148/AURO/GIT-SUBMISSION/AURO/Submission/install/assessment_interfaces/share/assessment_interfaces/hook/cmake_prefix_path.ps1'
[8.436s] INFO:colcon.colcon_core.shell:Creating environment descriptor '/home/mc2148/AURO/GIT-SUBMISSION/AURO/Submission/install/assessment_interfaces/share/assessment_interfaces/hook/cmake_prefix_path.dsv'
[8.437s] INFO:colcon.colcon_core.shell:Creating environment hook '/home/mc2148/AURO/GIT-SUBMISSION/AURO/Submission/install/assessment_interfaces/share/assessment_interfaces/hook/cmake_prefix_path.sh'
[8.439s] Level 1:colcon.colcon_core.environment:checking '/home/mc2148/AURO/GIT-SUBMISSION/AURO/Submission/install/assessment_interfaces/lib'
[8.440s] Level 1:colcon.colcon_core.shell:create_environment_hook('assessment_interfaces', 'ld_library_path_lib')
[8.505s] INFO:colcon.colcon_core.shell:Creating environment hook '/home/mc2148/AURO/GIT-SUBMISSION/AURO/Submission/install/assessment_interfaces/share/assessment_interfaces/hook/ld_library_path_lib.ps1'
[8.506s] INFO:colcon.colcon_core.shell:Creating environment descriptor '/home/mc2148/AURO/GIT-SUBMISSION/AURO/Submission/install/assessment_interfaces/share/assessment_interfaces/hook/ld_library_path_lib.dsv'
[8.507s] INFO:colcon.colcon_core.shell:Creating environment hook '/home/mc2148/AURO/GIT-SUBMISSION/AURO/Submission/install/assessment_interfaces/share/assessment_interfaces/hook/ld_library_path_lib.sh'
[8.508s] Level 1:colcon.colcon_core.environment:checking '/home/mc2148/AURO/GIT-SUBMISSION/AURO/Submission/install/assessment_interfaces/bin'
[8.508s] Level 1:colcon.colcon_core.environment:checking '/home/mc2148/AURO/GIT-SUBMISSION/AURO/Submission/install/assessment_interfaces/lib/pkgconfig/assessment_interfaces.pc'
[8.509s] Level 1:colcon.colcon_core.environment:checking '/home/mc2148/AURO/GIT-SUBMISSION/AURO/Submission/install/assessment_interfaces/lib/python3.10/site-packages'
[8.511s] Level 1:colcon.colcon_core.environment:checking '/home/mc2148/AURO/GIT-SUBMISSION/AURO/Submission/install/assessment_interfaces/bin'
[8.574s] INFO:colcon.colcon_core.shell:Creating package script '/home/mc2148/AURO/GIT-SUBMISSION/AURO/Submission/install/assessment_interfaces/share/assessment_interfaces/package.ps1'
[8.577s] INFO:colcon.colcon_core.shell:Creating package descriptor '/home/mc2148/AURO/GIT-SUBMISSION/AURO/Submission/install/assessment_interfaces/share/assessment_interfaces/package.dsv'
[8.579s] INFO:colcon.colcon_core.shell:Creating package script '/home/mc2148/AURO/GIT-SUBMISSION/AURO/Submission/install/assessment_interfaces/share/assessment_interfaces/package.sh'
[8.582s] INFO:colcon.colcon_core.shell:Creating package script '/home/mc2148/AURO/GIT-SUBMISSION/AURO/Submission/install/assessment_interfaces/share/assessment_interfaces/package.bash'
[8.585s] INFO:colcon.colcon_core.shell:Creating package script '/home/mc2148/AURO/GIT-SUBMISSION/AURO/Submission/install/assessment_interfaces/share/assessment_interfaces/package.zsh'
[8.587s] Level 1:colcon.colcon_core.environment:create_file_with_runtime_dependencies(/home/mc2148/AURO/GIT-SUBMISSION/AURO/Submission/install/assessment_interfaces/share/colcon-core/packages/assessment_interfaces)
[8.786s] DEBUG:colcon.colcon_core.event_handler.log_command:Invoked command in '/home/mc2148/AURO/GIT-SUBMISSION/AURO/Submission/build/solution_interfaces' returned '0': CMAKE_PREFIX_PATH=${CMAKE_PREFIX_PATH}:/home/mc2148/turtlebot3_ws/install/turtlebot3_teleop:/home/mc2148/turtlebot3_ws/install/turtlebot3_example:/home/mc2148/AURO/GIT-SUBMISSION/AURO/Submission/install/tf_relay:/home/mc2148/AURO/GIT-SUBMISSION/AURO/Submission/install/solution:/home/mc2148/AURO/GIT-SUBMISSION/AURO/Submission/install/assessment:/opt/ros/humble /usr/bin/cmake --build /home/mc2148/AURO/GIT-SUBMISSION/AURO/Submission/build/solution_interfaces -- -j4 -l4
[9.268s] DEBUG:colcon.colcon_core.event_handler.log_command:Invoked command in '/home/mc2148/AURO/GIT-SUBMISSION/AURO/Submission/src/assessment' returned '0': PYTHONPATH=/home/mc2148/AURO/GIT-SUBMISSION/AURO/Submission/build/assessment/prefix_override:/home/mc2148/AURO/GIT-SUBMISSION/AURO/Submission/install/assessment/lib/python3.10/site-packages:${PYTHONPATH} /usr/bin/python3 setup.py egg_info --egg-base ../../build/assessment build --build-base /home/mc2148/AURO/GIT-SUBMISSION/AURO/Submission/build/assessment/build install --record /home/mc2148/AURO/GIT-SUBMISSION/AURO/Submission/build/assessment/install.log --single-version-externally-managed
[9.327s] Level 1:colcon.colcon_core.environment:checking '/home/mc2148/AURO/GIT-SUBMISSION/AURO/Submission/install/assessment' for CMake module files
[9.329s] Level 1:colcon.colcon_core.environment:checking '/home/mc2148/AURO/GIT-SUBMISSION/AURO/Submission/install/assessment' for CMake config files
[9.331s] Level 1:colcon.colcon_core.environment:checking '/home/mc2148/AURO/GIT-SUBMISSION/AURO/Submission/install/assessment/lib'
[9.332s] Level 1:colcon.colcon_core.environment:checking '/home/mc2148/AURO/GIT-SUBMISSION/AURO/Submission/install/assessment/bin'
[9.332s] Level 1:colcon.colcon_core.environment:checking '/home/mc2148/AURO/GIT-SUBMISSION/AURO/Submission/install/assessment/lib/pkgconfig/assessment.pc'
[9.333s] Level 1:colcon.colcon_core.environment:checking '/home/mc2148/AURO/GIT-SUBMISSION/AURO/Submission/install/assessment/lib/python3.10/site-packages'
[9.333s] Level 1:colcon.colcon_core.shell:create_environment_hook('assessment', 'pythonpath')
[9.378s] INFO:colcon.colcon_core.shell:Creating environment hook '/home/mc2148/AURO/GIT-SUBMISSION/AURO/Submission/install/assessment/share/assessment/hook/pythonpath.ps1'
[9.379s] INFO:colcon.colcon_core.shell:Creating environment descriptor '/home/mc2148/AURO/GIT-SUBMISSION/AURO/Submission/install/assessment/share/assessment/hook/pythonpath.dsv'
[9.380s] INFO:colcon.colcon_core.shell:Creating environment hook '/home/mc2148/AURO/GIT-SUBMISSION/AURO/Submission/install/assessment/share/assessment/hook/pythonpath.sh'
[9.381s] Level 1:colcon.colcon_core.environment:checking '/home/mc2148/AURO/GIT-SUBMISSION/AURO/Submission/install/assessment/bin'
[9.381s] Level 1:colcon.colcon_core.environment:create_environment_scripts_only(assessment)
[9.420s] INFO:colcon.colcon_core.shell:Creating package script '/home/mc2148/AURO/GIT-SUBMISSION/AURO/Submission/install/assessment/share/assessment/package.ps1'
[9.421s] INFO:colcon.colcon_core.shell:Creating package descriptor '/home/mc2148/AURO/GIT-SUBMISSION/AURO/Submission/install/assessment/share/assessment/package.dsv'
[9.422s] INFO:colcon.colcon_core.shell:Creating package script '/home/mc2148/AURO/GIT-SUBMISSION/AURO/Submission/install/assessment/share/assessment/package.sh'
[9.423s] INFO:colcon.colcon_core.shell:Creating package script '/home/mc2148/AURO/GIT-SUBMISSION/AURO/Submission/install/assessment/share/assessment/package.bash'
[9.424s] INFO:colcon.colcon_core.shell:Creating package script '/home/mc2148/AURO/GIT-SUBMISSION/AURO/Submission/install/assessment/share/assessment/package.zsh'
[9.424s] Level 1:colcon.colcon_core.environment:create_file_with_runtime_dependencies(/home/mc2148/AURO/GIT-SUBMISSION/AURO/Submission/install/assessment/share/colcon-core/packages/assessment)
[9.426s] INFO:colcon.colcon_ros.task.ament_python.build:Building ROS package in '/home/mc2148/AURO/GIT-SUBMISSION/AURO/Submission/src/tf_relay' with build type 'ament_python'
[9.426s] Level 1:colcon.colcon_core.shell:create_environment_hook('tf_relay', 'ament_prefix_path')
[9.500s] INFO:colcon.colcon_core.shell:Creating environment hook '/home/mc2148/AURO/GIT-SUBMISSION/AURO/Submission/install/tf_relay/share/tf_relay/hook/ament_prefix_path.ps1'
[9.501s] INFO:colcon.colcon_core.shell:Creating environment descriptor '/home/mc2148/AURO/GIT-SUBMISSION/AURO/Submission/install/tf_relay/share/tf_relay/hook/ament_prefix_path.dsv'
[9.502s] INFO:colcon.colcon_core.shell:Creating environment hook '/home/mc2148/AURO/GIT-SUBMISSION/AURO/Submission/install/tf_relay/share/tf_relay/hook/ament_prefix_path.sh'
[9.552s] INFO:colcon.colcon_core.shell:Skip shell extension 'powershell' for command environment: Not usable outside of PowerShell
[9.552s] DEBUG:colcon.colcon_core.shell:Skip shell extension 'dsv' for command environment
[9.779s] Level 1:colcon.colcon_core.environment:create_environment_scripts_only(assessment_interfaces)
[9.817s] Level 1:colcon.colcon_core.environment:checking '/home/mc2148/AURO/GIT-SUBMISSION/AURO/Submission/install/assessment_interfaces' for CMake module files
[9.818s] Level 1:colcon.colcon_core.environment:checking '/home/mc2148/AURO/GIT-SUBMISSION/AURO/Submission/install/assessment_interfaces' for CMake config files
[9.819s] Level 1:colcon.colcon_core.shell:create_environment_hook('assessment_interfaces', 'cmake_prefix_path')
[9.854s] INFO:colcon.colcon_core.shell:Creating environment hook '/home/mc2148/AURO/GIT-SUBMISSION/AURO/Submission/install/assessment_interfaces/share/assessment_interfaces/hook/cmake_prefix_path.ps1'
[9.855s] INFO:colcon.colcon_core.shell:Creating environment descriptor '/home/mc2148/AURO/GIT-SUBMISSION/AURO/Submission/install/assessment_interfaces/share/assessment_interfaces/hook/cmake_prefix_path.dsv'
[9.855s] INFO:colcon.colcon_core.shell:Creating environment hook '/home/mc2148/AURO/GIT-SUBMISSION/AURO/Submission/install/assessment_interfaces/share/assessment_interfaces/hook/cmake_prefix_path.sh'
[9.856s] Level 1:colcon.colcon_core.environment:checking '/home/mc2148/AURO/GIT-SUBMISSION/AURO/Submission/install/assessment_interfaces/lib'
[9.857s] Level 1:colcon.colcon_core.shell:create_environment_hook('assessment_interfaces', 'ld_library_path_lib')
[9.892s] INFO:colcon.colcon_core.shell:Creating environment hook '/home/mc2148/AURO/GIT-SUBMISSION/AURO/Submission/install/assessment_interfaces/share/assessment_interfaces/hook/ld_library_path_lib.ps1'
[9.893s] INFO:colcon.colcon_core.shell:Creating environment descriptor '/home/mc2148/AURO/GIT-SUBMISSION/AURO/Submission/install/assessment_interfaces/share/assessment_interfaces/hook/ld_library_path_lib.dsv'
[9.894s] INFO:colcon.colcon_core.shell:Creating environment hook '/home/mc2148/AURO/GIT-SUBMISSION/AURO/Submission/install/assessment_interfaces/share/assessment_interfaces/hook/ld_library_path_lib.sh'
[9.894s] Level 1:colcon.colcon_core.environment:checking '/home/mc2148/AURO/GIT-SUBMISSION/AURO/Submission/install/assessment_interfaces/bin'
[9.894s] Level 1:colcon.colcon_core.environment:checking '/home/mc2148/AURO/GIT-SUBMISSION/AURO/Submission/install/assessment_interfaces/lib/pkgconfig/assessment_interfaces.pc'
[9.895s] Level 1:colcon.colcon_core.environment:checking '/home/mc2148/AURO/GIT-SUBMISSION/AURO/Submission/install/assessment_interfaces/lib/python3.10/site-packages'
[9.896s] Level 1:colcon.colcon_core.environment:checking '/home/mc2148/AURO/GIT-SUBMISSION/AURO/Submission/install/assessment_interfaces/bin'
[9.934s] INFO:colcon.colcon_core.shell:Creating package script '/home/mc2148/AURO/GIT-SUBMISSION/AURO/Submission/install/assessment_interfaces/share/assessment_interfaces/package.ps1'
[9.935s] INFO:colcon.colcon_core.shell:Creating package descriptor '/home/mc2148/AURO/GIT-SUBMISSION/AURO/Submission/install/assessment_interfaces/share/assessment_interfaces/package.dsv'
[9.936s] INFO:colcon.colcon_core.shell:Creating package script '/home/mc2148/AURO/GIT-SUBMISSION/AURO/Submission/install/assessment_interfaces/share/assessment_interfaces/package.sh'
[9.937s] INFO:colcon.colcon_core.shell:Creating package script '/home/mc2148/AURO/GIT-SUBMISSION/AURO/Submission/install/assessment_interfaces/share/assessment_interfaces/package.bash'
[9.938s] INFO:colcon.colcon_core.shell:Creating package script '/home/mc2148/AURO/GIT-SUBMISSION/AURO/Submission/install/assessment_interfaces/share/assessment_interfaces/package.zsh'
[9.938s] Level 1:colcon.colcon_core.environment:create_file_with_runtime_dependencies(/home/mc2148/AURO/GIT-SUBMISSION/AURO/Submission/install/assessment_interfaces/share/colcon-core/packages/assessment_interfaces)
[9.944s] DEBUG:colcon.colcon_core.event_handler.log_command:Invoking command in '/home/mc2148/AURO/GIT-SUBMISSION/AURO/Submission/build/solution_interfaces': CMAKE_PREFIX_PATH=${CMAKE_PREFIX_PATH}:/home/mc2148/turtlebot3_ws/install/turtlebot3_teleop:/home/mc2148/turtlebot3_ws/install/turtlebot3_example:/home/mc2148/AURO/GIT-SUBMISSION/AURO/Submission/install/tf_relay:/home/mc2148/AURO/GIT-SUBMISSION/AURO/Submission/install/solution:/home/mc2148/AURO/GIT-SUBMISSION/AURO/Submission/install/assessment:/opt/ros/humble /usr/bin/cmake --install /home/mc2148/AURO/GIT-SUBMISSION/AURO/Submission/build/solution_interfaces
[9.945s] DEBUG:colcon.colcon_core.event_handler.log_command:Invoked command in '/home/mc2148/AURO/GIT-SUBMISSION/AURO/Submission/src/solution' returned '0': PYTHONPATH=/home/mc2148/AURO/GIT-SUBMISSION/AURO/Submission/build/solution/prefix_override:/home/mc2148/AURO/GIT-SUBMISSION/AURO/Submission/install/solution/lib/python3.10/site-packages:${PYTHONPATH} /usr/bin/python3 setup.py egg_info --egg-base ../../build/solution build --build-base /home/mc2148/AURO/GIT-SUBMISSION/AURO/Submission/build/solution/build install --record /home/mc2148/AURO/GIT-SUBMISSION/AURO/Submission/build/solution/install.log --single-version-externally-managed
[10.043s] Level 1:colcon.colcon_core.environment:checking '/home/mc2148/AURO/GIT-SUBMISSION/AURO/Submission/install/solution' for CMake module files
[10.045s] Level 1:colcon.colcon_core.environment:checking '/home/mc2148/AURO/GIT-SUBMISSION/AURO/Submission/install/solution' for CMake config files
[10.052s] Level 1:colcon.colcon_core.environment:checking '/home/mc2148/AURO/GIT-SUBMISSION/AURO/Submission/install/solution/lib'
[10.052s] Level 1:colcon.colcon_core.environment:checking '/home/mc2148/AURO/GIT-SUBMISSION/AURO/Submission/install/solution/bin'
[10.053s] Level 1:colcon.colcon_core.environment:checking '/home/mc2148/AURO/GIT-SUBMISSION/AURO/Submission/install/solution/lib/pkgconfig/solution.pc'
[10.053s] Level 1:colcon.colcon_core.environment:checking '/home/mc2148/AURO/GIT-SUBMISSION/AURO/Submission/install/solution/lib/python3.10/site-packages'
[10.053s] Level 1:colcon.colcon_core.shell:create_environment_hook('solution', 'pythonpath')
[10.098s] INFO:colcon.colcon_core.shell:Creating environment hook '/home/mc2148/AURO/GIT-SUBMISSION/AURO/Submission/install/solution/share/solution/hook/pythonpath.ps1'
[10.101s] INFO:colcon.colcon_core.shell:Creating environment descriptor '/home/mc2148/AURO/GIT-SUBMISSION/AURO/Submission/install/solution/share/solution/hook/pythonpath.dsv'
[10.102s] INFO:colcon.colcon_core.shell:Creating environment hook '/home/mc2148/AURO/GIT-SUBMISSION/AURO/Submission/install/solution/share/solution/hook/pythonpath.sh'
[10.105s] Level 1:colcon.colcon_core.environment:checking '/home/mc2148/AURO/GIT-SUBMISSION/AURO/Submission/install/solution/bin'
[10.106s] Level 1:colcon.colcon_core.environment:create_environment_scripts_only(solution)
[10.152s] INFO:colcon.colcon_core.shell:Creating package script '/home/mc2148/AURO/GIT-SUBMISSION/AURO/Submission/install/solution/share/solution/package.ps1'
[10.153s] INFO:colcon.colcon_core.shell:Creating package descriptor '/home/mc2148/AURO/GIT-SUBMISSION/AURO/Submission/install/solution/share/solution/package.dsv'
[10.154s] INFO:colcon.colcon_core.shell:Creating package script '/home/mc2148/AURO/GIT-SUBMISSION/AURO/Submission/install/solution/share/solution/package.sh'
[10.155s] INFO:colcon.colcon_core.shell:Creating package script '/home/mc2148/AURO/GIT-SUBMISSION/AURO/Submission/install/solution/share/solution/package.bash'
[10.156s] INFO:colcon.colcon_core.shell:Creating package script '/home/mc2148/AURO/GIT-SUBMISSION/AURO/Submission/install/solution/share/solution/package.zsh'
[10.156s] Level 1:colcon.colcon_core.environment:create_file_with_runtime_dependencies(/home/mc2148/AURO/GIT-SUBMISSION/AURO/Submission/install/solution/share/colcon-core/packages/solution)
[10.841s] INFO:colcon.colcon_core.task.python.build:Building Python package in '/home/mc2148/AURO/GIT-SUBMISSION/AURO/Submission/src/tf_relay'
[10.876s] INFO:colcon.colcon_core.shell:Skip shell extension 'powershell' for command environment: Not usable outside of PowerShell
[10.876s] DEBUG:colcon.colcon_core.shell:Skip shell extension 'dsv' for command environment
[11.030s] Level 1:colcon.colcon_core.environment:create_environment_scripts_only(solution_interfaces)
[11.032s] DEBUG:colcon.colcon_core.event_handler.log_command:Invoked command in '/home/mc2148/AURO/GIT-SUBMISSION/AURO/Submission/build/solution_interfaces' returned '0': CMAKE_PREFIX_PATH=${CMAKE_PREFIX_PATH}:/home/mc2148/turtlebot3_ws/install/turtlebot3_teleop:/home/mc2148/turtlebot3_ws/install/turtlebot3_example:/home/mc2148/AURO/GIT-SUBMISSION/AURO/Submission/install/tf_relay:/home/mc2148/AURO/GIT-SUBMISSION/AURO/Submission/install/solution:/home/mc2148/AURO/GIT-SUBMISSION/AURO/Submission/install/assessment:/opt/ros/humble /usr/bin/cmake --install /home/mc2148/AURO/GIT-SUBMISSION/AURO/Submission/build/solution_interfaces
[11.068s] Level 1:colcon.colcon_core.environment:checking '/home/mc2148/AURO/GIT-SUBMISSION/AURO/Submission/install/solution_interfaces' for CMake module files
[11.069s] Level 1:colcon.colcon_core.environment:checking '/home/mc2148/AURO/GIT-SUBMISSION/AURO/Submission/install/solution_interfaces' for CMake config files
[11.069s] Level 1:colcon.colcon_core.shell:create_environment_hook('solution_interfaces', 'cmake_prefix_path')
[11.105s] INFO:colcon.colcon_core.shell:Creating environment hook '/home/mc2148/AURO/GIT-SUBMISSION/AURO/Submission/install/solution_interfaces/share/solution_interfaces/hook/cmake_prefix_path.ps1'
[11.106s] INFO:colcon.colcon_core.shell:Creating environment descriptor '/home/mc2148/AURO/GIT-SUBMISSION/AURO/Submission/install/solution_interfaces/share/solution_interfaces/hook/cmake_prefix_path.dsv'
[11.107s] INFO:colcon.colcon_core.shell:Creating environment hook '/home/mc2148/AURO/GIT-SUBMISSION/AURO/Submission/install/solution_interfaces/share/solution_interfaces/hook/cmake_prefix_path.sh'
[11.108s] Level 1:colcon.colcon_core.environment:checking '/home/mc2148/AURO/GIT-SUBMISSION/AURO/Submission/install/solution_interfaces/lib'
[11.108s] Level 1:colcon.colcon_core.shell:create_environment_hook('solution_interfaces', 'ld_library_path_lib')
[11.143s] INFO:colcon.colcon_core.shell:Creating environment hook '/home/mc2148/AURO/GIT-SUBMISSION/AURO/Submission/install/solution_interfaces/share/solution_interfaces/hook/ld_library_path_lib.ps1'
[11.144s] INFO:colcon.colcon_core.shell:Creating environment descriptor '/home/mc2148/AURO/GIT-SUBMISSION/AURO/Submission/install/solution_interfaces/share/solution_interfaces/hook/ld_library_path_lib.dsv'
[11.145s] INFO:colcon.colcon_core.shell:Creating environment hook '/home/mc2148/AURO/GIT-SUBMISSION/AURO/Submission/install/solution_interfaces/share/solution_interfaces/hook/ld_library_path_lib.sh'
[11.146s] Level 1:colcon.colcon_core.environment:checking '/home/mc2148/AURO/GIT-SUBMISSION/AURO/Submission/install/solution_interfaces/bin'
[11.146s] Level 1:colcon.colcon_core.environment:checking '/home/mc2148/AURO/GIT-SUBMISSION/AURO/Submission/install/solution_interfaces/lib/pkgconfig/solution_interfaces.pc'
[11.146s] Level 1:colcon.colcon_core.environment:checking '/home/mc2148/AURO/GIT-SUBMISSION/AURO/Submission/install/solution_interfaces/lib/python3.10/site-packages'
[11.147s] Level 1:colcon.colcon_core.environment:checking '/home/mc2148/AURO/GIT-SUBMISSION/AURO/Submission/install/solution_interfaces/bin'
[11.182s] INFO:colcon.colcon_core.shell:Creating package script '/home/mc2148/AURO/GIT-SUBMISSION/AURO/Submission/install/solution_interfaces/share/solution_interfaces/package.ps1'
[11.183s] INFO:colcon.colcon_core.shell:Creating package descriptor '/home/mc2148/AURO/GIT-SUBMISSION/AURO/Submission/install/solution_interfaces/share/solution_interfaces/package.dsv'
[11.184s] INFO:colcon.colcon_core.shell:Creating package script '/home/mc2148/AURO/GIT-SUBMISSION/AURO/Submission/install/solution_interfaces/share/solution_interfaces/package.sh'
[11.184s] INFO:colcon.colcon_core.shell:Creating package script '/home/mc2148/AURO/GIT-SUBMISSION/AURO/Submission/install/solution_interfaces/share/solution_interfaces/package.bash'
[11.185s] INFO:colcon.colcon_core.shell:Creating package script '/home/mc2148/AURO/GIT-SUBMISSION/AURO/Submission/install/solution_interfaces/share/solution_interfaces/package.zsh'
[11.186s] Level 1:colcon.colcon_core.environment:create_file_with_runtime_dependencies(/home/mc2148/AURO/GIT-SUBMISSION/AURO/Submission/install/solution_interfaces/share/colcon-core/packages/solution_interfaces)
[11.573s] Level 1:colcon.colcon_core.environment:create_environment_scripts_only(solution_interfaces)
[11.610s] Level 1:colcon.colcon_core.environment:checking '/home/mc2148/AURO/GIT-SUBMISSION/AURO/Submission/install/solution_interfaces' for CMake module files
[11.611s] Level 1:colcon.colcon_core.environment:checking '/home/mc2148/AURO/GIT-SUBMISSION/AURO/Submission/install/solution_interfaces' for CMake config files
[11.612s] Level 1:colcon.colcon_core.shell:create_environment_hook('solution_interfaces', 'cmake_prefix_path')
[11.652s] INFO:colcon.colcon_core.shell:Creating environment hook '/home/mc2148/AURO/GIT-SUBMISSION/AURO/Submission/install/solution_interfaces/share/solution_interfaces/hook/cmake_prefix_path.ps1'
[11.653s] INFO:colcon.colcon_core.shell:Creating environment descriptor '/home/mc2148/AURO/GIT-SUBMISSION/AURO/Submission/install/solution_interfaces/share/solution_interfaces/hook/cmake_prefix_path.dsv'
[11.654s] INFO:colcon.colcon_core.shell:Creating environment hook '/home/mc2148/AURO/GIT-SUBMISSION/AURO/Submission/install/solution_interfaces/share/solution_interfaces/hook/cmake_prefix_path.sh'
[11.655s] Level 1:colcon.colcon_core.environment:checking '/home/mc2148/AURO/GIT-SUBMISSION/AURO/Submission/install/solution_interfaces/lib'
[11.655s] Level 1:colcon.colcon_core.shell:create_environment_hook('solution_interfaces', 'ld_library_path_lib')
[11.693s] INFO:colcon.colcon_core.shell:Creating environment hook '/home/mc2148/AURO/GIT-SUBMISSION/AURO/Submission/install/solution_interfaces/share/solution_interfaces/hook/ld_library_path_lib.ps1'
[11.694s] INFO:colcon.colcon_core.shell:Creating environment descriptor '/home/mc2148/AURO/GIT-SUBMISSION/AURO/Submission/install/solution_interfaces/share/solution_interfaces/hook/ld_library_path_lib.dsv'
[11.695s] INFO:colcon.colcon_core.shell:Creating environment hook '/home/mc2148/AURO/GIT-SUBMISSION/AURO/Submission/install/solution_interfaces/share/solution_interfaces/hook/ld_library_path_lib.sh'
[11.696s] Level 1:colcon.colcon_core.environment:checking '/home/mc2148/AURO/GIT-SUBMISSION/AURO/Submission/install/solution_interfaces/bin'
[11.696s] Level 1:colcon.colcon_core.environment:checking '/home/mc2148/AURO/GIT-SUBMISSION/AURO/Submission/install/solution_interfaces/lib/pkgconfig/solution_interfaces.pc'
[11.696s] Level 1:colcon.colcon_core.environment:checking '/home/mc2148/AURO/GIT-SUBMISSION/AURO/Submission/install/solution_interfaces/lib/python3.10/site-packages'
[11.697s] Level 1:colcon.colcon_core.environment:checking '/home/mc2148/AURO/GIT-SUBMISSION/AURO/Submission/install/solution_interfaces/bin'
[11.736s] INFO:colcon.colcon_core.shell:Creating package script '/home/mc2148/AURO/GIT-SUBMISSION/AURO/Submission/install/solution_interfaces/share/solution_interfaces/package.ps1'
[11.738s] INFO:colcon.colcon_core.shell:Creating package descriptor '/home/mc2148/AURO/GIT-SUBMISSION/AURO/Submission/install/solution_interfaces/share/solution_interfaces/package.dsv'
[11.739s] INFO:colcon.colcon_core.shell:Creating package script '/home/mc2148/AURO/GIT-SUBMISSION/AURO/Submission/install/solution_interfaces/share/solution_interfaces/package.sh'
[11.740s] INFO:colcon.colcon_core.shell:Creating package script '/home/mc2148/AURO/GIT-SUBMISSION/AURO/Submission/install/solution_interfaces/share/solution_interfaces/package.bash'
[11.740s] INFO:colcon.colcon_core.shell:Creating package script '/home/mc2148/AURO/GIT-SUBMISSION/AURO/Submission/install/solution_interfaces/share/solution_interfaces/package.zsh'
[11.741s] Level 1:colcon.colcon_core.environment:create_file_with_runtime_dependencies(/home/mc2148/AURO/GIT-SUBMISSION/AURO/Submission/install/solution_interfaces/share/colcon-core/packages/solution_interfaces)
[12.109s] DEBUG:colcon.colcon_core.event_handler.log_command:Invoking command in '/home/mc2148/AURO/GIT-SUBMISSION/AURO/Submission/src/tf_relay': PYTHONPATH=/home/mc2148/AURO/GIT-SUBMISSION/AURO/Submission/build/tf_relay/prefix_override:/home/mc2148/AURO/GIT-SUBMISSION/AURO/Submission/install/tf_relay/lib/python3.10/site-packages:${PYTHONPATH} /usr/bin/python3 setup.py egg_info --egg-base ../../build/tf_relay build --build-base /home/mc2148/AURO/GIT-SUBMISSION/AURO/Submission/build/tf_relay/build install --record /home/mc2148/AURO/GIT-SUBMISSION/AURO/Submission/build/tf_relay/install.log --single-version-externally-managed
[12.819s] DEBUG:colcon.colcon_core.event_handler.log_command:Invoked command in '/home/mc2148/AURO/GIT-SUBMISSION/AURO/Submission/src/tf_relay' returned '0': PYTHONPATH=/home/mc2148/AURO/GIT-SUBMISSION/AURO/Submission/build/tf_relay/prefix_override:/home/mc2148/AURO/GIT-SUBMISSION/AURO/Submission/install/tf_relay/lib/python3.10/site-packages:${PYTHONPATH} /usr/bin/python3 setup.py egg_info --egg-base ../../build/tf_relay build --build-base /home/mc2148/AURO/GIT-SUBMISSION/AURO/Submission/build/tf_relay/build install --record /home/mc2148/AURO/GIT-SUBMISSION/AURO/Submission/build/tf_relay/install.log --single-version-externally-managed
[12.856s] Level 1:colcon.colcon_core.environment:checking '/home/mc2148/AURO/GIT-SUBMISSION/AURO/Submission/install/tf_relay' for CMake module files
[12.857s] Level 1:colcon.colcon_core.environment:checking '/home/mc2148/AURO/GIT-SUBMISSION/AURO/Submission/install/tf_relay' for CMake config files
[12.858s] Level 1:colcon.colcon_core.environment:checking '/home/mc2148/AURO/GIT-SUBMISSION/AURO/Submission/install/tf_relay/lib'
[12.858s] Level 1:colcon.colcon_core.environment:checking '/home/mc2148/AURO/GIT-SUBMISSION/AURO/Submission/install/tf_relay/bin'
[12.858s] Level 1:colcon.colcon_core.environment:checking '/home/mc2148/AURO/GIT-SUBMISSION/AURO/Submission/install/tf_relay/lib/pkgconfig/tf_relay.pc'
[12.858s] Level 1:colcon.colcon_core.environment:checking '/home/mc2148/AURO/GIT-SUBMISSION/AURO/Submission/install/tf_relay/lib/python3.10/site-packages'
[12.858s] Level 1:colcon.colcon_core.shell:create_environment_hook('tf_relay', 'pythonpath')
[12.894s] INFO:colcon.colcon_core.shell:Creating environment hook '/home/mc2148/AURO/GIT-SUBMISSION/AURO/Submission/install/tf_relay/share/tf_relay/hook/pythonpath.ps1'
[12.895s] INFO:colcon.colcon_core.shell:Creating environment descriptor '/home/mc2148/AURO/GIT-SUBMISSION/AURO/Submission/install/tf_relay/share/tf_relay/hook/pythonpath.dsv'
[12.895s] INFO:colcon.colcon_core.shell:Creating environment hook '/home/mc2148/AURO/GIT-SUBMISSION/AURO/Submission/install/tf_relay/share/tf_relay/hook/pythonpath.sh'
[12.896s] Level 1:colcon.colcon_core.environment:checking '/home/mc2148/AURO/GIT-SUBMISSION/AURO/Submission/install/tf_relay/bin'
[12.896s] Level 1:colcon.colcon_core.environment:create_environment_scripts_only(tf_relay)
[12.933s] INFO:colcon.colcon_core.shell:Creating package script '/home/mc2148/AURO/GIT-SUBMISSION/AURO/Submission/install/tf_relay/share/tf_relay/package.ps1'
[12.934s] INFO:colcon.colcon_core.shell:Creating package descriptor '/home/mc2148/AURO/GIT-SUBMISSION/AURO/Submission/install/tf_relay/share/tf_relay/package.dsv'
[12.935s] INFO:colcon.colcon_core.shell:Creating package script '/home/mc2148/AURO/GIT-SUBMISSION/AURO/Submission/install/tf_relay/share/tf_relay/package.sh'
[12.936s] INFO:colcon.colcon_core.shell:Creating package script '/home/mc2148/AURO/GIT-SUBMISSION/AURO/Submission/install/tf_relay/share/tf_relay/package.bash'
[12.937s] INFO:colcon.colcon_core.shell:Creating package script '/home/mc2148/AURO/GIT-SUBMISSION/AURO/Submission/install/tf_relay/share/tf_relay/package.zsh'
[12.937s] Level 1:colcon.colcon_core.environment:create_file_with_runtime_dependencies(/home/mc2148/AURO/GIT-SUBMISSION/AURO/Submission/install/tf_relay/share/colcon-core/packages/tf_relay)
[12.938s] DEBUG:colcon.colcon_parallel_executor.executor.parallel:closing loop
[12.939s] DEBUG:colcon.colcon_parallel_executor.executor.parallel:loop closed
[12.939s] DEBUG:colcon.colcon_parallel_executor.executor.parallel:run_until_complete finished with '0'
[12.939s] DEBUG:colcon.colcon_core.event_reactor:joining thread
[12.989s] INFO:colcon.colcon_core.plugin_system:Skipping extension 'colcon_notification.desktop_notification.terminal_notifier': Not used on non-Darwin systems
[12.989s] INFO:colcon.colcon_core.plugin_system:Skipping extension 'colcon_notification.desktop_notification.win32': Not used on non-Windows systems
[12.990s] INFO:colcon.colcon_notification.desktop_notification:Sending desktop notification using 'notify2'
[13.012s] DEBUG:colcon.colcon_core.event_reactor:joined thread
[13.052s] INFO:colcon.colcon_core.shell:Creating prefix script '/home/mc2148/AURO/GIT-SUBMISSION/AURO/Submission/install/local_setup.ps1'
[13.054s] INFO:colcon.colcon_core.shell:Creating prefix util module '/home/mc2148/AURO/GIT-SUBMISSION/AURO/Submission/install/_local_setup_util_ps1.py'
[13.057s] INFO:colcon.colcon_core.shell:Creating prefix chain script '/home/mc2148/AURO/GIT-SUBMISSION/AURO/Submission/install/setup.ps1'
[13.099s] INFO:colcon.colcon_core.shell:Creating prefix script '/home/mc2148/AURO/GIT-SUBMISSION/AURO/Submission/install/local_setup.sh'
[13.100s] INFO:colcon.colcon_core.shell:Creating prefix util module '/home/mc2148/AURO/GIT-SUBMISSION/AURO/Submission/install/_local_setup_util_sh.py'
[13.101s] INFO:colcon.colcon_core.shell:Creating prefix chain script '/home/mc2148/AURO/GIT-SUBMISSION/AURO/Submission/install/setup.sh'
[13.141s] INFO:colcon.colcon_core.shell:Creating prefix script '/home/mc2148/AURO/GIT-SUBMISSION/AURO/Submission/install/local_setup.bash'
[13.142s] INFO:colcon.colcon_core.shell:Creating prefix chain script '/home/mc2148/AURO/GIT-SUBMISSION/AURO/Submission/install/setup.bash'
[13.180s] INFO:colcon.colcon_core.shell:Creating prefix script '/home/mc2148/AURO/GIT-SUBMISSION/AURO/Submission/install/local_setup.zsh'
[13.181s] INFO:colcon.colcon_core.shell:Creating prefix chain script '/home/mc2148/AURO/GIT-SUBMISSION/AURO/Submission/install/setup.zsh'
