[0.601s] Invoking command in '/home/mc2148/AURO/Submission/build/solution_interfaces': CMAKE_PREFIX_PATH=${CMAKE_PREFIX_PATH}:/home/mc2148/AURO/Submission/install/tf_transformations:/home/mc2148/AURO/Submission/install/solution:/home/mc2148/auro-practicals/install/week_8:/home/mc2148/auro-practicals/install/week_7:/home/mc2148/auro-practicals/install/week_6:/home/mc2148/auro-practicals/install/week_5:/home/mc2148/auro-practicals/install/week_4:/home/mc2148/auro-practicals/install/week_3:/home/mc2148/auro-practicals/install/week_2:/home/mc2148/auro-practicals/install/week_1:/home/mc2148/auro-practicals/install/tf_relay:/home/mc2148/auro-practicals/install/assessment:/home/mc2148/turtlebot3_ws/install/turtlebot3_teleop:/home/mc2148/turtlebot3_ws/install/turtlebot3_example:/opt/ros/humble /usr/bin/cmake --build /home/mc2148/AURO/Submission/build/solution_interfaces -- -j4 -l4
[0.666s] [  1%] Built target solution_interfaces__cpp
[0.716s] [  1%] Built target ament_cmake_python_copy_solution_interfaces
[0.750s] [ 12%] Built target solution_interfaces__rosidl_typesupport_fastrtps_cpp
[0.780s] [ 23%] Built target solution_interfaces__rosidl_typesupport_introspection_cpp
[1.074s] running egg_info
[1.074s] writing solution_interfaces.egg-info/PKG-INFO
[1.075s] writing dependency_links to solution_interfaces.egg-info/dependency_links.txt
[1.075s] writing top-level names to solution_interfaces.egg-info/top_level.txt
[1.077s] reading manifest file 'solution_interfaces.egg-info/SOURCES.txt'
[1.077s] writing manifest file 'solution_interfaces.egg-info/SOURCES.txt'
[1.107s] [ 23%] Built target ament_cmake_python_build_solution_interfaces_egg
[1.142s] [ 34%] Built target solution_interfaces__rosidl_typesupport_cpp
[1.172s] [ 46%] Built target solution_interfaces__rosidl_generator_c
[1.204s] [ 57%] Built target solution_interfaces__rosidl_typesupport_fastrtps_c
[1.239s] [ 68%] Built target solution_interfaces__rosidl_typesupport_c
[1.271s] [ 79%] Built target solution_interfaces__rosidl_typesupport_introspection_c
[1.296s] [ 79%] Built target solution_interfaces
[1.325s] [ 80%] Built target solution_interfaces__py
[1.378s] [ 90%] Built target solution_interfaces__rosidl_generator_py
[1.452s] [ 93%] Built target solution_interfaces__rosidl_typesupport_fastrtps_c__pyext
[1.502s] [ 96%] Built target solution_interfaces__rosidl_typesupport_c__pyext
[1.553s] [100%] Built target solution_interfaces__rosidl_typesupport_introspection_c__pyext
[1.596s] Invoked command in '/home/mc2148/AURO/Submission/build/solution_interfaces' returned '0': CMAKE_PREFIX_PATH=${CMAKE_PREFIX_PATH}:/home/mc2148/AURO/Submission/install/tf_transformations:/home/mc2148/AURO/Submission/install/solution:/home/mc2148/auro-practicals/install/week_8:/home/mc2148/auro-practicals/install/week_7:/home/mc2148/auro-practicals/install/week_6:/home/mc2148/auro-practicals/install/week_5:/home/mc2148/auro-practicals/install/week_4:/home/mc2148/auro-practicals/install/week_3:/home/mc2148/auro-practicals/install/week_2:/home/mc2148/auro-practicals/install/week_1:/home/mc2148/auro-practicals/install/tf_relay:/home/mc2148/auro-practicals/install/assessment:/home/mc2148/turtlebot3_ws/install/turtlebot3_teleop:/home/mc2148/turtlebot3_ws/install/turtlebot3_example:/opt/ros/humble /usr/bin/cmake --build /home/mc2148/AURO/Submission/build/solution_interfaces -- -j4 -l4
[1.983s] Invoking command in '/home/mc2148/AURO/Submission/build/solution_interfaces': CMAKE_PREFIX_PATH=${CMAKE_PREFIX_PATH}:/home/mc2148/AURO/Submission/install/tf_transformations:/home/mc2148/AURO/Submission/install/solution:/home/mc2148/auro-practicals/install/week_8:/home/mc2148/auro-practicals/install/week_7:/home/mc2148/auro-practicals/install/week_6:/home/mc2148/auro-practicals/install/week_5:/home/mc2148/auro-practicals/install/week_4:/home/mc2148/auro-practicals/install/week_3:/home/mc2148/auro-practicals/install/week_2:/home/mc2148/auro-practicals/install/week_1:/home/mc2148/auro-practicals/install/tf_relay:/home/mc2148/auro-practicals/install/assessment:/home/mc2148/turtlebot3_ws/install/turtlebot3_teleop:/home/mc2148/turtlebot3_ws/install/turtlebot3_example:/opt/ros/humble /usr/bin/cmake --install /home/mc2148/AURO/Submission/build/solution_interfaces
[1.993s] -- Install configuration: ""
[1.994s] -- Up-to-date: /home/mc2148/AURO/Submission/install/solution_interfaces/share/ament_index/resource_index/rosidl_interfaces/solution_interfaces
[1.994s] -- Up-to-date: /home/mc2148/AURO/Submission/install/solution_interfaces/include/solution_interfaces/solution_interfaces
[1.994s] -- Up-to-date: /home/mc2148/AURO/Submission/install/solution_interfaces/include/solution_interfaces/solution_interfaces/msg
[1.994s] -- Up-to-date: /home/mc2148/AURO/Submission/install/solution_interfaces/include/solution_interfaces/solution_interfaces/msg/string_with_pose.h
[1.994s] -- Up-to-date: /home/mc2148/AURO/Submission/install/solution_interfaces/include/solution_interfaces/solution_interfaces/msg/rosidl_generator_c__visibility_control.h
[1.994s] -- Up-to-date: /home/mc2148/AURO/Submission/install/solution_interfaces/include/solution_interfaces/solution_interfaces/msg/example.h
[1.994s] -- Up-to-date: /home/mc2148/AURO/Submission/install/solution_interfaces/include/solution_interfaces/solution_interfaces/msg/detail
[1.995s] -- Up-to-date: /home/mc2148/AURO/Submission/install/solution_interfaces/include/solution_interfaces/solution_interfaces/msg/detail/robot_pub_position__functions.h
[1.995s] -- Up-to-date: /home/mc2148/AURO/Submission/install/solution_interfaces/include/solution_interfaces/solution_interfaces/msg/detail/item_assessment__type_support.h
[1.995s] -- Up-to-date: /home/mc2148/AURO/Submission/install/solution_interfaces/include/solution_interfaces/solution_interfaces/msg/detail/example__struct.h
[1.995s] -- Up-to-date: /home/mc2148/AURO/Submission/install/solution_interfaces/include/solution_interfaces/solution_interfaces/msg/detail/home_pub_position__functions.h
[1.995s] -- Up-to-date: /home/mc2148/AURO/Submission/install/solution_interfaces/include/solution_interfaces/solution_interfaces/msg/detail/example__functions.c
[1.995s] -- Up-to-date: /home/mc2148/AURO/Submission/install/solution_interfaces/include/solution_interfaces/solution_interfaces/msg/detail/home_pub_position__struct.h
[1.996s] -- Up-to-date: /home/mc2148/AURO/Submission/install/solution_interfaces/include/solution_interfaces/solution_interfaces/msg/detail/home_pub_position__type_support.h
[1.996s] -- Up-to-date: /home/mc2148/AURO/Submission/install/solution_interfaces/include/solution_interfaces/solution_interfaces/msg/detail/item_assessment__functions.c
[1.996s] -- Up-to-date: /home/mc2148/AURO/Submission/install/solution_interfaces/include/solution_interfaces/solution_interfaces/msg/detail/string_with_pose__functions.c
[1.996s] -- Up-to-date: /home/mc2148/AURO/Submission/install/solution_interfaces/include/solution_interfaces/solution_interfaces/msg/detail/robot_start__type_support.h
[1.996s] -- Up-to-date: /home/mc2148/AURO/Submission/install/solution_interfaces/include/solution_interfaces/solution_interfaces/msg/detail/string_with_pose__type_support.h
[1.996s] -- Up-to-date: /home/mc2148/AURO/Submission/install/solution_interfaces/include/solution_interfaces/solution_interfaces/msg/detail/example__functions.h
[1.996s] -- Up-to-date: /home/mc2148/AURO/Submission/install/solution_interfaces/include/solution_interfaces/solution_interfaces/msg/detail/string_with_pose__functions.h
[1.996s] -- Up-to-date: /home/mc2148/AURO/Submission/install/solution_interfaces/include/solution_interfaces/solution_interfaces/msg/detail/robot_start__functions.h
[1.997s] -- Up-to-date: /home/mc2148/AURO/Submission/install/solution_interfaces/include/solution_interfaces/solution_interfaces/msg/detail/example__type_support.h
[1.997s] -- Up-to-date: /home/mc2148/AURO/Submission/install/solution_interfaces/include/solution_interfaces/solution_interfaces/msg/detail/robot_pub_position__functions.c
[1.997s] -- Up-to-date: /home/mc2148/AURO/Submission/install/solution_interfaces/include/solution_interfaces/solution_interfaces/msg/detail/robot_start__struct.h
[1.997s] -- Up-to-date: /home/mc2148/AURO/Submission/install/solution_interfaces/include/solution_interfaces/solution_interfaces/msg/detail/robot_pub_position__type_support.h
[1.997s] -- Up-to-date: /home/mc2148/AURO/Submission/install/solution_interfaces/include/solution_interfaces/solution_interfaces/msg/detail/robot_start__functions.c
[1.998s] -- Up-to-date: /home/mc2148/AURO/Submission/install/solution_interfaces/include/solution_interfaces/solution_interfaces/msg/detail/item_assessment__functions.h
[1.998s] -- Up-to-date: /home/mc2148/AURO/Submission/install/solution_interfaces/include/solution_interfaces/solution_interfaces/msg/detail/robot_pub_position__struct.h
[1.998s] -- Up-to-date: /home/mc2148/AURO/Submission/install/solution_interfaces/include/solution_interfaces/solution_interfaces/msg/detail/home_pub_position__functions.c
[1.998s] -- Up-to-date: /home/mc2148/AURO/Submission/install/solution_interfaces/include/solution_interfaces/solution_interfaces/msg/detail/string_with_pose__struct.h
[1.998s] -- Up-to-date: /home/mc2148/AURO/Submission/install/solution_interfaces/include/solution_interfaces/solution_interfaces/msg/detail/item_assessment__struct.h
[1.999s] -- Up-to-date: /home/mc2148/AURO/Submission/install/solution_interfaces/include/solution_interfaces/solution_interfaces/msg/robot_start.h
[1.999s] -- Up-to-date: /home/mc2148/AURO/Submission/install/solution_interfaces/include/solution_interfaces/solution_interfaces/msg/robot_pub_position.h
[1.999s] -- Up-to-date: /home/mc2148/AURO/Submission/install/solution_interfaces/include/solution_interfaces/solution_interfaces/msg/home_pub_position.h
[1.999s] -- Up-to-date: /home/mc2148/AURO/Submission/install/solution_interfaces/include/solution_interfaces/solution_interfaces/msg/item_assessment.h
[1.999s] -- Up-to-date: /home/mc2148/AURO/Submission/install/solution_interfaces/include/solution_interfaces/solution_interfaces/srv
[1.999s] -- Up-to-date: /home/mc2148/AURO/Submission/install/solution_interfaces/include/solution_interfaces/solution_interfaces/srv/detail
[2.000s] -- Up-to-date: /home/mc2148/AURO/Submission/install/solution_interfaces/include/solution_interfaces/solution_interfaces/srv/detail/item_assessment__type_support.h
[2.000s] -- Up-to-date: /home/mc2148/AURO/Submission/install/solution_interfaces/include/solution_interfaces/solution_interfaces/srv/detail/item_assessment__functions.c
[2.000s] -- Up-to-date: /home/mc2148/AURO/Submission/install/solution_interfaces/include/solution_interfaces/solution_interfaces/srv/detail/random_goal__struct.h
[2.000s] -- Up-to-date: /home/mc2148/AURO/Submission/install/solution_interfaces/include/solution_interfaces/solution_interfaces/srv/detail/random_goal__functions.h
[2.000s] -- Up-to-date: /home/mc2148/AURO/Submission/install/solution_interfaces/include/solution_interfaces/solution_interfaces/srv/detail/random_goal__type_support.h
[2.000s] -- Up-to-date: /home/mc2148/AURO/Submission/install/solution_interfaces/include/solution_interfaces/solution_interfaces/srv/detail/item_assessment__functions.h
[2.000s] -- Up-to-date: /home/mc2148/AURO/Submission/install/solution_interfaces/include/solution_interfaces/solution_interfaces/srv/detail/random_goal__functions.c
[2.000s] -- Up-to-date: /home/mc2148/AURO/Submission/install/solution_interfaces/include/solution_interfaces/solution_interfaces/srv/detail/item_assessment__struct.h
[2.001s] -- Up-to-date: /home/mc2148/AURO/Submission/install/solution_interfaces/include/solution_interfaces/solution_interfaces/srv/random_goal.h
[2.001s] -- Up-to-date: /home/mc2148/AURO/Submission/install/solution_interfaces/include/solution_interfaces/solution_interfaces/srv/item_assessment.h
[2.001s] -- Up-to-date: /home/mc2148/AURO/Submission/install/solution_interfaces/share/solution_interfaces/environment/library_path.sh
[2.001s] -- Up-to-date: /home/mc2148/AURO/Submission/install/solution_interfaces/share/solution_interfaces/environment/library_path.dsv
[2.001s] -- Up-to-date: /home/mc2148/AURO/Submission/install/solution_interfaces/lib/libsolution_interfaces__rosidl_generator_c.so
[2.001s] -- Up-to-date: /home/mc2148/AURO/Submission/install/solution_interfaces/include/solution_interfaces/solution_interfaces
[2.001s] -- Up-to-date: /home/mc2148/AURO/Submission/install/solution_interfaces/include/solution_interfaces/solution_interfaces/msg
[2.001s] -- Up-to-date: /home/mc2148/AURO/Submission/install/solution_interfaces/include/solution_interfaces/solution_interfaces/msg/detail
[2.001s] -- Up-to-date: /home/mc2148/AURO/Submission/install/solution_interfaces/include/solution_interfaces/solution_interfaces/msg/detail/home_pub_position__rosidl_typesupport_fastrtps_c.h
[2.002s] -- Up-to-date: /home/mc2148/AURO/Submission/install/solution_interfaces/include/solution_interfaces/solution_interfaces/msg/detail/string_with_pose__rosidl_typesupport_fastrtps_c.h
[2.003s] -- Up-to-date: /home/mc2148/AURO/Submission/install/solution_interfaces/include/solution_interfaces/solution_interfaces/msg/detail/robot_pub_position__rosidl_typesupport_fastrtps_c.h
[2.003s] -- Up-to-date: /home/mc2148/AURO/Submission/install/solution_interfaces/include/solution_interfaces/solution_interfaces/msg/detail/example__rosidl_typesupport_fastrtps_c.h
[2.004s] -- Up-to-date: /home/mc2148/AURO/Submission/install/solution_interfaces/include/solution_interfaces/solution_interfaces/msg/detail/item_assessment__rosidl_typesupport_fastrtps_c.h
[2.004s] -- Up-to-date: /home/mc2148/AURO/Submission/install/solution_interfaces/include/solution_interfaces/solution_interfaces/msg/detail/robot_start__rosidl_typesupport_fastrtps_c.h
[2.004s] -- Up-to-date: /home/mc2148/AURO/Submission/install/solution_interfaces/include/solution_interfaces/solution_interfaces/msg/rosidl_typesupport_fastrtps_c__visibility_control.h
[2.004s] -- Up-to-date: /home/mc2148/AURO/Submission/install/solution_interfaces/include/solution_interfaces/solution_interfaces/srv
[2.004s] -- Up-to-date: /home/mc2148/AURO/Submission/install/solution_interfaces/include/solution_interfaces/solution_interfaces/srv/detail
[2.004s] -- Up-to-date: /home/mc2148/AURO/Submission/install/solution_interfaces/include/solution_interfaces/solution_interfaces/srv/detail/random_goal__rosidl_typesupport_fastrtps_c.h
[2.004s] -- Up-to-date: /home/mc2148/AURO/Submission/install/solution_interfaces/include/solution_interfaces/solution_interfaces/srv/detail/item_assessment__rosidl_typesupport_fastrtps_c.h
[2.005s] -- Up-to-date: /home/mc2148/AURO/Submission/install/solution_interfaces/lib/libsolution_interfaces__rosidl_typesupport_fastrtps_c.so
[2.005s] -- Up-to-date: /home/mc2148/AURO/Submission/install/solution_interfaces/include/solution_interfaces/solution_interfaces
[2.005s] -- Up-to-date: /home/mc2148/AURO/Submission/install/solution_interfaces/include/solution_interfaces/solution_interfaces/msg
[2.006s] -- Up-to-date: /home/mc2148/AURO/Submission/install/solution_interfaces/include/solution_interfaces/solution_interfaces/msg/example.hpp
[2.006s] -- Up-to-date: /home/mc2148/AURO/Submission/install/solution_interfaces/include/solution_interfaces/solution_interfaces/msg/item_assessment.hpp
[2.006s] -- Up-to-date: /home/mc2148/AURO/Submission/install/solution_interfaces/include/solution_interfaces/solution_interfaces/msg/detail
[2.006s] -- Up-to-date: /home/mc2148/AURO/Submission/install/solution_interfaces/include/solution_interfaces/solution_interfaces/msg/detail/example__builder.hpp
[2.006s] -- Up-to-date: /home/mc2148/AURO/Submission/install/solution_interfaces/include/solution_interfaces/solution_interfaces/msg/detail/robot_pub_position__traits.hpp
[2.007s] -- Up-to-date: /home/mc2148/AURO/Submission/install/solution_interfaces/include/solution_interfaces/solution_interfaces/msg/detail/robot_start__builder.hpp
[2.007s] -- Up-to-date: /home/mc2148/AURO/Submission/install/solution_interfaces/include/solution_interfaces/solution_interfaces/msg/detail/robot_start__struct.hpp
[2.007s] -- Up-to-date: /home/mc2148/AURO/Submission/install/solution_interfaces/include/solution_interfaces/solution_interfaces/msg/detail/item_assessment__struct.hpp
[2.008s] -- Up-to-date: /home/mc2148/AURO/Submission/install/solution_interfaces/include/solution_interfaces/solution_interfaces/msg/detail/item_assessment__builder.hpp
[2.008s] -- Up-to-date: /home/mc2148/AURO/Submission/install/solution_interfaces/include/solution_interfaces/solution_interfaces/msg/detail/string_with_pose__builder.hpp
[2.008s] -- Up-to-date: /home/mc2148/AURO/Submission/install/solution_interfaces/include/solution_interfaces/solution_interfaces/msg/detail/example__traits.hpp
[2.008s] -- Up-to-date: /home/mc2148/AURO/Submission/install/solution_interfaces/include/solution_interfaces/solution_interfaces/msg/detail/item_assessment__traits.hpp
[2.008s] -- Up-to-date: /home/mc2148/AURO/Submission/install/solution_interfaces/include/solution_interfaces/solution_interfaces/msg/detail/home_pub_position__struct.hpp
[2.008s] -- Up-to-date: /home/mc2148/AURO/Submission/install/solution_interfaces/include/solution_interfaces/solution_interfaces/msg/detail/robot_start__traits.hpp
[2.008s] -- Up-to-date: /home/mc2148/AURO/Submission/install/solution_interfaces/include/solution_interfaces/solution_interfaces/msg/detail/home_pub_position__traits.hpp
[2.008s] -- Up-to-date: /home/mc2148/AURO/Submission/install/solution_interfaces/include/solution_interfaces/solution_interfaces/msg/detail/string_with_pose__struct.hpp
[2.009s] -- Up-to-date: /home/mc2148/AURO/Submission/install/solution_interfaces/include/solution_interfaces/solution_interfaces/msg/detail/example__struct.hpp
[2.009s] -- Up-to-date: /home/mc2148/AURO/Submission/install/solution_interfaces/include/solution_interfaces/solution_interfaces/msg/detail/robot_pub_position__struct.hpp
[2.009s] -- Up-to-date: /home/mc2148/AURO/Submission/install/solution_interfaces/include/solution_interfaces/solution_interfaces/msg/detail/home_pub_position__builder.hpp
[2.009s] -- Up-to-date: /home/mc2148/AURO/Submission/install/solution_interfaces/include/solution_interfaces/solution_interfaces/msg/detail/string_with_pose__traits.hpp
[2.009s] -- Up-to-date: /home/mc2148/AURO/Submission/install/solution_interfaces/include/solution_interfaces/solution_interfaces/msg/detail/robot_pub_position__builder.hpp
[2.009s] -- Up-to-date: /home/mc2148/AURO/Submission/install/solution_interfaces/include/solution_interfaces/solution_interfaces/msg/string_with_pose.hpp
[2.009s] -- Up-to-date: /home/mc2148/AURO/Submission/install/solution_interfaces/include/solution_interfaces/solution_interfaces/msg/home_pub_position.hpp
[2.009s] -- Up-to-date: /home/mc2148/AURO/Submission/install/solution_interfaces/include/solution_interfaces/solution_interfaces/msg/robot_pub_position.hpp
[2.009s] -- Up-to-date: /home/mc2148/AURO/Submission/install/solution_interfaces/include/solution_interfaces/solution_interfaces/msg/robot_start.hpp
[2.009s] -- Up-to-date: /home/mc2148/AURO/Submission/install/solution_interfaces/include/solution_interfaces/solution_interfaces/srv
[2.009s] -- Up-to-date: /home/mc2148/AURO/Submission/install/solution_interfaces/include/solution_interfaces/solution_interfaces/srv/item_assessment.hpp
[2.009s] -- Up-to-date: /home/mc2148/AURO/Submission/install/solution_interfaces/include/solution_interfaces/solution_interfaces/srv/random_goal.hpp
[2.009s] -- Up-to-date: /home/mc2148/AURO/Submission/install/solution_interfaces/include/solution_interfaces/solution_interfaces/srv/detail
[2.009s] -- Up-to-date: /home/mc2148/AURO/Submission/install/solution_interfaces/include/solution_interfaces/solution_interfaces/srv/detail/random_goal__traits.hpp
[2.010s] -- Up-to-date: /home/mc2148/AURO/Submission/install/solution_interfaces/include/solution_interfaces/solution_interfaces/srv/detail/item_assessment__struct.hpp
[2.010s] -- Up-to-date: /home/mc2148/AURO/Submission/install/solution_interfaces/include/solution_interfaces/solution_interfaces/srv/detail/item_assessment__builder.hpp
[2.010s] -- Up-to-date: /home/mc2148/AURO/Submission/install/solution_interfaces/include/solution_interfaces/solution_interfaces/srv/detail/item_assessment__traits.hpp
[2.010s] -- Up-to-date: /home/mc2148/AURO/Submission/install/solution_interfaces/include/solution_interfaces/solution_interfaces/srv/detail/random_goal__builder.hpp
[2.010s] -- Up-to-date: /home/mc2148/AURO/Submission/install/solution_interfaces/include/solution_interfaces/solution_interfaces/srv/detail/random_goal__struct.hpp
[2.010s] -- Up-to-date: /home/mc2148/AURO/Submission/install/solution_interfaces/include/solution_interfaces/solution_interfaces
[2.010s] -- Up-to-date: /home/mc2148/AURO/Submission/install/solution_interfaces/include/solution_interfaces/solution_interfaces/msg
[2.010s] -- Up-to-date: /home/mc2148/AURO/Submission/install/solution_interfaces/include/solution_interfaces/solution_interfaces/msg/detail
[2.010s] -- Up-to-date: /home/mc2148/AURO/Submission/install/solution_interfaces/include/solution_interfaces/solution_interfaces/msg/detail/item_assessment__rosidl_typesupport_fastrtps_cpp.hpp
[2.010s] -- Up-to-date: /home/mc2148/AURO/Submission/install/solution_interfaces/include/solution_interfaces/solution_interfaces/msg/detail/string_with_pose__rosidl_typesupport_fastrtps_cpp.hpp
[2.010s] -- Up-to-date: /home/mc2148/AURO/Submission/install/solution_interfaces/include/solution_interfaces/solution_interfaces/msg/detail/home_pub_position__rosidl_typesupport_fastrtps_cpp.hpp
[2.010s] -- Up-to-date: /home/mc2148/AURO/Submission/install/solution_interfaces/include/solution_interfaces/solution_interfaces/msg/detail/example__rosidl_typesupport_fastrtps_cpp.hpp
[2.010s] -- Up-to-date: /home/mc2148/AURO/Submission/install/solution_interfaces/include/solution_interfaces/solution_interfaces/msg/detail/robot_pub_position__rosidl_typesupport_fastrtps_cpp.hpp
[2.010s] -- Up-to-date: /home/mc2148/AURO/Submission/install/solution_interfaces/include/solution_interfaces/solution_interfaces/msg/detail/dds_fastrtps
[2.010s] -- Up-to-date: /home/mc2148/AURO/Submission/install/solution_interfaces/include/solution_interfaces/solution_interfaces/msg/detail/robot_start__rosidl_typesupport_fastrtps_cpp.hpp
[2.011s] -- Up-to-date: /home/mc2148/AURO/Submission/install/solution_interfaces/include/solution_interfaces/solution_interfaces/msg/rosidl_typesupport_fastrtps_cpp__visibility_control.h
[2.011s] -- Up-to-date: /home/mc2148/AURO/Submission/install/solution_interfaces/include/solution_interfaces/solution_interfaces/srv
[2.011s] -- Up-to-date: /home/mc2148/AURO/Submission/install/solution_interfaces/include/solution_interfaces/solution_interfaces/srv/detail
[2.011s] -- Up-to-date: /home/mc2148/AURO/Submission/install/solution_interfaces/include/solution_interfaces/solution_interfaces/srv/detail/item_assessment__rosidl_typesupport_fastrtps_cpp.hpp
[2.011s] -- Up-to-date: /home/mc2148/AURO/Submission/install/solution_interfaces/include/solution_interfaces/solution_interfaces/srv/detail/dds_fastrtps
[2.011s] -- Up-to-date: /home/mc2148/AURO/Submission/install/solution_interfaces/include/solution_interfaces/solution_interfaces/srv/detail/random_goal__rosidl_typesupport_fastrtps_cpp.hpp
[2.011s] -- Up-to-date: /home/mc2148/AURO/Submission/install/solution_interfaces/lib/libsolution_interfaces__rosidl_typesupport_fastrtps_cpp.so
[2.011s] -- Up-to-date: /home/mc2148/AURO/Submission/install/solution_interfaces/include/solution_interfaces/solution_interfaces
[2.012s] -- Up-to-date: /home/mc2148/AURO/Submission/install/solution_interfaces/include/solution_interfaces/solution_interfaces/msg
[2.012s] -- Up-to-date: /home/mc2148/AURO/Submission/install/solution_interfaces/include/solution_interfaces/solution_interfaces/msg/rosidl_typesupport_introspection_c__visibility_control.h
[2.012s] -- Up-to-date: /home/mc2148/AURO/Submission/install/solution_interfaces/include/solution_interfaces/solution_interfaces/msg/detail
[2.012s] -- Up-to-date: /home/mc2148/AURO/Submission/install/solution_interfaces/include/solution_interfaces/solution_interfaces/msg/detail/robot_pub_position__type_support.c
[2.012s] -- Up-to-date: /home/mc2148/AURO/Submission/install/solution_interfaces/include/solution_interfaces/solution_interfaces/msg/detail/item_assessment__rosidl_typesupport_introspection_c.h
[2.012s] -- Up-to-date: /home/mc2148/AURO/Submission/install/solution_interfaces/include/solution_interfaces/solution_interfaces/msg/detail/item_assessment__type_support.c
[2.012s] -- Up-to-date: /home/mc2148/AURO/Submission/install/solution_interfaces/include/solution_interfaces/solution_interfaces/msg/detail/string_with_pose__rosidl_typesupport_introspection_c.h
[2.012s] -- Up-to-date: /home/mc2148/AURO/Submission/install/solution_interfaces/include/solution_interfaces/solution_interfaces/msg/detail/robot_pub_position__rosidl_typesupport_introspection_c.h
[2.012s] -- Up-to-date: /home/mc2148/AURO/Submission/install/solution_interfaces/include/solution_interfaces/solution_interfaces/msg/detail/example__rosidl_typesupport_introspection_c.h
[2.012s] -- Up-to-date: /home/mc2148/AURO/Submission/install/solution_interfaces/include/solution_interfaces/solution_interfaces/msg/detail/home_pub_position__type_support.c
[2.012s] -- Up-to-date: /home/mc2148/AURO/Submission/install/solution_interfaces/include/solution_interfaces/solution_interfaces/msg/detail/robot_start__rosidl_typesupport_introspection_c.h
[2.012s] -- Up-to-date: /home/mc2148/AURO/Submission/install/solution_interfaces/include/solution_interfaces/solution_interfaces/msg/detail/home_pub_position__rosidl_typesupport_introspection_c.h
[2.012s] -- Up-to-date: /home/mc2148/AURO/Submission/install/solution_interfaces/include/solution_interfaces/solution_interfaces/msg/detail/robot_start__type_support.c
[2.012s] -- Up-to-date: /home/mc2148/AURO/Submission/install/solution_interfaces/include/solution_interfaces/solution_interfaces/msg/detail/example__type_support.c
[2.012s] -- Up-to-date: /home/mc2148/AURO/Submission/install/solution_interfaces/include/solution_interfaces/solution_interfaces/msg/detail/string_with_pose__type_support.c
[2.012s] -- Up-to-date: /home/mc2148/AURO/Submission/install/solution_interfaces/include/solution_interfaces/solution_interfaces/srv
[2.012s] -- Up-to-date: /home/mc2148/AURO/Submission/install/solution_interfaces/include/solution_interfaces/solution_interfaces/srv/detail
[2.013s] -- Up-to-date: /home/mc2148/AURO/Submission/install/solution_interfaces/include/solution_interfaces/solution_interfaces/srv/detail/item_assessment__rosidl_typesupport_introspection_c.h
[2.013s] -- Up-to-date: /home/mc2148/AURO/Submission/install/solution_interfaces/include/solution_interfaces/solution_interfaces/srv/detail/item_assessment__type_support.c
[2.013s] -- Up-to-date: /home/mc2148/AURO/Submission/install/solution_interfaces/include/solution_interfaces/solution_interfaces/srv/detail/random_goal__type_support.c
[2.013s] -- Up-to-date: /home/mc2148/AURO/Submission/install/solution_interfaces/include/solution_interfaces/solution_interfaces/srv/detail/random_goal__rosidl_typesupport_introspection_c.h
[2.013s] -- Up-to-date: /home/mc2148/AURO/Submission/install/solution_interfaces/lib/libsolution_interfaces__rosidl_typesupport_introspection_c.so
[2.013s] -- Up-to-date: /home/mc2148/AURO/Submission/install/solution_interfaces/lib/libsolution_interfaces__rosidl_typesupport_c.so
[2.013s] -- Up-to-date: /home/mc2148/AURO/Submission/install/solution_interfaces/include/solution_interfaces/solution_interfaces
[2.013s] -- Up-to-date: /home/mc2148/AURO/Submission/install/solution_interfaces/include/solution_interfaces/solution_interfaces/msg
[2.013s] -- Up-to-date: /home/mc2148/AURO/Submission/install/solution_interfaces/include/solution_interfaces/solution_interfaces/msg/detail
[2.013s] -- Up-to-date: /home/mc2148/AURO/Submission/install/solution_interfaces/include/solution_interfaces/solution_interfaces/msg/detail/item_assessment__type_support.cpp
[2.013s] -- Up-to-date: /home/mc2148/AURO/Submission/install/solution_interfaces/include/solution_interfaces/solution_interfaces/msg/detail/home_pub_position__type_support.cpp
[2.013s] -- Up-to-date: /home/mc2148/AURO/Submission/install/solution_interfaces/include/solution_interfaces/solution_interfaces/msg/detail/item_assessment__rosidl_typesupport_introspection_cpp.hpp
[2.013s] -- Up-to-date: /home/mc2148/AURO/Submission/install/solution_interfaces/include/solution_interfaces/solution_interfaces/msg/detail/robot_pub_position__type_support.cpp
[2.013s] -- Up-to-date: /home/mc2148/AURO/Submission/install/solution_interfaces/include/solution_interfaces/solution_interfaces/msg/detail/example__type_support.cpp
[2.013s] -- Up-to-date: /home/mc2148/AURO/Submission/install/solution_interfaces/include/solution_interfaces/solution_interfaces/msg/detail/string_with_pose__type_support.cpp
[2.013s] -- Up-to-date: /home/mc2148/AURO/Submission/install/solution_interfaces/include/solution_interfaces/solution_interfaces/msg/detail/example__rosidl_typesupport_introspection_cpp.hpp
[2.013s] -- Up-to-date: /home/mc2148/AURO/Submission/install/solution_interfaces/include/solution_interfaces/solution_interfaces/msg/detail/robot_start__type_support.cpp
[2.014s] -- Up-to-date: /home/mc2148/AURO/Submission/install/solution_interfaces/include/solution_interfaces/solution_interfaces/msg/detail/home_pub_position__rosidl_typesupport_introspection_cpp.hpp
[2.014s] -- Up-to-date: /home/mc2148/AURO/Submission/install/solution_interfaces/include/solution_interfaces/solution_interfaces/msg/detail/string_with_pose__rosidl_typesupport_introspection_cpp.hpp
[2.014s] -- Up-to-date: /home/mc2148/AURO/Submission/install/solution_interfaces/include/solution_interfaces/solution_interfaces/msg/detail/robot_pub_position__rosidl_typesupport_introspection_cpp.hpp
[2.014s] -- Up-to-date: /home/mc2148/AURO/Submission/install/solution_interfaces/include/solution_interfaces/solution_interfaces/msg/detail/robot_start__rosidl_typesupport_introspection_cpp.hpp
[2.014s] -- Up-to-date: /home/mc2148/AURO/Submission/install/solution_interfaces/include/solution_interfaces/solution_interfaces/srv
[2.014s] -- Up-to-date: /home/mc2148/AURO/Submission/install/solution_interfaces/include/solution_interfaces/solution_interfaces/srv/detail
[2.014s] -- Up-to-date: /home/mc2148/AURO/Submission/install/solution_interfaces/include/solution_interfaces/solution_interfaces/srv/detail/item_assessment__type_support.cpp
[2.014s] -- Up-to-date: /home/mc2148/AURO/Submission/install/solution_interfaces/include/solution_interfaces/solution_interfaces/srv/detail/item_assessment__rosidl_typesupport_introspection_cpp.hpp
[2.014s] -- Up-to-date: /home/mc2148/AURO/Submission/install/solution_interfaces/include/solution_interfaces/solution_interfaces/srv/detail/random_goal__rosidl_typesupport_introspection_cpp.hpp
[2.014s] -- Up-to-date: /home/mc2148/AURO/Submission/install/solution_interfaces/include/solution_interfaces/solution_interfaces/srv/detail/random_goal__type_support.cpp
[2.014s] -- Up-to-date: /home/mc2148/AURO/Submission/install/solution_interfaces/lib/libsolution_interfaces__rosidl_typesupport_introspection_cpp.so
[2.014s] -- Up-to-date: /home/mc2148/AURO/Submission/install/solution_interfaces/lib/libsolution_interfaces__rosidl_typesupport_cpp.so
[2.014s] -- Up-to-date: /home/mc2148/AURO/Submission/install/solution_interfaces/share/solution_interfaces/environment/pythonpath.sh
[2.014s] -- Up-to-date: /home/mc2148/AURO/Submission/install/solution_interfaces/share/solution_interfaces/environment/pythonpath.dsv
[2.014s] -- Up-to-date: /home/mc2148/AURO/Submission/install/solution_interfaces/local/lib/python3.10/dist-packages/solution_interfaces-0.0.0-py3.10.egg-info
[2.015s] -- Installing: /home/mc2148/AURO/Submission/install/solution_interfaces/local/lib/python3.10/dist-packages/solution_interfaces-0.0.0-py3.10.egg-info/dependency_links.txt
[2.015s] -- Installing: /home/mc2148/AURO/Submission/install/solution_interfaces/local/lib/python3.10/dist-packages/solution_interfaces-0.0.0-py3.10.egg-info/SOURCES.txt
[2.015s] -- Installing: /home/mc2148/AURO/Submission/install/solution_interfaces/local/lib/python3.10/dist-packages/solution_interfaces-0.0.0-py3.10.egg-info/PKG-INFO
[2.015s] -- Installing: /home/mc2148/AURO/Submission/install/solution_interfaces/local/lib/python3.10/dist-packages/solution_interfaces-0.0.0-py3.10.egg-info/top_level.txt
[2.015s] -- Up-to-date: /home/mc2148/AURO/Submission/install/solution_interfaces/local/lib/python3.10/dist-packages/solution_interfaces
[2.015s] -- Up-to-date: /home/mc2148/AURO/Submission/install/solution_interfaces/local/lib/python3.10/dist-packages/solution_interfaces/solution_interfaces_s__rosidl_typesupport_fastrtps_c.cpython-310-x86_64-linux-gnu.so
[2.015s] -- Up-to-date: /home/mc2148/AURO/Submission/install/solution_interfaces/local/lib/python3.10/dist-packages/solution_interfaces/_solution_interfaces_s.ep.rosidl_typesupport_c.c
[2.015s] -- Up-to-date: /home/mc2148/AURO/Submission/install/solution_interfaces/local/lib/python3.10/dist-packages/solution_interfaces/_solution_interfaces_s.ep.rosidl_typesupport_fastrtps_c.c
[2.015s] -- Up-to-date: /home/mc2148/AURO/Submission/install/solution_interfaces/local/lib/python3.10/dist-packages/solution_interfaces/solution_interfaces_s__rosidl_typesupport_introspection_c.cpython-310-x86_64-linux-gnu.so
[2.015s] -- Up-to-date: /home/mc2148/AURO/Submission/install/solution_interfaces/local/lib/python3.10/dist-packages/solution_interfaces/msg
[2.015s] -- Up-to-date: /home/mc2148/AURO/Submission/install/solution_interfaces/local/lib/python3.10/dist-packages/solution_interfaces/msg/_robot_start_s.c
[2.015s] -- Up-to-date: /home/mc2148/AURO/Submission/install/solution_interfaces/local/lib/python3.10/dist-packages/solution_interfaces/msg/_example.py
[2.015s] -- Up-to-date: /home/mc2148/AURO/Submission/install/solution_interfaces/local/lib/python3.10/dist-packages/solution_interfaces/msg/_example_s.c
[2.015s] -- Up-to-date: /home/mc2148/AURO/Submission/install/solution_interfaces/local/lib/python3.10/dist-packages/solution_interfaces/msg/_robot_pub_position.py
[2.016s] -- Up-to-date: /home/mc2148/AURO/Submission/install/solution_interfaces/local/lib/python3.10/dist-packages/solution_interfaces/msg/_robot_start.py
[2.016s] -- Up-to-date: /home/mc2148/AURO/Submission/install/solution_interfaces/local/lib/python3.10/dist-packages/solution_interfaces/msg/_item_assessment_s.c
[2.016s] -- Up-to-date: /home/mc2148/AURO/Submission/install/solution_interfaces/local/lib/python3.10/dist-packages/solution_interfaces/msg/_string_with_pose.py
[2.016s] -- Up-to-date: /home/mc2148/AURO/Submission/install/solution_interfaces/local/lib/python3.10/dist-packages/solution_interfaces/msg/__init__.py
[2.016s] -- Up-to-date: /home/mc2148/AURO/Submission/install/solution_interfaces/local/lib/python3.10/dist-packages/solution_interfaces/msg/_home_pub_position_s.c
[2.016s] -- Up-to-date: /home/mc2148/AURO/Submission/install/solution_interfaces/local/lib/python3.10/dist-packages/solution_interfaces/msg/_home_pub_position.py
[2.016s] -- Up-to-date: /home/mc2148/AURO/Submission/install/solution_interfaces/local/lib/python3.10/dist-packages/solution_interfaces/msg/_item_assessment.py
[2.016s] -- Up-to-date: /home/mc2148/AURO/Submission/install/solution_interfaces/local/lib/python3.10/dist-packages/solution_interfaces/msg/_robot_pub_position_s.c
[2.016s] -- Up-to-date: /home/mc2148/AURO/Submission/install/solution_interfaces/local/lib/python3.10/dist-packages/solution_interfaces/msg/_string_with_pose_s.c
[2.016s] -- Up-to-date: /home/mc2148/AURO/Submission/install/solution_interfaces/local/lib/python3.10/dist-packages/solution_interfaces/libsolution_interfaces__rosidl_generator_py.so
[2.016s] -- Up-to-date: /home/mc2148/AURO/Submission/install/solution_interfaces/local/lib/python3.10/dist-packages/solution_interfaces/_solution_interfaces_s.ep.rosidl_typesupport_introspection_c.c
[2.016s] -- Up-to-date: /home/mc2148/AURO/Submission/install/solution_interfaces/local/lib/python3.10/dist-packages/solution_interfaces/solution_interfaces_s__rosidl_typesupport_c.cpython-310-x86_64-linux-gnu.so
[2.016s] -- Up-to-date: /home/mc2148/AURO/Submission/install/solution_interfaces/local/lib/python3.10/dist-packages/solution_interfaces/__init__.py
[2.016s] -- Up-to-date: /home/mc2148/AURO/Submission/install/solution_interfaces/local/lib/python3.10/dist-packages/solution_interfaces/srv
[2.016s] -- Up-to-date: /home/mc2148/AURO/Submission/install/solution_interfaces/local/lib/python3.10/dist-packages/solution_interfaces/srv/_random_goal_s.c
[2.017s] -- Up-to-date: /home/mc2148/AURO/Submission/install/solution_interfaces/local/lib/python3.10/dist-packages/solution_interfaces/srv/_random_goal.py
[2.017s] -- Up-to-date: /home/mc2148/AURO/Submission/install/solution_interfaces/local/lib/python3.10/dist-packages/solution_interfaces/srv/_item_assessment_s.c
[2.017s] -- Up-to-date: /home/mc2148/AURO/Submission/install/solution_interfaces/local/lib/python3.10/dist-packages/solution_interfaces/srv/__init__.py
[2.017s] -- Up-to-date: /home/mc2148/AURO/Submission/install/solution_interfaces/local/lib/python3.10/dist-packages/solution_interfaces/srv/_item_assessment.py
[2.056s] Listing '/home/mc2148/AURO/Submission/install/solution_interfaces/local/lib/python3.10/dist-packages/solution_interfaces'...
[2.056s] Listing '/home/mc2148/AURO/Submission/install/solution_interfaces/local/lib/python3.10/dist-packages/solution_interfaces/msg'...
[2.056s] Listing '/home/mc2148/AURO/Submission/install/solution_interfaces/local/lib/python3.10/dist-packages/solution_interfaces/srv'...
[2.060s] -- Up-to-date: /home/mc2148/AURO/Submission/install/solution_interfaces/local/lib/python3.10/dist-packages/solution_interfaces/solution_interfaces_s__rosidl_typesupport_fastrtps_c.cpython-310-x86_64-linux-gnu.so
[2.060s] -- Up-to-date: /home/mc2148/AURO/Submission/install/solution_interfaces/local/lib/python3.10/dist-packages/solution_interfaces/solution_interfaces_s__rosidl_typesupport_introspection_c.cpython-310-x86_64-linux-gnu.so
[2.060s] -- Up-to-date: /home/mc2148/AURO/Submission/install/solution_interfaces/local/lib/python3.10/dist-packages/solution_interfaces/solution_interfaces_s__rosidl_typesupport_c.cpython-310-x86_64-linux-gnu.so
[2.060s] -- Up-to-date: /home/mc2148/AURO/Submission/install/solution_interfaces/lib/libsolution_interfaces__rosidl_generator_py.so
[2.061s] -- Up-to-date: /home/mc2148/AURO/Submission/install/solution_interfaces/share/solution_interfaces/msg/Example.idl
[2.061s] -- Up-to-date: /home/mc2148/AURO/Submission/install/solution_interfaces/share/solution_interfaces/msg/RobotPubPosition.idl
[2.061s] -- Up-to-date: /home/mc2148/AURO/Submission/install/solution_interfaces/share/solution_interfaces/msg/StringWithPose.idl
[2.061s] -- Up-to-date: /home/mc2148/AURO/Submission/install/solution_interfaces/share/solution_interfaces/srv/RandomGoal.idl
[2.061s] -- Up-to-date: /home/mc2148/AURO/Submission/install/solution_interfaces/share/solution_interfaces/srv/ItemAssessment.idl
[2.062s] -- Up-to-date: /home/mc2148/AURO/Submission/install/solution_interfaces/share/solution_interfaces/msg/Example.msg
[2.062s] -- Up-to-date: /home/mc2148/AURO/Submission/install/solution_interfaces/share/solution_interfaces/msg/RobotPubPosition.msg
[2.062s] -- Up-to-date: /home/mc2148/AURO/Submission/install/solution_interfaces/share/solution_interfaces/msg/StringWithPose.msg
[2.062s] -- Up-to-date: /home/mc2148/AURO/Submission/install/solution_interfaces/share/solution_interfaces/srv/RandomGoal.srv
[2.062s] -- Up-to-date: /home/mc2148/AURO/Submission/install/solution_interfaces/share/solution_interfaces/srv/RandomGoal_Request.msg
[2.062s] -- Up-to-date: /home/mc2148/AURO/Submission/install/solution_interfaces/share/solution_interfaces/srv/RandomGoal_Response.msg
[2.063s] -- Up-to-date: /home/mc2148/AURO/Submission/install/solution_interfaces/share/solution_interfaces/srv/ItemAssessment.srv
[2.063s] -- Up-to-date: /home/mc2148/AURO/Submission/install/solution_interfaces/share/solution_interfaces/srv/ItemAssessment_Request.msg
[2.063s] -- Up-to-date: /home/mc2148/AURO/Submission/install/solution_interfaces/share/solution_interfaces/srv/ItemAssessment_Response.msg
[2.064s] -- Up-to-date: /home/mc2148/AURO/Submission/install/solution_interfaces/share/ament_index/resource_index/package_run_dependencies/solution_interfaces
[2.064s] -- Up-to-date: /home/mc2148/AURO/Submission/install/solution_interfaces/share/ament_index/resource_index/parent_prefix_path/solution_interfaces
[2.064s] -- Up-to-date: /home/mc2148/AURO/Submission/install/solution_interfaces/share/solution_interfaces/environment/ament_prefix_path.sh
[2.065s] -- Up-to-date: /home/mc2148/AURO/Submission/install/solution_interfaces/share/solution_interfaces/environment/ament_prefix_path.dsv
[2.065s] -- Up-to-date: /home/mc2148/AURO/Submission/install/solution_interfaces/share/solution_interfaces/environment/path.sh
[2.065s] -- Up-to-date: /home/mc2148/AURO/Submission/install/solution_interfaces/share/solution_interfaces/environment/path.dsv
[2.065s] -- Up-to-date: /home/mc2148/AURO/Submission/install/solution_interfaces/share/solution_interfaces/local_setup.bash
[2.065s] -- Up-to-date: /home/mc2148/AURO/Submission/install/solution_interfaces/share/solution_interfaces/local_setup.sh
[2.065s] -- Up-to-date: /home/mc2148/AURO/Submission/install/solution_interfaces/share/solution_interfaces/local_setup.zsh
[2.065s] -- Up-to-date: /home/mc2148/AURO/Submission/install/solution_interfaces/share/solution_interfaces/local_setup.dsv
[2.065s] -- Installing: /home/mc2148/AURO/Submission/install/solution_interfaces/share/solution_interfaces/package.dsv
[2.065s] -- Up-to-date: /home/mc2148/AURO/Submission/install/solution_interfaces/share/ament_index/resource_index/packages/solution_interfaces
[2.065s] -- Up-to-date: /home/mc2148/AURO/Submission/install/solution_interfaces/share/solution_interfaces/cmake/export_solution_interfaces__rosidl_generator_cExport.cmake
[2.065s] -- Up-to-date: /home/mc2148/AURO/Submission/install/solution_interfaces/share/solution_interfaces/cmake/export_solution_interfaces__rosidl_generator_cExport-noconfig.cmake
[2.065s] -- Up-to-date: /home/mc2148/AURO/Submission/install/solution_interfaces/share/solution_interfaces/cmake/export_solution_interfaces__rosidl_typesupport_fastrtps_cExport.cmake
[2.065s] -- Up-to-date: /home/mc2148/AURO/Submission/install/solution_interfaces/share/solution_interfaces/cmake/export_solution_interfaces__rosidl_typesupport_fastrtps_cExport-noconfig.cmake
[2.065s] -- Up-to-date: /home/mc2148/AURO/Submission/install/solution_interfaces/share/solution_interfaces/cmake/export_solution_interfaces__rosidl_generator_cppExport.cmake
[2.066s] -- Up-to-date: /home/mc2148/AURO/Submission/install/solution_interfaces/share/solution_interfaces/cmake/export_solution_interfaces__rosidl_typesupport_fastrtps_cppExport.cmake
[2.066s] -- Up-to-date: /home/mc2148/AURO/Submission/install/solution_interfaces/share/solution_interfaces/cmake/export_solution_interfaces__rosidl_typesupport_fastrtps_cppExport-noconfig.cmake
[2.066s] -- Up-to-date: /home/mc2148/AURO/Submission/install/solution_interfaces/share/solution_interfaces/cmake/solution_interfaces__rosidl_typesupport_introspection_cExport.cmake
[2.066s] -- Up-to-date: /home/mc2148/AURO/Submission/install/solution_interfaces/share/solution_interfaces/cmake/solution_interfaces__rosidl_typesupport_introspection_cExport-noconfig.cmake
[2.066s] -- Up-to-date: /home/mc2148/AURO/Submission/install/solution_interfaces/share/solution_interfaces/cmake/solution_interfaces__rosidl_typesupport_cExport.cmake
[2.066s] -- Up-to-date: /home/mc2148/AURO/Submission/install/solution_interfaces/share/solution_interfaces/cmake/solution_interfaces__rosidl_typesupport_cExport-noconfig.cmake
[2.066s] -- Up-to-date: /home/mc2148/AURO/Submission/install/solution_interfaces/share/solution_interfaces/cmake/solution_interfaces__rosidl_typesupport_introspection_cppExport.cmake
[2.066s] -- Up-to-date: /home/mc2148/AURO/Submission/install/solution_interfaces/share/solution_interfaces/cmake/solution_interfaces__rosidl_typesupport_introspection_cppExport-noconfig.cmake
[2.066s] -- Up-to-date: /home/mc2148/AURO/Submission/install/solution_interfaces/share/solution_interfaces/cmake/solution_interfaces__rosidl_typesupport_cppExport.cmake
[2.066s] -- Up-to-date: /home/mc2148/AURO/Submission/install/solution_interfaces/share/solution_interfaces/cmake/solution_interfaces__rosidl_typesupport_cppExport-noconfig.cmake
[2.066s] -- Up-to-date: /home/mc2148/AURO/Submission/install/solution_interfaces/share/solution_interfaces/cmake/export_solution_interfaces__rosidl_generator_pyExport.cmake
[2.066s] -- Up-to-date: /home/mc2148/AURO/Submission/install/solution_interfaces/share/solution_interfaces/cmake/export_solution_interfaces__rosidl_generator_pyExport-noconfig.cmake
[2.066s] -- Up-to-date: /home/mc2148/AURO/Submission/install/solution_interfaces/share/solution_interfaces/cmake/rosidl_cmake-extras.cmake
[2.066s] -- Up-to-date: /home/mc2148/AURO/Submission/install/solution_interfaces/share/solution_interfaces/cmake/ament_cmake_export_dependencies-extras.cmake
[2.066s] -- Up-to-date: /home/mc2148/AURO/Submission/install/solution_interfaces/share/solution_interfaces/cmake/ament_cmake_export_include_directories-extras.cmake
[2.066s] -- Up-to-date: /home/mc2148/AURO/Submission/install/solution_interfaces/share/solution_interfaces/cmake/ament_cmake_export_libraries-extras.cmake
[2.066s] -- Up-to-date: /home/mc2148/AURO/Submission/install/solution_interfaces/share/solution_interfaces/cmake/ament_cmake_export_targets-extras.cmake
[2.067s] -- Up-to-date: /home/mc2148/AURO/Submission/install/solution_interfaces/share/solution_interfaces/cmake/rosidl_cmake_export_typesupport_targets-extras.cmake
[2.068s] -- Up-to-date: /home/mc2148/AURO/Submission/install/solution_interfaces/share/solution_interfaces/cmake/rosidl_cmake_export_typesupport_libraries-extras.cmake
[2.068s] -- Up-to-date: /home/mc2148/AURO/Submission/install/solution_interfaces/share/solution_interfaces/cmake/solution_interfacesConfig.cmake
[2.068s] -- Up-to-date: /home/mc2148/AURO/Submission/install/solution_interfaces/share/solution_interfaces/cmake/solution_interfacesConfig-version.cmake
[2.068s] -- Up-to-date: /home/mc2148/AURO/Submission/install/solution_interfaces/share/solution_interfaces/package.xml
[2.069s] Invoked command in '/home/mc2148/AURO/Submission/build/solution_interfaces' returned '0': CMAKE_PREFIX_PATH=${CMAKE_PREFIX_PATH}:/home/mc2148/AURO/Submission/install/tf_transformations:/home/mc2148/AURO/Submission/install/solution:/home/mc2148/auro-practicals/install/week_8:/home/mc2148/auro-practicals/install/week_7:/home/mc2148/auro-practicals/install/week_6:/home/mc2148/auro-practicals/install/week_5:/home/mc2148/auro-practicals/install/week_4:/home/mc2148/auro-practicals/install/week_3:/home/mc2148/auro-practicals/install/week_2:/home/mc2148/auro-practicals/install/week_1:/home/mc2148/auro-practicals/install/tf_relay:/home/mc2148/auro-practicals/install/assessment:/home/mc2148/turtlebot3_ws/install/turtlebot3_teleop:/home/mc2148/turtlebot3_ws/install/turtlebot3_example:/opt/ros/humble /usr/bin/cmake --install /home/mc2148/AURO/Submission/build/solution_interfaces
