[3.534s] Invoking command in '/home/mc2148/AURO/GIT-SUBMISSION/AURO/Submission/src/tf_relay': PYTHONPATH=/home/mc2148/AURO/GIT-SUBMISSION/AURO/Submission/build/tf_relay/prefix_override:/home/mc2148/AURO/GIT-SUBMISSION/AURO/Submission/install/tf_relay/lib/python3.10/site-packages:${PYTHONPATH} /usr/bin/python3 setup.py egg_info --egg-base ../../build/tf_relay build --build-base /home/mc2148/AURO/GIT-SUBMISSION/AURO/Submission/build/tf_relay/build install --record /home/mc2148/AURO/GIT-SUBMISSION/AURO/Submission/build/tf_relay/install.log --single-version-externally-managed
[4.307s] running egg_info
[4.309s] writing ../../build/tf_relay/tf_relay.egg-info/PKG-INFO
[4.309s] writing dependency_links to ../../build/tf_relay/tf_relay.egg-info/dependency_links.txt
[4.310s] writing entry points to ../../build/tf_relay/tf_relay.egg-info/entry_points.txt
[4.310s] writing requirements to ../../build/tf_relay/tf_relay.egg-info/requires.txt
[4.310s] writing top-level names to ../../build/tf_relay/tf_relay.egg-info/top_level.txt
[4.314s] reading manifest file '../../build/tf_relay/tf_relay.egg-info/SOURCES.txt'
[4.316s] writing manifest file '../../build/tf_relay/tf_relay.egg-info/SOURCES.txt'
[4.317s] running build
[4.317s] running build_py
[4.318s] running install
[4.318s] running install_lib
[4.322s] running install_data
[4.323s] running install_egg_info
[4.327s] removing '/home/mc2148/AURO/GIT-SUBMISSION/AURO/Submission/install/tf_relay/lib/python3.10/site-packages/tf_relay-0.0.0-py3.10.egg-info' (and everything under it)
[4.328s] Copying ../../build/tf_relay/tf_relay.egg-info to /home/mc2148/AURO/GIT-SUBMISSION/AURO/Submission/install/tf_relay/lib/python3.10/site-packages/tf_relay-0.0.0-py3.10.egg-info
[4.329s] running install_scripts
[4.376s] Installing relay script to /home/mc2148/AURO/GIT-SUBMISSION/AURO/Submission/install/tf_relay/lib/tf_relay
[4.381s] writing list of installed files to '/home/mc2148/AURO/GIT-SUBMISSION/AURO/Submission/build/tf_relay/install.log'
[4.442s] Invoked command in '/home/mc2148/AURO/GIT-SUBMISSION/AURO/Submission/src/tf_relay' returned '0': PYTHONPATH=/home/mc2148/AURO/GIT-SUBMISSION/AURO/Submission/build/tf_relay/prefix_override:/home/mc2148/AURO/GIT-SUBMISSION/AURO/Submission/install/tf_relay/lib/python3.10/site-packages:${PYTHONPATH} /usr/bin/python3 setup.py egg_info --egg-base ../../build/tf_relay build --build-base /home/mc2148/AURO/GIT-SUBMISSION/AURO/Submission/build/tf_relay/build install --record /home/mc2148/AURO/GIT-SUBMISSION/AURO/Submission/build/tf_relay/install.log --single-version-externally-managed
