[2.348s] DEBUG:colcon:Command line arguments: ['/usr/bin/colcon', 'build']
[2.348s] DEBUG:colcon:Parsed command line arguments: Namespace(log_base=None, log_level=None, verb_name='build', build_base='build', install_base='install', merge_install=False, symlink_install=False, test_result_base=None, continue_on_error=False, executor='parallel', parallel_workers=4, event_handlers=None, ignore_user_meta=False, metas=['./colcon.meta'], base_paths=['.'], packages_ignore=None, packages_ignore_regex=None, paths=None, packages_up_to=None, packages_up_to_regex=None, packages_above=None, packages_above_and_dependencies=None, packages_above_depth=None, packages_select_by_dep=None, packages_skip_by_dep=None, packages_skip_up_to=None, packages_select_build_failed=False, packages_skip_build_finished=False, packages_select_test_failures=False, packages_skip_test_passed=False, packages_select=None, packages_skip=None, packages_select_regex=None, packages_skip_regex=None, packages_start=None, packages_end=None, allow_overriding=[], cmake_args=None, cmake_target=None, cmake_target_skip_unavailable=False, cmake_clean_cache=False, cmake_clean_first=False, cmake_force_configure=False, ament_cmake_args=None, catkin_cmake_args=None, catkin_skip_building_tests=False, verb_parser=<colcon_defaults.argument_parser.defaults.DefaultArgumentsDecorator object at 0x7fc17d716350>, verb_extension=<colcon_core.verb.build.BuildVerb object at 0x7fc17d715f30>, main=<bound method BuildVerb.main of <colcon_core.verb.build.BuildVerb object at 0x7fc17d715f30>>)
[2.451s] Level 1:colcon.colcon_core.package_discovery:discover_packages(colcon_meta) check parameters
[2.451s] Level 1:colcon.colcon_core.package_discovery:discover_packages(recursive) check parameters
[2.451s] Level 1:colcon.colcon_core.package_discovery:discover_packages(ignore) check parameters
[2.452s] Level 1:colcon.colcon_core.package_discovery:discover_packages(path) check parameters
[2.452s] Level 1:colcon.colcon_core.package_discovery:discover_packages(colcon_meta) discover
[2.452s] Level 1:colcon.colcon_core.package_discovery:discover_packages(recursive) discover
[2.452s] INFO:colcon.colcon_core.package_discovery:Crawling recursively for packages in '/home/mc2148/AURO/GIT-SUBMISSION/AURO/Submission'
[2.452s] Level 1:colcon.colcon_core.package_identification:_identify(.) by extensions ['ignore', 'ignore_ament_install']
[2.452s] Level 1:colcon.colcon_core.package_identification:_identify(.) by extension 'ignore'
[2.452s] Level 1:colcon.colcon_core.package_identification:_identify(.) by extension 'ignore_ament_install'
[2.452s] Level 1:colcon.colcon_core.package_identification:_identify(.) by extensions ['colcon_pkg']
[2.452s] Level 1:colcon.colcon_core.package_identification:_identify(.) by extension 'colcon_pkg'
[2.453s] Level 1:colcon.colcon_core.package_identification:_identify(.) by extensions ['colcon_meta']
[2.453s] Level 1:colcon.colcon_core.package_identification:_identify(.) by extension 'colcon_meta'
[2.453s] Level 1:colcon.colcon_core.package_identification:_identify(.) by extensions ['ros']
[2.453s] Level 1:colcon.colcon_core.package_identification:_identify(.) by extension 'ros'
[2.475s] Level 1:colcon.colcon_core.package_identification:_identify(.) by extensions ['cmake', 'python']
[2.475s] Level 1:colcon.colcon_core.package_identification:_identify(.) by extension 'cmake'
[2.476s] Level 1:colcon.colcon_core.package_identification:_identify(.) by extension 'python'
[2.476s] Level 1:colcon.colcon_core.package_identification:_identify(.) by extensions ['python_setup_py']
[2.476s] Level 1:colcon.colcon_core.package_identification:_identify(.) by extension 'python_setup_py'
[2.476s] Level 1:colcon.colcon_core.package_identification:_identify(build) by extensions ['ignore', 'ignore_ament_install']
[2.476s] Level 1:colcon.colcon_core.package_identification:_identify(build) by extension 'ignore'
[2.476s] Level 1:colcon.colcon_core.package_identification:_identify(build) ignored
[2.477s] Level 1:colcon.colcon_core.package_identification:_identify(install) by extensions ['ignore', 'ignore_ament_install']
[2.477s] Level 1:colcon.colcon_core.package_identification:_identify(install) by extension 'ignore'
[2.477s] Level 1:colcon.colcon_core.package_identification:_identify(install) ignored
[2.477s] Level 1:colcon.colcon_core.package_identification:_identify(log) by extensions ['ignore', 'ignore_ament_install']
[2.477s] Level 1:colcon.colcon_core.package_identification:_identify(log) by extension 'ignore'
[2.477s] Level 1:colcon.colcon_core.package_identification:_identify(log) ignored
[2.478s] Level 1:colcon.colcon_core.package_identification:_identify(src) by extensions ['ignore', 'ignore_ament_install']
[2.478s] Level 1:colcon.colcon_core.package_identification:_identify(src) by extension 'ignore'
[2.478s] Level 1:colcon.colcon_core.package_identification:_identify(src) by extension 'ignore_ament_install'
[2.478s] Level 1:colcon.colcon_core.package_identification:_identify(src) by extensions ['colcon_pkg']
[2.478s] Level 1:colcon.colcon_core.package_identification:_identify(src) by extension 'colcon_pkg'
[2.478s] Level 1:colcon.colcon_core.package_identification:_identify(src) by extensions ['colcon_meta']
[2.478s] Level 1:colcon.colcon_core.package_identification:_identify(src) by extension 'colcon_meta'
[2.478s] Level 1:colcon.colcon_core.package_identification:_identify(src) by extensions ['ros']
[2.478s] Level 1:colcon.colcon_core.package_identification:_identify(src) by extension 'ros'
[2.479s] Level 1:colcon.colcon_core.package_identification:_identify(src) by extensions ['cmake', 'python']
[2.479s] Level 1:colcon.colcon_core.package_identification:_identify(src) by extension 'cmake'
[2.479s] Level 1:colcon.colcon_core.package_identification:_identify(src) by extension 'python'
[2.479s] Level 1:colcon.colcon_core.package_identification:_identify(src) by extensions ['python_setup_py']
[2.479s] Level 1:colcon.colcon_core.package_identification:_identify(src) by extension 'python_setup_py'
[2.479s] Level 1:colcon.colcon_core.package_identification:_identify(src/assessment) by extensions ['ignore', 'ignore_ament_install']
[2.479s] Level 1:colcon.colcon_core.package_identification:_identify(src/assessment) by extension 'ignore'
[2.479s] Level 1:colcon.colcon_core.package_identification:_identify(src/assessment) by extension 'ignore_ament_install'
[2.479s] Level 1:colcon.colcon_core.package_identification:_identify(src/assessment) by extensions ['colcon_pkg']
[2.480s] Level 1:colcon.colcon_core.package_identification:_identify(src/assessment) by extension 'colcon_pkg'
[2.480s] Level 1:colcon.colcon_core.package_identification:_identify(src/assessment) by extensions ['colcon_meta']
[2.480s] Level 1:colcon.colcon_core.package_identification:_identify(src/assessment) by extension 'colcon_meta'
[2.480s] Level 1:colcon.colcon_core.package_identification:_identify(src/assessment) by extensions ['ros']
[2.480s] Level 1:colcon.colcon_core.package_identification:_identify(src/assessment) by extension 'ros'
[2.484s] DEBUG:colcon.colcon_core.package_identification:Package 'src/assessment' with type 'ros.ament_python' and name 'assessment'
[2.485s] Level 1:colcon.colcon_core.package_identification:_identify(src/assessment_interfaces) by extensions ['ignore', 'ignore_ament_install']
[2.485s] Level 1:colcon.colcon_core.package_identification:_identify(src/assessment_interfaces) by extension 'ignore'
[2.485s] Level 1:colcon.colcon_core.package_identification:_identify(src/assessment_interfaces) by extension 'ignore_ament_install'
[2.485s] Level 1:colcon.colcon_core.package_identification:_identify(src/assessment_interfaces) by extensions ['colcon_pkg']
[2.485s] Level 1:colcon.colcon_core.package_identification:_identify(src/assessment_interfaces) by extension 'colcon_pkg'
[2.485s] Level 1:colcon.colcon_core.package_identification:_identify(src/assessment_interfaces) by extensions ['colcon_meta']
[2.485s] Level 1:colcon.colcon_core.package_identification:_identify(src/assessment_interfaces) by extension 'colcon_meta'
[2.485s] Level 1:colcon.colcon_core.package_identification:_identify(src/assessment_interfaces) by extensions ['ros']
[2.485s] Level 1:colcon.colcon_core.package_identification:_identify(src/assessment_interfaces) by extension 'ros'
[2.486s] DEBUG:colcon.colcon_core.package_identification:Package 'src/assessment_interfaces' with type 'ros.ament_cmake' and name 'assessment_interfaces'
[2.487s] Level 1:colcon.colcon_core.package_identification:_identify(src/solution) by extensions ['ignore', 'ignore_ament_install']
[2.487s] Level 1:colcon.colcon_core.package_identification:_identify(src/solution) by extension 'ignore'
[2.487s] Level 1:colcon.colcon_core.package_identification:_identify(src/solution) by extension 'ignore_ament_install'
[2.487s] Level 1:colcon.colcon_core.package_identification:_identify(src/solution) by extensions ['colcon_pkg']
[2.487s] Level 1:colcon.colcon_core.package_identification:_identify(src/solution) by extension 'colcon_pkg'
[2.487s] Level 1:colcon.colcon_core.package_identification:_identify(src/solution) by extensions ['colcon_meta']
[2.487s] Level 1:colcon.colcon_core.package_identification:_identify(src/solution) by extension 'colcon_meta'
[2.487s] Level 1:colcon.colcon_core.package_identification:_identify(src/solution) by extensions ['ros']
[2.487s] Level 1:colcon.colcon_core.package_identification:_identify(src/solution) by extension 'ros'
[2.488s] DEBUG:colcon.colcon_core.package_identification:Package 'src/solution' with type 'ros.ament_python' and name 'solution'
[2.488s] Level 1:colcon.colcon_core.package_identification:_identify(src/solution_interfaces) by extensions ['ignore', 'ignore_ament_install']
[2.489s] Level 1:colcon.colcon_core.package_identification:_identify(src/solution_interfaces) by extension 'ignore'
[2.489s] Level 1:colcon.colcon_core.package_identification:_identify(src/solution_interfaces) by extension 'ignore_ament_install'
[2.489s] Level 1:colcon.colcon_core.package_identification:_identify(src/solution_interfaces) by extensions ['colcon_pkg']
[2.489s] Level 1:colcon.colcon_core.package_identification:_identify(src/solution_interfaces) by extension 'colcon_pkg'
[2.489s] Level 1:colcon.colcon_core.package_identification:_identify(src/solution_interfaces) by extensions ['colcon_meta']
[2.489s] Level 1:colcon.colcon_core.package_identification:_identify(src/solution_interfaces) by extension 'colcon_meta'
[2.489s] Level 1:colcon.colcon_core.package_identification:_identify(src/solution_interfaces) by extensions ['ros']
[2.489s] Level 1:colcon.colcon_core.package_identification:_identify(src/solution_interfaces) by extension 'ros'
[2.490s] DEBUG:colcon.colcon_core.package_identification:Package 'src/solution_interfaces' with type 'ros.ament_cmake' and name 'solution_interfaces'
[2.491s] Level 1:colcon.colcon_core.package_identification:_identify(src/tf_relay) by extensions ['ignore', 'ignore_ament_install']
[2.491s] Level 1:colcon.colcon_core.package_identification:_identify(src/tf_relay) by extension 'ignore'
[2.491s] Level 1:colcon.colcon_core.package_identification:_identify(src/tf_relay) by extension 'ignore_ament_install'
[2.491s] Level 1:colcon.colcon_core.package_identification:_identify(src/tf_relay) by extensions ['colcon_pkg']
[2.491s] Level 1:colcon.colcon_core.package_identification:_identify(src/tf_relay) by extension 'colcon_pkg'
[2.491s] Level 1:colcon.colcon_core.package_identification:_identify(src/tf_relay) by extensions ['colcon_meta']
[2.491s] Level 1:colcon.colcon_core.package_identification:_identify(src/tf_relay) by extension 'colcon_meta'
[2.491s] Level 1:colcon.colcon_core.package_identification:_identify(src/tf_relay) by extensions ['ros']
[2.491s] Level 1:colcon.colcon_core.package_identification:_identify(src/tf_relay) by extension 'ros'
[2.492s] DEBUG:colcon.colcon_core.package_identification:Package 'src/tf_relay' with type 'ros.ament_python' and name 'tf_relay'
[2.492s] Level 1:colcon.colcon_core.package_discovery:discover_packages(recursive) using defaults
[2.492s] Level 1:colcon.colcon_core.package_discovery:discover_packages(ignore) discover
[2.492s] Level 1:colcon.colcon_core.package_discovery:discover_packages(ignore) using defaults
[2.493s] Level 1:colcon.colcon_core.package_discovery:discover_packages(path) discover
[2.493s] Level 1:colcon.colcon_core.package_discovery:discover_packages(path) using defaults
[2.701s] Level 1:colcon.colcon_core.package_discovery:discover_packages(prefix_path) check parameters
[2.701s] Level 1:colcon.colcon_core.package_discovery:discover_packages(prefix_path) discover
[2.772s] DEBUG:colcon.colcon_installed_package_information.package_discovery:Found 5 installed packages in /home/mc2148/AURO/GIT-SUBMISSION/AURO/Submission/install
[2.825s] DEBUG:colcon.colcon_installed_package_information.package_discovery:Found 15 installed packages in /home/mc2148/turtlebot3_ws/install
[2.862s] DEBUG:colcon.colcon_installed_package_information.package_discovery:Found 415 installed packages in /opt/ros/humble
[2.867s] Level 1:colcon.colcon_core.package_discovery:discover_packages(prefix_path) using defaults
[3.110s] Level 5:colcon.colcon_core.verb:set package 'assessment' build argument 'cmake_args' from command line to 'None'
[3.110s] Level 5:colcon.colcon_core.verb:set package 'assessment' build argument 'cmake_target' from command line to 'None'
[3.110s] Level 5:colcon.colcon_core.verb:set package 'assessment' build argument 'cmake_target_skip_unavailable' from command line to 'False'
[3.110s] Level 5:colcon.colcon_core.verb:set package 'assessment' build argument 'cmake_clean_cache' from command line to 'False'
[3.110s] Level 5:colcon.colcon_core.verb:set package 'assessment' build argument 'cmake_clean_first' from command line to 'False'
[3.110s] Level 5:colcon.colcon_core.verb:set package 'assessment' build argument 'cmake_force_configure' from command line to 'False'
[3.110s] Level 5:colcon.colcon_core.verb:set package 'assessment' build argument 'ament_cmake_args' from command line to 'None'
[3.110s] Level 5:colcon.colcon_core.verb:set package 'assessment' build argument 'catkin_cmake_args' from command line to 'None'
[3.110s] Level 5:colcon.colcon_core.verb:set package 'assessment' build argument 'catkin_skip_building_tests' from command line to 'False'
[3.110s] DEBUG:colcon.colcon_core.verb:Building package 'assessment' with the following arguments: {'ament_cmake_args': None, 'build_base': '/home/mc2148/AURO/GIT-SUBMISSION/AURO/Submission/build/assessment', 'catkin_cmake_args': None, 'catkin_skip_building_tests': False, 'cmake_args': None, 'cmake_clean_cache': False, 'cmake_clean_first': False, 'cmake_force_configure': False, 'cmake_target': None, 'cmake_target_skip_unavailable': False, 'install_base': '/home/mc2148/AURO/GIT-SUBMISSION/AURO/Submission/install/assessment', 'merge_install': False, 'path': '/home/mc2148/AURO/GIT-SUBMISSION/AURO/Submission/src/assessment', 'symlink_install': False, 'test_result_base': None}
[3.144s] Level 5:colcon.colcon_core.verb:set package 'assessment_interfaces' build argument 'cmake_args' from command line to 'None'
[3.145s] Level 5:colcon.colcon_core.verb:set package 'assessment_interfaces' build argument 'cmake_target' from command line to 'None'
[3.145s] Level 5:colcon.colcon_core.verb:set package 'assessment_interfaces' build argument 'cmake_target_skip_unavailable' from command line to 'False'
[3.145s] Level 5:colcon.colcon_core.verb:set package 'assessment_interfaces' build argument 'cmake_clean_cache' from command line to 'False'
[3.145s] Level 5:colcon.colcon_core.verb:set package 'assessment_interfaces' build argument 'cmake_clean_first' from command line to 'False'
[3.145s] Level 5:colcon.colcon_core.verb:set package 'assessment_interfaces' build argument 'cmake_force_configure' from command line to 'False'
[3.145s] Level 5:colcon.colcon_core.verb:set package 'assessment_interfaces' build argument 'ament_cmake_args' from command line to 'None'
[3.145s] Level 5:colcon.colcon_core.verb:set package 'assessment_interfaces' build argument 'catkin_cmake_args' from command line to 'None'
[3.145s] Level 5:colcon.colcon_core.verb:set package 'assessment_interfaces' build argument 'catkin_skip_building_tests' from command line to 'False'
[3.145s] DEBUG:colcon.colcon_core.verb:Building package 'assessment_interfaces' with the following arguments: {'ament_cmake_args': None, 'build_base': '/home/mc2148/AURO/GIT-SUBMISSION/AURO/Submission/build/assessment_interfaces', 'catkin_cmake_args': None, 'catkin_skip_building_tests': False, 'cmake_args': None, 'cmake_clean_cache': False, 'cmake_clean_first': False, 'cmake_force_configure': False, 'cmake_target': None, 'cmake_target_skip_unavailable': False, 'install_base': '/home/mc2148/AURO/GIT-SUBMISSION/AURO/Submission/install/assessment_interfaces', 'merge_install': False, 'path': '/home/mc2148/AURO/GIT-SUBMISSION/AURO/Submission/src/assessment_interfaces', 'symlink_install': False, 'test_result_base': None}
[3.179s] Level 5:colcon.colcon_core.verb:set package 'solution' build argument 'cmake_args' from command line to 'None'
[3.179s] Level 5:colcon.colcon_core.verb:set package 'solution' build argument 'cmake_target' from command line to 'None'
[3.180s] Level 5:colcon.colcon_core.verb:set package 'solution' build argument 'cmake_target_skip_unavailable' from command line to 'False'
[3.180s] Level 5:colcon.colcon_core.verb:set package 'solution' build argument 'cmake_clean_cache' from command line to 'False'
[3.180s] Level 5:colcon.colcon_core.verb:set package 'solution' build argument 'cmake_clean_first' from command line to 'False'
[3.180s] Level 5:colcon.colcon_core.verb:set package 'solution' build argument 'cmake_force_configure' from command line to 'False'
[3.180s] Level 5:colcon.colcon_core.verb:set package 'solution' build argument 'ament_cmake_args' from command line to 'None'
[3.180s] Level 5:colcon.colcon_core.verb:set package 'solution' build argument 'catkin_cmake_args' from command line to 'None'
[3.180s] Level 5:colcon.colcon_core.verb:set package 'solution' build argument 'catkin_skip_building_tests' from command line to 'False'
[3.180s] DEBUG:colcon.colcon_core.verb:Building package 'solution' with the following arguments: {'ament_cmake_args': None, 'build_base': '/home/mc2148/AURO/GIT-SUBMISSION/AURO/Submission/build/solution', 'catkin_cmake_args': None, 'catkin_skip_building_tests': False, 'cmake_args': None, 'cmake_clean_cache': False, 'cmake_clean_first': False, 'cmake_force_configure': False, 'cmake_target': None, 'cmake_target_skip_unavailable': False, 'install_base': '/home/mc2148/AURO/GIT-SUBMISSION/AURO/Submission/install/solution', 'merge_install': False, 'path': '/home/mc2148/AURO/GIT-SUBMISSION/AURO/Submission/src/solution', 'symlink_install': False, 'test_result_base': None}
[3.215s] Level 5:colcon.colcon_core.verb:set package 'solution_interfaces' build argument 'cmake_args' from command line to 'None'
[3.215s] Level 5:colcon.colcon_core.verb:set package 'solution_interfaces' build argument 'cmake_target' from command line to 'None'
[3.215s] Level 5:colcon.colcon_core.verb:set package 'solution_interfaces' build argument 'cmake_target_skip_unavailable' from command line to 'False'
[3.215s] Level 5:colcon.colcon_core.verb:set package 'solution_interfaces' build argument 'cmake_clean_cache' from command line to 'False'
[3.215s] Level 5:colcon.colcon_core.verb:set package 'solution_interfaces' build argument 'cmake_clean_first' from command line to 'False'
[3.215s] Level 5:colcon.colcon_core.verb:set package 'solution_interfaces' build argument 'cmake_force_configure' from command line to 'False'
[3.215s] Level 5:colcon.colcon_core.verb:set package 'solution_interfaces' build argument 'ament_cmake_args' from command line to 'None'
[3.215s] Level 5:colcon.colcon_core.verb:set package 'solution_interfaces' build argument 'catkin_cmake_args' from command line to 'None'
[3.215s] Level 5:colcon.colcon_core.verb:set package 'solution_interfaces' build argument 'catkin_skip_building_tests' from command line to 'False'
[3.215s] DEBUG:colcon.colcon_core.verb:Building package 'solution_interfaces' with the following arguments: {'ament_cmake_args': None, 'build_base': '/home/mc2148/AURO/GIT-SUBMISSION/AURO/Submission/build/solution_interfaces', 'catkin_cmake_args': None, 'catkin_skip_building_tests': False, 'cmake_args': None, 'cmake_clean_cache': False, 'cmake_clean_first': False, 'cmake_force_configure': False, 'cmake_target': None, 'cmake_target_skip_unavailable': False, 'install_base': '/home/mc2148/AURO/GIT-SUBMISSION/AURO/Submission/install/solution_interfaces', 'merge_install': False, 'path': '/home/mc2148/AURO/GIT-SUBMISSION/AURO/Submission/src/solution_interfaces', 'symlink_install': False, 'test_result_base': None}
[3.250s] Level 5:colcon.colcon_core.verb:set package 'tf_relay' build argument 'cmake_args' from command line to 'None'
[3.250s] Level 5:colcon.colcon_core.verb:set package 'tf_relay' build argument 'cmake_target' from command line to 'None'
[3.250s] Level 5:colcon.colcon_core.verb:set package 'tf_relay' build argument 'cmake_target_skip_unavailable' from command line to 'False'
[3.250s] Level 5:colcon.colcon_core.verb:set package 'tf_relay' build argument 'cmake_clean_cache' from command line to 'False'
[3.250s] Level 5:colcon.colcon_core.verb:set package 'tf_relay' build argument 'cmake_clean_first' from command line to 'False'
[3.250s] Level 5:colcon.colcon_core.verb:set package 'tf_relay' build argument 'cmake_force_configure' from command line to 'False'
[3.250s] Level 5:colcon.colcon_core.verb:set package 'tf_relay' build argument 'ament_cmake_args' from command line to 'None'
[3.250s] Level 5:colcon.colcon_core.verb:set package 'tf_relay' build argument 'catkin_cmake_args' from command line to 'None'
[3.251s] Level 5:colcon.colcon_core.verb:set package 'tf_relay' build argument 'catkin_skip_building_tests' from command line to 'False'
[3.251s] DEBUG:colcon.colcon_core.verb:Building package 'tf_relay' with the following arguments: {'ament_cmake_args': None, 'build_base': '/home/mc2148/AURO/GIT-SUBMISSION/AURO/Submission/build/tf_relay', 'catkin_cmake_args': None, 'catkin_skip_building_tests': False, 'cmake_args': None, 'cmake_clean_cache': False, 'cmake_clean_first': False, 'cmake_force_configure': False, 'cmake_target': None, 'cmake_target_skip_unavailable': False, 'install_base': '/home/mc2148/AURO/GIT-SUBMISSION/AURO/Submission/install/tf_relay', 'merge_install': False, 'path': '/home/mc2148/AURO/GIT-SUBMISSION/AURO/Submission/src/tf_relay', 'symlink_install': False, 'test_result_base': None}
[3.284s] INFO:colcon.colcon_core.executor:Executing jobs using 'parallel' executor
[3.319s] DEBUG:colcon.colcon_parallel_executor.executor.parallel:run_until_complete
[3.320s] INFO:colcon.colcon_ros.task.ament_python.build:Building ROS package in '/home/mc2148/AURO/GIT-SUBMISSION/AURO/Submission/src/assessment' with build type 'ament_python'
[3.320s] Level 1:colcon.colcon_core.shell:create_environment_hook('assessment', 'ament_prefix_path')
[3.360s] INFO:colcon.colcon_core.plugin_system:Skipping extension 'colcon_core.shell.bat': Not used on non-Windows systems
[3.360s] INFO:colcon.colcon_core.shell:Creating environment hook '/home/mc2148/AURO/GIT-SUBMISSION/AURO/Submission/install/assessment/share/assessment/hook/ament_prefix_path.ps1'
[3.362s] INFO:colcon.colcon_core.shell:Creating environment descriptor '/home/mc2148/AURO/GIT-SUBMISSION/AURO/Submission/install/assessment/share/assessment/hook/ament_prefix_path.dsv'
[3.362s] INFO:colcon.colcon_core.shell:Creating environment hook '/home/mc2148/AURO/GIT-SUBMISSION/AURO/Submission/install/assessment/share/assessment/hook/ament_prefix_path.sh'
[3.398s] INFO:colcon.colcon_core.shell:Skip shell extension 'powershell' for command environment: Not usable outside of PowerShell
[3.398s] DEBUG:colcon.colcon_core.shell:Skip shell extension 'dsv' for command environment
[3.545s] INFO:colcon.colcon_ros.task.ament_cmake.build:Building ROS package in '/home/mc2148/AURO/GIT-SUBMISSION/AURO/Submission/src/assessment_interfaces' with build type 'ament_cmake'
[3.546s] INFO:colcon.colcon_cmake.task.cmake.build:Building CMake package in '/home/mc2148/AURO/GIT-SUBMISSION/AURO/Submission/src/assessment_interfaces'
[3.588s] INFO:colcon.colcon_core.shell:Skip shell extension 'powershell' for command environment: Not usable outside of PowerShell
[3.588s] DEBUG:colcon.colcon_core.shell:Skip shell extension 'dsv' for command environment
[3.738s] INFO:colcon.colcon_ros.task.ament_python.build:Building ROS package in '/home/mc2148/AURO/GIT-SUBMISSION/AURO/Submission/src/solution' with build type 'ament_python'
[3.738s] Level 1:colcon.colcon_core.shell:create_environment_hook('solution', 'ament_prefix_path')
[3.775s] INFO:colcon.colcon_core.shell:Creating environment hook '/home/mc2148/AURO/GIT-SUBMISSION/AURO/Submission/install/solution/share/solution/hook/ament_prefix_path.ps1'
[3.776s] INFO:colcon.colcon_core.shell:Creating environment descriptor '/home/mc2148/AURO/GIT-SUBMISSION/AURO/Submission/install/solution/share/solution/hook/ament_prefix_path.dsv'
[3.777s] INFO:colcon.colcon_core.shell:Creating environment hook '/home/mc2148/AURO/GIT-SUBMISSION/AURO/Submission/install/solution/share/solution/hook/ament_prefix_path.sh'
[3.811s] INFO:colcon.colcon_core.shell:Skip shell extension 'powershell' for command environment: Not usable outside of PowerShell
[3.811s] DEBUG:colcon.colcon_core.shell:Skip shell extension 'dsv' for command environment
[3.960s] INFO:colcon.colcon_ros.task.ament_cmake.build:Building ROS package in '/home/mc2148/AURO/GIT-SUBMISSION/AURO/Submission/src/solution_interfaces' with build type 'ament_cmake'
[3.960s] INFO:colcon.colcon_cmake.task.cmake.build:Building CMake package in '/home/mc2148/AURO/GIT-SUBMISSION/AURO/Submission/src/solution_interfaces'
[3.998s] INFO:colcon.colcon_core.shell:Skip shell extension 'powershell' for command environment: Not usable outside of PowerShell
[3.999s] DEBUG:colcon.colcon_core.shell:Skip shell extension 'dsv' for command environment
[4.771s] INFO:colcon.colcon_core.task.python.build:Building Python package in '/home/mc2148/AURO/GIT-SUBMISSION/AURO/Submission/src/assessment'
[4.805s] INFO:colcon.colcon_core.shell:Skip shell extension 'powershell' for command environment: Not usable outside of PowerShell
[4.805s] DEBUG:colcon.colcon_core.shell:Skip shell extension 'dsv' for command environment
[4.959s] DEBUG:colcon.colcon_core.event_handler.log_command:Invoking command in '/home/mc2148/AURO/GIT-SUBMISSION/AURO/Submission/build/assessment_interfaces': CMAKE_PREFIX_PATH=${CMAKE_PREFIX_PATH}:/home/mc2148/turtlebot3_ws/install/turtlebot3_teleop:/home/mc2148/turtlebot3_ws/install/turtlebot3_example:/home/mc2148/AURO/GIT-SUBMISSION/AURO/Submission/install/tf_relay:/home/mc2148/AURO/GIT-SUBMISSION/AURO/Submission/install/solution:/home/mc2148/AURO/GIT-SUBMISSION/AURO/Submission/install/assessment:/opt/ros/humble /usr/bin/cmake --build /home/mc2148/AURO/GIT-SUBMISSION/AURO/Submission/build/assessment_interfaces -- -j4 -l4
[6.032s] INFO:colcon.colcon_core.task.python.build:Building Python package in '/home/mc2148/AURO/GIT-SUBMISSION/AURO/Submission/src/solution'
[6.099s] INFO:colcon.colcon_core.shell:Skip shell extension 'powershell' for command environment: Not usable outside of PowerShell
[6.099s] DEBUG:colcon.colcon_core.shell:Skip shell extension 'dsv' for command environment
[6.372s] DEBUG:colcon.colcon_core.event_handler.log_command:Invoking command in '/home/mc2148/AURO/GIT-SUBMISSION/AURO/Submission/build/solution_interfaces': CMAKE_PREFIX_PATH=${CMAKE_PREFIX_PATH}:/home/mc2148/turtlebot3_ws/install/turtlebot3_teleop:/home/mc2148/turtlebot3_ws/install/turtlebot3_example:/home/mc2148/AURO/GIT-SUBMISSION/AURO/Submission/install/tf_relay:/home/mc2148/AURO/GIT-SUBMISSION/AURO/Submission/install/solution:/home/mc2148/AURO/GIT-SUBMISSION/AURO/Submission/install/assessment:/opt/ros/humble /usr/bin/cmake --build /home/mc2148/AURO/GIT-SUBMISSION/AURO/Submission/build/solution_interfaces -- -j4 -l4
[6.419s] DEBUG:colcon.colcon_core.event_handler.log_command:Invoked command in '/home/mc2148/AURO/GIT-SUBMISSION/AURO/Submission/build/assessment_interfaces' returned '0': CMAKE_PREFIX_PATH=${CMAKE_PREFIX_PATH}:/home/mc2148/turtlebot3_ws/install/turtlebot3_teleop:/home/mc2148/turtlebot3_ws/install/turtlebot3_example:/home/mc2148/AURO/GIT-SUBMISSION/AURO/Submission/install/tf_relay:/home/mc2148/AURO/GIT-SUBMISSION/AURO/Submission/install/solution:/home/mc2148/AURO/GIT-SUBMISSION/AURO/Submission/install/assessment:/opt/ros/humble /usr/bin/cmake --build /home/mc2148/AURO/GIT-SUBMISSION/AURO/Submission/build/assessment_interfaces -- -j4 -l4
[7.703s] DEBUG:colcon.colcon_core.event_handler.log_command:Invoking command in '/home/mc2148/AURO/GIT-SUBMISSION/AURO/Submission/build/assessment_interfaces': CMAKE_PREFIX_PATH=${CMAKE_PREFIX_PATH}:/home/mc2148/turtlebot3_ws/install/turtlebot3_teleop:/home/mc2148/turtlebot3_ws/install/turtlebot3_example:/home/mc2148/AURO/GIT-SUBMISSION/AURO/Submission/install/tf_relay:/home/mc2148/AURO/GIT-SUBMISSION/AURO/Submission/install/solution:/home/mc2148/AURO/GIT-SUBMISSION/AURO/Submission/install/assessment:/opt/ros/humble /usr/bin/cmake --install /home/mc2148/AURO/GIT-SUBMISSION/AURO/Submission/build/assessment_interfaces
[7.978s] DEBUG:colcon.colcon_core.event_handler.log_command:Invoking command in '/home/mc2148/AURO/GIT-SUBMISSION/AURO/Submission/src/solution': PYTHONPATH=/home/mc2148/AURO/GIT-SUBMISSION/AURO/Submission/build/solution/prefix_override:/home/mc2148/AURO/GIT-SUBMISSION/AURO/Submission/install/solution/lib/python3.10/site-packages:${PYTHONPATH} /usr/bin/python3 setup.py egg_info --egg-base ../../build/solution build --build-base /home/mc2148/AURO/GIT-SUBMISSION/AURO/Submission/build/solution/build install --record /home/mc2148/AURO/GIT-SUBMISSION/AURO/Submission/build/solution/install.log --single-version-externally-managed
[8.061s] Level 1:colcon.colcon_core.environment:create_environment_scripts_only(assessment_interfaces)
[8.072s] DEBUG:colcon.colcon_core.event_handler.log_command:Invoked command in '/home/mc2148/AURO/GIT-SUBMISSION/AURO/Submission/build/assessment_interfaces' returned '0': CMAKE_PREFIX_PATH=${CMAKE_PREFIX_PATH}:/home/mc2148/turtlebot3_ws/install/turtlebot3_teleop:/home/mc2148/turtlebot3_ws/install/turtlebot3_example:/home/mc2148/AURO/GIT-SUBMISSION/AURO/Submission/install/tf_relay:/home/mc2148/AURO/GIT-SUBMISSION/AURO/Submission/install/solution:/home/mc2148/AURO/GIT-SUBMISSION/AURO/Submission/install/assessment:/opt/ros/humble /usr/bin/cmake --install /home/mc2148/AURO/GIT-SUBMISSION/AURO/Submission/build/assessment_interfaces
[8.139s] Level 1:colcon.colcon_core.environment:checking '/home/mc2148/AURO/GIT-SUBMISSION/AURO/Submission/install/assessment_interfaces' for CMake module files
[8.141s] Level 1:colcon.colcon_core.environment:checking '/home/mc2148/AURO/GIT-SUBMISSION/AURO/Submission/install/assessment_interfaces' for CMake config files
[8.142s] Level 1:colcon.colcon_core.shell:create_environment_hook('assessment_interfaces', 'cmake_prefix_path')
[8.223s] INFO:colcon.colcon_core.shell:Creating environment hook '/home/mc2148/AURO/GIT-SUBMISSION/AURO/Submission/install/assessment_interfaces/share/assessment_interfaces/hook/cmake_prefix_path.ps1'
[8.224s] INFO:colcon.colcon_core.shell:Creating environment descriptor '/home/mc2148/AURO/GIT-SUBMISSION/AURO/Submission/install/assessment_interfaces/share/assessment_interfaces/hook/cmake_prefix_path.dsv'
[8.225s] INFO:colcon.colcon_core.shell:Creating environment hook '/home/mc2148/AURO/GIT-SUBMISSION/AURO/Submission/install/assessment_interfaces/share/assessment_interfaces/hook/cmake_prefix_path.sh'
[8.227s] Level 1:colcon.colcon_core.environment:checking '/home/mc2148/AURO/GIT-SUBMISSION/AURO/Submission/install/assessment_interfaces/lib'
[8.228s] Level 1:colcon.colcon_core.shell:create_environment_hook('assessment_interfaces', 'ld_library_path_lib')
[8.265s] INFO:colcon.colcon_core.shell:Creating environment hook '/home/mc2148/AURO/GIT-SUBMISSION/AURO/Submission/install/assessment_interfaces/share/assessment_interfaces/hook/ld_library_path_lib.ps1'
[8.266s] INFO:colcon.colcon_core.shell:Creating environment descriptor '/home/mc2148/AURO/GIT-SUBMISSION/AURO/Submission/install/assessment_interfaces/share/assessment_interfaces/hook/ld_library_path_lib.dsv'
[8.267s] INFO:colcon.colcon_core.shell:Creating environment hook '/home/mc2148/AURO/GIT-SUBMISSION/AURO/Submission/install/assessment_interfaces/share/assessment_interfaces/hook/ld_library_path_lib.sh'
[8.268s] Level 1:colcon.colcon_core.environment:checking '/home/mc2148/AURO/GIT-SUBMISSION/AURO/Submission/install/assessment_interfaces/bin'
[8.268s] Level 1:colcon.colcon_core.environment:checking '/home/mc2148/AURO/GIT-SUBMISSION/AURO/Submission/install/assessment_interfaces/lib/pkgconfig/assessment_interfaces.pc'
[8.268s] Level 1:colcon.colcon_core.environment:checking '/home/mc2148/AURO/GIT-SUBMISSION/AURO/Submission/install/assessment_interfaces/lib/python3.10/site-packages'
[8.269s] Level 1:colcon.colcon_core.environment:checking '/home/mc2148/AURO/GIT-SUBMISSION/AURO/Submission/install/assessment_interfaces/bin'
[8.308s] INFO:colcon.colcon_core.shell:Creating package script '/home/mc2148/AURO/GIT-SUBMISSION/AURO/Submission/install/assessment_interfaces/share/assessment_interfaces/package.ps1'
[8.310s] INFO:colcon.colcon_core.shell:Creating package descriptor '/home/mc2148/AURO/GIT-SUBMISSION/AURO/Submission/install/assessment_interfaces/share/assessment_interfaces/package.dsv'
[8.311s] INFO:colcon.colcon_core.shell:Creating package script '/home/mc2148/AURO/GIT-SUBMISSION/AURO/Submission/install/assessment_interfaces/share/assessment_interfaces/package.sh'
[8.313s] INFO:colcon.colcon_core.shell:Creating package script '/home/mc2148/AURO/GIT-SUBMISSION/AURO/Submission/install/assessment_interfaces/share/assessment_interfaces/package.bash'
[8.314s] INFO:colcon.colcon_core.shell:Creating package script '/home/mc2148/AURO/GIT-SUBMISSION/AURO/Submission/install/assessment_interfaces/share/assessment_interfaces/package.zsh'
[8.315s] Level 1:colcon.colcon_core.environment:create_file_with_runtime_dependencies(/home/mc2148/AURO/GIT-SUBMISSION/AURO/Submission/install/assessment_interfaces/share/colcon-core/packages/assessment_interfaces)
[8.324s] DEBUG:colcon.colcon_core.event_handler.log_command:Invoking command in '/home/mc2148/AURO/GIT-SUBMISSION/AURO/Submission/src/assessment': PYTHONPATH=/home/mc2148/AURO/GIT-SUBMISSION/AURO/Submission/build/assessment/prefix_override:/home/mc2148/AURO/GIT-SUBMISSION/AURO/Submission/install/assessment/lib/python3.10/site-packages:${PYTHONPATH} /usr/bin/python3 setup.py egg_info --egg-base ../../build/assessment build --build-base /home/mc2148/AURO/GIT-SUBMISSION/AURO/Submission/build/assessment/build install --record /home/mc2148/AURO/GIT-SUBMISSION/AURO/Submission/build/assessment/install.log --single-version-externally-managed
[8.326s] DEBUG:colcon.colcon_core.event_handler.log_command:Invoked command in '/home/mc2148/AURO/GIT-SUBMISSION/AURO/Submission/build/solution_interfaces' returned '0': CMAKE_PREFIX_PATH=${CMAKE_PREFIX_PATH}:/home/mc2148/turtlebot3_ws/install/turtlebot3_teleop:/home/mc2148/turtlebot3_ws/install/turtlebot3_example:/home/mc2148/AURO/GIT-SUBMISSION/AURO/Submission/install/tf_relay:/home/mc2148/AURO/GIT-SUBMISSION/AURO/Submission/install/solution:/home/mc2148/AURO/GIT-SUBMISSION/AURO/Submission/install/assessment:/opt/ros/humble /usr/bin/cmake --build /home/mc2148/AURO/GIT-SUBMISSION/AURO/Submission/build/solution_interfaces -- -j4 -l4
[9.084s] Level 1:colcon.colcon_core.environment:create_environment_scripts_only(assessment_interfaces)
[9.136s] Level 1:colcon.colcon_core.environment:checking '/home/mc2148/AURO/GIT-SUBMISSION/AURO/Submission/install/assessment_interfaces' for CMake module files
[9.138s] Level 1:colcon.colcon_core.environment:checking '/home/mc2148/AURO/GIT-SUBMISSION/AURO/Submission/install/assessment_interfaces' for CMake config files
[9.138s] Level 1:colcon.colcon_core.shell:create_environment_hook('assessment_interfaces', 'cmake_prefix_path')
[9.230s] INFO:colcon.colcon_core.shell:Creating environment hook '/home/mc2148/AURO/GIT-SUBMISSION/AURO/Submission/install/assessment_interfaces/share/assessment_interfaces/hook/cmake_prefix_path.ps1'
[9.231s] INFO:colcon.colcon_core.shell:Creating environment descriptor '/home/mc2148/AURO/GIT-SUBMISSION/AURO/Submission/install/assessment_interfaces/share/assessment_interfaces/hook/cmake_prefix_path.dsv'
[9.233s] INFO:colcon.colcon_core.shell:Creating environment hook '/home/mc2148/AURO/GIT-SUBMISSION/AURO/Submission/install/assessment_interfaces/share/assessment_interfaces/hook/cmake_prefix_path.sh'
[9.235s] Level 1:colcon.colcon_core.environment:checking '/home/mc2148/AURO/GIT-SUBMISSION/AURO/Submission/install/assessment_interfaces/lib'
[9.235s] Level 1:colcon.colcon_core.shell:create_environment_hook('assessment_interfaces', 'ld_library_path_lib')
[9.277s] INFO:colcon.colcon_core.shell:Creating environment hook '/home/mc2148/AURO/GIT-SUBMISSION/AURO/Submission/install/assessment_interfaces/share/assessment_interfaces/hook/ld_library_path_lib.ps1'
[9.278s] INFO:colcon.colcon_core.shell:Creating environment descriptor '/home/mc2148/AURO/GIT-SUBMISSION/AURO/Submission/install/assessment_interfaces/share/assessment_interfaces/hook/ld_library_path_lib.dsv'
[9.278s] INFO:colcon.colcon_core.shell:Creating environment hook '/home/mc2148/AURO/GIT-SUBMISSION/AURO/Submission/install/assessment_interfaces/share/assessment_interfaces/hook/ld_library_path_lib.sh'
[9.279s] Level 1:colcon.colcon_core.environment:checking '/home/mc2148/AURO/GIT-SUBMISSION/AURO/Submission/install/assessment_interfaces/bin'
[9.279s] Level 1:colcon.colcon_core.environment:checking '/home/mc2148/AURO/GIT-SUBMISSION/AURO/Submission/install/assessment_interfaces/lib/pkgconfig/assessment_interfaces.pc'
[9.280s] Level 1:colcon.colcon_core.environment:checking '/home/mc2148/AURO/GIT-SUBMISSION/AURO/Submission/install/assessment_interfaces/lib/python3.10/site-packages'
[9.280s] Level 1:colcon.colcon_core.environment:checking '/home/mc2148/AURO/GIT-SUBMISSION/AURO/Submission/install/assessment_interfaces/bin'
[9.323s] INFO:colcon.colcon_core.shell:Creating package script '/home/mc2148/AURO/GIT-SUBMISSION/AURO/Submission/install/assessment_interfaces/share/assessment_interfaces/package.ps1'
[9.324s] INFO:colcon.colcon_core.shell:Creating package descriptor '/home/mc2148/AURO/GIT-SUBMISSION/AURO/Submission/install/assessment_interfaces/share/assessment_interfaces/package.dsv'
[9.325s] INFO:colcon.colcon_core.shell:Creating package script '/home/mc2148/AURO/GIT-SUBMISSION/AURO/Submission/install/assessment_interfaces/share/assessment_interfaces/package.sh'
[9.326s] INFO:colcon.colcon_core.shell:Creating package script '/home/mc2148/AURO/GIT-SUBMISSION/AURO/Submission/install/assessment_interfaces/share/assessment_interfaces/package.bash'
[9.327s] INFO:colcon.colcon_core.shell:Creating package script '/home/mc2148/AURO/GIT-SUBMISSION/AURO/Submission/install/assessment_interfaces/share/assessment_interfaces/package.zsh'
[9.328s] Level 1:colcon.colcon_core.environment:create_file_with_runtime_dependencies(/home/mc2148/AURO/GIT-SUBMISSION/AURO/Submission/install/assessment_interfaces/share/colcon-core/packages/assessment_interfaces)
[9.329s] INFO:colcon.colcon_ros.task.ament_python.build:Building ROS package in '/home/mc2148/AURO/GIT-SUBMISSION/AURO/Submission/src/tf_relay' with build type 'ament_python'
[9.329s] Level 1:colcon.colcon_core.shell:create_environment_hook('tf_relay', 'ament_prefix_path')
[9.384s] INFO:colcon.colcon_core.shell:Creating environment hook '/home/mc2148/AURO/GIT-SUBMISSION/AURO/Submission/install/tf_relay/share/tf_relay/hook/ament_prefix_path.ps1'
[9.385s] INFO:colcon.colcon_core.shell:Creating environment descriptor '/home/mc2148/AURO/GIT-SUBMISSION/AURO/Submission/install/tf_relay/share/tf_relay/hook/ament_prefix_path.dsv'
[9.385s] INFO:colcon.colcon_core.shell:Creating environment hook '/home/mc2148/AURO/GIT-SUBMISSION/AURO/Submission/install/tf_relay/share/tf_relay/hook/ament_prefix_path.sh'
[9.444s] INFO:colcon.colcon_core.shell:Skip shell extension 'powershell' for command environment: Not usable outside of PowerShell
[9.444s] DEBUG:colcon.colcon_core.shell:Skip shell extension 'dsv' for command environment
[9.607s] DEBUG:colcon.colcon_core.event_handler.log_command:Invoking command in '/home/mc2148/AURO/GIT-SUBMISSION/AURO/Submission/build/solution_interfaces': CMAKE_PREFIX_PATH=${CMAKE_PREFIX_PATH}:/home/mc2148/turtlebot3_ws/install/turtlebot3_teleop:/home/mc2148/turtlebot3_ws/install/turtlebot3_example:/home/mc2148/AURO/GIT-SUBMISSION/AURO/Submission/install/tf_relay:/home/mc2148/AURO/GIT-SUBMISSION/AURO/Submission/install/solution:/home/mc2148/AURO/GIT-SUBMISSION/AURO/Submission/install/assessment:/opt/ros/humble /usr/bin/cmake --install /home/mc2148/AURO/GIT-SUBMISSION/AURO/Submission/build/solution_interfaces
[9.610s] DEBUG:colcon.colcon_core.event_handler.log_command:Invoked command in '/home/mc2148/AURO/GIT-SUBMISSION/AURO/Submission/src/solution' returned '0': PYTHONPATH=/home/mc2148/AURO/GIT-SUBMISSION/AURO/Submission/build/solution/prefix_override:/home/mc2148/AURO/GIT-SUBMISSION/AURO/Submission/install/solution/lib/python3.10/site-packages:${PYTHONPATH} /usr/bin/python3 setup.py egg_info --egg-base ../../build/solution build --build-base /home/mc2148/AURO/GIT-SUBMISSION/AURO/Submission/build/solution/build install --record /home/mc2148/AURO/GIT-SUBMISSION/AURO/Submission/build/solution/install.log --single-version-externally-managed
[9.701s] Level 1:colcon.colcon_core.environment:checking '/home/mc2148/AURO/GIT-SUBMISSION/AURO/Submission/install/solution' for CMake module files
[9.703s] Level 1:colcon.colcon_core.environment:checking '/home/mc2148/AURO/GIT-SUBMISSION/AURO/Submission/install/solution' for CMake config files
[9.709s] Level 1:colcon.colcon_core.environment:checking '/home/mc2148/AURO/GIT-SUBMISSION/AURO/Submission/install/solution/lib'
[9.709s] Level 1:colcon.colcon_core.environment:checking '/home/mc2148/AURO/GIT-SUBMISSION/AURO/Submission/install/solution/bin'
[9.710s] Level 1:colcon.colcon_core.environment:checking '/home/mc2148/AURO/GIT-SUBMISSION/AURO/Submission/install/solution/lib/pkgconfig/solution.pc'
[9.710s] Level 1:colcon.colcon_core.environment:checking '/home/mc2148/AURO/GIT-SUBMISSION/AURO/Submission/install/solution/lib/python3.10/site-packages'
[9.710s] Level 1:colcon.colcon_core.shell:create_environment_hook('solution', 'pythonpath')
[9.811s] INFO:colcon.colcon_core.shell:Creating environment hook '/home/mc2148/AURO/GIT-SUBMISSION/AURO/Submission/install/solution/share/solution/hook/pythonpath.ps1'
[9.812s] INFO:colcon.colcon_core.shell:Creating environment descriptor '/home/mc2148/AURO/GIT-SUBMISSION/AURO/Submission/install/solution/share/solution/hook/pythonpath.dsv'
[9.813s] INFO:colcon.colcon_core.shell:Creating environment hook '/home/mc2148/AURO/GIT-SUBMISSION/AURO/Submission/install/solution/share/solution/hook/pythonpath.sh'
[9.815s] Level 1:colcon.colcon_core.environment:checking '/home/mc2148/AURO/GIT-SUBMISSION/AURO/Submission/install/solution/bin'
[9.815s] Level 1:colcon.colcon_core.environment:create_environment_scripts_only(solution)
[9.853s] INFO:colcon.colcon_core.shell:Creating package script '/home/mc2148/AURO/GIT-SUBMISSION/AURO/Submission/install/solution/share/solution/package.ps1'
[9.854s] INFO:colcon.colcon_core.shell:Creating package descriptor '/home/mc2148/AURO/GIT-SUBMISSION/AURO/Submission/install/solution/share/solution/package.dsv'
[9.855s] INFO:colcon.colcon_core.shell:Creating package script '/home/mc2148/AURO/GIT-SUBMISSION/AURO/Submission/install/solution/share/solution/package.sh'
[9.856s] INFO:colcon.colcon_core.shell:Creating package script '/home/mc2148/AURO/GIT-SUBMISSION/AURO/Submission/install/solution/share/solution/package.bash'
[9.857s] INFO:colcon.colcon_core.shell:Creating package script '/home/mc2148/AURO/GIT-SUBMISSION/AURO/Submission/install/solution/share/solution/package.zsh'
[9.857s] Level 1:colcon.colcon_core.environment:create_file_with_runtime_dependencies(/home/mc2148/AURO/GIT-SUBMISSION/AURO/Submission/install/solution/share/colcon-core/packages/solution)
[9.860s] DEBUG:colcon.colcon_core.event_handler.log_command:Invoked command in '/home/mc2148/AURO/GIT-SUBMISSION/AURO/Submission/src/assessment' returned '0': PYTHONPATH=/home/mc2148/AURO/GIT-SUBMISSION/AURO/Submission/build/assessment/prefix_override:/home/mc2148/AURO/GIT-SUBMISSION/AURO/Submission/install/assessment/lib/python3.10/site-packages:${PYTHONPATH} /usr/bin/python3 setup.py egg_info --egg-base ../../build/assessment build --build-base /home/mc2148/AURO/GIT-SUBMISSION/AURO/Submission/build/assessment/build install --record /home/mc2148/AURO/GIT-SUBMISSION/AURO/Submission/build/assessment/install.log --single-version-externally-managed
[9.900s] Level 1:colcon.colcon_core.environment:checking '/home/mc2148/AURO/GIT-SUBMISSION/AURO/Submission/install/assessment' for CMake module files
[9.901s] Level 1:colcon.colcon_core.environment:checking '/home/mc2148/AURO/GIT-SUBMISSION/AURO/Submission/install/assessment' for CMake config files
[9.904s] Level 1:colcon.colcon_core.environment:checking '/home/mc2148/AURO/GIT-SUBMISSION/AURO/Submission/install/assessment/lib'
[9.904s] Level 1:colcon.colcon_core.environment:checking '/home/mc2148/AURO/GIT-SUBMISSION/AURO/Submission/install/assessment/bin'
[9.904s] Level 1:colcon.colcon_core.environment:checking '/home/mc2148/AURO/GIT-SUBMISSION/AURO/Submission/install/assessment/lib/pkgconfig/assessment.pc'
[9.905s] Level 1:colcon.colcon_core.environment:checking '/home/mc2148/AURO/GIT-SUBMISSION/AURO/Submission/install/assessment/lib/python3.10/site-packages'
[9.905s] Level 1:colcon.colcon_core.shell:create_environment_hook('assessment', 'pythonpath')
[9.945s] INFO:colcon.colcon_core.shell:Creating environment hook '/home/mc2148/AURO/GIT-SUBMISSION/AURO/Submission/install/assessment/share/assessment/hook/pythonpath.ps1'
[9.946s] INFO:colcon.colcon_core.shell:Creating environment descriptor '/home/mc2148/AURO/GIT-SUBMISSION/AURO/Submission/install/assessment/share/assessment/hook/pythonpath.dsv'
[9.947s] INFO:colcon.colcon_core.shell:Creating environment hook '/home/mc2148/AURO/GIT-SUBMISSION/AURO/Submission/install/assessment/share/assessment/hook/pythonpath.sh'
[9.948s] Level 1:colcon.colcon_core.environment:checking '/home/mc2148/AURO/GIT-SUBMISSION/AURO/Submission/install/assessment/bin'
[9.948s] Level 1:colcon.colcon_core.environment:create_environment_scripts_only(assessment)
[9.982s] INFO:colcon.colcon_core.shell:Creating package script '/home/mc2148/AURO/GIT-SUBMISSION/AURO/Submission/install/assessment/share/assessment/package.ps1'
[9.983s] INFO:colcon.colcon_core.shell:Creating package descriptor '/home/mc2148/AURO/GIT-SUBMISSION/AURO/Submission/install/assessment/share/assessment/package.dsv'
[9.984s] INFO:colcon.colcon_core.shell:Creating package script '/home/mc2148/AURO/GIT-SUBMISSION/AURO/Submission/install/assessment/share/assessment/package.sh'
[9.985s] INFO:colcon.colcon_core.shell:Creating package script '/home/mc2148/AURO/GIT-SUBMISSION/AURO/Submission/install/assessment/share/assessment/package.bash'
[9.986s] INFO:colcon.colcon_core.shell:Creating package script '/home/mc2148/AURO/GIT-SUBMISSION/AURO/Submission/install/assessment/share/assessment/package.zsh'
[9.986s] Level 1:colcon.colcon_core.environment:create_file_with_runtime_dependencies(/home/mc2148/AURO/GIT-SUBMISSION/AURO/Submission/install/assessment/share/colcon-core/packages/assessment)
[10.617s] INFO:colcon.colcon_core.task.python.build:Building Python package in '/home/mc2148/AURO/GIT-SUBMISSION/AURO/Submission/src/tf_relay'
[10.654s] INFO:colcon.colcon_core.shell:Skip shell extension 'powershell' for command environment: Not usable outside of PowerShell
[10.654s] DEBUG:colcon.colcon_core.shell:Skip shell extension 'dsv' for command environment
[10.803s] Level 1:colcon.colcon_core.environment:create_environment_scripts_only(solution_interfaces)
[10.804s] DEBUG:colcon.colcon_core.event_handler.log_command:Invoked command in '/home/mc2148/AURO/GIT-SUBMISSION/AURO/Submission/build/solution_interfaces' returned '0': CMAKE_PREFIX_PATH=${CMAKE_PREFIX_PATH}:/home/mc2148/turtlebot3_ws/install/turtlebot3_teleop:/home/mc2148/turtlebot3_ws/install/turtlebot3_example:/home/mc2148/AURO/GIT-SUBMISSION/AURO/Submission/install/tf_relay:/home/mc2148/AURO/GIT-SUBMISSION/AURO/Submission/install/solution:/home/mc2148/AURO/GIT-SUBMISSION/AURO/Submission/install/assessment:/opt/ros/humble /usr/bin/cmake --install /home/mc2148/AURO/GIT-SUBMISSION/AURO/Submission/build/solution_interfaces
[10.841s] Level 1:colcon.colcon_core.environment:checking '/home/mc2148/AURO/GIT-SUBMISSION/AURO/Submission/install/solution_interfaces' for CMake module files
[10.843s] Level 1:colcon.colcon_core.environment:checking '/home/mc2148/AURO/GIT-SUBMISSION/AURO/Submission/install/solution_interfaces' for CMake config files
[10.843s] Level 1:colcon.colcon_core.shell:create_environment_hook('solution_interfaces', 'cmake_prefix_path')
[10.877s] INFO:colcon.colcon_core.shell:Creating environment hook '/home/mc2148/AURO/GIT-SUBMISSION/AURO/Submission/install/solution_interfaces/share/solution_interfaces/hook/cmake_prefix_path.ps1'
[10.877s] INFO:colcon.colcon_core.shell:Creating environment descriptor '/home/mc2148/AURO/GIT-SUBMISSION/AURO/Submission/install/solution_interfaces/share/solution_interfaces/hook/cmake_prefix_path.dsv'
[10.878s] INFO:colcon.colcon_core.shell:Creating environment hook '/home/mc2148/AURO/GIT-SUBMISSION/AURO/Submission/install/solution_interfaces/share/solution_interfaces/hook/cmake_prefix_path.sh'
[10.879s] Level 1:colcon.colcon_core.environment:checking '/home/mc2148/AURO/GIT-SUBMISSION/AURO/Submission/install/solution_interfaces/lib'
[10.879s] Level 1:colcon.colcon_core.shell:create_environment_hook('solution_interfaces', 'ld_library_path_lib')
[10.914s] INFO:colcon.colcon_core.shell:Creating environment hook '/home/mc2148/AURO/GIT-SUBMISSION/AURO/Submission/install/solution_interfaces/share/solution_interfaces/hook/ld_library_path_lib.ps1'
[10.915s] INFO:colcon.colcon_core.shell:Creating environment descriptor '/home/mc2148/AURO/GIT-SUBMISSION/AURO/Submission/install/solution_interfaces/share/solution_interfaces/hook/ld_library_path_lib.dsv'
[10.915s] INFO:colcon.colcon_core.shell:Creating environment hook '/home/mc2148/AURO/GIT-SUBMISSION/AURO/Submission/install/solution_interfaces/share/solution_interfaces/hook/ld_library_path_lib.sh'
[10.916s] Level 1:colcon.colcon_core.environment:checking '/home/mc2148/AURO/GIT-SUBMISSION/AURO/Submission/install/solution_interfaces/bin'
[10.916s] Level 1:colcon.colcon_core.environment:checking '/home/mc2148/AURO/GIT-SUBMISSION/AURO/Submission/install/solution_interfaces/lib/pkgconfig/solution_interfaces.pc'
[10.917s] Level 1:colcon.colcon_core.environment:checking '/home/mc2148/AURO/GIT-SUBMISSION/AURO/Submission/install/solution_interfaces/lib/python3.10/site-packages'
[10.917s] Level 1:colcon.colcon_core.environment:checking '/home/mc2148/AURO/GIT-SUBMISSION/AURO/Submission/install/solution_interfaces/bin'
[10.955s] INFO:colcon.colcon_core.shell:Creating package script '/home/mc2148/AURO/GIT-SUBMISSION/AURO/Submission/install/solution_interfaces/share/solution_interfaces/package.ps1'
[10.956s] INFO:colcon.colcon_core.shell:Creating package descriptor '/home/mc2148/AURO/GIT-SUBMISSION/AURO/Submission/install/solution_interfaces/share/solution_interfaces/package.dsv'
[10.957s] INFO:colcon.colcon_core.shell:Creating package script '/home/mc2148/AURO/GIT-SUBMISSION/AURO/Submission/install/solution_interfaces/share/solution_interfaces/package.sh'
[10.957s] INFO:colcon.colcon_core.shell:Creating package script '/home/mc2148/AURO/GIT-SUBMISSION/AURO/Submission/install/solution_interfaces/share/solution_interfaces/package.bash'
[10.958s] INFO:colcon.colcon_core.shell:Creating package script '/home/mc2148/AURO/GIT-SUBMISSION/AURO/Submission/install/solution_interfaces/share/solution_interfaces/package.zsh'
[10.959s] Level 1:colcon.colcon_core.environment:create_file_with_runtime_dependencies(/home/mc2148/AURO/GIT-SUBMISSION/AURO/Submission/install/solution_interfaces/share/colcon-core/packages/solution_interfaces)
[11.379s] Level 1:colcon.colcon_core.environment:create_environment_scripts_only(solution_interfaces)
[11.414s] Level 1:colcon.colcon_core.environment:checking '/home/mc2148/AURO/GIT-SUBMISSION/AURO/Submission/install/solution_interfaces' for CMake module files
[11.415s] Level 1:colcon.colcon_core.environment:checking '/home/mc2148/AURO/GIT-SUBMISSION/AURO/Submission/install/solution_interfaces' for CMake config files
[11.416s] Level 1:colcon.colcon_core.shell:create_environment_hook('solution_interfaces', 'cmake_prefix_path')
[11.454s] INFO:colcon.colcon_core.shell:Creating environment hook '/home/mc2148/AURO/GIT-SUBMISSION/AURO/Submission/install/solution_interfaces/share/solution_interfaces/hook/cmake_prefix_path.ps1'
[11.454s] INFO:colcon.colcon_core.shell:Creating environment descriptor '/home/mc2148/AURO/GIT-SUBMISSION/AURO/Submission/install/solution_interfaces/share/solution_interfaces/hook/cmake_prefix_path.dsv'
[11.455s] INFO:colcon.colcon_core.shell:Creating environment hook '/home/mc2148/AURO/GIT-SUBMISSION/AURO/Submission/install/solution_interfaces/share/solution_interfaces/hook/cmake_prefix_path.sh'
[11.456s] Level 1:colcon.colcon_core.environment:checking '/home/mc2148/AURO/GIT-SUBMISSION/AURO/Submission/install/solution_interfaces/lib'
[11.456s] Level 1:colcon.colcon_core.shell:create_environment_hook('solution_interfaces', 'ld_library_path_lib')
[11.491s] INFO:colcon.colcon_core.shell:Creating environment hook '/home/mc2148/AURO/GIT-SUBMISSION/AURO/Submission/install/solution_interfaces/share/solution_interfaces/hook/ld_library_path_lib.ps1'
[11.492s] INFO:colcon.colcon_core.shell:Creating environment descriptor '/home/mc2148/AURO/GIT-SUBMISSION/AURO/Submission/install/solution_interfaces/share/solution_interfaces/hook/ld_library_path_lib.dsv'
[11.493s] INFO:colcon.colcon_core.shell:Creating environment hook '/home/mc2148/AURO/GIT-SUBMISSION/AURO/Submission/install/solution_interfaces/share/solution_interfaces/hook/ld_library_path_lib.sh'
[11.493s] Level 1:colcon.colcon_core.environment:checking '/home/mc2148/AURO/GIT-SUBMISSION/AURO/Submission/install/solution_interfaces/bin'
[11.493s] Level 1:colcon.colcon_core.environment:checking '/home/mc2148/AURO/GIT-SUBMISSION/AURO/Submission/install/solution_interfaces/lib/pkgconfig/solution_interfaces.pc'
[11.494s] Level 1:colcon.colcon_core.environment:checking '/home/mc2148/AURO/GIT-SUBMISSION/AURO/Submission/install/solution_interfaces/lib/python3.10/site-packages'
[11.494s] Level 1:colcon.colcon_core.environment:checking '/home/mc2148/AURO/GIT-SUBMISSION/AURO/Submission/install/solution_interfaces/bin'
[11.532s] INFO:colcon.colcon_core.shell:Creating package script '/home/mc2148/AURO/GIT-SUBMISSION/AURO/Submission/install/solution_interfaces/share/solution_interfaces/package.ps1'
[11.536s] INFO:colcon.colcon_core.shell:Creating package descriptor '/home/mc2148/AURO/GIT-SUBMISSION/AURO/Submission/install/solution_interfaces/share/solution_interfaces/package.dsv'
[11.537s] INFO:colcon.colcon_core.shell:Creating package script '/home/mc2148/AURO/GIT-SUBMISSION/AURO/Submission/install/solution_interfaces/share/solution_interfaces/package.sh'
[11.538s] INFO:colcon.colcon_core.shell:Creating package script '/home/mc2148/AURO/GIT-SUBMISSION/AURO/Submission/install/solution_interfaces/share/solution_interfaces/package.bash'
[11.539s] INFO:colcon.colcon_core.shell:Creating package script '/home/mc2148/AURO/GIT-SUBMISSION/AURO/Submission/install/solution_interfaces/share/solution_interfaces/package.zsh'
[11.539s] Level 1:colcon.colcon_core.environment:create_file_with_runtime_dependencies(/home/mc2148/AURO/GIT-SUBMISSION/AURO/Submission/install/solution_interfaces/share/colcon-core/packages/solution_interfaces)
[11.830s] DEBUG:colcon.colcon_core.event_handler.log_command:Invoking command in '/home/mc2148/AURO/GIT-SUBMISSION/AURO/Submission/src/tf_relay': PYTHONPATH=/home/mc2148/AURO/GIT-SUBMISSION/AURO/Submission/build/tf_relay/prefix_override:/home/mc2148/AURO/GIT-SUBMISSION/AURO/Submission/install/tf_relay/lib/python3.10/site-packages:${PYTHONPATH} /usr/bin/python3 setup.py egg_info --egg-base ../../build/tf_relay build --build-base /home/mc2148/AURO/GIT-SUBMISSION/AURO/Submission/build/tf_relay/build install --record /home/mc2148/AURO/GIT-SUBMISSION/AURO/Submission/build/tf_relay/install.log --single-version-externally-managed
[12.564s] DEBUG:colcon.colcon_core.event_handler.log_command:Invoked command in '/home/mc2148/AURO/GIT-SUBMISSION/AURO/Submission/src/tf_relay' returned '0': PYTHONPATH=/home/mc2148/AURO/GIT-SUBMISSION/AURO/Submission/build/tf_relay/prefix_override:/home/mc2148/AURO/GIT-SUBMISSION/AURO/Submission/install/tf_relay/lib/python3.10/site-packages:${PYTHONPATH} /usr/bin/python3 setup.py egg_info --egg-base ../../build/tf_relay build --build-base /home/mc2148/AURO/GIT-SUBMISSION/AURO/Submission/build/tf_relay/build install --record /home/mc2148/AURO/GIT-SUBMISSION/AURO/Submission/build/tf_relay/install.log --single-version-externally-managed
[12.599s] Level 1:colcon.colcon_core.environment:checking '/home/mc2148/AURO/GIT-SUBMISSION/AURO/Submission/install/tf_relay' for CMake module files
[12.600s] Level 1:colcon.colcon_core.environment:checking '/home/mc2148/AURO/GIT-SUBMISSION/AURO/Submission/install/tf_relay' for CMake config files
[12.601s] Level 1:colcon.colcon_core.environment:checking '/home/mc2148/AURO/GIT-SUBMISSION/AURO/Submission/install/tf_relay/lib'
[12.601s] Level 1:colcon.colcon_core.environment:checking '/home/mc2148/AURO/GIT-SUBMISSION/AURO/Submission/install/tf_relay/bin'
[12.601s] Level 1:colcon.colcon_core.environment:checking '/home/mc2148/AURO/GIT-SUBMISSION/AURO/Submission/install/tf_relay/lib/pkgconfig/tf_relay.pc'
[12.602s] Level 1:colcon.colcon_core.environment:checking '/home/mc2148/AURO/GIT-SUBMISSION/AURO/Submission/install/tf_relay/lib/python3.10/site-packages'
[12.602s] Level 1:colcon.colcon_core.shell:create_environment_hook('tf_relay', 'pythonpath')
[12.638s] INFO:colcon.colcon_core.shell:Creating environment hook '/home/mc2148/AURO/GIT-SUBMISSION/AURO/Submission/install/tf_relay/share/tf_relay/hook/pythonpath.ps1'
[12.639s] INFO:colcon.colcon_core.shell:Creating environment descriptor '/home/mc2148/AURO/GIT-SUBMISSION/AURO/Submission/install/tf_relay/share/tf_relay/hook/pythonpath.dsv'
[12.639s] INFO:colcon.colcon_core.shell:Creating environment hook '/home/mc2148/AURO/GIT-SUBMISSION/AURO/Submission/install/tf_relay/share/tf_relay/hook/pythonpath.sh'
[12.640s] Level 1:colcon.colcon_core.environment:checking '/home/mc2148/AURO/GIT-SUBMISSION/AURO/Submission/install/tf_relay/bin'
[12.640s] Level 1:colcon.colcon_core.environment:create_environment_scripts_only(tf_relay)
[12.675s] INFO:colcon.colcon_core.shell:Creating package script '/home/mc2148/AURO/GIT-SUBMISSION/AURO/Submission/install/tf_relay/share/tf_relay/package.ps1'
[12.676s] INFO:colcon.colcon_core.shell:Creating package descriptor '/home/mc2148/AURO/GIT-SUBMISSION/AURO/Submission/install/tf_relay/share/tf_relay/package.dsv'
[12.677s] INFO:colcon.colcon_core.shell:Creating package script '/home/mc2148/AURO/GIT-SUBMISSION/AURO/Submission/install/tf_relay/share/tf_relay/package.sh'
[12.678s] INFO:colcon.colcon_core.shell:Creating package script '/home/mc2148/AURO/GIT-SUBMISSION/AURO/Submission/install/tf_relay/share/tf_relay/package.bash'
[12.678s] INFO:colcon.colcon_core.shell:Creating package script '/home/mc2148/AURO/GIT-SUBMISSION/AURO/Submission/install/tf_relay/share/tf_relay/package.zsh'
[12.679s] Level 1:colcon.colcon_core.environment:create_file_with_runtime_dependencies(/home/mc2148/AURO/GIT-SUBMISSION/AURO/Submission/install/tf_relay/share/colcon-core/packages/tf_relay)
[12.679s] DEBUG:colcon.colcon_parallel_executor.executor.parallel:closing loop
[12.680s] DEBUG:colcon.colcon_parallel_executor.executor.parallel:loop closed
[12.680s] DEBUG:colcon.colcon_parallel_executor.executor.parallel:run_until_complete finished with '0'
[12.680s] DEBUG:colcon.colcon_core.event_reactor:joining thread
[12.731s] INFO:colcon.colcon_core.plugin_system:Skipping extension 'colcon_notification.desktop_notification.terminal_notifier': Not used on non-Darwin systems
[12.731s] INFO:colcon.colcon_core.plugin_system:Skipping extension 'colcon_notification.desktop_notification.win32': Not used on non-Windows systems
[12.731s] INFO:colcon.colcon_notification.desktop_notification:Sending desktop notification using 'notify2'
[12.754s] DEBUG:colcon.colcon_core.event_reactor:joined thread
[12.791s] INFO:colcon.colcon_core.shell:Creating prefix script '/home/mc2148/AURO/GIT-SUBMISSION/AURO/Submission/install/local_setup.ps1'
[12.795s] INFO:colcon.colcon_core.shell:Creating prefix util module '/home/mc2148/AURO/GIT-SUBMISSION/AURO/Submission/install/_local_setup_util_ps1.py'
[12.800s] INFO:colcon.colcon_core.shell:Creating prefix chain script '/home/mc2148/AURO/GIT-SUBMISSION/AURO/Submission/install/setup.ps1'
[12.838s] INFO:colcon.colcon_core.shell:Creating prefix script '/home/mc2148/AURO/GIT-SUBMISSION/AURO/Submission/install/local_setup.sh'
[12.839s] INFO:colcon.colcon_core.shell:Creating prefix util module '/home/mc2148/AURO/GIT-SUBMISSION/AURO/Submission/install/_local_setup_util_sh.py'
[12.840s] INFO:colcon.colcon_core.shell:Creating prefix chain script '/home/mc2148/AURO/GIT-SUBMISSION/AURO/Submission/install/setup.sh'
[12.878s] INFO:colcon.colcon_core.shell:Creating prefix script '/home/mc2148/AURO/GIT-SUBMISSION/AURO/Submission/install/local_setup.bash'
[12.879s] INFO:colcon.colcon_core.shell:Creating prefix chain script '/home/mc2148/AURO/GIT-SUBMISSION/AURO/Submission/install/setup.bash'
[12.916s] INFO:colcon.colcon_core.shell:Creating prefix script '/home/mc2148/AURO/GIT-SUBMISSION/AURO/Submission/install/local_setup.zsh'
[12.917s] INFO:colcon.colcon_core.shell:Creating prefix chain script '/home/mc2148/AURO/GIT-SUBMISSION/AURO/Submission/install/setup.zsh'
