[1.232s] DEBUG:colcon:Command line arguments: ['/usr/bin/colcon', 'build']
[1.232s] DEBUG:colcon:Parsed command line arguments: Namespace(log_base=None, log_level=None, verb_name='build', build_base='build', install_base='install', merge_install=False, symlink_install=False, test_result_base=None, continue_on_error=False, executor='parallel', parallel_workers=4, event_handlers=None, ignore_user_meta=False, metas=['./colcon.meta'], base_paths=['.'], packages_ignore=None, packages_ignore_regex=None, paths=None, packages_up_to=None, packages_up_to_regex=None, packages_above=None, packages_above_and_dependencies=None, packages_above_depth=None, packages_select_by_dep=None, packages_skip_by_dep=None, packages_skip_up_to=None, packages_select_build_failed=False, packages_skip_build_finished=False, packages_select_test_failures=False, packages_skip_test_passed=False, packages_select=None, packages_skip=None, packages_select_regex=None, packages_skip_regex=None, packages_start=None, packages_end=None, allow_overriding=[], cmake_args=None, cmake_target=None, cmake_target_skip_unavailable=False, cmake_clean_cache=False, cmake_clean_first=False, cmake_force_configure=False, ament_cmake_args=None, catkin_cmake_args=None, catkin_skip_building_tests=False, verb_parser=<colcon_defaults.argument_parser.defaults.DefaultArgumentsDecorator object at 0x7fb5f8280490>, verb_extension=<colcon_core.verb.build.BuildVerb object at 0x7fb5f86faef0>, main=<bound method BuildVerb.main of <colcon_core.verb.build.BuildVerb object at 0x7fb5f86faef0>>)
[1.276s] Level 1:colcon.colcon_core.package_discovery:discover_packages(colcon_meta) check parameters
[1.276s] Level 1:colcon.colcon_core.package_discovery:discover_packages(recursive) check parameters
[1.276s] Level 1:colcon.colcon_core.package_discovery:discover_packages(ignore) check parameters
[1.276s] Level 1:colcon.colcon_core.package_discovery:discover_packages(path) check parameters
[1.276s] Level 1:colcon.colcon_core.package_discovery:discover_packages(colcon_meta) discover
[1.276s] Level 1:colcon.colcon_core.package_discovery:discover_packages(recursive) discover
[1.276s] INFO:colcon.colcon_core.package_discovery:Crawling recursively for packages in '/home/mc2148/AURO/Submission'
[1.277s] Level 1:colcon.colcon_core.package_identification:_identify(.) by extensions ['ignore', 'ignore_ament_install']
[1.277s] Level 1:colcon.colcon_core.package_identification:_identify(.) by extension 'ignore'
[1.277s] Level 1:colcon.colcon_core.package_identification:_identify(.) by extension 'ignore_ament_install'
[1.277s] Level 1:colcon.colcon_core.package_identification:_identify(.) by extensions ['colcon_pkg']
[1.277s] Level 1:colcon.colcon_core.package_identification:_identify(.) by extension 'colcon_pkg'
[1.277s] Level 1:colcon.colcon_core.package_identification:_identify(.) by extensions ['colcon_meta']
[1.277s] Level 1:colcon.colcon_core.package_identification:_identify(.) by extension 'colcon_meta'
[1.277s] Level 1:colcon.colcon_core.package_identification:_identify(.) by extensions ['ros']
[1.277s] Level 1:colcon.colcon_core.package_identification:_identify(.) by extension 'ros'
[1.286s] Level 1:colcon.colcon_core.package_identification:_identify(.) by extensions ['cmake', 'python']
[1.287s] Level 1:colcon.colcon_core.package_identification:_identify(.) by extension 'cmake'
[1.287s] Level 1:colcon.colcon_core.package_identification:_identify(.) by extension 'python'
[1.287s] Level 1:colcon.colcon_core.package_identification:_identify(.) by extensions ['python_setup_py']
[1.287s] Level 1:colcon.colcon_core.package_identification:_identify(.) by extension 'python_setup_py'
[1.287s] Level 1:colcon.colcon_core.package_identification:_identify(build) by extensions ['ignore', 'ignore_ament_install']
[1.287s] Level 1:colcon.colcon_core.package_identification:_identify(build) by extension 'ignore'
[1.287s] Level 1:colcon.colcon_core.package_identification:_identify(build) ignored
[1.287s] Level 1:colcon.colcon_core.package_identification:_identify(install) by extensions ['ignore', 'ignore_ament_install']
[1.287s] Level 1:colcon.colcon_core.package_identification:_identify(install) by extension 'ignore'
[1.287s] Level 1:colcon.colcon_core.package_identification:_identify(install) ignored
[1.287s] Level 1:colcon.colcon_core.package_identification:_identify(log) by extensions ['ignore', 'ignore_ament_install']
[1.287s] Level 1:colcon.colcon_core.package_identification:_identify(log) by extension 'ignore'
[1.287s] Level 1:colcon.colcon_core.package_identification:_identify(log) ignored
[1.288s] Level 1:colcon.colcon_core.package_identification:_identify(src) by extensions ['ignore', 'ignore_ament_install']
[1.288s] Level 1:colcon.colcon_core.package_identification:_identify(src) by extension 'ignore'
[1.288s] Level 1:colcon.colcon_core.package_identification:_identify(src) by extension 'ignore_ament_install'
[1.288s] Level 1:colcon.colcon_core.package_identification:_identify(src) by extensions ['colcon_pkg']
[1.288s] Level 1:colcon.colcon_core.package_identification:_identify(src) by extension 'colcon_pkg'
[1.288s] Level 1:colcon.colcon_core.package_identification:_identify(src) by extensions ['colcon_meta']
[1.288s] Level 1:colcon.colcon_core.package_identification:_identify(src) by extension 'colcon_meta'
[1.288s] Level 1:colcon.colcon_core.package_identification:_identify(src) by extensions ['ros']
[1.288s] Level 1:colcon.colcon_core.package_identification:_identify(src) by extension 'ros'
[1.288s] Level 1:colcon.colcon_core.package_identification:_identify(src) by extensions ['cmake', 'python']
[1.288s] Level 1:colcon.colcon_core.package_identification:_identify(src) by extension 'cmake'
[1.288s] Level 1:colcon.colcon_core.package_identification:_identify(src) by extension 'python'
[1.288s] Level 1:colcon.colcon_core.package_identification:_identify(src) by extensions ['python_setup_py']
[1.288s] Level 1:colcon.colcon_core.package_identification:_identify(src) by extension 'python_setup_py'
[1.288s] Level 1:colcon.colcon_core.package_identification:_identify(src/solution) by extensions ['ignore', 'ignore_ament_install']
[1.288s] Level 1:colcon.colcon_core.package_identification:_identify(src/solution) by extension 'ignore'
[1.288s] Level 1:colcon.colcon_core.package_identification:_identify(src/solution) by extension 'ignore_ament_install'
[1.288s] Level 1:colcon.colcon_core.package_identification:_identify(src/solution) by extensions ['colcon_pkg']
[1.288s] Level 1:colcon.colcon_core.package_identification:_identify(src/solution) by extension 'colcon_pkg'
[1.288s] Level 1:colcon.colcon_core.package_identification:_identify(src/solution) by extensions ['colcon_meta']
[1.288s] Level 1:colcon.colcon_core.package_identification:_identify(src/solution) by extension 'colcon_meta'
[1.288s] Level 1:colcon.colcon_core.package_identification:_identify(src/solution) by extensions ['ros']
[1.288s] Level 1:colcon.colcon_core.package_identification:_identify(src/solution) by extension 'ros'
[1.290s] DEBUG:colcon.colcon_core.package_identification:Package 'src/solution' with type 'ros.ament_python' and name 'solution'
[1.290s] Level 1:colcon.colcon_core.package_identification:_identify(src/solution_interfaces) by extensions ['ignore', 'ignore_ament_install']
[1.291s] Level 1:colcon.colcon_core.package_identification:_identify(src/solution_interfaces) by extension 'ignore'
[1.291s] Level 1:colcon.colcon_core.package_identification:_identify(src/solution_interfaces) by extension 'ignore_ament_install'
[1.291s] Level 1:colcon.colcon_core.package_identification:_identify(src/solution_interfaces) by extensions ['colcon_pkg']
[1.291s] Level 1:colcon.colcon_core.package_identification:_identify(src/solution_interfaces) by extension 'colcon_pkg'
[1.291s] Level 1:colcon.colcon_core.package_identification:_identify(src/solution_interfaces) by extensions ['colcon_meta']
[1.291s] Level 1:colcon.colcon_core.package_identification:_identify(src/solution_interfaces) by extension 'colcon_meta'
[1.291s] Level 1:colcon.colcon_core.package_identification:_identify(src/solution_interfaces) by extensions ['ros']
[1.291s] Level 1:colcon.colcon_core.package_identification:_identify(src/solution_interfaces) by extension 'ros'
[1.291s] DEBUG:colcon.colcon_core.package_identification:Package 'src/solution_interfaces' with type 'ros.ament_cmake' and name 'solution_interfaces'
[1.291s] Level 1:colcon.colcon_core.package_identification:_identify(src/tf_transformations) by extensions ['ignore', 'ignore_ament_install']
[1.292s] Level 1:colcon.colcon_core.package_identification:_identify(src/tf_transformations) by extension 'ignore'
[1.292s] Level 1:colcon.colcon_core.package_identification:_identify(src/tf_transformations) by extension 'ignore_ament_install'
[1.292s] Level 1:colcon.colcon_core.package_identification:_identify(src/tf_transformations) by extensions ['colcon_pkg']
[1.292s] Level 1:colcon.colcon_core.package_identification:_identify(src/tf_transformations) by extension 'colcon_pkg'
[1.292s] Level 1:colcon.colcon_core.package_identification:_identify(src/tf_transformations) by extensions ['colcon_meta']
[1.292s] Level 1:colcon.colcon_core.package_identification:_identify(src/tf_transformations) by extension 'colcon_meta'
[1.292s] Level 1:colcon.colcon_core.package_identification:_identify(src/tf_transformations) by extensions ['ros']
[1.292s] Level 1:colcon.colcon_core.package_identification:_identify(src/tf_transformations) by extension 'ros'
[1.292s] DEBUG:colcon.colcon_core.package_identification:Package 'src/tf_transformations' with type 'ros.ament_python' and name 'tf_transformations'
[1.292s] Level 1:colcon.colcon_core.package_discovery:discover_packages(recursive) using defaults
[1.292s] Level 1:colcon.colcon_core.package_discovery:discover_packages(ignore) discover
[1.292s] Level 1:colcon.colcon_core.package_discovery:discover_packages(ignore) using defaults
[1.292s] Level 1:colcon.colcon_core.package_discovery:discover_packages(path) discover
[1.292s] Level 1:colcon.colcon_core.package_discovery:discover_packages(path) using defaults
[1.384s] Level 1:colcon.colcon_core.package_discovery:discover_packages(prefix_path) check parameters
[1.384s] Level 1:colcon.colcon_core.package_discovery:discover_packages(prefix_path) discover
[1.413s] DEBUG:colcon.colcon_installed_package_information.package_discovery:Found 3 installed packages in /home/mc2148/AURO/Submission/install
[1.440s] DEBUG:colcon.colcon_installed_package_information.package_discovery:Found 13 installed packages in /home/mc2148/auro-practicals/install
[1.454s] DEBUG:colcon.colcon_installed_package_information.package_discovery:Found 15 installed packages in /home/mc2148/turtlebot3_ws/install
[1.470s] DEBUG:colcon.colcon_installed_package_information.package_discovery:Found 406 installed packages in /opt/ros/humble
[1.471s] Level 1:colcon.colcon_core.package_discovery:discover_packages(prefix_path) using defaults
[1.566s] Level 5:colcon.colcon_core.verb:set package 'solution' build argument 'cmake_args' from command line to 'None'
[1.566s] Level 5:colcon.colcon_core.verb:set package 'solution' build argument 'cmake_target' from command line to 'None'
[1.566s] Level 5:colcon.colcon_core.verb:set package 'solution' build argument 'cmake_target_skip_unavailable' from command line to 'False'
[1.566s] Level 5:colcon.colcon_core.verb:set package 'solution' build argument 'cmake_clean_cache' from command line to 'False'
[1.566s] Level 5:colcon.colcon_core.verb:set package 'solution' build argument 'cmake_clean_first' from command line to 'False'
[1.566s] Level 5:colcon.colcon_core.verb:set package 'solution' build argument 'cmake_force_configure' from command line to 'False'
[1.566s] Level 5:colcon.colcon_core.verb:set package 'solution' build argument 'ament_cmake_args' from command line to 'None'
[1.566s] Level 5:colcon.colcon_core.verb:set package 'solution' build argument 'catkin_cmake_args' from command line to 'None'
[1.566s] Level 5:colcon.colcon_core.verb:set package 'solution' build argument 'catkin_skip_building_tests' from command line to 'False'
[1.566s] DEBUG:colcon.colcon_core.verb:Building package 'solution' with the following arguments: {'ament_cmake_args': None, 'build_base': '/home/mc2148/AURO/Submission/build/solution', 'catkin_cmake_args': None, 'catkin_skip_building_tests': False, 'cmake_args': None, 'cmake_clean_cache': False, 'cmake_clean_first': False, 'cmake_force_configure': False, 'cmake_target': None, 'cmake_target_skip_unavailable': False, 'install_base': '/home/mc2148/AURO/Submission/install/solution', 'merge_install': False, 'path': '/home/mc2148/AURO/Submission/src/solution', 'symlink_install': False, 'test_result_base': None}
[1.581s] Level 5:colcon.colcon_core.verb:set package 'solution_interfaces' build argument 'cmake_args' from command line to 'None'
[1.581s] Level 5:colcon.colcon_core.verb:set package 'solution_interfaces' build argument 'cmake_target' from command line to 'None'
[1.581s] Level 5:colcon.colcon_core.verb:set package 'solution_interfaces' build argument 'cmake_target_skip_unavailable' from command line to 'False'
[1.581s] Level 5:colcon.colcon_core.verb:set package 'solution_interfaces' build argument 'cmake_clean_cache' from command line to 'False'
[1.581s] Level 5:colcon.colcon_core.verb:set package 'solution_interfaces' build argument 'cmake_clean_first' from command line to 'False'
[1.581s] Level 5:colcon.colcon_core.verb:set package 'solution_interfaces' build argument 'cmake_force_configure' from command line to 'False'
[1.581s] Level 5:colcon.colcon_core.verb:set package 'solution_interfaces' build argument 'ament_cmake_args' from command line to 'None'
[1.581s] Level 5:colcon.colcon_core.verb:set package 'solution_interfaces' build argument 'catkin_cmake_args' from command line to 'None'
[1.581s] Level 5:colcon.colcon_core.verb:set package 'solution_interfaces' build argument 'catkin_skip_building_tests' from command line to 'False'
[1.581s] DEBUG:colcon.colcon_core.verb:Building package 'solution_interfaces' with the following arguments: {'ament_cmake_args': None, 'build_base': '/home/mc2148/AURO/Submission/build/solution_interfaces', 'catkin_cmake_args': None, 'catkin_skip_building_tests': False, 'cmake_args': None, 'cmake_clean_cache': False, 'cmake_clean_first': False, 'cmake_force_configure': False, 'cmake_target': None, 'cmake_target_skip_unavailable': False, 'install_base': '/home/mc2148/AURO/Submission/install/solution_interfaces', 'merge_install': False, 'path': '/home/mc2148/AURO/Submission/src/solution_interfaces', 'symlink_install': False, 'test_result_base': None}
[1.595s] Level 5:colcon.colcon_core.verb:set package 'tf_transformations' build argument 'cmake_args' from command line to 'None'
[1.595s] Level 5:colcon.colcon_core.verb:set package 'tf_transformations' build argument 'cmake_target' from command line to 'None'
[1.595s] Level 5:colcon.colcon_core.verb:set package 'tf_transformations' build argument 'cmake_target_skip_unavailable' from command line to 'False'
[1.595s] Level 5:colcon.colcon_core.verb:set package 'tf_transformations' build argument 'cmake_clean_cache' from command line to 'False'
[1.595s] Level 5:colcon.colcon_core.verb:set package 'tf_transformations' build argument 'cmake_clean_first' from command line to 'False'
[1.595s] Level 5:colcon.colcon_core.verb:set package 'tf_transformations' build argument 'cmake_force_configure' from command line to 'False'
[1.595s] Level 5:colcon.colcon_core.verb:set package 'tf_transformations' build argument 'ament_cmake_args' from command line to 'None'
[1.595s] Level 5:colcon.colcon_core.verb:set package 'tf_transformations' build argument 'catkin_cmake_args' from command line to 'None'
[1.595s] Level 5:colcon.colcon_core.verb:set package 'tf_transformations' build argument 'catkin_skip_building_tests' from command line to 'False'
[1.595s] DEBUG:colcon.colcon_core.verb:Building package 'tf_transformations' with the following arguments: {'ament_cmake_args': None, 'build_base': '/home/mc2148/AURO/Submission/build/tf_transformations', 'catkin_cmake_args': None, 'catkin_skip_building_tests': False, 'cmake_args': None, 'cmake_clean_cache': False, 'cmake_clean_first': False, 'cmake_force_configure': False, 'cmake_target': None, 'cmake_target_skip_unavailable': False, 'install_base': '/home/mc2148/AURO/Submission/install/tf_transformations', 'merge_install': False, 'path': '/home/mc2148/AURO/Submission/src/tf_transformations', 'symlink_install': False, 'test_result_base': None}
[1.609s] INFO:colcon.colcon_core.executor:Executing jobs using 'parallel' executor
[1.624s] DEBUG:colcon.colcon_parallel_executor.executor.parallel:run_until_complete
[1.624s] INFO:colcon.colcon_ros.task.ament_python.build:Building ROS package in '/home/mc2148/AURO/Submission/src/solution' with build type 'ament_python'
[1.625s] Level 1:colcon.colcon_core.shell:create_environment_hook('solution', 'ament_prefix_path')
[1.646s] INFO:colcon.colcon_core.plugin_system:Skipping extension 'colcon_core.shell.bat': Not used on non-Windows systems
[1.646s] INFO:colcon.colcon_core.shell:Creating environment hook '/home/mc2148/AURO/Submission/install/solution/share/solution/hook/ament_prefix_path.ps1'
[1.647s] INFO:colcon.colcon_core.shell:Creating environment descriptor '/home/mc2148/AURO/Submission/install/solution/share/solution/hook/ament_prefix_path.dsv'
[1.648s] INFO:colcon.colcon_core.shell:Creating environment hook '/home/mc2148/AURO/Submission/install/solution/share/solution/hook/ament_prefix_path.sh'
[1.663s] INFO:colcon.colcon_core.shell:Skip shell extension 'powershell' for command environment: Not usable outside of PowerShell
[1.663s] DEBUG:colcon.colcon_core.shell:Skip shell extension 'dsv' for command environment
[1.740s] INFO:colcon.colcon_ros.task.ament_cmake.build:Building ROS package in '/home/mc2148/AURO/Submission/src/solution_interfaces' with build type 'ament_cmake'
[1.740s] INFO:colcon.colcon_cmake.task.cmake.build:Building CMake package in '/home/mc2148/AURO/Submission/src/solution_interfaces'
[1.757s] INFO:colcon.colcon_core.shell:Skip shell extension 'powershell' for command environment: Not usable outside of PowerShell
[1.757s] DEBUG:colcon.colcon_core.shell:Skip shell extension 'dsv' for command environment
[1.836s] INFO:colcon.colcon_ros.task.ament_python.build:Building ROS package in '/home/mc2148/AURO/Submission/src/tf_transformations' with build type 'ament_python'
[1.837s] Level 1:colcon.colcon_core.shell:create_environment_hook('tf_transformations', 'ament_prefix_path')
[1.857s] INFO:colcon.colcon_core.shell:Creating environment hook '/home/mc2148/AURO/Submission/install/tf_transformations/share/tf_transformations/hook/ament_prefix_path.ps1'
[1.858s] INFO:colcon.colcon_core.shell:Creating environment descriptor '/home/mc2148/AURO/Submission/install/tf_transformations/share/tf_transformations/hook/ament_prefix_path.dsv'
[1.859s] INFO:colcon.colcon_core.shell:Creating environment hook '/home/mc2148/AURO/Submission/install/tf_transformations/share/tf_transformations/hook/ament_prefix_path.sh'
[1.874s] INFO:colcon.colcon_core.shell:Skip shell extension 'powershell' for command environment: Not usable outside of PowerShell
[1.875s] DEBUG:colcon.colcon_core.shell:Skip shell extension 'dsv' for command environment
[2.230s] INFO:colcon.colcon_core.task.python.build:Building Python package in '/home/mc2148/AURO/Submission/src/solution'
[2.246s] INFO:colcon.colcon_core.shell:Skip shell extension 'powershell' for command environment: Not usable outside of PowerShell
[2.247s] DEBUG:colcon.colcon_core.shell:Skip shell extension 'dsv' for command environment
[2.333s] DEBUG:colcon.colcon_core.event_handler.log_command:Invoking command in '/home/mc2148/AURO/Submission/build/solution_interfaces': CMAKE_PREFIX_PATH=${CMAKE_PREFIX_PATH}:/home/mc2148/AURO/Submission/install/tf_transformations:/home/mc2148/AURO/Submission/install/solution:/home/mc2148/auro-practicals/install/week_8:/home/mc2148/auro-practicals/install/week_7:/home/mc2148/auro-practicals/install/week_6:/home/mc2148/auro-practicals/install/week_5:/home/mc2148/auro-practicals/install/week_4:/home/mc2148/auro-practicals/install/week_3:/home/mc2148/auro-practicals/install/week_2:/home/mc2148/auro-practicals/install/week_1:/home/mc2148/auro-practicals/install/tf_relay:/home/mc2148/auro-practicals/install/assessment:/home/mc2148/turtlebot3_ws/install/turtlebot3_teleop:/home/mc2148/turtlebot3_ws/install/turtlebot3_example:/opt/ros/humble /usr/bin/cmake --build /home/mc2148/AURO/Submission/build/solution_interfaces -- -j4 -l4
[2.636s] INFO:colcon.colcon_core.task.python.build:Building Python package in '/home/mc2148/AURO/Submission/src/tf_transformations'
[2.651s] INFO:colcon.colcon_core.shell:Skip shell extension 'powershell' for command environment: Not usable outside of PowerShell
[2.651s] DEBUG:colcon.colcon_core.shell:Skip shell extension 'dsv' for command environment
[3.200s] DEBUG:colcon.colcon_core.event_handler.log_command:Invoking command in '/home/mc2148/AURO/Submission/src/tf_transformations': PYTHONPATH=/home/mc2148/AURO/Submission/build/tf_transformations/prefix_override:/home/mc2148/AURO/Submission/install/tf_transformations/lib/python3.10/site-packages:${PYTHONPATH} /usr/bin/python3 setup.py egg_info --egg-base ../../build/tf_transformations build --build-base /home/mc2148/AURO/Submission/build/tf_transformations/build install --record /home/mc2148/AURO/Submission/build/tf_transformations/install.log --single-version-externally-managed
[3.203s] DEBUG:colcon.colcon_core.event_handler.log_command:Invoking command in '/home/mc2148/AURO/Submission/src/solution': PYTHONPATH=/home/mc2148/AURO/Submission/build/solution/prefix_override:/home/mc2148/AURO/Submission/install/solution/lib/python3.10/site-packages:${PYTHONPATH} /usr/bin/python3 setup.py egg_info --egg-base ../../build/solution build --build-base /home/mc2148/AURO/Submission/build/solution/build install --record /home/mc2148/AURO/Submission/build/solution/install.log --single-version-externally-managed
[3.396s] DEBUG:colcon.colcon_core.event_handler.log_command:Invoked command in '/home/mc2148/AURO/Submission/build/solution_interfaces' returned '0': CMAKE_PREFIX_PATH=${CMAKE_PREFIX_PATH}:/home/mc2148/AURO/Submission/install/tf_transformations:/home/mc2148/AURO/Submission/install/solution:/home/mc2148/auro-practicals/install/week_8:/home/mc2148/auro-practicals/install/week_7:/home/mc2148/auro-practicals/install/week_6:/home/mc2148/auro-practicals/install/week_5:/home/mc2148/auro-practicals/install/week_4:/home/mc2148/auro-practicals/install/week_3:/home/mc2148/auro-practicals/install/week_2:/home/mc2148/auro-practicals/install/week_1:/home/mc2148/auro-practicals/install/tf_relay:/home/mc2148/auro-practicals/install/assessment:/home/mc2148/turtlebot3_ws/install/turtlebot3_teleop:/home/mc2148/turtlebot3_ws/install/turtlebot3_example:/opt/ros/humble /usr/bin/cmake --build /home/mc2148/AURO/Submission/build/solution_interfaces -- -j4 -l4
[3.646s] DEBUG:colcon.colcon_core.event_handler.log_command:Invoked command in '/home/mc2148/AURO/Submission/src/solution' returned '0': PYTHONPATH=/home/mc2148/AURO/Submission/build/solution/prefix_override:/home/mc2148/AURO/Submission/install/solution/lib/python3.10/site-packages:${PYTHONPATH} /usr/bin/python3 setup.py egg_info --egg-base ../../build/solution build --build-base /home/mc2148/AURO/Submission/build/solution/build install --record /home/mc2148/AURO/Submission/build/solution/install.log --single-version-externally-managed
[3.669s] Level 1:colcon.colcon_core.environment:checking '/home/mc2148/AURO/Submission/install/solution' for CMake module files
[3.670s] Level 1:colcon.colcon_core.environment:checking '/home/mc2148/AURO/Submission/install/solution' for CMake config files
[3.671s] Level 1:colcon.colcon_core.environment:checking '/home/mc2148/AURO/Submission/install/solution/lib'
[3.671s] Level 1:colcon.colcon_core.environment:checking '/home/mc2148/AURO/Submission/install/solution/bin'
[3.671s] Level 1:colcon.colcon_core.environment:checking '/home/mc2148/AURO/Submission/install/solution/lib/pkgconfig/solution.pc'
[3.671s] Level 1:colcon.colcon_core.environment:checking '/home/mc2148/AURO/Submission/install/solution/lib/python3.10/site-packages'
[3.671s] Level 1:colcon.colcon_core.shell:create_environment_hook('solution', 'pythonpath')
[3.691s] INFO:colcon.colcon_core.shell:Creating environment hook '/home/mc2148/AURO/Submission/install/solution/share/solution/hook/pythonpath.ps1'
[3.692s] INFO:colcon.colcon_core.shell:Creating environment descriptor '/home/mc2148/AURO/Submission/install/solution/share/solution/hook/pythonpath.dsv'
[3.693s] INFO:colcon.colcon_core.shell:Creating environment hook '/home/mc2148/AURO/Submission/install/solution/share/solution/hook/pythonpath.sh'
[3.693s] Level 1:colcon.colcon_core.environment:checking '/home/mc2148/AURO/Submission/install/solution/bin'
[3.693s] Level 1:colcon.colcon_core.environment:create_environment_scripts_only(solution)
[3.714s] INFO:colcon.colcon_core.shell:Creating package script '/home/mc2148/AURO/Submission/install/solution/share/solution/package.ps1'
[3.715s] INFO:colcon.colcon_core.shell:Creating package descriptor '/home/mc2148/AURO/Submission/install/solution/share/solution/package.dsv'
[3.715s] INFO:colcon.colcon_core.shell:Creating package script '/home/mc2148/AURO/Submission/install/solution/share/solution/package.sh'
[3.716s] INFO:colcon.colcon_core.shell:Creating package script '/home/mc2148/AURO/Submission/install/solution/share/solution/package.bash'
[3.717s] INFO:colcon.colcon_core.shell:Creating package script '/home/mc2148/AURO/Submission/install/solution/share/solution/package.zsh'
[3.718s] Level 1:colcon.colcon_core.environment:create_file_with_runtime_dependencies(/home/mc2148/AURO/Submission/install/solution/share/colcon-core/packages/solution)
[3.735s] DEBUG:colcon.colcon_core.event_handler.log_command:Invoked command in '/home/mc2148/AURO/Submission/src/tf_transformations' returned '0': PYTHONPATH=/home/mc2148/AURO/Submission/build/tf_transformations/prefix_override:/home/mc2148/AURO/Submission/install/tf_transformations/lib/python3.10/site-packages:${PYTHONPATH} /usr/bin/python3 setup.py egg_info --egg-base ../../build/tf_transformations build --build-base /home/mc2148/AURO/Submission/build/tf_transformations/build install --record /home/mc2148/AURO/Submission/build/tf_transformations/install.log --single-version-externally-managed
[3.750s] Level 1:colcon.colcon_core.environment:checking '/home/mc2148/AURO/Submission/install/tf_transformations' for CMake module files
[3.751s] Level 1:colcon.colcon_core.environment:checking '/home/mc2148/AURO/Submission/install/tf_transformations' for CMake config files
[3.751s] Level 1:colcon.colcon_core.environment:checking '/home/mc2148/AURO/Submission/install/tf_transformations/lib'
[3.751s] Level 1:colcon.colcon_core.environment:checking '/home/mc2148/AURO/Submission/install/tf_transformations/bin'
[3.751s] Level 1:colcon.colcon_core.environment:checking '/home/mc2148/AURO/Submission/install/tf_transformations/lib/pkgconfig/tf_transformations.pc'
[3.752s] Level 1:colcon.colcon_core.environment:checking '/home/mc2148/AURO/Submission/install/tf_transformations/lib/python3.10/site-packages'
[3.752s] Level 1:colcon.colcon_core.shell:create_environment_hook('tf_transformations', 'pythonpath')
[3.773s] INFO:colcon.colcon_core.shell:Creating environment hook '/home/mc2148/AURO/Submission/install/tf_transformations/share/tf_transformations/hook/pythonpath.ps1'
[3.774s] INFO:colcon.colcon_core.shell:Creating environment descriptor '/home/mc2148/AURO/Submission/install/tf_transformations/share/tf_transformations/hook/pythonpath.dsv'
[3.774s] INFO:colcon.colcon_core.shell:Creating environment hook '/home/mc2148/AURO/Submission/install/tf_transformations/share/tf_transformations/hook/pythonpath.sh'
[3.775s] Level 1:colcon.colcon_core.environment:checking '/home/mc2148/AURO/Submission/install/tf_transformations/bin'
[3.775s] Level 1:colcon.colcon_core.environment:create_environment_scripts_only(tf_transformations)
[3.794s] INFO:colcon.colcon_core.shell:Creating package script '/home/mc2148/AURO/Submission/install/tf_transformations/share/tf_transformations/package.ps1'
[3.795s] INFO:colcon.colcon_core.shell:Creating package descriptor '/home/mc2148/AURO/Submission/install/tf_transformations/share/tf_transformations/package.dsv'
[3.796s] INFO:colcon.colcon_core.shell:Creating package script '/home/mc2148/AURO/Submission/install/tf_transformations/share/tf_transformations/package.sh'
[3.797s] INFO:colcon.colcon_core.shell:Creating package script '/home/mc2148/AURO/Submission/install/tf_transformations/share/tf_transformations/package.bash'
[3.798s] INFO:colcon.colcon_core.shell:Creating package script '/home/mc2148/AURO/Submission/install/tf_transformations/share/tf_transformations/package.zsh'
[3.799s] Level 1:colcon.colcon_core.environment:create_file_with_runtime_dependencies(/home/mc2148/AURO/Submission/install/tf_transformations/share/colcon-core/packages/tf_transformations)
[3.820s] DEBUG:colcon.colcon_core.event_handler.log_command:Invoking command in '/home/mc2148/AURO/Submission/build/solution_interfaces': CMAKE_PREFIX_PATH=${CMAKE_PREFIX_PATH}:/home/mc2148/AURO/Submission/install/tf_transformations:/home/mc2148/AURO/Submission/install/solution:/home/mc2148/auro-practicals/install/week_8:/home/mc2148/auro-practicals/install/week_7:/home/mc2148/auro-practicals/install/week_6:/home/mc2148/auro-practicals/install/week_5:/home/mc2148/auro-practicals/install/week_4:/home/mc2148/auro-practicals/install/week_3:/home/mc2148/auro-practicals/install/week_2:/home/mc2148/auro-practicals/install/week_1:/home/mc2148/auro-practicals/install/tf_relay:/home/mc2148/auro-practicals/install/assessment:/home/mc2148/turtlebot3_ws/install/turtlebot3_teleop:/home/mc2148/turtlebot3_ws/install/turtlebot3_example:/opt/ros/humble /usr/bin/cmake --install /home/mc2148/AURO/Submission/build/solution_interfaces
[3.909s] Level 1:colcon.colcon_core.environment:create_environment_scripts_only(solution_interfaces)
[3.909s] DEBUG:colcon.colcon_core.event_handler.log_command:Invoked command in '/home/mc2148/AURO/Submission/build/solution_interfaces' returned '0': CMAKE_PREFIX_PATH=${CMAKE_PREFIX_PATH}:/home/mc2148/AURO/Submission/install/tf_transformations:/home/mc2148/AURO/Submission/install/solution:/home/mc2148/auro-practicals/install/week_8:/home/mc2148/auro-practicals/install/week_7:/home/mc2148/auro-practicals/install/week_6:/home/mc2148/auro-practicals/install/week_5:/home/mc2148/auro-practicals/install/week_4:/home/mc2148/auro-practicals/install/week_3:/home/mc2148/auro-practicals/install/week_2:/home/mc2148/auro-practicals/install/week_1:/home/mc2148/auro-practicals/install/tf_relay:/home/mc2148/auro-practicals/install/assessment:/home/mc2148/turtlebot3_ws/install/turtlebot3_teleop:/home/mc2148/turtlebot3_ws/install/turtlebot3_example:/opt/ros/humble /usr/bin/cmake --install /home/mc2148/AURO/Submission/build/solution_interfaces
[3.924s] Level 1:colcon.colcon_core.environment:checking '/home/mc2148/AURO/Submission/install/solution_interfaces' for CMake module files
[3.925s] Level 1:colcon.colcon_core.environment:checking '/home/mc2148/AURO/Submission/install/solution_interfaces' for CMake config files
[3.926s] Level 1:colcon.colcon_core.shell:create_environment_hook('solution_interfaces', 'cmake_prefix_path')
[3.945s] INFO:colcon.colcon_core.shell:Creating environment hook '/home/mc2148/AURO/Submission/install/solution_interfaces/share/solution_interfaces/hook/cmake_prefix_path.ps1'
[3.946s] INFO:colcon.colcon_core.shell:Creating environment descriptor '/home/mc2148/AURO/Submission/install/solution_interfaces/share/solution_interfaces/hook/cmake_prefix_path.dsv'
[3.946s] INFO:colcon.colcon_core.shell:Creating environment hook '/home/mc2148/AURO/Submission/install/solution_interfaces/share/solution_interfaces/hook/cmake_prefix_path.sh'
[3.947s] Level 1:colcon.colcon_core.environment:checking '/home/mc2148/AURO/Submission/install/solution_interfaces/lib'
[3.947s] Level 1:colcon.colcon_core.shell:create_environment_hook('solution_interfaces', 'ld_library_path_lib')
[3.977s] INFO:colcon.colcon_core.shell:Creating environment hook '/home/mc2148/AURO/Submission/install/solution_interfaces/share/solution_interfaces/hook/ld_library_path_lib.ps1'
[3.978s] INFO:colcon.colcon_core.shell:Creating environment descriptor '/home/mc2148/AURO/Submission/install/solution_interfaces/share/solution_interfaces/hook/ld_library_path_lib.dsv'
[3.979s] INFO:colcon.colcon_core.shell:Creating environment hook '/home/mc2148/AURO/Submission/install/solution_interfaces/share/solution_interfaces/hook/ld_library_path_lib.sh'
[3.979s] Level 1:colcon.colcon_core.environment:checking '/home/mc2148/AURO/Submission/install/solution_interfaces/bin'
[3.979s] Level 1:colcon.colcon_core.environment:checking '/home/mc2148/AURO/Submission/install/solution_interfaces/lib/pkgconfig/solution_interfaces.pc'
[3.981s] Level 1:colcon.colcon_core.environment:checking '/home/mc2148/AURO/Submission/install/solution_interfaces/lib/python3.10/site-packages'
[3.982s] Level 1:colcon.colcon_core.environment:checking '/home/mc2148/AURO/Submission/install/solution_interfaces/bin'
[4.000s] INFO:colcon.colcon_core.shell:Creating package script '/home/mc2148/AURO/Submission/install/solution_interfaces/share/solution_interfaces/package.ps1'
[4.000s] INFO:colcon.colcon_core.shell:Creating package descriptor '/home/mc2148/AURO/Submission/install/solution_interfaces/share/solution_interfaces/package.dsv'
[4.001s] INFO:colcon.colcon_core.shell:Creating package script '/home/mc2148/AURO/Submission/install/solution_interfaces/share/solution_interfaces/package.sh'
[4.002s] INFO:colcon.colcon_core.shell:Creating package script '/home/mc2148/AURO/Submission/install/solution_interfaces/share/solution_interfaces/package.bash'
[4.003s] INFO:colcon.colcon_core.shell:Creating package script '/home/mc2148/AURO/Submission/install/solution_interfaces/share/solution_interfaces/package.zsh'
[4.004s] Level 1:colcon.colcon_core.environment:create_file_with_runtime_dependencies(/home/mc2148/AURO/Submission/install/solution_interfaces/share/colcon-core/packages/solution_interfaces)
[4.321s] Level 1:colcon.colcon_core.environment:create_environment_scripts_only(solution_interfaces)
[4.336s] Level 1:colcon.colcon_core.environment:checking '/home/mc2148/AURO/Submission/install/solution_interfaces' for CMake module files
[4.337s] Level 1:colcon.colcon_core.environment:checking '/home/mc2148/AURO/Submission/install/solution_interfaces' for CMake config files
[4.337s] Level 1:colcon.colcon_core.shell:create_environment_hook('solution_interfaces', 'cmake_prefix_path')
[4.352s] INFO:colcon.colcon_core.shell:Creating environment hook '/home/mc2148/AURO/Submission/install/solution_interfaces/share/solution_interfaces/hook/cmake_prefix_path.ps1'
[4.353s] INFO:colcon.colcon_core.shell:Creating environment descriptor '/home/mc2148/AURO/Submission/install/solution_interfaces/share/solution_interfaces/hook/cmake_prefix_path.dsv'
[4.353s] INFO:colcon.colcon_core.shell:Creating environment hook '/home/mc2148/AURO/Submission/install/solution_interfaces/share/solution_interfaces/hook/cmake_prefix_path.sh'
[4.354s] Level 1:colcon.colcon_core.environment:checking '/home/mc2148/AURO/Submission/install/solution_interfaces/lib'
[4.354s] Level 1:colcon.colcon_core.shell:create_environment_hook('solution_interfaces', 'ld_library_path_lib')
[4.369s] INFO:colcon.colcon_core.shell:Creating environment hook '/home/mc2148/AURO/Submission/install/solution_interfaces/share/solution_interfaces/hook/ld_library_path_lib.ps1'
[4.370s] INFO:colcon.colcon_core.shell:Creating environment descriptor '/home/mc2148/AURO/Submission/install/solution_interfaces/share/solution_interfaces/hook/ld_library_path_lib.dsv'
[4.370s] INFO:colcon.colcon_core.shell:Creating environment hook '/home/mc2148/AURO/Submission/install/solution_interfaces/share/solution_interfaces/hook/ld_library_path_lib.sh'
[4.371s] Level 1:colcon.colcon_core.environment:checking '/home/mc2148/AURO/Submission/install/solution_interfaces/bin'
[4.371s] Level 1:colcon.colcon_core.environment:checking '/home/mc2148/AURO/Submission/install/solution_interfaces/lib/pkgconfig/solution_interfaces.pc'
[4.371s] Level 1:colcon.colcon_core.environment:checking '/home/mc2148/AURO/Submission/install/solution_interfaces/lib/python3.10/site-packages'
[4.372s] Level 1:colcon.colcon_core.environment:checking '/home/mc2148/AURO/Submission/install/solution_interfaces/bin'
[4.386s] INFO:colcon.colcon_core.shell:Creating package script '/home/mc2148/AURO/Submission/install/solution_interfaces/share/solution_interfaces/package.ps1'
[4.387s] INFO:colcon.colcon_core.shell:Creating package descriptor '/home/mc2148/AURO/Submission/install/solution_interfaces/share/solution_interfaces/package.dsv'
[4.388s] INFO:colcon.colcon_core.shell:Creating package script '/home/mc2148/AURO/Submission/install/solution_interfaces/share/solution_interfaces/package.sh'
[4.388s] INFO:colcon.colcon_core.shell:Creating package script '/home/mc2148/AURO/Submission/install/solution_interfaces/share/solution_interfaces/package.bash'
[4.389s] INFO:colcon.colcon_core.shell:Creating package script '/home/mc2148/AURO/Submission/install/solution_interfaces/share/solution_interfaces/package.zsh'
[4.389s] Level 1:colcon.colcon_core.environment:create_file_with_runtime_dependencies(/home/mc2148/AURO/Submission/install/solution_interfaces/share/colcon-core/packages/solution_interfaces)
[4.390s] DEBUG:colcon.colcon_parallel_executor.executor.parallel:closing loop
[4.390s] DEBUG:colcon.colcon_parallel_executor.executor.parallel:loop closed
[4.392s] DEBUG:colcon.colcon_parallel_executor.executor.parallel:run_until_complete finished with '0'
[4.392s] DEBUG:colcon.colcon_core.event_reactor:joining thread
[4.415s] INFO:colcon.colcon_core.plugin_system:Skipping extension 'colcon_notification.desktop_notification.terminal_notifier': Not used on non-Darwin systems
[4.415s] INFO:colcon.colcon_core.plugin_system:Skipping extension 'colcon_notification.desktop_notification.win32': Not used on non-Windows systems
[4.415s] INFO:colcon.colcon_notification.desktop_notification:Sending desktop notification using 'notify2'
[4.436s] DEBUG:colcon.colcon_core.event_reactor:joined thread
[4.455s] INFO:colcon.colcon_core.shell:Creating prefix script '/home/mc2148/AURO/Submission/install/local_setup.ps1'
[4.456s] INFO:colcon.colcon_core.shell:Creating prefix util module '/home/mc2148/AURO/Submission/install/_local_setup_util_ps1.py'
[4.457s] INFO:colcon.colcon_core.shell:Creating prefix chain script '/home/mc2148/AURO/Submission/install/setup.ps1'
[4.474s] INFO:colcon.colcon_core.shell:Creating prefix script '/home/mc2148/AURO/Submission/install/local_setup.sh'
[4.475s] INFO:colcon.colcon_core.shell:Creating prefix util module '/home/mc2148/AURO/Submission/install/_local_setup_util_sh.py'
[4.476s] INFO:colcon.colcon_core.shell:Creating prefix chain script '/home/mc2148/AURO/Submission/install/setup.sh'
[4.499s] INFO:colcon.colcon_core.shell:Creating prefix script '/home/mc2148/AURO/Submission/install/local_setup.bash'
[4.499s] INFO:colcon.colcon_core.shell:Creating prefix chain script '/home/mc2148/AURO/Submission/install/setup.bash'
[4.517s] INFO:colcon.colcon_core.shell:Creating prefix script '/home/mc2148/AURO/Submission/install/local_setup.zsh'
[4.517s] INFO:colcon.colcon_core.shell:Creating prefix chain script '/home/mc2148/AURO/Submission/install/setup.zsh'
