[1.878s] Invoking command in '/home/mc2148/AURO/GIT-SUBMISSION/AURO/Submission/build/solution_interfaces': CMAKE_PREFIX_PATH=${CMAKE_PREFIX_PATH}:/home/mc2148/turtlebot3_ws/install/turtlebot3_teleop:/home/mc2148/turtlebot3_ws/install/turtlebot3_example:/home/mc2148/AURO/GIT-SUBMISSION/AURO/Submission/install/tf_relay:/home/mc2148/AURO/GIT-SUBMISSION/AURO/Submission/install/solution:/home/mc2148/AURO/GIT-SUBMISSION/AURO/Submission/install/assessment:/opt/ros/humble /usr/bin/cmake --build /home/mc2148/AURO/GIT-SUBMISSION/AURO/Submission/build/solution_interfaces -- -j4 -l4
[2.056s] [  1%] Built target solution_interfaces__cpp
[2.244s] [  1%] Built target ament_cmake_python_copy_solution_interfaces
[2.417s] [ 12%] Built target solution_interfaces__rosidl_typesupport_fastrtps_cpp
[2.576s] [ 23%] Built target solution_interfaces__rosidl_typesupport_introspection_cpp
[3.688s] running egg_info
[3.691s] writing solution_interfaces.egg-info/PKG-INFO
[3.693s] writing dependency_links to solution_interfaces.egg-info/dependency_links.txt
[3.693s] writing top-level names to solution_interfaces.egg-info/top_level.txt
[3.698s] reading manifest file 'solution_interfaces.egg-info/SOURCES.txt'
[3.701s] writing manifest file 'solution_interfaces.egg-info/SOURCES.txt'
[3.801s] [ 23%] Built target ament_cmake_python_build_solution_interfaces_egg
[3.880s] [ 34%] Built target solution_interfaces__rosidl_typesupport_cpp
[3.951s] [ 45%] Built target solution_interfaces__rosidl_generator_c
[4.188s] [ 56%] Built target solution_interfaces__rosidl_typesupport_fastrtps_c
[4.380s] [ 67%] Built target solution_interfaces__rosidl_typesupport_c
[4.494s] [ 78%] Built target solution_interfaces__rosidl_typesupport_introspection_c
[4.618s] [ 78%] Built target solution_interfaces
[4.680s] [ 80%] Built target solution_interfaces__py
[4.872s] [ 89%] Built target solution_interfaces__rosidl_generator_py
[5.036s] [ 92%] Built target solution_interfaces__rosidl_typesupport_fastrtps_c__pyext
[5.117s] [ 96%] Built target solution_interfaces__rosidl_typesupport_c__pyext
[5.193s] [100%] Built target solution_interfaces__rosidl_typesupport_introspection_c__pyext
[5.666s] Invoked command in '/home/mc2148/AURO/GIT-SUBMISSION/AURO/Submission/build/solution_interfaces' returned '0': CMAKE_PREFIX_PATH=${CMAKE_PREFIX_PATH}:/home/mc2148/turtlebot3_ws/install/turtlebot3_teleop:/home/mc2148/turtlebot3_ws/install/turtlebot3_example:/home/mc2148/AURO/GIT-SUBMISSION/AURO/Submission/install/tf_relay:/home/mc2148/AURO/GIT-SUBMISSION/AURO/Submission/install/solution:/home/mc2148/AURO/GIT-SUBMISSION/AURO/Submission/install/assessment:/opt/ros/humble /usr/bin/cmake --build /home/mc2148/AURO/GIT-SUBMISSION/AURO/Submission/build/solution_interfaces -- -j4 -l4
[7.153s] Invoking command in '/home/mc2148/AURO/GIT-SUBMISSION/AURO/Submission/build/solution_interfaces': CMAKE_PREFIX_PATH=${CMAKE_PREFIX_PATH}:/home/mc2148/turtlebot3_ws/install/turtlebot3_teleop:/home/mc2148/turtlebot3_ws/install/turtlebot3_example:/home/mc2148/AURO/GIT-SUBMISSION/AURO/Submission/install/tf_relay:/home/mc2148/AURO/GIT-SUBMISSION/AURO/Submission/install/solution:/home/mc2148/AURO/GIT-SUBMISSION/AURO/Submission/install/assessment:/opt/ros/humble /usr/bin/cmake --install /home/mc2148/AURO/GIT-SUBMISSION/AURO/Submission/build/solution_interfaces
[7.182s] -- Install configuration: ""
[7.183s] -- Up-to-date: /home/mc2148/AURO/GIT-SUBMISSION/AURO/Submission/install/solution_interfaces/share/ament_index/resource_index/rosidl_interfaces/solution_interfaces
[7.184s] -- Up-to-date: /home/mc2148/AURO/GIT-SUBMISSION/AURO/Submission/install/solution_interfaces/include/solution_interfaces/solution_interfaces
[7.184s] -- Up-to-date: /home/mc2148/AURO/GIT-SUBMISSION/AURO/Submission/install/solution_interfaces/include/solution_interfaces/solution_interfaces/msg
[7.184s] -- Up-to-date: /home/mc2148/AURO/GIT-SUBMISSION/AURO/Submission/install/solution_interfaces/include/solution_interfaces/solution_interfaces/msg/example.h
[7.184s] -- Up-to-date: /home/mc2148/AURO/GIT-SUBMISSION/AURO/Submission/install/solution_interfaces/include/solution_interfaces/solution_interfaces/msg/goal_status.h
[7.185s] -- Up-to-date: /home/mc2148/AURO/GIT-SUBMISSION/AURO/Submission/install/solution_interfaces/include/solution_interfaces/solution_interfaces/msg/rosidl_generator_c__visibility_control.h
[7.185s] -- Up-to-date: /home/mc2148/AURO/GIT-SUBMISSION/AURO/Submission/install/solution_interfaces/include/solution_interfaces/solution_interfaces/msg/go_home.h
[7.185s] -- Up-to-date: /home/mc2148/AURO/GIT-SUBMISSION/AURO/Submission/install/solution_interfaces/include/solution_interfaces/solution_interfaces/msg/string_with_pose.h
[7.186s] -- Up-to-date: /home/mc2148/AURO/GIT-SUBMISSION/AURO/Submission/install/solution_interfaces/include/solution_interfaces/solution_interfaces/msg/detail
[7.186s] -- Up-to-date: /home/mc2148/AURO/GIT-SUBMISSION/AURO/Submission/install/solution_interfaces/include/solution_interfaces/solution_interfaces/msg/detail/example__functions.c
[7.186s] -- Up-to-date: /home/mc2148/AURO/GIT-SUBMISSION/AURO/Submission/install/solution_interfaces/include/solution_interfaces/solution_interfaces/msg/detail/goal_status__type_support.h
[7.186s] -- Up-to-date: /home/mc2148/AURO/GIT-SUBMISSION/AURO/Submission/install/solution_interfaces/include/solution_interfaces/solution_interfaces/msg/detail/example__type_support.h
[7.196s] -- Up-to-date: /home/mc2148/AURO/GIT-SUBMISSION/AURO/Submission/install/solution_interfaces/include/solution_interfaces/solution_interfaces/msg/detail/example__struct.h
[7.196s] -- Up-to-date: /home/mc2148/AURO/GIT-SUBMISSION/AURO/Submission/install/solution_interfaces/include/solution_interfaces/solution_interfaces/msg/detail/go_home__type_support.h
[7.197s] -- Up-to-date: /home/mc2148/AURO/GIT-SUBMISSION/AURO/Submission/install/solution_interfaces/include/solution_interfaces/solution_interfaces/msg/detail/goal_status__struct.h
[7.197s] -- Up-to-date: /home/mc2148/AURO/GIT-SUBMISSION/AURO/Submission/install/solution_interfaces/include/solution_interfaces/solution_interfaces/msg/detail/string_with_pose__functions.h
[7.197s] -- Up-to-date: /home/mc2148/AURO/GIT-SUBMISSION/AURO/Submission/install/solution_interfaces/include/solution_interfaces/solution_interfaces/msg/detail/string_with_pose__type_support.h
[7.197s] -- Up-to-date: /home/mc2148/AURO/GIT-SUBMISSION/AURO/Submission/install/solution_interfaces/include/solution_interfaces/solution_interfaces/msg/detail/go_home__struct.h
[7.198s] -- Up-to-date: /home/mc2148/AURO/GIT-SUBMISSION/AURO/Submission/install/solution_interfaces/include/solution_interfaces/solution_interfaces/msg/detail/goal_status__functions.h
[7.198s] -- Up-to-date: /home/mc2148/AURO/GIT-SUBMISSION/AURO/Submission/install/solution_interfaces/include/solution_interfaces/solution_interfaces/msg/detail/string_with_pose__struct.h
[7.198s] -- Up-to-date: /home/mc2148/AURO/GIT-SUBMISSION/AURO/Submission/install/solution_interfaces/include/solution_interfaces/solution_interfaces/msg/detail/string_with_pose__functions.c
[7.198s] -- Up-to-date: /home/mc2148/AURO/GIT-SUBMISSION/AURO/Submission/install/solution_interfaces/include/solution_interfaces/solution_interfaces/msg/detail/goal_status__functions.c
[7.199s] -- Up-to-date: /home/mc2148/AURO/GIT-SUBMISSION/AURO/Submission/install/solution_interfaces/include/solution_interfaces/solution_interfaces/msg/detail/go_home__functions.h
[7.199s] -- Up-to-date: /home/mc2148/AURO/GIT-SUBMISSION/AURO/Submission/install/solution_interfaces/include/solution_interfaces/solution_interfaces/msg/detail/go_home__functions.c
[7.199s] -- Up-to-date: /home/mc2148/AURO/GIT-SUBMISSION/AURO/Submission/install/solution_interfaces/include/solution_interfaces/solution_interfaces/msg/detail/example__functions.h
[7.200s] -- Up-to-date: /home/mc2148/AURO/GIT-SUBMISSION/AURO/Submission/install/solution_interfaces/share/solution_interfaces/environment/library_path.sh
[7.200s] -- Up-to-date: /home/mc2148/AURO/GIT-SUBMISSION/AURO/Submission/install/solution_interfaces/share/solution_interfaces/environment/library_path.dsv
[7.200s] -- Up-to-date: /home/mc2148/AURO/GIT-SUBMISSION/AURO/Submission/install/solution_interfaces/lib/libsolution_interfaces__rosidl_generator_c.so
[7.200s] -- Up-to-date: /home/mc2148/AURO/GIT-SUBMISSION/AURO/Submission/install/solution_interfaces/include/solution_interfaces/solution_interfaces
[7.201s] -- Up-to-date: /home/mc2148/AURO/GIT-SUBMISSION/AURO/Submission/install/solution_interfaces/include/solution_interfaces/solution_interfaces/msg
[7.201s] -- Up-to-date: /home/mc2148/AURO/GIT-SUBMISSION/AURO/Submission/install/solution_interfaces/include/solution_interfaces/solution_interfaces/msg/rosidl_typesupport_fastrtps_c__visibility_control.h
[7.201s] -- Up-to-date: /home/mc2148/AURO/GIT-SUBMISSION/AURO/Submission/install/solution_interfaces/include/solution_interfaces/solution_interfaces/msg/detail
[7.201s] -- Up-to-date: /home/mc2148/AURO/GIT-SUBMISSION/AURO/Submission/install/solution_interfaces/include/solution_interfaces/solution_interfaces/msg/detail/go_home__rosidl_typesupport_fastrtps_c.h
[7.202s] -- Up-to-date: /home/mc2148/AURO/GIT-SUBMISSION/AURO/Submission/install/solution_interfaces/include/solution_interfaces/solution_interfaces/msg/detail/goal_status__rosidl_typesupport_fastrtps_c.h
[7.202s] -- Up-to-date: /home/mc2148/AURO/GIT-SUBMISSION/AURO/Submission/install/solution_interfaces/include/solution_interfaces/solution_interfaces/msg/detail/string_with_pose__rosidl_typesupport_fastrtps_c.h
[7.202s] -- Up-to-date: /home/mc2148/AURO/GIT-SUBMISSION/AURO/Submission/install/solution_interfaces/include/solution_interfaces/solution_interfaces/msg/detail/example__rosidl_typesupport_fastrtps_c.h
[7.202s] -- Up-to-date: /home/mc2148/AURO/GIT-SUBMISSION/AURO/Submission/install/solution_interfaces/lib/libsolution_interfaces__rosidl_typesupport_fastrtps_c.so
[7.203s] -- Up-to-date: /home/mc2148/AURO/GIT-SUBMISSION/AURO/Submission/install/solution_interfaces/include/solution_interfaces/solution_interfaces
[7.203s] -- Up-to-date: /home/mc2148/AURO/GIT-SUBMISSION/AURO/Submission/install/solution_interfaces/include/solution_interfaces/solution_interfaces/msg
[7.203s] -- Up-to-date: /home/mc2148/AURO/GIT-SUBMISSION/AURO/Submission/install/solution_interfaces/include/solution_interfaces/solution_interfaces/msg/string_with_pose.hpp
[7.203s] -- Up-to-date: /home/mc2148/AURO/GIT-SUBMISSION/AURO/Submission/install/solution_interfaces/include/solution_interfaces/solution_interfaces/msg/detail
[7.204s] -- Up-to-date: /home/mc2148/AURO/GIT-SUBMISSION/AURO/Submission/install/solution_interfaces/include/solution_interfaces/solution_interfaces/msg/detail/goal_status__struct.hpp
[7.204s] -- Up-to-date: /home/mc2148/AURO/GIT-SUBMISSION/AURO/Submission/install/solution_interfaces/include/solution_interfaces/solution_interfaces/msg/detail/go_home__traits.hpp
[7.204s] -- Up-to-date: /home/mc2148/AURO/GIT-SUBMISSION/AURO/Submission/install/solution_interfaces/include/solution_interfaces/solution_interfaces/msg/detail/string_with_pose__traits.hpp
[7.204s] -- Up-to-date: /home/mc2148/AURO/GIT-SUBMISSION/AURO/Submission/install/solution_interfaces/include/solution_interfaces/solution_interfaces/msg/detail/string_with_pose__builder.hpp
[7.205s] -- Up-to-date: /home/mc2148/AURO/GIT-SUBMISSION/AURO/Submission/install/solution_interfaces/include/solution_interfaces/solution_interfaces/msg/detail/go_home__struct.hpp
[7.205s] -- Up-to-date: /home/mc2148/AURO/GIT-SUBMISSION/AURO/Submission/install/solution_interfaces/include/solution_interfaces/solution_interfaces/msg/detail/example__traits.hpp
[7.205s] -- Up-to-date: /home/mc2148/AURO/GIT-SUBMISSION/AURO/Submission/install/solution_interfaces/include/solution_interfaces/solution_interfaces/msg/detail/go_home__builder.hpp
[7.205s] -- Up-to-date: /home/mc2148/AURO/GIT-SUBMISSION/AURO/Submission/install/solution_interfaces/include/solution_interfaces/solution_interfaces/msg/detail/example__builder.hpp
[7.206s] -- Up-to-date: /home/mc2148/AURO/GIT-SUBMISSION/AURO/Submission/install/solution_interfaces/include/solution_interfaces/solution_interfaces/msg/detail/example__struct.hpp
[7.206s] -- Up-to-date: /home/mc2148/AURO/GIT-SUBMISSION/AURO/Submission/install/solution_interfaces/include/solution_interfaces/solution_interfaces/msg/detail/goal_status__traits.hpp
[7.206s] -- Up-to-date: /home/mc2148/AURO/GIT-SUBMISSION/AURO/Submission/install/solution_interfaces/include/solution_interfaces/solution_interfaces/msg/detail/goal_status__builder.hpp
[7.206s] -- Up-to-date: /home/mc2148/AURO/GIT-SUBMISSION/AURO/Submission/install/solution_interfaces/include/solution_interfaces/solution_interfaces/msg/detail/string_with_pose__struct.hpp
[7.206s] -- Up-to-date: /home/mc2148/AURO/GIT-SUBMISSION/AURO/Submission/install/solution_interfaces/include/solution_interfaces/solution_interfaces/msg/goal_status.hpp
[7.207s] -- Up-to-date: /home/mc2148/AURO/GIT-SUBMISSION/AURO/Submission/install/solution_interfaces/include/solution_interfaces/solution_interfaces/msg/example.hpp
[7.207s] -- Up-to-date: /home/mc2148/AURO/GIT-SUBMISSION/AURO/Submission/install/solution_interfaces/include/solution_interfaces/solution_interfaces/msg/go_home.hpp
[7.207s] -- Up-to-date: /home/mc2148/AURO/GIT-SUBMISSION/AURO/Submission/install/solution_interfaces/include/solution_interfaces/solution_interfaces
[7.208s] -- Up-to-date: /home/mc2148/AURO/GIT-SUBMISSION/AURO/Submission/install/solution_interfaces/include/solution_interfaces/solution_interfaces/msg
[7.208s] -- Up-to-date: /home/mc2148/AURO/GIT-SUBMISSION/AURO/Submission/install/solution_interfaces/include/solution_interfaces/solution_interfaces/msg/rosidl_typesupport_fastrtps_cpp__visibility_control.h
[7.208s] -- Up-to-date: /home/mc2148/AURO/GIT-SUBMISSION/AURO/Submission/install/solution_interfaces/include/solution_interfaces/solution_interfaces/msg/detail
[7.208s] -- Up-to-date: /home/mc2148/AURO/GIT-SUBMISSION/AURO/Submission/install/solution_interfaces/include/solution_interfaces/solution_interfaces/msg/detail/go_home__rosidl_typesupport_fastrtps_cpp.hpp
[7.209s] -- Up-to-date: /home/mc2148/AURO/GIT-SUBMISSION/AURO/Submission/install/solution_interfaces/include/solution_interfaces/solution_interfaces/msg/detail/example__rosidl_typesupport_fastrtps_cpp.hpp
[7.209s] -- Up-to-date: /home/mc2148/AURO/GIT-SUBMISSION/AURO/Submission/install/solution_interfaces/include/solution_interfaces/solution_interfaces/msg/detail/dds_fastrtps
[7.209s] -- Up-to-date: /home/mc2148/AURO/GIT-SUBMISSION/AURO/Submission/install/solution_interfaces/include/solution_interfaces/solution_interfaces/msg/detail/goal_status__rosidl_typesupport_fastrtps_cpp.hpp
[7.209s] -- Up-to-date: /home/mc2148/AURO/GIT-SUBMISSION/AURO/Submission/install/solution_interfaces/include/solution_interfaces/solution_interfaces/msg/detail/string_with_pose__rosidl_typesupport_fastrtps_cpp.hpp
[7.210s] -- Up-to-date: /home/mc2148/AURO/GIT-SUBMISSION/AURO/Submission/install/solution_interfaces/lib/libsolution_interfaces__rosidl_typesupport_fastrtps_cpp.so
[7.210s] -- Up-to-date: /home/mc2148/AURO/GIT-SUBMISSION/AURO/Submission/install/solution_interfaces/include/solution_interfaces/solution_interfaces
[7.210s] -- Up-to-date: /home/mc2148/AURO/GIT-SUBMISSION/AURO/Submission/install/solution_interfaces/include/solution_interfaces/solution_interfaces/msg
[7.210s] -- Up-to-date: /home/mc2148/AURO/GIT-SUBMISSION/AURO/Submission/install/solution_interfaces/include/solution_interfaces/solution_interfaces/msg/rosidl_typesupport_introspection_c__visibility_control.h
[7.211s] -- Up-to-date: /home/mc2148/AURO/GIT-SUBMISSION/AURO/Submission/install/solution_interfaces/include/solution_interfaces/solution_interfaces/msg/detail
[7.211s] -- Up-to-date: /home/mc2148/AURO/GIT-SUBMISSION/AURO/Submission/install/solution_interfaces/include/solution_interfaces/solution_interfaces/msg/detail/go_home__rosidl_typesupport_introspection_c.h
[7.223s] -- Up-to-date: /home/mc2148/AURO/GIT-SUBMISSION/AURO/Submission/install/solution_interfaces/include/solution_interfaces/solution_interfaces/msg/detail/goal_status__rosidl_typesupport_introspection_c.h
[7.224s] -- Up-to-date: /home/mc2148/AURO/GIT-SUBMISSION/AURO/Submission/install/solution_interfaces/include/solution_interfaces/solution_interfaces/msg/detail/go_home__type_support.c
[7.224s] -- Up-to-date: /home/mc2148/AURO/GIT-SUBMISSION/AURO/Submission/install/solution_interfaces/include/solution_interfaces/solution_interfaces/msg/detail/example__rosidl_typesupport_introspection_c.h
[7.224s] -- Up-to-date: /home/mc2148/AURO/GIT-SUBMISSION/AURO/Submission/install/solution_interfaces/include/solution_interfaces/solution_interfaces/msg/detail/goal_status__type_support.c
[7.225s] -- Up-to-date: /home/mc2148/AURO/GIT-SUBMISSION/AURO/Submission/install/solution_interfaces/include/solution_interfaces/solution_interfaces/msg/detail/string_with_pose__rosidl_typesupport_introspection_c.h
[7.225s] -- Up-to-date: /home/mc2148/AURO/GIT-SUBMISSION/AURO/Submission/install/solution_interfaces/include/solution_interfaces/solution_interfaces/msg/detail/string_with_pose__type_support.c
[7.230s] -- Up-to-date: /home/mc2148/AURO/GIT-SUBMISSION/AURO/Submission/install/solution_interfaces/include/solution_interfaces/solution_interfaces/msg/detail/example__type_support.c
[7.230s] -- Up-to-date: /home/mc2148/AURO/GIT-SUBMISSION/AURO/Submission/install/solution_interfaces/lib/libsolution_interfaces__rosidl_typesupport_introspection_c.so
[7.231s] -- Up-to-date: /home/mc2148/AURO/GIT-SUBMISSION/AURO/Submission/install/solution_interfaces/lib/libsolution_interfaces__rosidl_typesupport_c.so
[7.231s] -- Up-to-date: /home/mc2148/AURO/GIT-SUBMISSION/AURO/Submission/install/solution_interfaces/include/solution_interfaces/solution_interfaces
[7.231s] -- Up-to-date: /home/mc2148/AURO/GIT-SUBMISSION/AURO/Submission/install/solution_interfaces/include/solution_interfaces/solution_interfaces/msg
[7.232s] -- Up-to-date: /home/mc2148/AURO/GIT-SUBMISSION/AURO/Submission/install/solution_interfaces/include/solution_interfaces/solution_interfaces/msg/detail
[7.232s] -- Up-to-date: /home/mc2148/AURO/GIT-SUBMISSION/AURO/Submission/install/solution_interfaces/include/solution_interfaces/solution_interfaces/msg/detail/string_with_pose__rosidl_typesupport_introspection_cpp.hpp
[7.232s] -- Up-to-date: /home/mc2148/AURO/GIT-SUBMISSION/AURO/Submission/install/solution_interfaces/include/solution_interfaces/solution_interfaces/msg/detail/example__rosidl_typesupport_introspection_cpp.hpp
[7.232s] -- Up-to-date: /home/mc2148/AURO/GIT-SUBMISSION/AURO/Submission/install/solution_interfaces/include/solution_interfaces/solution_interfaces/msg/detail/goal_status__rosidl_typesupport_introspection_cpp.hpp
[7.233s] -- Up-to-date: /home/mc2148/AURO/GIT-SUBMISSION/AURO/Submission/install/solution_interfaces/include/solution_interfaces/solution_interfaces/msg/detail/go_home__rosidl_typesupport_introspection_cpp.hpp
[7.233s] -- Up-to-date: /home/mc2148/AURO/GIT-SUBMISSION/AURO/Submission/install/solution_interfaces/include/solution_interfaces/solution_interfaces/msg/detail/go_home__type_support.cpp
[7.233s] -- Up-to-date: /home/mc2148/AURO/GIT-SUBMISSION/AURO/Submission/install/solution_interfaces/include/solution_interfaces/solution_interfaces/msg/detail/example__type_support.cpp
[7.233s] -- Up-to-date: /home/mc2148/AURO/GIT-SUBMISSION/AURO/Submission/install/solution_interfaces/include/solution_interfaces/solution_interfaces/msg/detail/goal_status__type_support.cpp
[7.234s] -- Up-to-date: /home/mc2148/AURO/GIT-SUBMISSION/AURO/Submission/install/solution_interfaces/include/solution_interfaces/solution_interfaces/msg/detail/string_with_pose__type_support.cpp
[7.234s] -- Up-to-date: /home/mc2148/AURO/GIT-SUBMISSION/AURO/Submission/install/solution_interfaces/lib/libsolution_interfaces__rosidl_typesupport_introspection_cpp.so
[7.234s] -- Up-to-date: /home/mc2148/AURO/GIT-SUBMISSION/AURO/Submission/install/solution_interfaces/lib/libsolution_interfaces__rosidl_typesupport_cpp.so
[7.234s] -- Up-to-date: /home/mc2148/AURO/GIT-SUBMISSION/AURO/Submission/install/solution_interfaces/share/solution_interfaces/environment/pythonpath.sh
[7.235s] -- Up-to-date: /home/mc2148/AURO/GIT-SUBMISSION/AURO/Submission/install/solution_interfaces/share/solution_interfaces/environment/pythonpath.dsv
[7.248s] -- Up-to-date: /home/mc2148/AURO/GIT-SUBMISSION/AURO/Submission/install/solution_interfaces/local/lib/python3.10/dist-packages/solution_interfaces-0.0.0-py3.10.egg-info
[7.248s] -- Installing: /home/mc2148/AURO/GIT-SUBMISSION/AURO/Submission/install/solution_interfaces/local/lib/python3.10/dist-packages/solution_interfaces-0.0.0-py3.10.egg-info/top_level.txt
[7.248s] -- Installing: /home/mc2148/AURO/GIT-SUBMISSION/AURO/Submission/install/solution_interfaces/local/lib/python3.10/dist-packages/solution_interfaces-0.0.0-py3.10.egg-info/PKG-INFO
[7.249s] -- Installing: /home/mc2148/AURO/GIT-SUBMISSION/AURO/Submission/install/solution_interfaces/local/lib/python3.10/dist-packages/solution_interfaces-0.0.0-py3.10.egg-info/SOURCES.txt
[7.249s] -- Installing: /home/mc2148/AURO/GIT-SUBMISSION/AURO/Submission/install/solution_interfaces/local/lib/python3.10/dist-packages/solution_interfaces-0.0.0-py3.10.egg-info/dependency_links.txt
[7.249s] -- Up-to-date: /home/mc2148/AURO/GIT-SUBMISSION/AURO/Submission/install/solution_interfaces/local/lib/python3.10/dist-packages/solution_interfaces
[7.249s] -- Up-to-date: /home/mc2148/AURO/GIT-SUBMISSION/AURO/Submission/install/solution_interfaces/local/lib/python3.10/dist-packages/solution_interfaces/solution_interfaces_s__rosidl_typesupport_introspection_c.cpython-310-x86_64-linux-gnu.so
[7.250s] -- Up-to-date: /home/mc2148/AURO/GIT-SUBMISSION/AURO/Submission/install/solution_interfaces/local/lib/python3.10/dist-packages/solution_interfaces/_solution_interfaces_s.ep.rosidl_typesupport_c.c
[7.250s] -- Up-to-date: /home/mc2148/AURO/GIT-SUBMISSION/AURO/Submission/install/solution_interfaces/local/lib/python3.10/dist-packages/solution_interfaces/_solution_interfaces_s.ep.rosidl_typesupport_fastrtps_c.c
[7.250s] -- Up-to-date: /home/mc2148/AURO/GIT-SUBMISSION/AURO/Submission/install/solution_interfaces/local/lib/python3.10/dist-packages/solution_interfaces/__init__.py
[7.250s] -- Up-to-date: /home/mc2148/AURO/GIT-SUBMISSION/AURO/Submission/install/solution_interfaces/local/lib/python3.10/dist-packages/solution_interfaces/libsolution_interfaces__rosidl_generator_py.so
[7.251s] -- Up-to-date: /home/mc2148/AURO/GIT-SUBMISSION/AURO/Submission/install/solution_interfaces/local/lib/python3.10/dist-packages/solution_interfaces/solution_interfaces_s__rosidl_typesupport_fastrtps_c.cpython-310-x86_64-linux-gnu.so
[7.251s] -- Up-to-date: /home/mc2148/AURO/GIT-SUBMISSION/AURO/Submission/install/solution_interfaces/local/lib/python3.10/dist-packages/solution_interfaces/msg
[7.251s] -- Up-to-date: /home/mc2148/AURO/GIT-SUBMISSION/AURO/Submission/install/solution_interfaces/local/lib/python3.10/dist-packages/solution_interfaces/msg/_string_with_pose_s.c
[7.251s] -- Up-to-date: /home/mc2148/AURO/GIT-SUBMISSION/AURO/Submission/install/solution_interfaces/local/lib/python3.10/dist-packages/solution_interfaces/msg/_example_s.c
[7.252s] -- Up-to-date: /home/mc2148/AURO/GIT-SUBMISSION/AURO/Submission/install/solution_interfaces/local/lib/python3.10/dist-packages/solution_interfaces/msg/_goal_status.py
[7.252s] -- Up-to-date: /home/mc2148/AURO/GIT-SUBMISSION/AURO/Submission/install/solution_interfaces/local/lib/python3.10/dist-packages/solution_interfaces/msg/_example.py
[7.252s] -- Up-to-date: /home/mc2148/AURO/GIT-SUBMISSION/AURO/Submission/install/solution_interfaces/local/lib/python3.10/dist-packages/solution_interfaces/msg/_string_with_pose.py
[7.252s] -- Up-to-date: /home/mc2148/AURO/GIT-SUBMISSION/AURO/Submission/install/solution_interfaces/local/lib/python3.10/dist-packages/solution_interfaces/msg/_go_home_s.c
[7.253s] -- Up-to-date: /home/mc2148/AURO/GIT-SUBMISSION/AURO/Submission/install/solution_interfaces/local/lib/python3.10/dist-packages/solution_interfaces/msg/_go_home.py
[7.253s] -- Up-to-date: /home/mc2148/AURO/GIT-SUBMISSION/AURO/Submission/install/solution_interfaces/local/lib/python3.10/dist-packages/solution_interfaces/msg/__init__.py
[7.253s] -- Up-to-date: /home/mc2148/AURO/GIT-SUBMISSION/AURO/Submission/install/solution_interfaces/local/lib/python3.10/dist-packages/solution_interfaces/msg/_goal_status_s.c
[7.254s] -- Up-to-date: /home/mc2148/AURO/GIT-SUBMISSION/AURO/Submission/install/solution_interfaces/local/lib/python3.10/dist-packages/solution_interfaces/_solution_interfaces_s.ep.rosidl_typesupport_introspection_c.c
[7.254s] -- Up-to-date: /home/mc2148/AURO/GIT-SUBMISSION/AURO/Submission/install/solution_interfaces/local/lib/python3.10/dist-packages/solution_interfaces/solution_interfaces_s__rosidl_typesupport_c.cpython-310-x86_64-linux-gnu.so
[7.349s] Listing '/home/mc2148/AURO/GIT-SUBMISSION/AURO/Submission/install/solution_interfaces/local/lib/python3.10/dist-packages/solution_interfaces'...
[7.350s] Listing '/home/mc2148/AURO/GIT-SUBMISSION/AURO/Submission/install/solution_interfaces/local/lib/python3.10/dist-packages/solution_interfaces/msg'...
[7.364s] -- Up-to-date: /home/mc2148/AURO/GIT-SUBMISSION/AURO/Submission/install/solution_interfaces/local/lib/python3.10/dist-packages/solution_interfaces/solution_interfaces_s__rosidl_typesupport_fastrtps_c.cpython-310-x86_64-linux-gnu.so
[7.365s] -- Up-to-date: /home/mc2148/AURO/GIT-SUBMISSION/AURO/Submission/install/solution_interfaces/local/lib/python3.10/dist-packages/solution_interfaces/solution_interfaces_s__rosidl_typesupport_introspection_c.cpython-310-x86_64-linux-gnu.so
[7.366s] -- Up-to-date: /home/mc2148/AURO/GIT-SUBMISSION/AURO/Submission/install/solution_interfaces/local/lib/python3.10/dist-packages/solution_interfaces/solution_interfaces_s__rosidl_typesupport_c.cpython-310-x86_64-linux-gnu.so
[7.367s] -- Up-to-date: /home/mc2148/AURO/GIT-SUBMISSION/AURO/Submission/install/solution_interfaces/lib/libsolution_interfaces__rosidl_generator_py.so
[7.368s] -- Up-to-date: /home/mc2148/AURO/GIT-SUBMISSION/AURO/Submission/install/solution_interfaces/share/solution_interfaces/msg/Example.idl
[7.368s] -- Up-to-date: /home/mc2148/AURO/GIT-SUBMISSION/AURO/Submission/install/solution_interfaces/share/solution_interfaces/msg/GoalStatus.idl
[7.369s] -- Up-to-date: /home/mc2148/AURO/GIT-SUBMISSION/AURO/Submission/install/solution_interfaces/share/solution_interfaces/msg/GoHome.idl
[7.369s] -- Up-to-date: /home/mc2148/AURO/GIT-SUBMISSION/AURO/Submission/install/solution_interfaces/share/solution_interfaces/msg/StringWithPose.idl
[7.370s] -- Up-to-date: /home/mc2148/AURO/GIT-SUBMISSION/AURO/Submission/install/solution_interfaces/share/solution_interfaces/msg/Example.msg
[7.370s] -- Up-to-date: /home/mc2148/AURO/GIT-SUBMISSION/AURO/Submission/install/solution_interfaces/share/solution_interfaces/msg/GoalStatus.msg
[7.371s] -- Up-to-date: /home/mc2148/AURO/GIT-SUBMISSION/AURO/Submission/install/solution_interfaces/share/solution_interfaces/msg/GoHome.msg
[7.371s] -- Up-to-date: /home/mc2148/AURO/GIT-SUBMISSION/AURO/Submission/install/solution_interfaces/share/solution_interfaces/msg/StringWithPose.msg
[7.371s] -- Up-to-date: /home/mc2148/AURO/GIT-SUBMISSION/AURO/Submission/install/solution_interfaces/share/ament_index/resource_index/package_run_dependencies/solution_interfaces
[7.372s] -- Up-to-date: /home/mc2148/AURO/GIT-SUBMISSION/AURO/Submission/install/solution_interfaces/share/ament_index/resource_index/parent_prefix_path/solution_interfaces
[7.372s] -- Up-to-date: /home/mc2148/AURO/GIT-SUBMISSION/AURO/Submission/install/solution_interfaces/share/solution_interfaces/environment/ament_prefix_path.sh
[7.373s] -- Up-to-date: /home/mc2148/AURO/GIT-SUBMISSION/AURO/Submission/install/solution_interfaces/share/solution_interfaces/environment/ament_prefix_path.dsv
[7.373s] -- Up-to-date: /home/mc2148/AURO/GIT-SUBMISSION/AURO/Submission/install/solution_interfaces/share/solution_interfaces/environment/path.sh
[7.373s] -- Up-to-date: /home/mc2148/AURO/GIT-SUBMISSION/AURO/Submission/install/solution_interfaces/share/solution_interfaces/environment/path.dsv
[7.374s] -- Up-to-date: /home/mc2148/AURO/GIT-SUBMISSION/AURO/Submission/install/solution_interfaces/share/solution_interfaces/local_setup.bash
[7.374s] -- Up-to-date: /home/mc2148/AURO/GIT-SUBMISSION/AURO/Submission/install/solution_interfaces/share/solution_interfaces/local_setup.sh
[7.375s] -- Up-to-date: /home/mc2148/AURO/GIT-SUBMISSION/AURO/Submission/install/solution_interfaces/share/solution_interfaces/local_setup.zsh
[7.375s] -- Up-to-date: /home/mc2148/AURO/GIT-SUBMISSION/AURO/Submission/install/solution_interfaces/share/solution_interfaces/local_setup.dsv
[7.375s] -- Installing: /home/mc2148/AURO/GIT-SUBMISSION/AURO/Submission/install/solution_interfaces/share/solution_interfaces/package.dsv
[7.376s] -- Up-to-date: /home/mc2148/AURO/GIT-SUBMISSION/AURO/Submission/install/solution_interfaces/share/ament_index/resource_index/packages/solution_interfaces
[7.376s] -- Up-to-date: /home/mc2148/AURO/GIT-SUBMISSION/AURO/Submission/install/solution_interfaces/share/solution_interfaces/cmake/export_solution_interfaces__rosidl_generator_cExport.cmake
[7.376s] -- Up-to-date: /home/mc2148/AURO/GIT-SUBMISSION/AURO/Submission/install/solution_interfaces/share/solution_interfaces/cmake/export_solution_interfaces__rosidl_generator_cExport-noconfig.cmake
[7.376s] -- Up-to-date: /home/mc2148/AURO/GIT-SUBMISSION/AURO/Submission/install/solution_interfaces/share/solution_interfaces/cmake/export_solution_interfaces__rosidl_typesupport_fastrtps_cExport.cmake
[7.382s] -- Up-to-date: /home/mc2148/AURO/GIT-SUBMISSION/AURO/Submission/install/solution_interfaces/share/solution_interfaces/cmake/export_solution_interfaces__rosidl_typesupport_fastrtps_cExport-noconfig.cmake
[7.383s] -- Up-to-date: /home/mc2148/AURO/GIT-SUBMISSION/AURO/Submission/install/solution_interfaces/share/solution_interfaces/cmake/export_solution_interfaces__rosidl_generator_cppExport.cmake
[7.383s] -- Up-to-date: /home/mc2148/AURO/GIT-SUBMISSION/AURO/Submission/install/solution_interfaces/share/solution_interfaces/cmake/export_solution_interfaces__rosidl_typesupport_fastrtps_cppExport.cmake
[7.383s] -- Up-to-date: /home/mc2148/AURO/GIT-SUBMISSION/AURO/Submission/install/solution_interfaces/share/solution_interfaces/cmake/export_solution_interfaces__rosidl_typesupport_fastrtps_cppExport-noconfig.cmake
[7.384s] -- Up-to-date: /home/mc2148/AURO/GIT-SUBMISSION/AURO/Submission/install/solution_interfaces/share/solution_interfaces/cmake/solution_interfaces__rosidl_typesupport_introspection_cExport.cmake
[7.384s] -- Up-to-date: /home/mc2148/AURO/GIT-SUBMISSION/AURO/Submission/install/solution_interfaces/share/solution_interfaces/cmake/solution_interfaces__rosidl_typesupport_introspection_cExport-noconfig.cmake
[7.384s] -- Up-to-date: /home/mc2148/AURO/GIT-SUBMISSION/AURO/Submission/install/solution_interfaces/share/solution_interfaces/cmake/solution_interfaces__rosidl_typesupport_cExport.cmake
[7.385s] -- Up-to-date: /home/mc2148/AURO/GIT-SUBMISSION/AURO/Submission/install/solution_interfaces/share/solution_interfaces/cmake/solution_interfaces__rosidl_typesupport_cExport-noconfig.cmake
[7.385s] -- Up-to-date: /home/mc2148/AURO/GIT-SUBMISSION/AURO/Submission/install/solution_interfaces/share/solution_interfaces/cmake/solution_interfaces__rosidl_typesupport_introspection_cppExport.cmake
[7.385s] -- Up-to-date: /home/mc2148/AURO/GIT-SUBMISSION/AURO/Submission/install/solution_interfaces/share/solution_interfaces/cmake/solution_interfaces__rosidl_typesupport_introspection_cppExport-noconfig.cmake
[7.392s] -- Up-to-date: /home/mc2148/AURO/GIT-SUBMISSION/AURO/Submission/install/solution_interfaces/share/solution_interfaces/cmake/solution_interfaces__rosidl_typesupport_cppExport.cmake
[7.408s] -- Up-to-date: /home/mc2148/AURO/GIT-SUBMISSION/AURO/Submission/install/solution_interfaces/share/solution_interfaces/cmake/solution_interfaces__rosidl_typesupport_cppExport-noconfig.cmake
[7.408s] -- Up-to-date: /home/mc2148/AURO/GIT-SUBMISSION/AURO/Submission/install/solution_interfaces/share/solution_interfaces/cmake/export_solution_interfaces__rosidl_generator_pyExport.cmake
[7.409s] -- Up-to-date: /home/mc2148/AURO/GIT-SUBMISSION/AURO/Submission/install/solution_interfaces/share/solution_interfaces/cmake/export_solution_interfaces__rosidl_generator_pyExport-noconfig.cmake
[7.409s] -- Up-to-date: /home/mc2148/AURO/GIT-SUBMISSION/AURO/Submission/install/solution_interfaces/share/solution_interfaces/cmake/rosidl_cmake-extras.cmake
[7.409s] -- Up-to-date: /home/mc2148/AURO/GIT-SUBMISSION/AURO/Submission/install/solution_interfaces/share/solution_interfaces/cmake/ament_cmake_export_dependencies-extras.cmake
[7.409s] -- Up-to-date: /home/mc2148/AURO/GIT-SUBMISSION/AURO/Submission/install/solution_interfaces/share/solution_interfaces/cmake/ament_cmake_export_include_directories-extras.cmake
[7.409s] -- Up-to-date: /home/mc2148/AURO/GIT-SUBMISSION/AURO/Submission/install/solution_interfaces/share/solution_interfaces/cmake/ament_cmake_export_libraries-extras.cmake
[7.410s] -- Up-to-date: /home/mc2148/AURO/GIT-SUBMISSION/AURO/Submission/install/solution_interfaces/share/solution_interfaces/cmake/ament_cmake_export_targets-extras.cmake
[7.410s] -- Up-to-date: /home/mc2148/AURO/GIT-SUBMISSION/AURO/Submission/install/solution_interfaces/share/solution_interfaces/cmake/rosidl_cmake_export_typesupport_targets-extras.cmake
[7.410s] -- Up-to-date: /home/mc2148/AURO/GIT-SUBMISSION/AURO/Submission/install/solution_interfaces/share/solution_interfaces/cmake/rosidl_cmake_export_typesupport_libraries-extras.cmake
[7.410s] -- Up-to-date: /home/mc2148/AURO/GIT-SUBMISSION/AURO/Submission/install/solution_interfaces/share/solution_interfaces/cmake/solution_interfacesConfig.cmake
[7.410s] -- Up-to-date: /home/mc2148/AURO/GIT-SUBMISSION/AURO/Submission/install/solution_interfaces/share/solution_interfaces/cmake/solution_interfacesConfig-version.cmake
[7.410s] -- Up-to-date: /home/mc2148/AURO/GIT-SUBMISSION/AURO/Submission/install/solution_interfaces/share/solution_interfaces/package.xml
[7.411s] Invoked command in '/home/mc2148/AURO/GIT-SUBMISSION/AURO/Submission/build/solution_interfaces' returned '0': CMAKE_PREFIX_PATH=${CMAKE_PREFIX_PATH}:/home/mc2148/turtlebot3_ws/install/turtlebot3_teleop:/home/mc2148/turtlebot3_ws/install/turtlebot3_example:/home/mc2148/AURO/GIT-SUBMISSION/AURO/Submission/install/tf_relay:/home/mc2148/AURO/GIT-SUBMISSION/AURO/Submission/install/solution:/home/mc2148/AURO/GIT-SUBMISSION/AURO/Submission/install/assessment:/opt/ros/humble /usr/bin/cmake --install /home/mc2148/AURO/GIT-SUBMISSION/AURO/Submission/build/solution_interfaces
