[2.427s] DEBUG:colcon:Command line arguments: ['/usr/bin/colcon', 'build']
[2.428s] DEBUG:colcon:Parsed command line arguments: Namespace(log_base=None, log_level=None, verb_name='build', build_base='build', install_base='install', merge_install=False, symlink_install=False, test_result_base=None, continue_on_error=False, executor='parallel', parallel_workers=4, event_handlers=None, ignore_user_meta=False, metas=['./colcon.meta'], base_paths=['.'], packages_ignore=None, packages_ignore_regex=None, paths=None, packages_up_to=None, packages_up_to_regex=None, packages_above=None, packages_above_and_dependencies=None, packages_above_depth=None, packages_select_by_dep=None, packages_skip_by_dep=None, packages_skip_up_to=None, packages_select_build_failed=False, packages_skip_build_finished=False, packages_select_test_failures=False, packages_skip_test_passed=False, packages_select=None, packages_skip=None, packages_select_regex=None, packages_skip_regex=None, packages_start=None, packages_end=None, allow_overriding=[], cmake_args=None, cmake_target=None, cmake_target_skip_unavailable=False, cmake_clean_cache=False, cmake_clean_first=False, cmake_force_configure=False, ament_cmake_args=None, catkin_cmake_args=None, catkin_skip_building_tests=False, verb_parser=<colcon_defaults.argument_parser.defaults.DefaultArgumentsDecorator object at 0x7ffa44310a30>, verb_extension=<colcon_core.verb.build.BuildVerb object at 0x7ffa443108e0>, main=<bound method BuildVerb.main of <colcon_core.verb.build.BuildVerb object at 0x7ffa443108e0>>)
[2.535s] Level 1:colcon.colcon_core.package_discovery:discover_packages(colcon_meta) check parameters
[2.535s] Level 1:colcon.colcon_core.package_discovery:discover_packages(recursive) check parameters
[2.535s] Level 1:colcon.colcon_core.package_discovery:discover_packages(ignore) check parameters
[2.535s] Level 1:colcon.colcon_core.package_discovery:discover_packages(path) check parameters
[2.535s] Level 1:colcon.colcon_core.package_discovery:discover_packages(colcon_meta) discover
[2.535s] Level 1:colcon.colcon_core.package_discovery:discover_packages(recursive) discover
[2.535s] INFO:colcon.colcon_core.package_discovery:Crawling recursively for packages in '/home/mc2148/AURO/GIT-SUBMISSION/AURO/Submission'
[2.536s] Level 1:colcon.colcon_core.package_identification:_identify(.) by extensions ['ignore', 'ignore_ament_install']
[2.536s] Level 1:colcon.colcon_core.package_identification:_identify(.) by extension 'ignore'
[2.536s] Level 1:colcon.colcon_core.package_identification:_identify(.) by extension 'ignore_ament_install'
[2.536s] Level 1:colcon.colcon_core.package_identification:_identify(.) by extensions ['colcon_pkg']
[2.536s] Level 1:colcon.colcon_core.package_identification:_identify(.) by extension 'colcon_pkg'
[2.536s] Level 1:colcon.colcon_core.package_identification:_identify(.) by extensions ['colcon_meta']
[2.536s] Level 1:colcon.colcon_core.package_identification:_identify(.) by extension 'colcon_meta'
[2.536s] Level 1:colcon.colcon_core.package_identification:_identify(.) by extensions ['ros']
[2.537s] Level 1:colcon.colcon_core.package_identification:_identify(.) by extension 'ros'
[2.559s] Level 1:colcon.colcon_core.package_identification:_identify(.) by extensions ['cmake', 'python']
[2.559s] Level 1:colcon.colcon_core.package_identification:_identify(.) by extension 'cmake'
[2.559s] Level 1:colcon.colcon_core.package_identification:_identify(.) by extension 'python'
[2.559s] Level 1:colcon.colcon_core.package_identification:_identify(.) by extensions ['python_setup_py']
[2.559s] Level 1:colcon.colcon_core.package_identification:_identify(.) by extension 'python_setup_py'
[2.560s] Level 1:colcon.colcon_core.package_identification:_identify(build) by extensions ['ignore', 'ignore_ament_install']
[2.560s] Level 1:colcon.colcon_core.package_identification:_identify(build) by extension 'ignore'
[2.560s] Level 1:colcon.colcon_core.package_identification:_identify(build) ignored
[2.560s] Level 1:colcon.colcon_core.package_identification:_identify(install) by extensions ['ignore', 'ignore_ament_install']
[2.561s] Level 1:colcon.colcon_core.package_identification:_identify(install) by extension 'ignore'
[2.561s] Level 1:colcon.colcon_core.package_identification:_identify(install) ignored
[2.561s] Level 1:colcon.colcon_core.package_identification:_identify(log) by extensions ['ignore', 'ignore_ament_install']
[2.561s] Level 1:colcon.colcon_core.package_identification:_identify(log) by extension 'ignore'
[2.561s] Level 1:colcon.colcon_core.package_identification:_identify(log) ignored
[2.561s] Level 1:colcon.colcon_core.package_identification:_identify(src) by extensions ['ignore', 'ignore_ament_install']
[2.561s] Level 1:colcon.colcon_core.package_identification:_identify(src) by extension 'ignore'
[2.562s] Level 1:colcon.colcon_core.package_identification:_identify(src) by extension 'ignore_ament_install'
[2.562s] Level 1:colcon.colcon_core.package_identification:_identify(src) by extensions ['colcon_pkg']
[2.562s] Level 1:colcon.colcon_core.package_identification:_identify(src) by extension 'colcon_pkg'
[2.562s] Level 1:colcon.colcon_core.package_identification:_identify(src) by extensions ['colcon_meta']
[2.562s] Level 1:colcon.colcon_core.package_identification:_identify(src) by extension 'colcon_meta'
[2.562s] Level 1:colcon.colcon_core.package_identification:_identify(src) by extensions ['ros']
[2.562s] Level 1:colcon.colcon_core.package_identification:_identify(src) by extension 'ros'
[2.562s] Level 1:colcon.colcon_core.package_identification:_identify(src) by extensions ['cmake', 'python']
[2.562s] Level 1:colcon.colcon_core.package_identification:_identify(src) by extension 'cmake'
[2.563s] Level 1:colcon.colcon_core.package_identification:_identify(src) by extension 'python'
[2.563s] Level 1:colcon.colcon_core.package_identification:_identify(src) by extensions ['python_setup_py']
[2.563s] Level 1:colcon.colcon_core.package_identification:_identify(src) by extension 'python_setup_py'
[2.563s] Level 1:colcon.colcon_core.package_identification:_identify(src/assessment) by extensions ['ignore', 'ignore_ament_install']
[2.563s] Level 1:colcon.colcon_core.package_identification:_identify(src/assessment) by extension 'ignore'
[2.563s] Level 1:colcon.colcon_core.package_identification:_identify(src/assessment) by extension 'ignore_ament_install'
[2.563s] Level 1:colcon.colcon_core.package_identification:_identify(src/assessment) by extensions ['colcon_pkg']
[2.563s] Level 1:colcon.colcon_core.package_identification:_identify(src/assessment) by extension 'colcon_pkg'
[2.563s] Level 1:colcon.colcon_core.package_identification:_identify(src/assessment) by extensions ['colcon_meta']
[2.564s] Level 1:colcon.colcon_core.package_identification:_identify(src/assessment) by extension 'colcon_meta'
[2.564s] Level 1:colcon.colcon_core.package_identification:_identify(src/assessment) by extensions ['ros']
[2.564s] Level 1:colcon.colcon_core.package_identification:_identify(src/assessment) by extension 'ros'
[2.568s] DEBUG:colcon.colcon_core.package_identification:Package 'src/assessment' with type 'ros.ament_python' and name 'assessment'
[2.569s] Level 1:colcon.colcon_core.package_identification:_identify(src/assessment_interfaces) by extensions ['ignore', 'ignore_ament_install']
[2.569s] Level 1:colcon.colcon_core.package_identification:_identify(src/assessment_interfaces) by extension 'ignore'
[2.569s] Level 1:colcon.colcon_core.package_identification:_identify(src/assessment_interfaces) by extension 'ignore_ament_install'
[2.569s] Level 1:colcon.colcon_core.package_identification:_identify(src/assessment_interfaces) by extensions ['colcon_pkg']
[2.569s] Level 1:colcon.colcon_core.package_identification:_identify(src/assessment_interfaces) by extension 'colcon_pkg'
[2.569s] Level 1:colcon.colcon_core.package_identification:_identify(src/assessment_interfaces) by extensions ['colcon_meta']
[2.569s] Level 1:colcon.colcon_core.package_identification:_identify(src/assessment_interfaces) by extension 'colcon_meta'
[2.569s] Level 1:colcon.colcon_core.package_identification:_identify(src/assessment_interfaces) by extensions ['ros']
[2.570s] Level 1:colcon.colcon_core.package_identification:_identify(src/assessment_interfaces) by extension 'ros'
[2.570s] DEBUG:colcon.colcon_core.package_identification:Package 'src/assessment_interfaces' with type 'ros.ament_cmake' and name 'assessment_interfaces'
[2.571s] Level 1:colcon.colcon_core.package_identification:_identify(src/solution) by extensions ['ignore', 'ignore_ament_install']
[2.571s] Level 1:colcon.colcon_core.package_identification:_identify(src/solution) by extension 'ignore'
[2.571s] Level 1:colcon.colcon_core.package_identification:_identify(src/solution) by extension 'ignore_ament_install'
[2.571s] Level 1:colcon.colcon_core.package_identification:_identify(src/solution) by extensions ['colcon_pkg']
[2.571s] Level 1:colcon.colcon_core.package_identification:_identify(src/solution) by extension 'colcon_pkg'
[2.571s] Level 1:colcon.colcon_core.package_identification:_identify(src/solution) by extensions ['colcon_meta']
[2.571s] Level 1:colcon.colcon_core.package_identification:_identify(src/solution) by extension 'colcon_meta'
[2.572s] Level 1:colcon.colcon_core.package_identification:_identify(src/solution) by extensions ['ros']
[2.572s] Level 1:colcon.colcon_core.package_identification:_identify(src/solution) by extension 'ros'
[2.572s] DEBUG:colcon.colcon_core.package_identification:Package 'src/solution' with type 'ros.ament_python' and name 'solution'
[2.573s] Level 1:colcon.colcon_core.package_identification:_identify(src/solution_interfaces) by extensions ['ignore', 'ignore_ament_install']
[2.573s] Level 1:colcon.colcon_core.package_identification:_identify(src/solution_interfaces) by extension 'ignore'
[2.573s] Level 1:colcon.colcon_core.package_identification:_identify(src/solution_interfaces) by extension 'ignore_ament_install'
[2.573s] Level 1:colcon.colcon_core.package_identification:_identify(src/solution_interfaces) by extensions ['colcon_pkg']
[2.573s] Level 1:colcon.colcon_core.package_identification:_identify(src/solution_interfaces) by extension 'colcon_pkg'
[2.573s] Level 1:colcon.colcon_core.package_identification:_identify(src/solution_interfaces) by extensions ['colcon_meta']
[2.573s] Level 1:colcon.colcon_core.package_identification:_identify(src/solution_interfaces) by extension 'colcon_meta'
[2.574s] Level 1:colcon.colcon_core.package_identification:_identify(src/solution_interfaces) by extensions ['ros']
[2.574s] Level 1:colcon.colcon_core.package_identification:_identify(src/solution_interfaces) by extension 'ros'
[2.575s] DEBUG:colcon.colcon_core.package_identification:Package 'src/solution_interfaces' with type 'ros.ament_cmake' and name 'solution_interfaces'
[2.575s] Level 1:colcon.colcon_core.package_identification:_identify(src/tf_relay) by extensions ['ignore', 'ignore_ament_install']
[2.575s] Level 1:colcon.colcon_core.package_identification:_identify(src/tf_relay) by extension 'ignore'
[2.575s] Level 1:colcon.colcon_core.package_identification:_identify(src/tf_relay) by extension 'ignore_ament_install'
[2.576s] Level 1:colcon.colcon_core.package_identification:_identify(src/tf_relay) by extensions ['colcon_pkg']
[2.576s] Level 1:colcon.colcon_core.package_identification:_identify(src/tf_relay) by extension 'colcon_pkg'
[2.576s] Level 1:colcon.colcon_core.package_identification:_identify(src/tf_relay) by extensions ['colcon_meta']
[2.576s] Level 1:colcon.colcon_core.package_identification:_identify(src/tf_relay) by extension 'colcon_meta'
[2.576s] Level 1:colcon.colcon_core.package_identification:_identify(src/tf_relay) by extensions ['ros']
[2.576s] Level 1:colcon.colcon_core.package_identification:_identify(src/tf_relay) by extension 'ros'
[2.577s] DEBUG:colcon.colcon_core.package_identification:Package 'src/tf_relay' with type 'ros.ament_python' and name 'tf_relay'
[2.577s] Level 1:colcon.colcon_core.package_discovery:discover_packages(recursive) using defaults
[2.577s] Level 1:colcon.colcon_core.package_discovery:discover_packages(ignore) discover
[2.577s] Level 1:colcon.colcon_core.package_discovery:discover_packages(ignore) using defaults
[2.577s] Level 1:colcon.colcon_core.package_discovery:discover_packages(path) discover
[2.577s] Level 1:colcon.colcon_core.package_discovery:discover_packages(path) using defaults
[2.794s] Level 1:colcon.colcon_core.package_discovery:discover_packages(prefix_path) check parameters
[2.795s] Level 1:colcon.colcon_core.package_discovery:discover_packages(prefix_path) discover
[2.869s] DEBUG:colcon.colcon_installed_package_information.package_discovery:Found 5 installed packages in /home/mc2148/AURO/GIT-SUBMISSION/AURO/Submission/install
[2.924s] DEBUG:colcon.colcon_installed_package_information.package_discovery:Found 15 installed packages in /home/mc2148/turtlebot3_ws/install
[2.963s] DEBUG:colcon.colcon_installed_package_information.package_discovery:Found 414 installed packages in /opt/ros/humble
[2.968s] Level 1:colcon.colcon_core.package_discovery:discover_packages(prefix_path) using defaults
[3.304s] Level 5:colcon.colcon_core.verb:set package 'assessment' build argument 'cmake_args' from command line to 'None'
[3.304s] Level 5:colcon.colcon_core.verb:set package 'assessment' build argument 'cmake_target' from command line to 'None'
[3.304s] Level 5:colcon.colcon_core.verb:set package 'assessment' build argument 'cmake_target_skip_unavailable' from command line to 'False'
[3.304s] Level 5:colcon.colcon_core.verb:set package 'assessment' build argument 'cmake_clean_cache' from command line to 'False'
[3.304s] Level 5:colcon.colcon_core.verb:set package 'assessment' build argument 'cmake_clean_first' from command line to 'False'
[3.304s] Level 5:colcon.colcon_core.verb:set package 'assessment' build argument 'cmake_force_configure' from command line to 'False'
[3.304s] Level 5:colcon.colcon_core.verb:set package 'assessment' build argument 'ament_cmake_args' from command line to 'None'
[3.304s] Level 5:colcon.colcon_core.verb:set package 'assessment' build argument 'catkin_cmake_args' from command line to 'None'
[3.304s] Level 5:colcon.colcon_core.verb:set package 'assessment' build argument 'catkin_skip_building_tests' from command line to 'False'
[3.304s] DEBUG:colcon.colcon_core.verb:Building package 'assessment' with the following arguments: {'ament_cmake_args': None, 'build_base': '/home/mc2148/AURO/GIT-SUBMISSION/AURO/Submission/build/assessment', 'catkin_cmake_args': None, 'catkin_skip_building_tests': False, 'cmake_args': None, 'cmake_clean_cache': False, 'cmake_clean_first': False, 'cmake_force_configure': False, 'cmake_target': None, 'cmake_target_skip_unavailable': False, 'install_base': '/home/mc2148/AURO/GIT-SUBMISSION/AURO/Submission/install/assessment', 'merge_install': False, 'path': '/home/mc2148/AURO/GIT-SUBMISSION/AURO/Submission/src/assessment', 'symlink_install': False, 'test_result_base': None}
[3.340s] Level 5:colcon.colcon_core.verb:set package 'assessment_interfaces' build argument 'cmake_args' from command line to 'None'
[3.341s] Level 5:colcon.colcon_core.verb:set package 'assessment_interfaces' build argument 'cmake_target' from command line to 'None'
[3.341s] Level 5:colcon.colcon_core.verb:set package 'assessment_interfaces' build argument 'cmake_target_skip_unavailable' from command line to 'False'
[3.341s] Level 5:colcon.colcon_core.verb:set package 'assessment_interfaces' build argument 'cmake_clean_cache' from command line to 'False'
[3.341s] Level 5:colcon.colcon_core.verb:set package 'assessment_interfaces' build argument 'cmake_clean_first' from command line to 'False'
[3.341s] Level 5:colcon.colcon_core.verb:set package 'assessment_interfaces' build argument 'cmake_force_configure' from command line to 'False'
[3.341s] Level 5:colcon.colcon_core.verb:set package 'assessment_interfaces' build argument 'ament_cmake_args' from command line to 'None'
[3.341s] Level 5:colcon.colcon_core.verb:set package 'assessment_interfaces' build argument 'catkin_cmake_args' from command line to 'None'
[3.341s] Level 5:colcon.colcon_core.verb:set package 'assessment_interfaces' build argument 'catkin_skip_building_tests' from command line to 'False'
[3.341s] DEBUG:colcon.colcon_core.verb:Building package 'assessment_interfaces' with the following arguments: {'ament_cmake_args': None, 'build_base': '/home/mc2148/AURO/GIT-SUBMISSION/AURO/Submission/build/assessment_interfaces', 'catkin_cmake_args': None, 'catkin_skip_building_tests': False, 'cmake_args': None, 'cmake_clean_cache': False, 'cmake_clean_first': False, 'cmake_force_configure': False, 'cmake_target': None, 'cmake_target_skip_unavailable': False, 'install_base': '/home/mc2148/AURO/GIT-SUBMISSION/AURO/Submission/install/assessment_interfaces', 'merge_install': False, 'path': '/home/mc2148/AURO/GIT-SUBMISSION/AURO/Submission/src/assessment_interfaces', 'symlink_install': False, 'test_result_base': None}
[3.377s] Level 5:colcon.colcon_core.verb:set package 'solution' build argument 'cmake_args' from command line to 'None'
[3.377s] Level 5:colcon.colcon_core.verb:set package 'solution' build argument 'cmake_target' from command line to 'None'
[3.377s] Level 5:colcon.colcon_core.verb:set package 'solution' build argument 'cmake_target_skip_unavailable' from command line to 'False'
[3.377s] Level 5:colcon.colcon_core.verb:set package 'solution' build argument 'cmake_clean_cache' from command line to 'False'
[3.377s] Level 5:colcon.colcon_core.verb:set package 'solution' build argument 'cmake_clean_first' from command line to 'False'
[3.378s] Level 5:colcon.colcon_core.verb:set package 'solution' build argument 'cmake_force_configure' from command line to 'False'
[3.378s] Level 5:colcon.colcon_core.verb:set package 'solution' build argument 'ament_cmake_args' from command line to 'None'
[3.378s] Level 5:colcon.colcon_core.verb:set package 'solution' build argument 'catkin_cmake_args' from command line to 'None'
[3.378s] Level 5:colcon.colcon_core.verb:set package 'solution' build argument 'catkin_skip_building_tests' from command line to 'False'
[3.378s] DEBUG:colcon.colcon_core.verb:Building package 'solution' with the following arguments: {'ament_cmake_args': None, 'build_base': '/home/mc2148/AURO/GIT-SUBMISSION/AURO/Submission/build/solution', 'catkin_cmake_args': None, 'catkin_skip_building_tests': False, 'cmake_args': None, 'cmake_clean_cache': False, 'cmake_clean_first': False, 'cmake_force_configure': False, 'cmake_target': None, 'cmake_target_skip_unavailable': False, 'install_base': '/home/mc2148/AURO/GIT-SUBMISSION/AURO/Submission/install/solution', 'merge_install': False, 'path': '/home/mc2148/AURO/GIT-SUBMISSION/AURO/Submission/src/solution', 'symlink_install': False, 'test_result_base': None}
[3.414s] Level 5:colcon.colcon_core.verb:set package 'solution_interfaces' build argument 'cmake_args' from command line to 'None'
[3.414s] Level 5:colcon.colcon_core.verb:set package 'solution_interfaces' build argument 'cmake_target' from command line to 'None'
[3.414s] Level 5:colcon.colcon_core.verb:set package 'solution_interfaces' build argument 'cmake_target_skip_unavailable' from command line to 'False'
[3.414s] Level 5:colcon.colcon_core.verb:set package 'solution_interfaces' build argument 'cmake_clean_cache' from command line to 'False'
[3.414s] Level 5:colcon.colcon_core.verb:set package 'solution_interfaces' build argument 'cmake_clean_first' from command line to 'False'
[3.415s] Level 5:colcon.colcon_core.verb:set package 'solution_interfaces' build argument 'cmake_force_configure' from command line to 'False'
[3.415s] Level 5:colcon.colcon_core.verb:set package 'solution_interfaces' build argument 'ament_cmake_args' from command line to 'None'
[3.415s] Level 5:colcon.colcon_core.verb:set package 'solution_interfaces' build argument 'catkin_cmake_args' from command line to 'None'
[3.415s] Level 5:colcon.colcon_core.verb:set package 'solution_interfaces' build argument 'catkin_skip_building_tests' from command line to 'False'
[3.415s] DEBUG:colcon.colcon_core.verb:Building package 'solution_interfaces' with the following arguments: {'ament_cmake_args': None, 'build_base': '/home/mc2148/AURO/GIT-SUBMISSION/AURO/Submission/build/solution_interfaces', 'catkin_cmake_args': None, 'catkin_skip_building_tests': False, 'cmake_args': None, 'cmake_clean_cache': False, 'cmake_clean_first': False, 'cmake_force_configure': False, 'cmake_target': None, 'cmake_target_skip_unavailable': False, 'install_base': '/home/mc2148/AURO/GIT-SUBMISSION/AURO/Submission/install/solution_interfaces', 'merge_install': False, 'path': '/home/mc2148/AURO/GIT-SUBMISSION/AURO/Submission/src/solution_interfaces', 'symlink_install': False, 'test_result_base': None}
[3.451s] Level 5:colcon.colcon_core.verb:set package 'tf_relay' build argument 'cmake_args' from command line to 'None'
[3.451s] Level 5:colcon.colcon_core.verb:set package 'tf_relay' build argument 'cmake_target' from command line to 'None'
[3.451s] Level 5:colcon.colcon_core.verb:set package 'tf_relay' build argument 'cmake_target_skip_unavailable' from command line to 'False'
[3.451s] Level 5:colcon.colcon_core.verb:set package 'tf_relay' build argument 'cmake_clean_cache' from command line to 'False'
[3.451s] Level 5:colcon.colcon_core.verb:set package 'tf_relay' build argument 'cmake_clean_first' from command line to 'False'
[3.451s] Level 5:colcon.colcon_core.verb:set package 'tf_relay' build argument 'cmake_force_configure' from command line to 'False'
[3.451s] Level 5:colcon.colcon_core.verb:set package 'tf_relay' build argument 'ament_cmake_args' from command line to 'None'
[3.451s] Level 5:colcon.colcon_core.verb:set package 'tf_relay' build argument 'catkin_cmake_args' from command line to 'None'
[3.451s] Level 5:colcon.colcon_core.verb:set package 'tf_relay' build argument 'catkin_skip_building_tests' from command line to 'False'
[3.451s] DEBUG:colcon.colcon_core.verb:Building package 'tf_relay' with the following arguments: {'ament_cmake_args': None, 'build_base': '/home/mc2148/AURO/GIT-SUBMISSION/AURO/Submission/build/tf_relay', 'catkin_cmake_args': None, 'catkin_skip_building_tests': False, 'cmake_args': None, 'cmake_clean_cache': False, 'cmake_clean_first': False, 'cmake_force_configure': False, 'cmake_target': None, 'cmake_target_skip_unavailable': False, 'install_base': '/home/mc2148/AURO/GIT-SUBMISSION/AURO/Submission/install/tf_relay', 'merge_install': False, 'path': '/home/mc2148/AURO/GIT-SUBMISSION/AURO/Submission/src/tf_relay', 'symlink_install': False, 'test_result_base': None}
[3.487s] INFO:colcon.colcon_core.executor:Executing jobs using 'parallel' executor
[3.524s] DEBUG:colcon.colcon_parallel_executor.executor.parallel:run_until_complete
[3.525s] INFO:colcon.colcon_ros.task.ament_python.build:Building ROS package in '/home/mc2148/AURO/GIT-SUBMISSION/AURO/Submission/src/assessment' with build type 'ament_python'
[3.525s] Level 1:colcon.colcon_core.shell:create_environment_hook('assessment', 'ament_prefix_path')
[3.567s] INFO:colcon.colcon_core.plugin_system:Skipping extension 'colcon_core.shell.bat': Not used on non-Windows systems
[3.568s] INFO:colcon.colcon_core.shell:Creating environment hook '/home/mc2148/AURO/GIT-SUBMISSION/AURO/Submission/install/assessment/share/assessment/hook/ament_prefix_path.ps1'
[3.569s] INFO:colcon.colcon_core.shell:Creating environment descriptor '/home/mc2148/AURO/GIT-SUBMISSION/AURO/Submission/install/assessment/share/assessment/hook/ament_prefix_path.dsv'
[3.570s] INFO:colcon.colcon_core.shell:Creating environment hook '/home/mc2148/AURO/GIT-SUBMISSION/AURO/Submission/install/assessment/share/assessment/hook/ament_prefix_path.sh'
[3.609s] INFO:colcon.colcon_core.shell:Skip shell extension 'powershell' for command environment: Not usable outside of PowerShell
[3.609s] DEBUG:colcon.colcon_core.shell:Skip shell extension 'dsv' for command environment
[3.767s] INFO:colcon.colcon_ros.task.ament_cmake.build:Building ROS package in '/home/mc2148/AURO/GIT-SUBMISSION/AURO/Submission/src/assessment_interfaces' with build type 'ament_cmake'
[3.768s] INFO:colcon.colcon_cmake.task.cmake.build:Building CMake package in '/home/mc2148/AURO/GIT-SUBMISSION/AURO/Submission/src/assessment_interfaces'
[3.805s] INFO:colcon.colcon_core.shell:Skip shell extension 'powershell' for command environment: Not usable outside of PowerShell
[3.805s] DEBUG:colcon.colcon_core.shell:Skip shell extension 'dsv' for command environment
[3.960s] INFO:colcon.colcon_ros.task.ament_python.build:Building ROS package in '/home/mc2148/AURO/GIT-SUBMISSION/AURO/Submission/src/solution' with build type 'ament_python'
[3.960s] Level 1:colcon.colcon_core.shell:create_environment_hook('solution', 'ament_prefix_path')
[3.999s] INFO:colcon.colcon_core.shell:Creating environment hook '/home/mc2148/AURO/GIT-SUBMISSION/AURO/Submission/install/solution/share/solution/hook/ament_prefix_path.ps1'
[4.000s] INFO:colcon.colcon_core.shell:Creating environment descriptor '/home/mc2148/AURO/GIT-SUBMISSION/AURO/Submission/install/solution/share/solution/hook/ament_prefix_path.dsv'
[4.000s] INFO:colcon.colcon_core.shell:Creating environment hook '/home/mc2148/AURO/GIT-SUBMISSION/AURO/Submission/install/solution/share/solution/hook/ament_prefix_path.sh'
[4.037s] INFO:colcon.colcon_core.shell:Skip shell extension 'powershell' for command environment: Not usable outside of PowerShell
[4.037s] DEBUG:colcon.colcon_core.shell:Skip shell extension 'dsv' for command environment
[4.196s] INFO:colcon.colcon_ros.task.ament_cmake.build:Building ROS package in '/home/mc2148/AURO/GIT-SUBMISSION/AURO/Submission/src/solution_interfaces' with build type 'ament_cmake'
[4.196s] INFO:colcon.colcon_cmake.task.cmake.build:Building CMake package in '/home/mc2148/AURO/GIT-SUBMISSION/AURO/Submission/src/solution_interfaces'
[4.234s] INFO:colcon.colcon_core.shell:Skip shell extension 'powershell' for command environment: Not usable outside of PowerShell
[4.235s] DEBUG:colcon.colcon_core.shell:Skip shell extension 'dsv' for command environment
[5.011s] INFO:colcon.colcon_core.task.python.build:Building Python package in '/home/mc2148/AURO/GIT-SUBMISSION/AURO/Submission/src/assessment'
[5.049s] INFO:colcon.colcon_core.shell:Skip shell extension 'powershell' for command environment: Not usable outside of PowerShell
[5.049s] DEBUG:colcon.colcon_core.shell:Skip shell extension 'dsv' for command environment
[5.213s] DEBUG:colcon.colcon_core.event_handler.log_command:Invoking command in '/home/mc2148/AURO/GIT-SUBMISSION/AURO/Submission/build/assessment_interfaces': CMAKE_PREFIX_PATH=${CMAKE_PREFIX_PATH}:/home/mc2148/turtlebot3_ws/install/turtlebot3_teleop:/home/mc2148/turtlebot3_ws/install/turtlebot3_example:/home/mc2148/AURO/GIT-SUBMISSION/AURO/Submission/install/tf_relay:/home/mc2148/AURO/GIT-SUBMISSION/AURO/Submission/install/solution:/home/mc2148/AURO/GIT-SUBMISSION/AURO/Submission/install/assessment:/opt/ros/humble /usr/bin/cmake --build /home/mc2148/AURO/GIT-SUBMISSION/AURO/Submission/build/assessment_interfaces -- -j4 -l4
[6.126s] INFO:colcon.colcon_core.task.python.build:Building Python package in '/home/mc2148/AURO/GIT-SUBMISSION/AURO/Submission/src/solution'
[6.195s] INFO:colcon.colcon_core.shell:Skip shell extension 'powershell' for command environment: Not usable outside of PowerShell
[6.195s] DEBUG:colcon.colcon_core.shell:Skip shell extension 'dsv' for command environment
[6.466s] DEBUG:colcon.colcon_core.event_handler.log_command:Invoking command in '/home/mc2148/AURO/GIT-SUBMISSION/AURO/Submission/build/solution_interfaces': CMAKE_PREFIX_PATH=${CMAKE_PREFIX_PATH}:/home/mc2148/turtlebot3_ws/install/turtlebot3_teleop:/home/mc2148/turtlebot3_ws/install/turtlebot3_example:/home/mc2148/AURO/GIT-SUBMISSION/AURO/Submission/install/tf_relay:/home/mc2148/AURO/GIT-SUBMISSION/AURO/Submission/install/solution:/home/mc2148/AURO/GIT-SUBMISSION/AURO/Submission/install/assessment:/opt/ros/humble /usr/bin/cmake --build /home/mc2148/AURO/GIT-SUBMISSION/AURO/Submission/build/solution_interfaces -- -j4 -l4
[6.492s] DEBUG:colcon.colcon_core.event_handler.log_command:Invoked command in '/home/mc2148/AURO/GIT-SUBMISSION/AURO/Submission/build/assessment_interfaces' returned '0': CMAKE_PREFIX_PATH=${CMAKE_PREFIX_PATH}:/home/mc2148/turtlebot3_ws/install/turtlebot3_teleop:/home/mc2148/turtlebot3_ws/install/turtlebot3_example:/home/mc2148/AURO/GIT-SUBMISSION/AURO/Submission/install/tf_relay:/home/mc2148/AURO/GIT-SUBMISSION/AURO/Submission/install/solution:/home/mc2148/AURO/GIT-SUBMISSION/AURO/Submission/install/assessment:/opt/ros/humble /usr/bin/cmake --build /home/mc2148/AURO/GIT-SUBMISSION/AURO/Submission/build/assessment_interfaces -- -j4 -l4
[7.913s] DEBUG:colcon.colcon_core.event_handler.log_command:Invoking command in '/home/mc2148/AURO/GIT-SUBMISSION/AURO/Submission/build/assessment_interfaces': CMAKE_PREFIX_PATH=${CMAKE_PREFIX_PATH}:/home/mc2148/turtlebot3_ws/install/turtlebot3_teleop:/home/mc2148/turtlebot3_ws/install/turtlebot3_example:/home/mc2148/AURO/GIT-SUBMISSION/AURO/Submission/install/tf_relay:/home/mc2148/AURO/GIT-SUBMISSION/AURO/Submission/install/solution:/home/mc2148/AURO/GIT-SUBMISSION/AURO/Submission/install/assessment:/opt/ros/humble /usr/bin/cmake --install /home/mc2148/AURO/GIT-SUBMISSION/AURO/Submission/build/assessment_interfaces
[8.168s] Level 1:colcon.colcon_core.environment:create_environment_scripts_only(assessment_interfaces)
[8.179s] DEBUG:colcon.colcon_core.event_handler.log_command:Invoked command in '/home/mc2148/AURO/GIT-SUBMISSION/AURO/Submission/build/assessment_interfaces' returned '0': CMAKE_PREFIX_PATH=${CMAKE_PREFIX_PATH}:/home/mc2148/turtlebot3_ws/install/turtlebot3_teleop:/home/mc2148/turtlebot3_ws/install/turtlebot3_example:/home/mc2148/AURO/GIT-SUBMISSION/AURO/Submission/install/tf_relay:/home/mc2148/AURO/GIT-SUBMISSION/AURO/Submission/install/solution:/home/mc2148/AURO/GIT-SUBMISSION/AURO/Submission/install/assessment:/opt/ros/humble /usr/bin/cmake --install /home/mc2148/AURO/GIT-SUBMISSION/AURO/Submission/build/assessment_interfaces
[8.242s] Level 1:colcon.colcon_core.environment:checking '/home/mc2148/AURO/GIT-SUBMISSION/AURO/Submission/install/assessment_interfaces' for CMake module files
[8.244s] Level 1:colcon.colcon_core.environment:checking '/home/mc2148/AURO/GIT-SUBMISSION/AURO/Submission/install/assessment_interfaces' for CMake config files
[8.245s] Level 1:colcon.colcon_core.shell:create_environment_hook('assessment_interfaces', 'cmake_prefix_path')
[8.295s] INFO:colcon.colcon_core.shell:Creating environment hook '/home/mc2148/AURO/GIT-SUBMISSION/AURO/Submission/install/assessment_interfaces/share/assessment_interfaces/hook/cmake_prefix_path.ps1'
[8.295s] INFO:colcon.colcon_core.shell:Creating environment descriptor '/home/mc2148/AURO/GIT-SUBMISSION/AURO/Submission/install/assessment_interfaces/share/assessment_interfaces/hook/cmake_prefix_path.dsv'
[8.296s] INFO:colcon.colcon_core.shell:Creating environment hook '/home/mc2148/AURO/GIT-SUBMISSION/AURO/Submission/install/assessment_interfaces/share/assessment_interfaces/hook/cmake_prefix_path.sh'
[8.297s] Level 1:colcon.colcon_core.environment:checking '/home/mc2148/AURO/GIT-SUBMISSION/AURO/Submission/install/assessment_interfaces/lib'
[8.298s] Level 1:colcon.colcon_core.shell:create_environment_hook('assessment_interfaces', 'ld_library_path_lib')
[8.361s] INFO:colcon.colcon_core.shell:Creating environment hook '/home/mc2148/AURO/GIT-SUBMISSION/AURO/Submission/install/assessment_interfaces/share/assessment_interfaces/hook/ld_library_path_lib.ps1'
[8.363s] INFO:colcon.colcon_core.shell:Creating environment descriptor '/home/mc2148/AURO/GIT-SUBMISSION/AURO/Submission/install/assessment_interfaces/share/assessment_interfaces/hook/ld_library_path_lib.dsv'
[8.363s] INFO:colcon.colcon_core.shell:Creating environment hook '/home/mc2148/AURO/GIT-SUBMISSION/AURO/Submission/install/assessment_interfaces/share/assessment_interfaces/hook/ld_library_path_lib.sh'
[8.365s] Level 1:colcon.colcon_core.environment:checking '/home/mc2148/AURO/GIT-SUBMISSION/AURO/Submission/install/assessment_interfaces/bin'
[8.365s] Level 1:colcon.colcon_core.environment:checking '/home/mc2148/AURO/GIT-SUBMISSION/AURO/Submission/install/assessment_interfaces/lib/pkgconfig/assessment_interfaces.pc'
[8.366s] Level 1:colcon.colcon_core.environment:checking '/home/mc2148/AURO/GIT-SUBMISSION/AURO/Submission/install/assessment_interfaces/lib/python3.10/site-packages'
[8.366s] Level 1:colcon.colcon_core.environment:checking '/home/mc2148/AURO/GIT-SUBMISSION/AURO/Submission/install/assessment_interfaces/bin'
[8.421s] INFO:colcon.colcon_core.shell:Creating package script '/home/mc2148/AURO/GIT-SUBMISSION/AURO/Submission/install/assessment_interfaces/share/assessment_interfaces/package.ps1'
[8.424s] INFO:colcon.colcon_core.shell:Creating package descriptor '/home/mc2148/AURO/GIT-SUBMISSION/AURO/Submission/install/assessment_interfaces/share/assessment_interfaces/package.dsv'
[8.426s] INFO:colcon.colcon_core.shell:Creating package script '/home/mc2148/AURO/GIT-SUBMISSION/AURO/Submission/install/assessment_interfaces/share/assessment_interfaces/package.sh'
[8.427s] INFO:colcon.colcon_core.shell:Creating package script '/home/mc2148/AURO/GIT-SUBMISSION/AURO/Submission/install/assessment_interfaces/share/assessment_interfaces/package.bash'
[8.429s] INFO:colcon.colcon_core.shell:Creating package script '/home/mc2148/AURO/GIT-SUBMISSION/AURO/Submission/install/assessment_interfaces/share/assessment_interfaces/package.zsh'
[8.430s] Level 1:colcon.colcon_core.environment:create_file_with_runtime_dependencies(/home/mc2148/AURO/GIT-SUBMISSION/AURO/Submission/install/assessment_interfaces/share/colcon-core/packages/assessment_interfaces)
[8.437s] DEBUG:colcon.colcon_core.event_handler.log_command:Invoking command in '/home/mc2148/AURO/GIT-SUBMISSION/AURO/Submission/src/solution': PYTHONPATH=/home/mc2148/AURO/GIT-SUBMISSION/AURO/Submission/build/solution/prefix_override:/home/mc2148/AURO/GIT-SUBMISSION/AURO/Submission/install/solution/lib/python3.10/site-packages:${PYTHONPATH} /usr/bin/python3 setup.py egg_info --egg-base ../../build/solution build --build-base /home/mc2148/AURO/GIT-SUBMISSION/AURO/Submission/build/solution/build install --record /home/mc2148/AURO/GIT-SUBMISSION/AURO/Submission/build/solution/install.log --single-version-externally-managed
[8.452s] DEBUG:colcon.colcon_core.event_handler.log_command:Invoking command in '/home/mc2148/AURO/GIT-SUBMISSION/AURO/Submission/src/assessment': PYTHONPATH=/home/mc2148/AURO/GIT-SUBMISSION/AURO/Submission/build/assessment/prefix_override:/home/mc2148/AURO/GIT-SUBMISSION/AURO/Submission/install/assessment/lib/python3.10/site-packages:${PYTHONPATH} /usr/bin/python3 setup.py egg_info --egg-base ../../build/assessment build --build-base /home/mc2148/AURO/GIT-SUBMISSION/AURO/Submission/build/assessment/build install --record /home/mc2148/AURO/GIT-SUBMISSION/AURO/Submission/build/assessment/install.log --single-version-externally-managed
[8.477s] DEBUG:colcon.colcon_core.event_handler.log_command:Invoked command in '/home/mc2148/AURO/GIT-SUBMISSION/AURO/Submission/build/solution_interfaces' returned '0': CMAKE_PREFIX_PATH=${CMAKE_PREFIX_PATH}:/home/mc2148/turtlebot3_ws/install/turtlebot3_teleop:/home/mc2148/turtlebot3_ws/install/turtlebot3_example:/home/mc2148/AURO/GIT-SUBMISSION/AURO/Submission/install/tf_relay:/home/mc2148/AURO/GIT-SUBMISSION/AURO/Submission/install/solution:/home/mc2148/AURO/GIT-SUBMISSION/AURO/Submission/install/assessment:/opt/ros/humble /usr/bin/cmake --build /home/mc2148/AURO/GIT-SUBMISSION/AURO/Submission/build/solution_interfaces -- -j4 -l4
[9.247s] DEBUG:colcon.colcon_core.event_handler.log_command:Invoking command in '/home/mc2148/AURO/GIT-SUBMISSION/AURO/Submission/build/solution_interfaces': CMAKE_PREFIX_PATH=${CMAKE_PREFIX_PATH}:/home/mc2148/turtlebot3_ws/install/turtlebot3_teleop:/home/mc2148/turtlebot3_ws/install/turtlebot3_example:/home/mc2148/AURO/GIT-SUBMISSION/AURO/Submission/install/tf_relay:/home/mc2148/AURO/GIT-SUBMISSION/AURO/Submission/install/solution:/home/mc2148/AURO/GIT-SUBMISSION/AURO/Submission/install/assessment:/opt/ros/humble /usr/bin/cmake --install /home/mc2148/AURO/GIT-SUBMISSION/AURO/Submission/build/solution_interfaces
[9.539s] Level 1:colcon.colcon_core.environment:create_environment_scripts_only(solution_interfaces)
[9.540s] DEBUG:colcon.colcon_core.event_handler.log_command:Invoked command in '/home/mc2148/AURO/GIT-SUBMISSION/AURO/Submission/build/solution_interfaces' returned '0': CMAKE_PREFIX_PATH=${CMAKE_PREFIX_PATH}:/home/mc2148/turtlebot3_ws/install/turtlebot3_teleop:/home/mc2148/turtlebot3_ws/install/turtlebot3_example:/home/mc2148/AURO/GIT-SUBMISSION/AURO/Submission/install/tf_relay:/home/mc2148/AURO/GIT-SUBMISSION/AURO/Submission/install/solution:/home/mc2148/AURO/GIT-SUBMISSION/AURO/Submission/install/assessment:/opt/ros/humble /usr/bin/cmake --install /home/mc2148/AURO/GIT-SUBMISSION/AURO/Submission/build/solution_interfaces
[9.648s] Level 1:colcon.colcon_core.environment:checking '/home/mc2148/AURO/GIT-SUBMISSION/AURO/Submission/install/solution_interfaces' for CMake module files
[9.650s] Level 1:colcon.colcon_core.environment:checking '/home/mc2148/AURO/GIT-SUBMISSION/AURO/Submission/install/solution_interfaces' for CMake config files
[9.651s] Level 1:colcon.colcon_core.shell:create_environment_hook('solution_interfaces', 'cmake_prefix_path')
[9.726s] INFO:colcon.colcon_core.shell:Creating environment hook '/home/mc2148/AURO/GIT-SUBMISSION/AURO/Submission/install/solution_interfaces/share/solution_interfaces/hook/cmake_prefix_path.ps1'
[9.729s] INFO:colcon.colcon_core.shell:Creating environment descriptor '/home/mc2148/AURO/GIT-SUBMISSION/AURO/Submission/install/solution_interfaces/share/solution_interfaces/hook/cmake_prefix_path.dsv'
[9.732s] INFO:colcon.colcon_core.shell:Creating environment hook '/home/mc2148/AURO/GIT-SUBMISSION/AURO/Submission/install/solution_interfaces/share/solution_interfaces/hook/cmake_prefix_path.sh'
[9.735s] Level 1:colcon.colcon_core.environment:checking '/home/mc2148/AURO/GIT-SUBMISSION/AURO/Submission/install/solution_interfaces/lib'
[9.736s] Level 1:colcon.colcon_core.shell:create_environment_hook('solution_interfaces', 'ld_library_path_lib')
[9.886s] INFO:colcon.colcon_core.shell:Creating environment hook '/home/mc2148/AURO/GIT-SUBMISSION/AURO/Submission/install/solution_interfaces/share/solution_interfaces/hook/ld_library_path_lib.ps1'
[9.888s] INFO:colcon.colcon_core.shell:Creating environment descriptor '/home/mc2148/AURO/GIT-SUBMISSION/AURO/Submission/install/solution_interfaces/share/solution_interfaces/hook/ld_library_path_lib.dsv'
[9.888s] INFO:colcon.colcon_core.shell:Creating environment hook '/home/mc2148/AURO/GIT-SUBMISSION/AURO/Submission/install/solution_interfaces/share/solution_interfaces/hook/ld_library_path_lib.sh'
[9.890s] Level 1:colcon.colcon_core.environment:checking '/home/mc2148/AURO/GIT-SUBMISSION/AURO/Submission/install/solution_interfaces/bin'
[9.890s] Level 1:colcon.colcon_core.environment:checking '/home/mc2148/AURO/GIT-SUBMISSION/AURO/Submission/install/solution_interfaces/lib/pkgconfig/solution_interfaces.pc'
[9.891s] Level 1:colcon.colcon_core.environment:checking '/home/mc2148/AURO/GIT-SUBMISSION/AURO/Submission/install/solution_interfaces/lib/python3.10/site-packages'
[9.891s] Level 1:colcon.colcon_core.environment:checking '/home/mc2148/AURO/GIT-SUBMISSION/AURO/Submission/install/solution_interfaces/bin'
[9.966s] INFO:colcon.colcon_core.shell:Creating package script '/home/mc2148/AURO/GIT-SUBMISSION/AURO/Submission/install/solution_interfaces/share/solution_interfaces/package.ps1'
[9.968s] INFO:colcon.colcon_core.shell:Creating package descriptor '/home/mc2148/AURO/GIT-SUBMISSION/AURO/Submission/install/solution_interfaces/share/solution_interfaces/package.dsv'
[9.969s] INFO:colcon.colcon_core.shell:Creating package script '/home/mc2148/AURO/GIT-SUBMISSION/AURO/Submission/install/solution_interfaces/share/solution_interfaces/package.sh'
[9.971s] INFO:colcon.colcon_core.shell:Creating package script '/home/mc2148/AURO/GIT-SUBMISSION/AURO/Submission/install/solution_interfaces/share/solution_interfaces/package.bash'
[9.972s] INFO:colcon.colcon_core.shell:Creating package script '/home/mc2148/AURO/GIT-SUBMISSION/AURO/Submission/install/solution_interfaces/share/solution_interfaces/package.zsh'
[9.973s] Level 1:colcon.colcon_core.environment:create_file_with_runtime_dependencies(/home/mc2148/AURO/GIT-SUBMISSION/AURO/Submission/install/solution_interfaces/share/colcon-core/packages/solution_interfaces)
[10.078s] Level 1:colcon.colcon_core.environment:create_environment_scripts_only(assessment_interfaces)
[10.143s] Level 1:colcon.colcon_core.environment:checking '/home/mc2148/AURO/GIT-SUBMISSION/AURO/Submission/install/assessment_interfaces' for CMake module files
[10.146s] Level 1:colcon.colcon_core.environment:checking '/home/mc2148/AURO/GIT-SUBMISSION/AURO/Submission/install/assessment_interfaces' for CMake config files
[10.147s] Level 1:colcon.colcon_core.shell:create_environment_hook('assessment_interfaces', 'cmake_prefix_path')
[10.195s] INFO:colcon.colcon_core.shell:Creating environment hook '/home/mc2148/AURO/GIT-SUBMISSION/AURO/Submission/install/assessment_interfaces/share/assessment_interfaces/hook/cmake_prefix_path.ps1'
[10.197s] INFO:colcon.colcon_core.shell:Creating environment descriptor '/home/mc2148/AURO/GIT-SUBMISSION/AURO/Submission/install/assessment_interfaces/share/assessment_interfaces/hook/cmake_prefix_path.dsv'
[10.198s] INFO:colcon.colcon_core.shell:Creating environment hook '/home/mc2148/AURO/GIT-SUBMISSION/AURO/Submission/install/assessment_interfaces/share/assessment_interfaces/hook/cmake_prefix_path.sh'
[10.199s] Level 1:colcon.colcon_core.environment:checking '/home/mc2148/AURO/GIT-SUBMISSION/AURO/Submission/install/assessment_interfaces/lib'
[10.199s] Level 1:colcon.colcon_core.shell:create_environment_hook('assessment_interfaces', 'ld_library_path_lib')
[10.262s] INFO:colcon.colcon_core.shell:Creating environment hook '/home/mc2148/AURO/GIT-SUBMISSION/AURO/Submission/install/assessment_interfaces/share/assessment_interfaces/hook/ld_library_path_lib.ps1'
[10.264s] INFO:colcon.colcon_core.shell:Creating environment descriptor '/home/mc2148/AURO/GIT-SUBMISSION/AURO/Submission/install/assessment_interfaces/share/assessment_interfaces/hook/ld_library_path_lib.dsv'
[10.266s] INFO:colcon.colcon_core.shell:Creating environment hook '/home/mc2148/AURO/GIT-SUBMISSION/AURO/Submission/install/assessment_interfaces/share/assessment_interfaces/hook/ld_library_path_lib.sh'
[10.268s] Level 1:colcon.colcon_core.environment:checking '/home/mc2148/AURO/GIT-SUBMISSION/AURO/Submission/install/assessment_interfaces/bin'
[10.268s] Level 1:colcon.colcon_core.environment:checking '/home/mc2148/AURO/GIT-SUBMISSION/AURO/Submission/install/assessment_interfaces/lib/pkgconfig/assessment_interfaces.pc'
[10.269s] Level 1:colcon.colcon_core.environment:checking '/home/mc2148/AURO/GIT-SUBMISSION/AURO/Submission/install/assessment_interfaces/lib/python3.10/site-packages'
[10.270s] Level 1:colcon.colcon_core.environment:checking '/home/mc2148/AURO/GIT-SUBMISSION/AURO/Submission/install/assessment_interfaces/bin'
[10.332s] INFO:colcon.colcon_core.shell:Creating package script '/home/mc2148/AURO/GIT-SUBMISSION/AURO/Submission/install/assessment_interfaces/share/assessment_interfaces/package.ps1'
[10.333s] INFO:colcon.colcon_core.shell:Creating package descriptor '/home/mc2148/AURO/GIT-SUBMISSION/AURO/Submission/install/assessment_interfaces/share/assessment_interfaces/package.dsv'
[10.335s] INFO:colcon.colcon_core.shell:Creating package script '/home/mc2148/AURO/GIT-SUBMISSION/AURO/Submission/install/assessment_interfaces/share/assessment_interfaces/package.sh'
[10.337s] INFO:colcon.colcon_core.shell:Creating package script '/home/mc2148/AURO/GIT-SUBMISSION/AURO/Submission/install/assessment_interfaces/share/assessment_interfaces/package.bash'
[10.338s] INFO:colcon.colcon_core.shell:Creating package script '/home/mc2148/AURO/GIT-SUBMISSION/AURO/Submission/install/assessment_interfaces/share/assessment_interfaces/package.zsh'
[10.339s] Level 1:colcon.colcon_core.environment:create_file_with_runtime_dependencies(/home/mc2148/AURO/GIT-SUBMISSION/AURO/Submission/install/assessment_interfaces/share/colcon-core/packages/assessment_interfaces)
[10.340s] INFO:colcon.colcon_ros.task.ament_python.build:Building ROS package in '/home/mc2148/AURO/GIT-SUBMISSION/AURO/Submission/src/tf_relay' with build type 'ament_python'
[10.341s] Level 1:colcon.colcon_core.shell:create_environment_hook('tf_relay', 'ament_prefix_path')
[10.414s] INFO:colcon.colcon_core.shell:Creating environment hook '/home/mc2148/AURO/GIT-SUBMISSION/AURO/Submission/install/tf_relay/share/tf_relay/hook/ament_prefix_path.ps1'
[10.415s] INFO:colcon.colcon_core.shell:Creating environment descriptor '/home/mc2148/AURO/GIT-SUBMISSION/AURO/Submission/install/tf_relay/share/tf_relay/hook/ament_prefix_path.dsv'
[10.416s] INFO:colcon.colcon_core.shell:Creating environment hook '/home/mc2148/AURO/GIT-SUBMISSION/AURO/Submission/install/tf_relay/share/tf_relay/hook/ament_prefix_path.sh'
[10.484s] INFO:colcon.colcon_core.shell:Skip shell extension 'powershell' for command environment: Not usable outside of PowerShell
[10.485s] DEBUG:colcon.colcon_core.shell:Skip shell extension 'dsv' for command environment
[10.749s] DEBUG:colcon.colcon_core.event_handler.log_command:Invoked command in '/home/mc2148/AURO/GIT-SUBMISSION/AURO/Submission/src/solution' returned '0': PYTHONPATH=/home/mc2148/AURO/GIT-SUBMISSION/AURO/Submission/build/solution/prefix_override:/home/mc2148/AURO/GIT-SUBMISSION/AURO/Submission/install/solution/lib/python3.10/site-packages:${PYTHONPATH} /usr/bin/python3 setup.py egg_info --egg-base ../../build/solution build --build-base /home/mc2148/AURO/GIT-SUBMISSION/AURO/Submission/build/solution/build install --record /home/mc2148/AURO/GIT-SUBMISSION/AURO/Submission/build/solution/install.log --single-version-externally-managed
[10.812s] Level 1:colcon.colcon_core.environment:checking '/home/mc2148/AURO/GIT-SUBMISSION/AURO/Submission/install/solution' for CMake module files
[10.814s] Level 1:colcon.colcon_core.environment:checking '/home/mc2148/AURO/GIT-SUBMISSION/AURO/Submission/install/solution' for CMake config files
[10.816s] Level 1:colcon.colcon_core.environment:checking '/home/mc2148/AURO/GIT-SUBMISSION/AURO/Submission/install/solution/lib'
[10.816s] Level 1:colcon.colcon_core.environment:checking '/home/mc2148/AURO/GIT-SUBMISSION/AURO/Submission/install/solution/bin'
[10.816s] Level 1:colcon.colcon_core.environment:checking '/home/mc2148/AURO/GIT-SUBMISSION/AURO/Submission/install/solution/lib/pkgconfig/solution.pc'
[10.817s] Level 1:colcon.colcon_core.environment:checking '/home/mc2148/AURO/GIT-SUBMISSION/AURO/Submission/install/solution/lib/python3.10/site-packages'
[10.817s] Level 1:colcon.colcon_core.shell:create_environment_hook('solution', 'pythonpath')
[10.877s] INFO:colcon.colcon_core.shell:Creating environment hook '/home/mc2148/AURO/GIT-SUBMISSION/AURO/Submission/install/solution/share/solution/hook/pythonpath.ps1'
[10.878s] INFO:colcon.colcon_core.shell:Creating environment descriptor '/home/mc2148/AURO/GIT-SUBMISSION/AURO/Submission/install/solution/share/solution/hook/pythonpath.dsv'
[10.879s] INFO:colcon.colcon_core.shell:Creating environment hook '/home/mc2148/AURO/GIT-SUBMISSION/AURO/Submission/install/solution/share/solution/hook/pythonpath.sh'
[10.881s] Level 1:colcon.colcon_core.environment:checking '/home/mc2148/AURO/GIT-SUBMISSION/AURO/Submission/install/solution/bin'
[10.881s] Level 1:colcon.colcon_core.environment:create_environment_scripts_only(solution)
[10.952s] INFO:colcon.colcon_core.shell:Creating package script '/home/mc2148/AURO/GIT-SUBMISSION/AURO/Submission/install/solution/share/solution/package.ps1'
[10.954s] INFO:colcon.colcon_core.shell:Creating package descriptor '/home/mc2148/AURO/GIT-SUBMISSION/AURO/Submission/install/solution/share/solution/package.dsv'
[10.955s] INFO:colcon.colcon_core.shell:Creating package script '/home/mc2148/AURO/GIT-SUBMISSION/AURO/Submission/install/solution/share/solution/package.sh'
[10.956s] INFO:colcon.colcon_core.shell:Creating package script '/home/mc2148/AURO/GIT-SUBMISSION/AURO/Submission/install/solution/share/solution/package.bash'
[10.957s] INFO:colcon.colcon_core.shell:Creating package script '/home/mc2148/AURO/GIT-SUBMISSION/AURO/Submission/install/solution/share/solution/package.zsh'
[10.958s] Level 1:colcon.colcon_core.environment:create_file_with_runtime_dependencies(/home/mc2148/AURO/GIT-SUBMISSION/AURO/Submission/install/solution/share/colcon-core/packages/solution)
[11.018s] Level 1:colcon.colcon_core.environment:create_environment_scripts_only(solution_interfaces)
[11.076s] Level 1:colcon.colcon_core.environment:checking '/home/mc2148/AURO/GIT-SUBMISSION/AURO/Submission/install/solution_interfaces' for CMake module files
[11.078s] Level 1:colcon.colcon_core.environment:checking '/home/mc2148/AURO/GIT-SUBMISSION/AURO/Submission/install/solution_interfaces' for CMake config files
[11.079s] Level 1:colcon.colcon_core.shell:create_environment_hook('solution_interfaces', 'cmake_prefix_path')
[11.143s] INFO:colcon.colcon_core.shell:Creating environment hook '/home/mc2148/AURO/GIT-SUBMISSION/AURO/Submission/install/solution_interfaces/share/solution_interfaces/hook/cmake_prefix_path.ps1'
[11.144s] INFO:colcon.colcon_core.shell:Creating environment descriptor '/home/mc2148/AURO/GIT-SUBMISSION/AURO/Submission/install/solution_interfaces/share/solution_interfaces/hook/cmake_prefix_path.dsv'
[11.145s] INFO:colcon.colcon_core.shell:Creating environment hook '/home/mc2148/AURO/GIT-SUBMISSION/AURO/Submission/install/solution_interfaces/share/solution_interfaces/hook/cmake_prefix_path.sh'
[11.147s] Level 1:colcon.colcon_core.environment:checking '/home/mc2148/AURO/GIT-SUBMISSION/AURO/Submission/install/solution_interfaces/lib'
[11.147s] Level 1:colcon.colcon_core.shell:create_environment_hook('solution_interfaces', 'ld_library_path_lib')
[11.208s] INFO:colcon.colcon_core.shell:Creating environment hook '/home/mc2148/AURO/GIT-SUBMISSION/AURO/Submission/install/solution_interfaces/share/solution_interfaces/hook/ld_library_path_lib.ps1'
[11.210s] INFO:colcon.colcon_core.shell:Creating environment descriptor '/home/mc2148/AURO/GIT-SUBMISSION/AURO/Submission/install/solution_interfaces/share/solution_interfaces/hook/ld_library_path_lib.dsv'
[11.211s] INFO:colcon.colcon_core.shell:Creating environment hook '/home/mc2148/AURO/GIT-SUBMISSION/AURO/Submission/install/solution_interfaces/share/solution_interfaces/hook/ld_library_path_lib.sh'
[11.212s] Level 1:colcon.colcon_core.environment:checking '/home/mc2148/AURO/GIT-SUBMISSION/AURO/Submission/install/solution_interfaces/bin'
[11.212s] Level 1:colcon.colcon_core.environment:checking '/home/mc2148/AURO/GIT-SUBMISSION/AURO/Submission/install/solution_interfaces/lib/pkgconfig/solution_interfaces.pc'
[11.213s] Level 1:colcon.colcon_core.environment:checking '/home/mc2148/AURO/GIT-SUBMISSION/AURO/Submission/install/solution_interfaces/lib/python3.10/site-packages'
[11.214s] Level 1:colcon.colcon_core.environment:checking '/home/mc2148/AURO/GIT-SUBMISSION/AURO/Submission/install/solution_interfaces/bin'
[11.267s] INFO:colcon.colcon_core.shell:Creating package script '/home/mc2148/AURO/GIT-SUBMISSION/AURO/Submission/install/solution_interfaces/share/solution_interfaces/package.ps1'
[11.268s] INFO:colcon.colcon_core.shell:Creating package descriptor '/home/mc2148/AURO/GIT-SUBMISSION/AURO/Submission/install/solution_interfaces/share/solution_interfaces/package.dsv'
[11.269s] INFO:colcon.colcon_core.shell:Creating package script '/home/mc2148/AURO/GIT-SUBMISSION/AURO/Submission/install/solution_interfaces/share/solution_interfaces/package.sh'
[11.270s] INFO:colcon.colcon_core.shell:Creating package script '/home/mc2148/AURO/GIT-SUBMISSION/AURO/Submission/install/solution_interfaces/share/solution_interfaces/package.bash'
[11.271s] INFO:colcon.colcon_core.shell:Creating package script '/home/mc2148/AURO/GIT-SUBMISSION/AURO/Submission/install/solution_interfaces/share/solution_interfaces/package.zsh'
[11.272s] Level 1:colcon.colcon_core.environment:create_file_with_runtime_dependencies(/home/mc2148/AURO/GIT-SUBMISSION/AURO/Submission/install/solution_interfaces/share/colcon-core/packages/solution_interfaces)
[11.275s] DEBUG:colcon.colcon_core.event_handler.log_command:Invoked command in '/home/mc2148/AURO/GIT-SUBMISSION/AURO/Submission/src/assessment' returned '0': PYTHONPATH=/home/mc2148/AURO/GIT-SUBMISSION/AURO/Submission/build/assessment/prefix_override:/home/mc2148/AURO/GIT-SUBMISSION/AURO/Submission/install/assessment/lib/python3.10/site-packages:${PYTHONPATH} /usr/bin/python3 setup.py egg_info --egg-base ../../build/assessment build --build-base /home/mc2148/AURO/GIT-SUBMISSION/AURO/Submission/build/assessment/build install --record /home/mc2148/AURO/GIT-SUBMISSION/AURO/Submission/build/assessment/install.log --single-version-externally-managed
[11.327s] Level 1:colcon.colcon_core.environment:checking '/home/mc2148/AURO/GIT-SUBMISSION/AURO/Submission/install/assessment' for CMake module files
[11.329s] Level 1:colcon.colcon_core.environment:checking '/home/mc2148/AURO/GIT-SUBMISSION/AURO/Submission/install/assessment' for CMake config files
[11.331s] Level 1:colcon.colcon_core.environment:checking '/home/mc2148/AURO/GIT-SUBMISSION/AURO/Submission/install/assessment/lib'
[11.332s] Level 1:colcon.colcon_core.environment:checking '/home/mc2148/AURO/GIT-SUBMISSION/AURO/Submission/install/assessment/bin'
[11.332s] Level 1:colcon.colcon_core.environment:checking '/home/mc2148/AURO/GIT-SUBMISSION/AURO/Submission/install/assessment/lib/pkgconfig/assessment.pc'
[11.333s] Level 1:colcon.colcon_core.environment:checking '/home/mc2148/AURO/GIT-SUBMISSION/AURO/Submission/install/assessment/lib/python3.10/site-packages'
[11.333s] Level 1:colcon.colcon_core.shell:create_environment_hook('assessment', 'pythonpath')
[11.393s] INFO:colcon.colcon_core.shell:Creating environment hook '/home/mc2148/AURO/GIT-SUBMISSION/AURO/Submission/install/assessment/share/assessment/hook/pythonpath.ps1'
[11.394s] INFO:colcon.colcon_core.shell:Creating environment descriptor '/home/mc2148/AURO/GIT-SUBMISSION/AURO/Submission/install/assessment/share/assessment/hook/pythonpath.dsv'
[11.395s] INFO:colcon.colcon_core.shell:Creating environment hook '/home/mc2148/AURO/GIT-SUBMISSION/AURO/Submission/install/assessment/share/assessment/hook/pythonpath.sh'
[11.396s] Level 1:colcon.colcon_core.environment:checking '/home/mc2148/AURO/GIT-SUBMISSION/AURO/Submission/install/assessment/bin'
[11.396s] Level 1:colcon.colcon_core.environment:create_environment_scripts_only(assessment)
[11.442s] INFO:colcon.colcon_core.shell:Creating package script '/home/mc2148/AURO/GIT-SUBMISSION/AURO/Submission/install/assessment/share/assessment/package.ps1'
[11.443s] INFO:colcon.colcon_core.shell:Creating package descriptor '/home/mc2148/AURO/GIT-SUBMISSION/AURO/Submission/install/assessment/share/assessment/package.dsv'
[11.444s] INFO:colcon.colcon_core.shell:Creating package script '/home/mc2148/AURO/GIT-SUBMISSION/AURO/Submission/install/assessment/share/assessment/package.sh'
[11.445s] INFO:colcon.colcon_core.shell:Creating package script '/home/mc2148/AURO/GIT-SUBMISSION/AURO/Submission/install/assessment/share/assessment/package.bash'
[11.446s] INFO:colcon.colcon_core.shell:Creating package script '/home/mc2148/AURO/GIT-SUBMISSION/AURO/Submission/install/assessment/share/assessment/package.zsh'
[11.447s] Level 1:colcon.colcon_core.environment:create_file_with_runtime_dependencies(/home/mc2148/AURO/GIT-SUBMISSION/AURO/Submission/install/assessment/share/colcon-core/packages/assessment)
[12.299s] INFO:colcon.colcon_core.task.python.build:Building Python package in '/home/mc2148/AURO/GIT-SUBMISSION/AURO/Submission/src/tf_relay'
[12.353s] INFO:colcon.colcon_core.shell:Skip shell extension 'powershell' for command environment: Not usable outside of PowerShell
[12.353s] DEBUG:colcon.colcon_core.shell:Skip shell extension 'dsv' for command environment
[13.939s] DEBUG:colcon.colcon_core.event_handler.log_command:Invoking command in '/home/mc2148/AURO/GIT-SUBMISSION/AURO/Submission/src/tf_relay': PYTHONPATH=/home/mc2148/AURO/GIT-SUBMISSION/AURO/Submission/build/tf_relay/prefix_override:/home/mc2148/AURO/GIT-SUBMISSION/AURO/Submission/install/tf_relay/lib/python3.10/site-packages:${PYTHONPATH} /usr/bin/python3 setup.py egg_info --egg-base ../../build/tf_relay build --build-base /home/mc2148/AURO/GIT-SUBMISSION/AURO/Submission/build/tf_relay/build install --record /home/mc2148/AURO/GIT-SUBMISSION/AURO/Submission/build/tf_relay/install.log --single-version-externally-managed
[15.007s] DEBUG:colcon.colcon_core.event_handler.log_command:Invoked command in '/home/mc2148/AURO/GIT-SUBMISSION/AURO/Submission/src/tf_relay' returned '0': PYTHONPATH=/home/mc2148/AURO/GIT-SUBMISSION/AURO/Submission/build/tf_relay/prefix_override:/home/mc2148/AURO/GIT-SUBMISSION/AURO/Submission/install/tf_relay/lib/python3.10/site-packages:${PYTHONPATH} /usr/bin/python3 setup.py egg_info --egg-base ../../build/tf_relay build --build-base /home/mc2148/AURO/GIT-SUBMISSION/AURO/Submission/build/tf_relay/build install --record /home/mc2148/AURO/GIT-SUBMISSION/AURO/Submission/build/tf_relay/install.log --single-version-externally-managed
[15.059s] Level 1:colcon.colcon_core.environment:checking '/home/mc2148/AURO/GIT-SUBMISSION/AURO/Submission/install/tf_relay' for CMake module files
[15.061s] Level 1:colcon.colcon_core.environment:checking '/home/mc2148/AURO/GIT-SUBMISSION/AURO/Submission/install/tf_relay' for CMake config files
[15.063s] Level 1:colcon.colcon_core.environment:checking '/home/mc2148/AURO/GIT-SUBMISSION/AURO/Submission/install/tf_relay/lib'
[15.063s] Level 1:colcon.colcon_core.environment:checking '/home/mc2148/AURO/GIT-SUBMISSION/AURO/Submission/install/tf_relay/bin'
[15.063s] Level 1:colcon.colcon_core.environment:checking '/home/mc2148/AURO/GIT-SUBMISSION/AURO/Submission/install/tf_relay/lib/pkgconfig/tf_relay.pc'
[15.064s] Level 1:colcon.colcon_core.environment:checking '/home/mc2148/AURO/GIT-SUBMISSION/AURO/Submission/install/tf_relay/lib/python3.10/site-packages'
[15.064s] Level 1:colcon.colcon_core.shell:create_environment_hook('tf_relay', 'pythonpath')
[15.122s] INFO:colcon.colcon_core.shell:Creating environment hook '/home/mc2148/AURO/GIT-SUBMISSION/AURO/Submission/install/tf_relay/share/tf_relay/hook/pythonpath.ps1'
[15.123s] INFO:colcon.colcon_core.shell:Creating environment descriptor '/home/mc2148/AURO/GIT-SUBMISSION/AURO/Submission/install/tf_relay/share/tf_relay/hook/pythonpath.dsv'
[15.124s] INFO:colcon.colcon_core.shell:Creating environment hook '/home/mc2148/AURO/GIT-SUBMISSION/AURO/Submission/install/tf_relay/share/tf_relay/hook/pythonpath.sh'
[15.126s] Level 1:colcon.colcon_core.environment:checking '/home/mc2148/AURO/GIT-SUBMISSION/AURO/Submission/install/tf_relay/bin'
[15.126s] Level 1:colcon.colcon_core.environment:create_environment_scripts_only(tf_relay)
[15.193s] INFO:colcon.colcon_core.shell:Creating package script '/home/mc2148/AURO/GIT-SUBMISSION/AURO/Submission/install/tf_relay/share/tf_relay/package.ps1'
[15.195s] INFO:colcon.colcon_core.shell:Creating package descriptor '/home/mc2148/AURO/GIT-SUBMISSION/AURO/Submission/install/tf_relay/share/tf_relay/package.dsv'
[15.196s] INFO:colcon.colcon_core.shell:Creating package script '/home/mc2148/AURO/GIT-SUBMISSION/AURO/Submission/install/tf_relay/share/tf_relay/package.sh'
[15.198s] INFO:colcon.colcon_core.shell:Creating package script '/home/mc2148/AURO/GIT-SUBMISSION/AURO/Submission/install/tf_relay/share/tf_relay/package.bash'
[15.199s] INFO:colcon.colcon_core.shell:Creating package script '/home/mc2148/AURO/GIT-SUBMISSION/AURO/Submission/install/tf_relay/share/tf_relay/package.zsh'
[15.200s] Level 1:colcon.colcon_core.environment:create_file_with_runtime_dependencies(/home/mc2148/AURO/GIT-SUBMISSION/AURO/Submission/install/tf_relay/share/colcon-core/packages/tf_relay)
[15.201s] DEBUG:colcon.colcon_parallel_executor.executor.parallel:closing loop
[15.205s] DEBUG:colcon.colcon_parallel_executor.executor.parallel:loop closed
[15.206s] DEBUG:colcon.colcon_parallel_executor.executor.parallel:run_until_complete finished with '0'
[15.206s] DEBUG:colcon.colcon_core.event_reactor:joining thread
[15.274s] INFO:colcon.colcon_core.plugin_system:Skipping extension 'colcon_notification.desktop_notification.terminal_notifier': Not used on non-Darwin systems
[15.274s] INFO:colcon.colcon_core.plugin_system:Skipping extension 'colcon_notification.desktop_notification.win32': Not used on non-Windows systems
[15.274s] INFO:colcon.colcon_notification.desktop_notification:Sending desktop notification using 'notify2'
[15.306s] DEBUG:colcon.colcon_core.event_reactor:joined thread
[15.373s] INFO:colcon.colcon_core.shell:Creating prefix script '/home/mc2148/AURO/GIT-SUBMISSION/AURO/Submission/install/local_setup.ps1'
[15.376s] INFO:colcon.colcon_core.shell:Creating prefix util module '/home/mc2148/AURO/GIT-SUBMISSION/AURO/Submission/install/_local_setup_util_ps1.py'
[15.381s] INFO:colcon.colcon_core.shell:Creating prefix chain script '/home/mc2148/AURO/GIT-SUBMISSION/AURO/Submission/install/setup.ps1'
[15.450s] INFO:colcon.colcon_core.shell:Creating prefix script '/home/mc2148/AURO/GIT-SUBMISSION/AURO/Submission/install/local_setup.sh'
[15.452s] INFO:colcon.colcon_core.shell:Creating prefix util module '/home/mc2148/AURO/GIT-SUBMISSION/AURO/Submission/install/_local_setup_util_sh.py'
[15.453s] INFO:colcon.colcon_core.shell:Creating prefix chain script '/home/mc2148/AURO/GIT-SUBMISSION/AURO/Submission/install/setup.sh'
[15.524s] INFO:colcon.colcon_core.shell:Creating prefix script '/home/mc2148/AURO/GIT-SUBMISSION/AURO/Submission/install/local_setup.bash'
[15.525s] INFO:colcon.colcon_core.shell:Creating prefix chain script '/home/mc2148/AURO/GIT-SUBMISSION/AURO/Submission/install/setup.bash'
[15.594s] INFO:colcon.colcon_core.shell:Creating prefix script '/home/mc2148/AURO/GIT-SUBMISSION/AURO/Submission/install/local_setup.zsh'
[15.595s] INFO:colcon.colcon_core.shell:Creating prefix chain script '/home/mc2148/AURO/GIT-SUBMISSION/AURO/Submission/install/setup.zsh'
