[1.423s] Invoking command in '/home/mc2148/AURO/GIT-SUBMISSION/AURO/Submission/build/assessment_interfaces': CMAKE_PREFIX_PATH=${CMAKE_PREFIX_PATH}:/home/mc2148/turtlebot3_ws/install/turtlebot3_teleop:/home/mc2148/turtlebot3_ws/install/turtlebot3_example:/home/mc2148/AURO/GIT-SUBMISSION/AURO/Submission/install/tf_relay:/home/mc2148/AURO/GIT-SUBMISSION/AURO/Submission/install/solution:/home/mc2148/AURO/GIT-SUBMISSION/AURO/Submission/install/assessment:/opt/ros/humble /usr/bin/cmake --build /home/mc2148/AURO/GIT-SUBMISSION/AURO/Submission/build/assessment_interfaces -- -j4 -l4
[2.523s] [ 11%] Built target assessment_interfaces__rosidl_generator_c
[2.523s] [ 12%] Built target assessment_interfaces__cpp
[2.523s] [ 12%] Built target ament_cmake_python_copy_assessment_interfaces
[2.523s] [ 24%] Built target assessment_interfaces__rosidl_typesupport_introspection_c
[2.524s] [ 35%] Built target assessment_interfaces__rosidl_typesupport_fastrtps_c
[2.524s] [ 47%] Built target assessment_interfaces__rosidl_typesupport_c
[2.524s] [ 58%] Built target assessment_interfaces__rosidl_typesupport_fastrtps_cpp
[2.524s] [ 70%] Built target assessment_interfaces__rosidl_typesupport_introspection_cpp
[2.524s] [ 81%] Built target assessment_interfaces__rosidl_typesupport_cpp
[2.524s] [ 81%] Built target assessment_interfaces
[2.524s] [ 82%] Built target assessment_interfaces__py
[2.524s] [ 93%] Built target assessment_interfaces__rosidl_generator_py
[2.525s] [ 97%] Built target assessment_interfaces__rosidl_typesupport_c__pyext
[2.525s] [ 97%] Built target assessment_interfaces__rosidl_typesupport_fastrtps_c__pyext
[2.525s] [100%] Built target assessment_interfaces__rosidl_typesupport_introspection_c__pyext
[2.525s] running egg_info
[2.525s] writing assessment_interfaces.egg-info/PKG-INFO
[2.525s] writing dependency_links to assessment_interfaces.egg-info/dependency_links.txt
[2.525s] writing top-level names to assessment_interfaces.egg-info/top_level.txt
[2.525s] reading manifest file 'assessment_interfaces.egg-info/SOURCES.txt'
[2.526s] writing manifest file 'assessment_interfaces.egg-info/SOURCES.txt'
[2.559s] [100%] Built target ament_cmake_python_build_assessment_interfaces_egg
[2.608s] Invoked command in '/home/mc2148/AURO/GIT-SUBMISSION/AURO/Submission/build/assessment_interfaces' returned '0': CMAKE_PREFIX_PATH=${CMAKE_PREFIX_PATH}:/home/mc2148/turtlebot3_ws/install/turtlebot3_teleop:/home/mc2148/turtlebot3_ws/install/turtlebot3_example:/home/mc2148/AURO/GIT-SUBMISSION/AURO/Submission/install/tf_relay:/home/mc2148/AURO/GIT-SUBMISSION/AURO/Submission/install/solution:/home/mc2148/AURO/GIT-SUBMISSION/AURO/Submission/install/assessment:/opt/ros/humble /usr/bin/cmake --build /home/mc2148/AURO/GIT-SUBMISSION/AURO/Submission/build/assessment_interfaces -- -j4 -l4
[4.019s] Invoking command in '/home/mc2148/AURO/GIT-SUBMISSION/AURO/Submission/build/assessment_interfaces': CMAKE_PREFIX_PATH=${CMAKE_PREFIX_PATH}:/home/mc2148/turtlebot3_ws/install/turtlebot3_teleop:/home/mc2148/turtlebot3_ws/install/turtlebot3_example:/home/mc2148/AURO/GIT-SUBMISSION/AURO/Submission/install/tf_relay:/home/mc2148/AURO/GIT-SUBMISSION/AURO/Submission/install/solution:/home/mc2148/AURO/GIT-SUBMISSION/AURO/Submission/install/assessment:/opt/ros/humble /usr/bin/cmake --install /home/mc2148/AURO/GIT-SUBMISSION/AURO/Submission/build/assessment_interfaces
[4.048s] -- Install configuration: ""
[4.050s] -- Up-to-date: /home/mc2148/AURO/GIT-SUBMISSION/AURO/Submission/install/assessment_interfaces/share/ament_index/resource_index/rosidl_interfaces/assessment_interfaces
[4.053s] -- Up-to-date: /home/mc2148/AURO/GIT-SUBMISSION/AURO/Submission/install/assessment_interfaces/include/assessment_interfaces/assessment_interfaces
[4.056s] -- Up-to-date: /home/mc2148/AURO/GIT-SUBMISSION/AURO/Submission/install/assessment_interfaces/include/assessment_interfaces/assessment_interfaces/msg
[4.058s] -- Up-to-date: /home/mc2148/AURO/GIT-SUBMISSION/AURO/Submission/install/assessment_interfaces/include/assessment_interfaces/assessment_interfaces/msg/rosidl_generator_c__visibility_control.h
[4.061s] -- Up-to-date: /home/mc2148/AURO/GIT-SUBMISSION/AURO/Submission/install/assessment_interfaces/include/assessment_interfaces/assessment_interfaces/msg/item.h
[4.061s] -- Up-to-date: /home/mc2148/AURO/GIT-SUBMISSION/AURO/Submission/install/assessment_interfaces/include/assessment_interfaces/assessment_interfaces/msg/robot_list.h
[4.062s] -- Up-to-date: /home/mc2148/AURO/GIT-SUBMISSION/AURO/Submission/install/assessment_interfaces/include/assessment_interfaces/assessment_interfaces/msg/robot.h
[4.062s] -- Up-to-date: /home/mc2148/AURO/GIT-SUBMISSION/AURO/Submission/install/assessment_interfaces/include/assessment_interfaces/assessment_interfaces/msg/item_log.h
[4.067s] -- Up-to-date: /home/mc2148/AURO/GIT-SUBMISSION/AURO/Submission/install/assessment_interfaces/include/assessment_interfaces/assessment_interfaces/msg/item_holder.h
[4.068s] -- Up-to-date: /home/mc2148/AURO/GIT-SUBMISSION/AURO/Submission/install/assessment_interfaces/include/assessment_interfaces/assessment_interfaces/msg/detail
[4.068s] -- Up-to-date: /home/mc2148/AURO/GIT-SUBMISSION/AURO/Submission/install/assessment_interfaces/include/assessment_interfaces/assessment_interfaces/msg/detail/item_list__functions.c
[4.068s] -- Up-to-date: /home/mc2148/AURO/GIT-SUBMISSION/AURO/Submission/install/assessment_interfaces/include/assessment_interfaces/assessment_interfaces/msg/detail/home_zone__struct.h
[4.069s] -- Up-to-date: /home/mc2148/AURO/GIT-SUBMISSION/AURO/Submission/install/assessment_interfaces/include/assessment_interfaces/assessment_interfaces/msg/detail/item_holders__struct.h
[4.069s] -- Up-to-date: /home/mc2148/AURO/GIT-SUBMISSION/AURO/Submission/install/assessment_interfaces/include/assessment_interfaces/assessment_interfaces/msg/detail/robot_list__struct.h
[4.069s] -- Up-to-date: /home/mc2148/AURO/GIT-SUBMISSION/AURO/Submission/install/assessment_interfaces/include/assessment_interfaces/assessment_interfaces/msg/detail/item__type_support.h
[4.070s] -- Up-to-date: /home/mc2148/AURO/GIT-SUBMISSION/AURO/Submission/install/assessment_interfaces/include/assessment_interfaces/assessment_interfaces/msg/detail/item__functions.c
[4.070s] -- Up-to-date: /home/mc2148/AURO/GIT-SUBMISSION/AURO/Submission/install/assessment_interfaces/include/assessment_interfaces/assessment_interfaces/msg/detail/home_zone__type_support.h
[4.070s] -- Up-to-date: /home/mc2148/AURO/GIT-SUBMISSION/AURO/Submission/install/assessment_interfaces/include/assessment_interfaces/assessment_interfaces/msg/detail/item_list__type_support.h
[4.071s] -- Up-to-date: /home/mc2148/AURO/GIT-SUBMISSION/AURO/Submission/install/assessment_interfaces/include/assessment_interfaces/assessment_interfaces/msg/detail/item_list__struct.h
[4.071s] -- Up-to-date: /home/mc2148/AURO/GIT-SUBMISSION/AURO/Submission/install/assessment_interfaces/include/assessment_interfaces/assessment_interfaces/msg/detail/item_log__type_support.h
[4.071s] -- Up-to-date: /home/mc2148/AURO/GIT-SUBMISSION/AURO/Submission/install/assessment_interfaces/include/assessment_interfaces/assessment_interfaces/msg/detail/robot_list__functions.c
[4.071s] -- Up-to-date: /home/mc2148/AURO/GIT-SUBMISSION/AURO/Submission/install/assessment_interfaces/include/assessment_interfaces/assessment_interfaces/msg/detail/item_holder__functions.h
[4.072s] -- Up-to-date: /home/mc2148/AURO/GIT-SUBMISSION/AURO/Submission/install/assessment_interfaces/include/assessment_interfaces/assessment_interfaces/msg/detail/item__struct.h
[4.072s] -- Up-to-date: /home/mc2148/AURO/GIT-SUBMISSION/AURO/Submission/install/assessment_interfaces/include/assessment_interfaces/assessment_interfaces/msg/detail/item_holders__functions.h
[4.072s] -- Up-to-date: /home/mc2148/AURO/GIT-SUBMISSION/AURO/Submission/install/assessment_interfaces/include/assessment_interfaces/assessment_interfaces/msg/detail/item_log__functions.h
[4.072s] -- Up-to-date: /home/mc2148/AURO/GIT-SUBMISSION/AURO/Submission/install/assessment_interfaces/include/assessment_interfaces/assessment_interfaces/msg/detail/item_holder__type_support.h
[4.073s] -- Up-to-date: /home/mc2148/AURO/GIT-SUBMISSION/AURO/Submission/install/assessment_interfaces/include/assessment_interfaces/assessment_interfaces/msg/detail/item_holders__type_support.h
[4.073s] -- Up-to-date: /home/mc2148/AURO/GIT-SUBMISSION/AURO/Submission/install/assessment_interfaces/include/assessment_interfaces/assessment_interfaces/msg/detail/robot_list__type_support.h
[4.073s] -- Up-to-date: /home/mc2148/AURO/GIT-SUBMISSION/AURO/Submission/install/assessment_interfaces/include/assessment_interfaces/assessment_interfaces/msg/detail/item_holder__functions.c
[4.073s] -- Up-to-date: /home/mc2148/AURO/GIT-SUBMISSION/AURO/Submission/install/assessment_interfaces/include/assessment_interfaces/assessment_interfaces/msg/detail/home_zone__functions.h
[4.074s] -- Up-to-date: /home/mc2148/AURO/GIT-SUBMISSION/AURO/Submission/install/assessment_interfaces/include/assessment_interfaces/assessment_interfaces/msg/detail/robot__type_support.h
[4.074s] -- Up-to-date: /home/mc2148/AURO/GIT-SUBMISSION/AURO/Submission/install/assessment_interfaces/include/assessment_interfaces/assessment_interfaces/msg/detail/item_holders__functions.c
[4.074s] -- Up-to-date: /home/mc2148/AURO/GIT-SUBMISSION/AURO/Submission/install/assessment_interfaces/include/assessment_interfaces/assessment_interfaces/msg/detail/robot_list__functions.h
[4.075s] -- Up-to-date: /home/mc2148/AURO/GIT-SUBMISSION/AURO/Submission/install/assessment_interfaces/include/assessment_interfaces/assessment_interfaces/msg/detail/robot__functions.c
[4.075s] -- Up-to-date: /home/mc2148/AURO/GIT-SUBMISSION/AURO/Submission/install/assessment_interfaces/include/assessment_interfaces/assessment_interfaces/msg/detail/item_log__struct.h
[4.075s] -- Up-to-date: /home/mc2148/AURO/GIT-SUBMISSION/AURO/Submission/install/assessment_interfaces/include/assessment_interfaces/assessment_interfaces/msg/detail/item_holder__struct.h
[4.083s] -- Up-to-date: /home/mc2148/AURO/GIT-SUBMISSION/AURO/Submission/install/assessment_interfaces/include/assessment_interfaces/assessment_interfaces/msg/detail/item_list__functions.h
[4.083s] -- Up-to-date: /home/mc2148/AURO/GIT-SUBMISSION/AURO/Submission/install/assessment_interfaces/include/assessment_interfaces/assessment_interfaces/msg/detail/robot__functions.h
[4.084s] -- Up-to-date: /home/mc2148/AURO/GIT-SUBMISSION/AURO/Submission/install/assessment_interfaces/include/assessment_interfaces/assessment_interfaces/msg/detail/item_log__functions.c
[4.084s] -- Up-to-date: /home/mc2148/AURO/GIT-SUBMISSION/AURO/Submission/install/assessment_interfaces/include/assessment_interfaces/assessment_interfaces/msg/detail/robot__struct.h
[4.084s] -- Up-to-date: /home/mc2148/AURO/GIT-SUBMISSION/AURO/Submission/install/assessment_interfaces/include/assessment_interfaces/assessment_interfaces/msg/detail/item__functions.h
[4.084s] -- Up-to-date: /home/mc2148/AURO/GIT-SUBMISSION/AURO/Submission/install/assessment_interfaces/include/assessment_interfaces/assessment_interfaces/msg/detail/home_zone__functions.c
[4.085s] -- Up-to-date: /home/mc2148/AURO/GIT-SUBMISSION/AURO/Submission/install/assessment_interfaces/include/assessment_interfaces/assessment_interfaces/msg/home_zone.h
[4.085s] -- Up-to-date: /home/mc2148/AURO/GIT-SUBMISSION/AURO/Submission/install/assessment_interfaces/include/assessment_interfaces/assessment_interfaces/msg/item_list.h
[4.085s] -- Up-to-date: /home/mc2148/AURO/GIT-SUBMISSION/AURO/Submission/install/assessment_interfaces/include/assessment_interfaces/assessment_interfaces/msg/item_holders.h
[4.086s] -- Up-to-date: /home/mc2148/AURO/GIT-SUBMISSION/AURO/Submission/install/assessment_interfaces/share/assessment_interfaces/environment/library_path.sh
[4.086s] -- Up-to-date: /home/mc2148/AURO/GIT-SUBMISSION/AURO/Submission/install/assessment_interfaces/share/assessment_interfaces/environment/library_path.dsv
[4.086s] -- Up-to-date: /home/mc2148/AURO/GIT-SUBMISSION/AURO/Submission/install/assessment_interfaces/lib/libassessment_interfaces__rosidl_generator_c.so
[4.087s] -- Up-to-date: /home/mc2148/AURO/GIT-SUBMISSION/AURO/Submission/install/assessment_interfaces/include/assessment_interfaces/assessment_interfaces
[4.087s] -- Up-to-date: /home/mc2148/AURO/GIT-SUBMISSION/AURO/Submission/install/assessment_interfaces/include/assessment_interfaces/assessment_interfaces/msg
[4.087s] -- Up-to-date: /home/mc2148/AURO/GIT-SUBMISSION/AURO/Submission/install/assessment_interfaces/include/assessment_interfaces/assessment_interfaces/msg/rosidl_typesupport_fastrtps_c__visibility_control.h
[4.088s] -- Up-to-date: /home/mc2148/AURO/GIT-SUBMISSION/AURO/Submission/install/assessment_interfaces/include/assessment_interfaces/assessment_interfaces/msg/detail
[4.088s] -- Up-to-date: /home/mc2148/AURO/GIT-SUBMISSION/AURO/Submission/install/assessment_interfaces/include/assessment_interfaces/assessment_interfaces/msg/detail/item_holder__rosidl_typesupport_fastrtps_c.h
[4.088s] -- Up-to-date: /home/mc2148/AURO/GIT-SUBMISSION/AURO/Submission/install/assessment_interfaces/include/assessment_interfaces/assessment_interfaces/msg/detail/item_log__rosidl_typesupport_fastrtps_c.h
[4.089s] -- Up-to-date: /home/mc2148/AURO/GIT-SUBMISSION/AURO/Submission/install/assessment_interfaces/include/assessment_interfaces/assessment_interfaces/msg/detail/home_zone__rosidl_typesupport_fastrtps_c.h
[4.089s] -- Up-to-date: /home/mc2148/AURO/GIT-SUBMISSION/AURO/Submission/install/assessment_interfaces/include/assessment_interfaces/assessment_interfaces/msg/detail/robot__rosidl_typesupport_fastrtps_c.h
[4.089s] -- Up-to-date: /home/mc2148/AURO/GIT-SUBMISSION/AURO/Submission/install/assessment_interfaces/include/assessment_interfaces/assessment_interfaces/msg/detail/item__rosidl_typesupport_fastrtps_c.h
[4.089s] -- Up-to-date: /home/mc2148/AURO/GIT-SUBMISSION/AURO/Submission/install/assessment_interfaces/include/assessment_interfaces/assessment_interfaces/msg/detail/item_list__rosidl_typesupport_fastrtps_c.h
[4.090s] -- Up-to-date: /home/mc2148/AURO/GIT-SUBMISSION/AURO/Submission/install/assessment_interfaces/include/assessment_interfaces/assessment_interfaces/msg/detail/item_holders__rosidl_typesupport_fastrtps_c.h
[4.090s] -- Up-to-date: /home/mc2148/AURO/GIT-SUBMISSION/AURO/Submission/install/assessment_interfaces/include/assessment_interfaces/assessment_interfaces/msg/detail/robot_list__rosidl_typesupport_fastrtps_c.h
[4.090s] -- Up-to-date: /home/mc2148/AURO/GIT-SUBMISSION/AURO/Submission/install/assessment_interfaces/lib/libassessment_interfaces__rosidl_typesupport_fastrtps_c.so
[4.098s] -- Up-to-date: /home/mc2148/AURO/GIT-SUBMISSION/AURO/Submission/install/assessment_interfaces/include/assessment_interfaces/assessment_interfaces
[4.098s] -- Up-to-date: /home/mc2148/AURO/GIT-SUBMISSION/AURO/Submission/install/assessment_interfaces/include/assessment_interfaces/assessment_interfaces/msg
[4.099s] -- Up-to-date: /home/mc2148/AURO/GIT-SUBMISSION/AURO/Submission/install/assessment_interfaces/include/assessment_interfaces/assessment_interfaces/msg/rosidl_typesupport_introspection_c__visibility_control.h
[4.099s] -- Up-to-date: /home/mc2148/AURO/GIT-SUBMISSION/AURO/Submission/install/assessment_interfaces/include/assessment_interfaces/assessment_interfaces/msg/detail
[4.099s] -- Up-to-date: /home/mc2148/AURO/GIT-SUBMISSION/AURO/Submission/install/assessment_interfaces/include/assessment_interfaces/assessment_interfaces/msg/detail/item_log__rosidl_typesupport_introspection_c.h
[4.100s] -- Up-to-date: /home/mc2148/AURO/GIT-SUBMISSION/AURO/Submission/install/assessment_interfaces/include/assessment_interfaces/assessment_interfaces/msg/detail/item_log__type_support.c
[4.100s] -- Up-to-date: /home/mc2148/AURO/GIT-SUBMISSION/AURO/Submission/install/assessment_interfaces/include/assessment_interfaces/assessment_interfaces/msg/detail/robot_list__rosidl_typesupport_introspection_c.h
[4.100s] -- Up-to-date: /home/mc2148/AURO/GIT-SUBMISSION/AURO/Submission/install/assessment_interfaces/include/assessment_interfaces/assessment_interfaces/msg/detail/item_holders__type_support.c
[4.101s] -- Up-to-date: /home/mc2148/AURO/GIT-SUBMISSION/AURO/Submission/install/assessment_interfaces/include/assessment_interfaces/assessment_interfaces/msg/detail/home_zone__type_support.c
[4.101s] -- Up-to-date: /home/mc2148/AURO/GIT-SUBMISSION/AURO/Submission/install/assessment_interfaces/include/assessment_interfaces/assessment_interfaces/msg/detail/item__rosidl_typesupport_introspection_c.h
[4.101s] -- Up-to-date: /home/mc2148/AURO/GIT-SUBMISSION/AURO/Submission/install/assessment_interfaces/include/assessment_interfaces/assessment_interfaces/msg/detail/item_list__type_support.c
[4.101s] -- Up-to-date: /home/mc2148/AURO/GIT-SUBMISSION/AURO/Submission/install/assessment_interfaces/include/assessment_interfaces/assessment_interfaces/msg/detail/item_list__rosidl_typesupport_introspection_c.h
[4.102s] -- Up-to-date: /home/mc2148/AURO/GIT-SUBMISSION/AURO/Submission/install/assessment_interfaces/include/assessment_interfaces/assessment_interfaces/msg/detail/robot_list__type_support.c
[4.102s] -- Up-to-date: /home/mc2148/AURO/GIT-SUBMISSION/AURO/Submission/install/assessment_interfaces/include/assessment_interfaces/assessment_interfaces/msg/detail/item_holders__rosidl_typesupport_introspection_c.h
[4.102s] -- Up-to-date: /home/mc2148/AURO/GIT-SUBMISSION/AURO/Submission/install/assessment_interfaces/include/assessment_interfaces/assessment_interfaces/msg/detail/robot__type_support.c
[4.103s] -- Up-to-date: /home/mc2148/AURO/GIT-SUBMISSION/AURO/Submission/install/assessment_interfaces/include/assessment_interfaces/assessment_interfaces/msg/detail/item_holder__rosidl_typesupport_introspection_c.h
[4.103s] -- Up-to-date: /home/mc2148/AURO/GIT-SUBMISSION/AURO/Submission/install/assessment_interfaces/include/assessment_interfaces/assessment_interfaces/msg/detail/item__type_support.c
[4.103s] -- Up-to-date: /home/mc2148/AURO/GIT-SUBMISSION/AURO/Submission/install/assessment_interfaces/include/assessment_interfaces/assessment_interfaces/msg/detail/robot__rosidl_typesupport_introspection_c.h
[4.103s] -- Up-to-date: /home/mc2148/AURO/GIT-SUBMISSION/AURO/Submission/install/assessment_interfaces/include/assessment_interfaces/assessment_interfaces/msg/detail/item_holder__type_support.c
[4.104s] -- Up-to-date: /home/mc2148/AURO/GIT-SUBMISSION/AURO/Submission/install/assessment_interfaces/include/assessment_interfaces/assessment_interfaces/msg/detail/home_zone__rosidl_typesupport_introspection_c.h
[4.104s] -- Up-to-date: /home/mc2148/AURO/GIT-SUBMISSION/AURO/Submission/install/assessment_interfaces/lib/libassessment_interfaces__rosidl_typesupport_introspection_c.so
[4.115s] -- Up-to-date: /home/mc2148/AURO/GIT-SUBMISSION/AURO/Submission/install/assessment_interfaces/lib/libassessment_interfaces__rosidl_typesupport_c.so
[4.116s] -- Up-to-date: /home/mc2148/AURO/GIT-SUBMISSION/AURO/Submission/install/assessment_interfaces/include/assessment_interfaces/assessment_interfaces
[4.117s] -- Up-to-date: /home/mc2148/AURO/GIT-SUBMISSION/AURO/Submission/install/assessment_interfaces/include/assessment_interfaces/assessment_interfaces/msg
[4.117s] -- Up-to-date: /home/mc2148/AURO/GIT-SUBMISSION/AURO/Submission/install/assessment_interfaces/include/assessment_interfaces/assessment_interfaces/msg/item.hpp
[4.118s] -- Up-to-date: /home/mc2148/AURO/GIT-SUBMISSION/AURO/Submission/install/assessment_interfaces/include/assessment_interfaces/assessment_interfaces/msg/robot.hpp
[4.118s] -- Up-to-date: /home/mc2148/AURO/GIT-SUBMISSION/AURO/Submission/install/assessment_interfaces/include/assessment_interfaces/assessment_interfaces/msg/item_holders.hpp
[4.119s] -- Up-to-date: /home/mc2148/AURO/GIT-SUBMISSION/AURO/Submission/install/assessment_interfaces/include/assessment_interfaces/assessment_interfaces/msg/item_list.hpp
[4.119s] -- Up-to-date: /home/mc2148/AURO/GIT-SUBMISSION/AURO/Submission/install/assessment_interfaces/include/assessment_interfaces/assessment_interfaces/msg/home_zone.hpp
[4.120s] -- Up-to-date: /home/mc2148/AURO/GIT-SUBMISSION/AURO/Submission/install/assessment_interfaces/include/assessment_interfaces/assessment_interfaces/msg/robot_list.hpp
[4.120s] -- Up-to-date: /home/mc2148/AURO/GIT-SUBMISSION/AURO/Submission/install/assessment_interfaces/include/assessment_interfaces/assessment_interfaces/msg/detail
[4.121s] -- Up-to-date: /home/mc2148/AURO/GIT-SUBMISSION/AURO/Submission/install/assessment_interfaces/include/assessment_interfaces/assessment_interfaces/msg/detail/robot__struct.hpp
[4.121s] -- Up-to-date: /home/mc2148/AURO/GIT-SUBMISSION/AURO/Submission/install/assessment_interfaces/include/assessment_interfaces/assessment_interfaces/msg/detail/robot_list__traits.hpp
[4.122s] -- Up-to-date: /home/mc2148/AURO/GIT-SUBMISSION/AURO/Submission/install/assessment_interfaces/include/assessment_interfaces/assessment_interfaces/msg/detail/item_list__struct.hpp
[4.122s] -- Up-to-date: /home/mc2148/AURO/GIT-SUBMISSION/AURO/Submission/install/assessment_interfaces/include/assessment_interfaces/assessment_interfaces/msg/detail/item_list__traits.hpp
[4.122s] -- Up-to-date: /home/mc2148/AURO/GIT-SUBMISSION/AURO/Submission/install/assessment_interfaces/include/assessment_interfaces/assessment_interfaces/msg/detail/item__struct.hpp
[4.123s] -- Up-to-date: /home/mc2148/AURO/GIT-SUBMISSION/AURO/Submission/install/assessment_interfaces/include/assessment_interfaces/assessment_interfaces/msg/detail/item_holder__struct.hpp
[4.123s] -- Up-to-date: /home/mc2148/AURO/GIT-SUBMISSION/AURO/Submission/install/assessment_interfaces/include/assessment_interfaces/assessment_interfaces/msg/detail/robot__builder.hpp
[4.124s] -- Up-to-date: /home/mc2148/AURO/GIT-SUBMISSION/AURO/Submission/install/assessment_interfaces/include/assessment_interfaces/assessment_interfaces/msg/detail/item_holders__struct.hpp
[4.124s] -- Up-to-date: /home/mc2148/AURO/GIT-SUBMISSION/AURO/Submission/install/assessment_interfaces/include/assessment_interfaces/assessment_interfaces/msg/detail/item__builder.hpp
[4.125s] -- Up-to-date: /home/mc2148/AURO/GIT-SUBMISSION/AURO/Submission/install/assessment_interfaces/include/assessment_interfaces/assessment_interfaces/msg/detail/robot__traits.hpp
[4.126s] -- Up-to-date: /home/mc2148/AURO/GIT-SUBMISSION/AURO/Submission/install/assessment_interfaces/include/assessment_interfaces/assessment_interfaces/msg/detail/item__traits.hpp
[4.126s] -- Up-to-date: /home/mc2148/AURO/GIT-SUBMISSION/AURO/Submission/install/assessment_interfaces/include/assessment_interfaces/assessment_interfaces/msg/detail/item_holder__builder.hpp
[4.127s] -- Up-to-date: /home/mc2148/AURO/GIT-SUBMISSION/AURO/Submission/install/assessment_interfaces/include/assessment_interfaces/assessment_interfaces/msg/detail/item_holders__builder.hpp
[4.128s] -- Up-to-date: /home/mc2148/AURO/GIT-SUBMISSION/AURO/Submission/install/assessment_interfaces/include/assessment_interfaces/assessment_interfaces/msg/detail/item_log__builder.hpp
[4.128s] -- Up-to-date: /home/mc2148/AURO/GIT-SUBMISSION/AURO/Submission/install/assessment_interfaces/include/assessment_interfaces/assessment_interfaces/msg/detail/home_zone__traits.hpp
[4.128s] -- Up-to-date: /home/mc2148/AURO/GIT-SUBMISSION/AURO/Submission/install/assessment_interfaces/include/assessment_interfaces/assessment_interfaces/msg/detail/robot_list__struct.hpp
[4.129s] -- Up-to-date: /home/mc2148/AURO/GIT-SUBMISSION/AURO/Submission/install/assessment_interfaces/include/assessment_interfaces/assessment_interfaces/msg/detail/item_list__builder.hpp
[4.129s] -- Up-to-date: /home/mc2148/AURO/GIT-SUBMISSION/AURO/Submission/install/assessment_interfaces/include/assessment_interfaces/assessment_interfaces/msg/detail/item_log__struct.hpp
[4.129s] -- Up-to-date: /home/mc2148/AURO/GIT-SUBMISSION/AURO/Submission/install/assessment_interfaces/include/assessment_interfaces/assessment_interfaces/msg/detail/home_zone__builder.hpp
[4.133s] -- Up-to-date: /home/mc2148/AURO/GIT-SUBMISSION/AURO/Submission/install/assessment_interfaces/include/assessment_interfaces/assessment_interfaces/msg/detail/robot_list__builder.hpp
[4.133s] -- Up-to-date: /home/mc2148/AURO/GIT-SUBMISSION/AURO/Submission/install/assessment_interfaces/include/assessment_interfaces/assessment_interfaces/msg/detail/home_zone__struct.hpp
[4.133s] -- Up-to-date: /home/mc2148/AURO/GIT-SUBMISSION/AURO/Submission/install/assessment_interfaces/include/assessment_interfaces/assessment_interfaces/msg/detail/item_holder__traits.hpp
[4.134s] -- Up-to-date: /home/mc2148/AURO/GIT-SUBMISSION/AURO/Submission/install/assessment_interfaces/include/assessment_interfaces/assessment_interfaces/msg/detail/item_holders__traits.hpp
[4.134s] -- Up-to-date: /home/mc2148/AURO/GIT-SUBMISSION/AURO/Submission/install/assessment_interfaces/include/assessment_interfaces/assessment_interfaces/msg/detail/item_log__traits.hpp
[4.134s] -- Up-to-date: /home/mc2148/AURO/GIT-SUBMISSION/AURO/Submission/install/assessment_interfaces/include/assessment_interfaces/assessment_interfaces/msg/item_holder.hpp
[4.134s] -- Up-to-date: /home/mc2148/AURO/GIT-SUBMISSION/AURO/Submission/install/assessment_interfaces/include/assessment_interfaces/assessment_interfaces/msg/item_log.hpp
[4.135s] -- Up-to-date: /home/mc2148/AURO/GIT-SUBMISSION/AURO/Submission/install/assessment_interfaces/include/assessment_interfaces/assessment_interfaces
[4.135s] -- Up-to-date: /home/mc2148/AURO/GIT-SUBMISSION/AURO/Submission/install/assessment_interfaces/include/assessment_interfaces/assessment_interfaces/msg
[4.135s] -- Up-to-date: /home/mc2148/AURO/GIT-SUBMISSION/AURO/Submission/install/assessment_interfaces/include/assessment_interfaces/assessment_interfaces/msg/rosidl_typesupport_fastrtps_cpp__visibility_control.h
[4.135s] -- Up-to-date: /home/mc2148/AURO/GIT-SUBMISSION/AURO/Submission/install/assessment_interfaces/include/assessment_interfaces/assessment_interfaces/msg/detail
[4.136s] -- Up-to-date: /home/mc2148/AURO/GIT-SUBMISSION/AURO/Submission/install/assessment_interfaces/include/assessment_interfaces/assessment_interfaces/msg/detail/item__rosidl_typesupport_fastrtps_cpp.hpp
[4.136s] -- Up-to-date: /home/mc2148/AURO/GIT-SUBMISSION/AURO/Submission/install/assessment_interfaces/include/assessment_interfaces/assessment_interfaces/msg/detail/item_list__rosidl_typesupport_fastrtps_cpp.hpp
[4.136s] -- Up-to-date: /home/mc2148/AURO/GIT-SUBMISSION/AURO/Submission/install/assessment_interfaces/include/assessment_interfaces/assessment_interfaces/msg/detail/home_zone__rosidl_typesupport_fastrtps_cpp.hpp
[4.137s] -- Up-to-date: /home/mc2148/AURO/GIT-SUBMISSION/AURO/Submission/install/assessment_interfaces/include/assessment_interfaces/assessment_interfaces/msg/detail/dds_fastrtps
[4.137s] -- Up-to-date: /home/mc2148/AURO/GIT-SUBMISSION/AURO/Submission/install/assessment_interfaces/include/assessment_interfaces/assessment_interfaces/msg/detail/robot_list__rosidl_typesupport_fastrtps_cpp.hpp
[4.137s] -- Up-to-date: /home/mc2148/AURO/GIT-SUBMISSION/AURO/Submission/install/assessment_interfaces/include/assessment_interfaces/assessment_interfaces/msg/detail/robot__rosidl_typesupport_fastrtps_cpp.hpp
[4.137s] -- Up-to-date: /home/mc2148/AURO/GIT-SUBMISSION/AURO/Submission/install/assessment_interfaces/include/assessment_interfaces/assessment_interfaces/msg/detail/item_holders__rosidl_typesupport_fastrtps_cpp.hpp
[4.138s] -- Up-to-date: /home/mc2148/AURO/GIT-SUBMISSION/AURO/Submission/install/assessment_interfaces/include/assessment_interfaces/assessment_interfaces/msg/detail/item_log__rosidl_typesupport_fastrtps_cpp.hpp
[4.147s] -- Up-to-date: /home/mc2148/AURO/GIT-SUBMISSION/AURO/Submission/install/assessment_interfaces/include/assessment_interfaces/assessment_interfaces/msg/detail/item_holder__rosidl_typesupport_fastrtps_cpp.hpp
[4.147s] -- Up-to-date: /home/mc2148/AURO/GIT-SUBMISSION/AURO/Submission/install/assessment_interfaces/lib/libassessment_interfaces__rosidl_typesupport_fastrtps_cpp.so
[4.147s] -- Up-to-date: /home/mc2148/AURO/GIT-SUBMISSION/AURO/Submission/install/assessment_interfaces/include/assessment_interfaces/assessment_interfaces
[4.148s] -- Up-to-date: /home/mc2148/AURO/GIT-SUBMISSION/AURO/Submission/install/assessment_interfaces/include/assessment_interfaces/assessment_interfaces/msg
[4.148s] -- Up-to-date: /home/mc2148/AURO/GIT-SUBMISSION/AURO/Submission/install/assessment_interfaces/include/assessment_interfaces/assessment_interfaces/msg/detail
[4.148s] -- Up-to-date: /home/mc2148/AURO/GIT-SUBMISSION/AURO/Submission/install/assessment_interfaces/include/assessment_interfaces/assessment_interfaces/msg/detail/item__rosidl_typesupport_introspection_cpp.hpp
[4.149s] -- Up-to-date: /home/mc2148/AURO/GIT-SUBMISSION/AURO/Submission/install/assessment_interfaces/include/assessment_interfaces/assessment_interfaces/msg/detail/item__type_support.cpp
[4.149s] -- Up-to-date: /home/mc2148/AURO/GIT-SUBMISSION/AURO/Submission/install/assessment_interfaces/include/assessment_interfaces/assessment_interfaces/msg/detail/home_zone__type_support.cpp
[4.149s] -- Up-to-date: /home/mc2148/AURO/GIT-SUBMISSION/AURO/Submission/install/assessment_interfaces/include/assessment_interfaces/assessment_interfaces/msg/detail/item_list__type_support.cpp
[4.149s] -- Up-to-date: /home/mc2148/AURO/GIT-SUBMISSION/AURO/Submission/install/assessment_interfaces/include/assessment_interfaces/assessment_interfaces/msg/detail/item_holder__rosidl_typesupport_introspection_cpp.hpp
[4.155s] -- Up-to-date: /home/mc2148/AURO/GIT-SUBMISSION/AURO/Submission/install/assessment_interfaces/include/assessment_interfaces/assessment_interfaces/msg/detail/item_list__rosidl_typesupport_introspection_cpp.hpp
[4.155s] -- Up-to-date: /home/mc2148/AURO/GIT-SUBMISSION/AURO/Submission/install/assessment_interfaces/include/assessment_interfaces/assessment_interfaces/msg/detail/robot__rosidl_typesupport_introspection_cpp.hpp
[4.155s] -- Up-to-date: /home/mc2148/AURO/GIT-SUBMISSION/AURO/Submission/install/assessment_interfaces/include/assessment_interfaces/assessment_interfaces/msg/detail/robot__type_support.cpp
[4.156s] -- Up-to-date: /home/mc2148/AURO/GIT-SUBMISSION/AURO/Submission/install/assessment_interfaces/include/assessment_interfaces/assessment_interfaces/msg/detail/home_zone__rosidl_typesupport_introspection_cpp.hpp
[4.156s] -- Up-to-date: /home/mc2148/AURO/GIT-SUBMISSION/AURO/Submission/install/assessment_interfaces/include/assessment_interfaces/assessment_interfaces/msg/detail/item_holders__rosidl_typesupport_introspection_cpp.hpp
[4.156s] -- Up-to-date: /home/mc2148/AURO/GIT-SUBMISSION/AURO/Submission/install/assessment_interfaces/include/assessment_interfaces/assessment_interfaces/msg/detail/item_log__rosidl_typesupport_introspection_cpp.hpp
[4.166s] -- Up-to-date: /home/mc2148/AURO/GIT-SUBMISSION/AURO/Submission/install/assessment_interfaces/include/assessment_interfaces/assessment_interfaces/msg/detail/item_log__type_support.cpp
[4.167s] -- Up-to-date: /home/mc2148/AURO/GIT-SUBMISSION/AURO/Submission/install/assessment_interfaces/include/assessment_interfaces/assessment_interfaces/msg/detail/robot_list__rosidl_typesupport_introspection_cpp.hpp
[4.167s] -- Up-to-date: /home/mc2148/AURO/GIT-SUBMISSION/AURO/Submission/install/assessment_interfaces/include/assessment_interfaces/assessment_interfaces/msg/detail/item_holder__type_support.cpp
[4.167s] -- Up-to-date: /home/mc2148/AURO/GIT-SUBMISSION/AURO/Submission/install/assessment_interfaces/include/assessment_interfaces/assessment_interfaces/msg/detail/robot_list__type_support.cpp
[4.168s] -- Up-to-date: /home/mc2148/AURO/GIT-SUBMISSION/AURO/Submission/install/assessment_interfaces/include/assessment_interfaces/assessment_interfaces/msg/detail/item_holders__type_support.cpp
[4.168s] -- Up-to-date: /home/mc2148/AURO/GIT-SUBMISSION/AURO/Submission/install/assessment_interfaces/lib/libassessment_interfaces__rosidl_typesupport_introspection_cpp.so
[4.168s] -- Up-to-date: /home/mc2148/AURO/GIT-SUBMISSION/AURO/Submission/install/assessment_interfaces/lib/libassessment_interfaces__rosidl_typesupport_cpp.so
[4.169s] -- Up-to-date: /home/mc2148/AURO/GIT-SUBMISSION/AURO/Submission/install/assessment_interfaces/share/assessment_interfaces/environment/pythonpath.sh
[4.169s] -- Up-to-date: /home/mc2148/AURO/GIT-SUBMISSION/AURO/Submission/install/assessment_interfaces/share/assessment_interfaces/environment/pythonpath.dsv
[4.169s] -- Up-to-date: /home/mc2148/AURO/GIT-SUBMISSION/AURO/Submission/install/assessment_interfaces/local/lib/python3.10/dist-packages/assessment_interfaces-0.0.0-py3.10.egg-info
[4.169s] -- Installing: /home/mc2148/AURO/GIT-SUBMISSION/AURO/Submission/install/assessment_interfaces/local/lib/python3.10/dist-packages/assessment_interfaces-0.0.0-py3.10.egg-info/top_level.txt
[4.170s] -- Installing: /home/mc2148/AURO/GIT-SUBMISSION/AURO/Submission/install/assessment_interfaces/local/lib/python3.10/dist-packages/assessment_interfaces-0.0.0-py3.10.egg-info/PKG-INFO
[4.170s] -- Installing: /home/mc2148/AURO/GIT-SUBMISSION/AURO/Submission/install/assessment_interfaces/local/lib/python3.10/dist-packages/assessment_interfaces-0.0.0-py3.10.egg-info/SOURCES.txt
[4.170s] -- Installing: /home/mc2148/AURO/GIT-SUBMISSION/AURO/Submission/install/assessment_interfaces/local/lib/python3.10/dist-packages/assessment_interfaces-0.0.0-py3.10.egg-info/dependency_links.txt
[4.170s] -- Up-to-date: /home/mc2148/AURO/GIT-SUBMISSION/AURO/Submission/install/assessment_interfaces/local/lib/python3.10/dist-packages/assessment_interfaces
[4.171s] -- Up-to-date: /home/mc2148/AURO/GIT-SUBMISSION/AURO/Submission/install/assessment_interfaces/local/lib/python3.10/dist-packages/assessment_interfaces/_assessment_interfaces_s.ep.rosidl_typesupport_introspection_c.c
[4.171s] -- Up-to-date: /home/mc2148/AURO/GIT-SUBMISSION/AURO/Submission/install/assessment_interfaces/local/lib/python3.10/dist-packages/assessment_interfaces/assessment_interfaces_s__rosidl_typesupport_introspection_c.cpython-310-x86_64-linux-gnu.so
[4.171s] -- Up-to-date: /home/mc2148/AURO/GIT-SUBMISSION/AURO/Submission/install/assessment_interfaces/local/lib/python3.10/dist-packages/assessment_interfaces/assessment_interfaces_s__rosidl_typesupport_fastrtps_c.cpython-310-x86_64-linux-gnu.so
[4.172s] -- Up-to-date: /home/mc2148/AURO/GIT-SUBMISSION/AURO/Submission/install/assessment_interfaces/local/lib/python3.10/dist-packages/assessment_interfaces/_assessment_interfaces_s.ep.rosidl_typesupport_c.c
[4.172s] -- Up-to-date: /home/mc2148/AURO/GIT-SUBMISSION/AURO/Submission/install/assessment_interfaces/local/lib/python3.10/dist-packages/assessment_interfaces/assessment_interfaces_s__rosidl_typesupport_c.cpython-310-x86_64-linux-gnu.so
[4.172s] -- Up-to-date: /home/mc2148/AURO/GIT-SUBMISSION/AURO/Submission/install/assessment_interfaces/local/lib/python3.10/dist-packages/assessment_interfaces/_assessment_interfaces_s.ep.rosidl_typesupport_fastrtps_c.c
[4.172s] -- Up-to-date: /home/mc2148/AURO/GIT-SUBMISSION/AURO/Submission/install/assessment_interfaces/local/lib/python3.10/dist-packages/assessment_interfaces/libassessment_interfaces__rosidl_generator_py.so
[4.173s] -- Up-to-date: /home/mc2148/AURO/GIT-SUBMISSION/AURO/Submission/install/assessment_interfaces/local/lib/python3.10/dist-packages/assessment_interfaces/__init__.py
[4.173s] -- Up-to-date: /home/mc2148/AURO/GIT-SUBMISSION/AURO/Submission/install/assessment_interfaces/local/lib/python3.10/dist-packages/assessment_interfaces/msg
[4.173s] -- Up-to-date: /home/mc2148/AURO/GIT-SUBMISSION/AURO/Submission/install/assessment_interfaces/local/lib/python3.10/dist-packages/assessment_interfaces/msg/_item_holder_s.c
[4.173s] -- Up-to-date: /home/mc2148/AURO/GIT-SUBMISSION/AURO/Submission/install/assessment_interfaces/local/lib/python3.10/dist-packages/assessment_interfaces/msg/_robot.py
[4.174s] -- Up-to-date: /home/mc2148/AURO/GIT-SUBMISSION/AURO/Submission/install/assessment_interfaces/local/lib/python3.10/dist-packages/assessment_interfaces/msg/_item_list_s.c
[4.174s] -- Up-to-date: /home/mc2148/AURO/GIT-SUBMISSION/AURO/Submission/install/assessment_interfaces/local/lib/python3.10/dist-packages/assessment_interfaces/msg/_item_log_s.c
[4.174s] -- Up-to-date: /home/mc2148/AURO/GIT-SUBMISSION/AURO/Submission/install/assessment_interfaces/local/lib/python3.10/dist-packages/assessment_interfaces/msg/_robot_s.c
[4.174s] -- Up-to-date: /home/mc2148/AURO/GIT-SUBMISSION/AURO/Submission/install/assessment_interfaces/local/lib/python3.10/dist-packages/assessment_interfaces/msg/_robot_list_s.c
[4.175s] -- Up-to-date: /home/mc2148/AURO/GIT-SUBMISSION/AURO/Submission/install/assessment_interfaces/local/lib/python3.10/dist-packages/assessment_interfaces/msg/_item.py
[4.175s] -- Up-to-date: /home/mc2148/AURO/GIT-SUBMISSION/AURO/Submission/install/assessment_interfaces/local/lib/python3.10/dist-packages/assessment_interfaces/msg/_item_holders_s.c
[4.175s] -- Up-to-date: /home/mc2148/AURO/GIT-SUBMISSION/AURO/Submission/install/assessment_interfaces/local/lib/python3.10/dist-packages/assessment_interfaces/msg/_home_zone.py
[4.176s] -- Up-to-date: /home/mc2148/AURO/GIT-SUBMISSION/AURO/Submission/install/assessment_interfaces/local/lib/python3.10/dist-packages/assessment_interfaces/msg/_item_s.c
[4.176s] -- Up-to-date: /home/mc2148/AURO/GIT-SUBMISSION/AURO/Submission/install/assessment_interfaces/local/lib/python3.10/dist-packages/assessment_interfaces/msg/_item_holders.py
[4.176s] -- Up-to-date: /home/mc2148/AURO/GIT-SUBMISSION/AURO/Submission/install/assessment_interfaces/local/lib/python3.10/dist-packages/assessment_interfaces/msg/__init__.py
[4.176s] -- Up-to-date: /home/mc2148/AURO/GIT-SUBMISSION/AURO/Submission/install/assessment_interfaces/local/lib/python3.10/dist-packages/assessment_interfaces/msg/_item_holder.py
[4.177s] -- Up-to-date: /home/mc2148/AURO/GIT-SUBMISSION/AURO/Submission/install/assessment_interfaces/local/lib/python3.10/dist-packages/assessment_interfaces/msg/_item_log.py
[4.177s] -- Up-to-date: /home/mc2148/AURO/GIT-SUBMISSION/AURO/Submission/install/assessment_interfaces/local/lib/python3.10/dist-packages/assessment_interfaces/msg/_item_list.py
[4.177s] -- Up-to-date: /home/mc2148/AURO/GIT-SUBMISSION/AURO/Submission/install/assessment_interfaces/local/lib/python3.10/dist-packages/assessment_interfaces/msg/_robot_list.py
[4.177s] -- Up-to-date: /home/mc2148/AURO/GIT-SUBMISSION/AURO/Submission/install/assessment_interfaces/local/lib/python3.10/dist-packages/assessment_interfaces/msg/_home_zone_s.c
[4.371s] Listing '/home/mc2148/AURO/GIT-SUBMISSION/AURO/Submission/install/assessment_interfaces/local/lib/python3.10/dist-packages/assessment_interfaces'...
[4.371s] Listing '/home/mc2148/AURO/GIT-SUBMISSION/AURO/Submission/install/assessment_interfaces/local/lib/python3.10/dist-packages/assessment_interfaces/msg'...
[4.386s] -- Up-to-date: /home/mc2148/AURO/GIT-SUBMISSION/AURO/Submission/install/assessment_interfaces/local/lib/python3.10/dist-packages/assessment_interfaces/assessment_interfaces_s__rosidl_typesupport_fastrtps_c.cpython-310-x86_64-linux-gnu.so
[4.387s] -- Up-to-date: /home/mc2148/AURO/GIT-SUBMISSION/AURO/Submission/install/assessment_interfaces/local/lib/python3.10/dist-packages/assessment_interfaces/assessment_interfaces_s__rosidl_typesupport_introspection_c.cpython-310-x86_64-linux-gnu.so
[4.389s] -- Up-to-date: /home/mc2148/AURO/GIT-SUBMISSION/AURO/Submission/install/assessment_interfaces/local/lib/python3.10/dist-packages/assessment_interfaces/assessment_interfaces_s__rosidl_typesupport_c.cpython-310-x86_64-linux-gnu.so
[4.390s] -- Up-to-date: /home/mc2148/AURO/GIT-SUBMISSION/AURO/Submission/install/assessment_interfaces/lib/libassessment_interfaces__rosidl_generator_py.so
[4.392s] -- Up-to-date: /home/mc2148/AURO/GIT-SUBMISSION/AURO/Submission/install/assessment_interfaces/share/assessment_interfaces/msg/ItemLog.idl
[4.392s] -- Up-to-date: /home/mc2148/AURO/GIT-SUBMISSION/AURO/Submission/install/assessment_interfaces/share/assessment_interfaces/msg/ItemHolder.idl
[4.393s] -- Up-to-date: /home/mc2148/AURO/GIT-SUBMISSION/AURO/Submission/install/assessment_interfaces/share/assessment_interfaces/msg/ItemHolders.idl
[4.394s] -- Up-to-date: /home/mc2148/AURO/GIT-SUBMISSION/AURO/Submission/install/assessment_interfaces/share/assessment_interfaces/msg/Item.idl
[4.394s] -- Up-to-date: /home/mc2148/AURO/GIT-SUBMISSION/AURO/Submission/install/assessment_interfaces/share/assessment_interfaces/msg/ItemList.idl
[4.395s] -- Up-to-date: /home/mc2148/AURO/GIT-SUBMISSION/AURO/Submission/install/assessment_interfaces/share/assessment_interfaces/msg/HomeZone.idl
[4.396s] -- Up-to-date: /home/mc2148/AURO/GIT-SUBMISSION/AURO/Submission/install/assessment_interfaces/share/assessment_interfaces/msg/Robot.idl
[4.396s] -- Up-to-date: /home/mc2148/AURO/GIT-SUBMISSION/AURO/Submission/install/assessment_interfaces/share/assessment_interfaces/msg/RobotList.idl
[4.397s] -- Up-to-date: /home/mc2148/AURO/GIT-SUBMISSION/AURO/Submission/install/assessment_interfaces/share/assessment_interfaces/msg/ItemLog.msg
[4.398s] -- Up-to-date: /home/mc2148/AURO/GIT-SUBMISSION/AURO/Submission/install/assessment_interfaces/share/assessment_interfaces/msg/ItemHolder.msg
[4.399s] -- Up-to-date: /home/mc2148/AURO/GIT-SUBMISSION/AURO/Submission/install/assessment_interfaces/share/assessment_interfaces/msg/ItemHolders.msg
[4.399s] -- Up-to-date: /home/mc2148/AURO/GIT-SUBMISSION/AURO/Submission/install/assessment_interfaces/share/assessment_interfaces/msg/Item.msg
[4.412s] -- Up-to-date: /home/mc2148/AURO/GIT-SUBMISSION/AURO/Submission/install/assessment_interfaces/share/assessment_interfaces/msg/ItemList.msg
[4.413s] -- Up-to-date: /home/mc2148/AURO/GIT-SUBMISSION/AURO/Submission/install/assessment_interfaces/share/assessment_interfaces/msg/HomeZone.msg
[4.414s] -- Up-to-date: /home/mc2148/AURO/GIT-SUBMISSION/AURO/Submission/install/assessment_interfaces/share/assessment_interfaces/msg/Robot.msg
[4.414s] -- Up-to-date: /home/mc2148/AURO/GIT-SUBMISSION/AURO/Submission/install/assessment_interfaces/share/assessment_interfaces/msg/RobotList.msg
[4.414s] -- Up-to-date: /home/mc2148/AURO/GIT-SUBMISSION/AURO/Submission/install/assessment_interfaces/share/ament_index/resource_index/package_run_dependencies/assessment_interfaces
[4.414s] -- Up-to-date: /home/mc2148/AURO/GIT-SUBMISSION/AURO/Submission/install/assessment_interfaces/share/ament_index/resource_index/parent_prefix_path/assessment_interfaces
[4.415s] -- Up-to-date: /home/mc2148/AURO/GIT-SUBMISSION/AURO/Submission/install/assessment_interfaces/share/assessment_interfaces/environment/ament_prefix_path.sh
[4.415s] -- Up-to-date: /home/mc2148/AURO/GIT-SUBMISSION/AURO/Submission/install/assessment_interfaces/share/assessment_interfaces/environment/ament_prefix_path.dsv
[4.415s] -- Up-to-date: /home/mc2148/AURO/GIT-SUBMISSION/AURO/Submission/install/assessment_interfaces/share/assessment_interfaces/environment/path.sh
[4.415s] -- Up-to-date: /home/mc2148/AURO/GIT-SUBMISSION/AURO/Submission/install/assessment_interfaces/share/assessment_interfaces/environment/path.dsv
[4.416s] -- Up-to-date: /home/mc2148/AURO/GIT-SUBMISSION/AURO/Submission/install/assessment_interfaces/share/assessment_interfaces/local_setup.bash
[4.416s] -- Up-to-date: /home/mc2148/AURO/GIT-SUBMISSION/AURO/Submission/install/assessment_interfaces/share/assessment_interfaces/local_setup.sh
[4.416s] -- Up-to-date: /home/mc2148/AURO/GIT-SUBMISSION/AURO/Submission/install/assessment_interfaces/share/assessment_interfaces/local_setup.zsh
[4.416s] -- Up-to-date: /home/mc2148/AURO/GIT-SUBMISSION/AURO/Submission/install/assessment_interfaces/share/assessment_interfaces/local_setup.dsv
[4.416s] -- Installing: /home/mc2148/AURO/GIT-SUBMISSION/AURO/Submission/install/assessment_interfaces/share/assessment_interfaces/package.dsv
[4.417s] -- Up-to-date: /home/mc2148/AURO/GIT-SUBMISSION/AURO/Submission/install/assessment_interfaces/share/ament_index/resource_index/packages/assessment_interfaces
[4.417s] -- Up-to-date: /home/mc2148/AURO/GIT-SUBMISSION/AURO/Submission/install/assessment_interfaces/share/assessment_interfaces/cmake/export_assessment_interfaces__rosidl_generator_cExport.cmake
[4.417s] -- Up-to-date: /home/mc2148/AURO/GIT-SUBMISSION/AURO/Submission/install/assessment_interfaces/share/assessment_interfaces/cmake/export_assessment_interfaces__rosidl_generator_cExport-noconfig.cmake
[4.417s] -- Up-to-date: /home/mc2148/AURO/GIT-SUBMISSION/AURO/Submission/install/assessment_interfaces/share/assessment_interfaces/cmake/export_assessment_interfaces__rosidl_typesupport_fastrtps_cExport.cmake
[4.418s] -- Up-to-date: /home/mc2148/AURO/GIT-SUBMISSION/AURO/Submission/install/assessment_interfaces/share/assessment_interfaces/cmake/export_assessment_interfaces__rosidl_typesupport_fastrtps_cExport-noconfig.cmake
[4.418s] -- Up-to-date: /home/mc2148/AURO/GIT-SUBMISSION/AURO/Submission/install/assessment_interfaces/share/assessment_interfaces/cmake/assessment_interfaces__rosidl_typesupport_introspection_cExport.cmake
[4.418s] -- Up-to-date: /home/mc2148/AURO/GIT-SUBMISSION/AURO/Submission/install/assessment_interfaces/share/assessment_interfaces/cmake/assessment_interfaces__rosidl_typesupport_introspection_cExport-noconfig.cmake
[4.424s] -- Up-to-date: /home/mc2148/AURO/GIT-SUBMISSION/AURO/Submission/install/assessment_interfaces/share/assessment_interfaces/cmake/assessment_interfaces__rosidl_typesupport_cExport.cmake
[4.425s] -- Up-to-date: /home/mc2148/AURO/GIT-SUBMISSION/AURO/Submission/install/assessment_interfaces/share/assessment_interfaces/cmake/assessment_interfaces__rosidl_typesupport_cExport-noconfig.cmake
[4.430s] -- Up-to-date: /home/mc2148/AURO/GIT-SUBMISSION/AURO/Submission/install/assessment_interfaces/share/assessment_interfaces/cmake/export_assessment_interfaces__rosidl_generator_cppExport.cmake
[4.432s] -- Up-to-date: /home/mc2148/AURO/GIT-SUBMISSION/AURO/Submission/install/assessment_interfaces/share/assessment_interfaces/cmake/export_assessment_interfaces__rosidl_typesupport_fastrtps_cppExport.cmake
[4.432s] -- Up-to-date: /home/mc2148/AURO/GIT-SUBMISSION/AURO/Submission/install/assessment_interfaces/share/assessment_interfaces/cmake/export_assessment_interfaces__rosidl_typesupport_fastrtps_cppExport-noconfig.cmake
[4.433s] -- Up-to-date: /home/mc2148/AURO/GIT-SUBMISSION/AURO/Submission/install/assessment_interfaces/share/assessment_interfaces/cmake/assessment_interfaces__rosidl_typesupport_introspection_cppExport.cmake
[4.434s] -- Up-to-date: /home/mc2148/AURO/GIT-SUBMISSION/AURO/Submission/install/assessment_interfaces/share/assessment_interfaces/cmake/assessment_interfaces__rosidl_typesupport_introspection_cppExport-noconfig.cmake
[4.435s] -- Up-to-date: /home/mc2148/AURO/GIT-SUBMISSION/AURO/Submission/install/assessment_interfaces/share/assessment_interfaces/cmake/assessment_interfaces__rosidl_typesupport_cppExport.cmake
[4.436s] -- Up-to-date: /home/mc2148/AURO/GIT-SUBMISSION/AURO/Submission/install/assessment_interfaces/share/assessment_interfaces/cmake/assessment_interfaces__rosidl_typesupport_cppExport-noconfig.cmake
[4.443s] -- Up-to-date: /home/mc2148/AURO/GIT-SUBMISSION/AURO/Submission/install/assessment_interfaces/share/assessment_interfaces/cmake/export_assessment_interfaces__rosidl_generator_pyExport.cmake
[4.444s] -- Up-to-date: /home/mc2148/AURO/GIT-SUBMISSION/AURO/Submission/install/assessment_interfaces/share/assessment_interfaces/cmake/export_assessment_interfaces__rosidl_generator_pyExport-noconfig.cmake
[4.445s] -- Up-to-date: /home/mc2148/AURO/GIT-SUBMISSION/AURO/Submission/install/assessment_interfaces/share/assessment_interfaces/cmake/rosidl_cmake-extras.cmake
[4.446s] -- Up-to-date: /home/mc2148/AURO/GIT-SUBMISSION/AURO/Submission/install/assessment_interfaces/share/assessment_interfaces/cmake/ament_cmake_export_include_directories-extras.cmake
[4.446s] -- Up-to-date: /home/mc2148/AURO/GIT-SUBMISSION/AURO/Submission/install/assessment_interfaces/share/assessment_interfaces/cmake/ament_cmake_export_libraries-extras.cmake
[4.447s] -- Up-to-date: /home/mc2148/AURO/GIT-SUBMISSION/AURO/Submission/install/assessment_interfaces/share/assessment_interfaces/cmake/ament_cmake_export_targets-extras.cmake
[4.448s] -- Up-to-date: /home/mc2148/AURO/GIT-SUBMISSION/AURO/Submission/install/assessment_interfaces/share/assessment_interfaces/cmake/rosidl_cmake_export_typesupport_targets-extras.cmake
[4.449s] -- Up-to-date: /home/mc2148/AURO/GIT-SUBMISSION/AURO/Submission/install/assessment_interfaces/share/assessment_interfaces/cmake/ament_cmake_export_dependencies-extras.cmake
[4.450s] -- Up-to-date: /home/mc2148/AURO/GIT-SUBMISSION/AURO/Submission/install/assessment_interfaces/share/assessment_interfaces/cmake/rosidl_cmake_export_typesupport_libraries-extras.cmake
[4.452s] -- Up-to-date: /home/mc2148/AURO/GIT-SUBMISSION/AURO/Submission/install/assessment_interfaces/share/assessment_interfaces/cmake/assessment_interfacesConfig.cmake
[4.452s] -- Up-to-date: /home/mc2148/AURO/GIT-SUBMISSION/AURO/Submission/install/assessment_interfaces/share/assessment_interfaces/cmake/assessment_interfacesConfig-version.cmake
[4.453s] -- Up-to-date: /home/mc2148/AURO/GIT-SUBMISSION/AURO/Submission/install/assessment_interfaces/share/assessment_interfaces/package.xml
[4.465s] Invoked command in '/home/mc2148/AURO/GIT-SUBMISSION/AURO/Submission/build/assessment_interfaces' returned '0': CMAKE_PREFIX_PATH=${CMAKE_PREFIX_PATH}:/home/mc2148/turtlebot3_ws/install/turtlebot3_teleop:/home/mc2148/turtlebot3_ws/install/turtlebot3_example:/home/mc2148/AURO/GIT-SUBMISSION/AURO/Submission/install/tf_relay:/home/mc2148/AURO/GIT-SUBMISSION/AURO/Submission/install/solution:/home/mc2148/AURO/GIT-SUBMISSION/AURO/Submission/install/assessment:/opt/ros/humble /usr/bin/cmake --install /home/mc2148/AURO/GIT-SUBMISSION/AURO/Submission/build/assessment_interfaces
