[1.439s] Invoking command in '/home/mc2148/AURO/GIT-SUBMISSION/AURO/Submission/build/assessment_interfaces': CMAKE_PREFIX_PATH=${CMAKE_PREFIX_PATH}:/home/mc2148/turtlebot3_ws/install/turtlebot3_teleop:/home/mc2148/turtlebot3_ws/install/turtlebot3_example:/home/mc2148/AURO/GIT-SUBMISSION/AURO/Submission/install/tf_relay:/home/mc2148/AURO/GIT-SUBMISSION/AURO/Submission/install/solution:/home/mc2148/AURO/GIT-SUBMISSION/AURO/Submission/install/assessment:/opt/ros/humble /usr/bin/cmake --build /home/mc2148/AURO/GIT-SUBMISSION/AURO/Submission/build/assessment_interfaces -- -j4 -l4
[2.502s] [  1%] Built target assessment_interfaces__cpp
[2.504s] [ 12%] Built target assessment_interfaces__rosidl_generator_c
[2.504s] [ 12%] Built target ament_cmake_python_copy_assessment_interfaces
[2.505s] [ 24%] Built target assessment_interfaces__rosidl_typesupport_cpp
[2.505s] [ 35%] Built target assessment_interfaces__rosidl_typesupport_fastrtps_cpp
[2.506s] [ 47%] Built target assessment_interfaces__rosidl_typesupport_introspection_cpp
[2.507s] [ 58%] Built target assessment_interfaces__rosidl_typesupport_fastrtps_c
[2.507s] [ 70%] Built target assessment_interfaces__rosidl_typesupport_introspection_c
[2.507s] [ 81%] Built target assessment_interfaces__rosidl_typesupport_c
[2.508s] [ 81%] Built target assessment_interfaces
[2.508s] [ 82%] Built target assessment_interfaces__py
[2.509s] [ 93%] Built target assessment_interfaces__rosidl_generator_py
[2.509s] [ 95%] Built target assessment_interfaces__rosidl_typesupport_fastrtps_c__pyext
[2.510s] [ 97%] Built target assessment_interfaces__rosidl_typesupport_introspection_c__pyext
[2.510s] [100%] Built target assessment_interfaces__rosidl_typesupport_c__pyext
[2.510s] running egg_info
[2.510s] writing assessment_interfaces.egg-info/PKG-INFO
[2.511s] writing dependency_links to assessment_interfaces.egg-info/dependency_links.txt
[2.511s] writing top-level names to assessment_interfaces.egg-info/top_level.txt
[2.513s] reading manifest file 'assessment_interfaces.egg-info/SOURCES.txt'
[2.515s] writing manifest file 'assessment_interfaces.egg-info/SOURCES.txt'
[2.516s] [100%] Built target ament_cmake_python_build_assessment_interfaces_egg
[2.532s] Invoked command in '/home/mc2148/AURO/GIT-SUBMISSION/AURO/Submission/build/assessment_interfaces' returned '0': CMAKE_PREFIX_PATH=${CMAKE_PREFIX_PATH}:/home/mc2148/turtlebot3_ws/install/turtlebot3_teleop:/home/mc2148/turtlebot3_ws/install/turtlebot3_example:/home/mc2148/AURO/GIT-SUBMISSION/AURO/Submission/install/tf_relay:/home/mc2148/AURO/GIT-SUBMISSION/AURO/Submission/install/solution:/home/mc2148/AURO/GIT-SUBMISSION/AURO/Submission/install/assessment:/opt/ros/humble /usr/bin/cmake --build /home/mc2148/AURO/GIT-SUBMISSION/AURO/Submission/build/assessment_interfaces -- -j4 -l4
[3.854s] Invoking command in '/home/mc2148/AURO/GIT-SUBMISSION/AURO/Submission/build/assessment_interfaces': CMAKE_PREFIX_PATH=${CMAKE_PREFIX_PATH}:/home/mc2148/turtlebot3_ws/install/turtlebot3_teleop:/home/mc2148/turtlebot3_ws/install/turtlebot3_example:/home/mc2148/AURO/GIT-SUBMISSION/AURO/Submission/install/tf_relay:/home/mc2148/AURO/GIT-SUBMISSION/AURO/Submission/install/solution:/home/mc2148/AURO/GIT-SUBMISSION/AURO/Submission/install/assessment:/opt/ros/humble /usr/bin/cmake --install /home/mc2148/AURO/GIT-SUBMISSION/AURO/Submission/build/assessment_interfaces
[3.883s] -- Install configuration: ""
[3.883s] -- Up-to-date: /home/mc2148/AURO/GIT-SUBMISSION/AURO/Submission/install/assessment_interfaces/share/ament_index/resource_index/rosidl_interfaces/assessment_interfaces
[3.884s] -- Up-to-date: /home/mc2148/AURO/GIT-SUBMISSION/AURO/Submission/install/assessment_interfaces/include/assessment_interfaces/assessment_interfaces
[3.885s] -- Up-to-date: /home/mc2148/AURO/GIT-SUBMISSION/AURO/Submission/install/assessment_interfaces/include/assessment_interfaces/assessment_interfaces/msg
[3.886s] -- Up-to-date: /home/mc2148/AURO/GIT-SUBMISSION/AURO/Submission/install/assessment_interfaces/include/assessment_interfaces/assessment_interfaces/msg/rosidl_generator_c__visibility_control.h
[3.886s] -- Up-to-date: /home/mc2148/AURO/GIT-SUBMISSION/AURO/Submission/install/assessment_interfaces/include/assessment_interfaces/assessment_interfaces/msg/item.h
[3.887s] -- Up-to-date: /home/mc2148/AURO/GIT-SUBMISSION/AURO/Submission/install/assessment_interfaces/include/assessment_interfaces/assessment_interfaces/msg/robot_list.h
[3.887s] -- Up-to-date: /home/mc2148/AURO/GIT-SUBMISSION/AURO/Submission/install/assessment_interfaces/include/assessment_interfaces/assessment_interfaces/msg/robot.h
[3.887s] -- Up-to-date: /home/mc2148/AURO/GIT-SUBMISSION/AURO/Submission/install/assessment_interfaces/include/assessment_interfaces/assessment_interfaces/msg/item_log.h
[3.888s] -- Up-to-date: /home/mc2148/AURO/GIT-SUBMISSION/AURO/Submission/install/assessment_interfaces/include/assessment_interfaces/assessment_interfaces/msg/item_holder.h
[3.888s] -- Up-to-date: /home/mc2148/AURO/GIT-SUBMISSION/AURO/Submission/install/assessment_interfaces/include/assessment_interfaces/assessment_interfaces/msg/detail
[3.889s] -- Up-to-date: /home/mc2148/AURO/GIT-SUBMISSION/AURO/Submission/install/assessment_interfaces/include/assessment_interfaces/assessment_interfaces/msg/detail/item_list__functions.c
[3.889s] -- Up-to-date: /home/mc2148/AURO/GIT-SUBMISSION/AURO/Submission/install/assessment_interfaces/include/assessment_interfaces/assessment_interfaces/msg/detail/home_zone__struct.h
[3.889s] -- Up-to-date: /home/mc2148/AURO/GIT-SUBMISSION/AURO/Submission/install/assessment_interfaces/include/assessment_interfaces/assessment_interfaces/msg/detail/item_holders__struct.h
[3.890s] -- Up-to-date: /home/mc2148/AURO/GIT-SUBMISSION/AURO/Submission/install/assessment_interfaces/include/assessment_interfaces/assessment_interfaces/msg/detail/robot_list__struct.h
[3.890s] -- Up-to-date: /home/mc2148/AURO/GIT-SUBMISSION/AURO/Submission/install/assessment_interfaces/include/assessment_interfaces/assessment_interfaces/msg/detail/item__type_support.h
[3.891s] -- Up-to-date: /home/mc2148/AURO/GIT-SUBMISSION/AURO/Submission/install/assessment_interfaces/include/assessment_interfaces/assessment_interfaces/msg/detail/item__functions.c
[3.892s] -- Up-to-date: /home/mc2148/AURO/GIT-SUBMISSION/AURO/Submission/install/assessment_interfaces/include/assessment_interfaces/assessment_interfaces/msg/detail/home_zone__type_support.h
[3.892s] -- Up-to-date: /home/mc2148/AURO/GIT-SUBMISSION/AURO/Submission/install/assessment_interfaces/include/assessment_interfaces/assessment_interfaces/msg/detail/item_list__type_support.h
[3.893s] -- Up-to-date: /home/mc2148/AURO/GIT-SUBMISSION/AURO/Submission/install/assessment_interfaces/include/assessment_interfaces/assessment_interfaces/msg/detail/item_list__struct.h
[3.893s] -- Up-to-date: /home/mc2148/AURO/GIT-SUBMISSION/AURO/Submission/install/assessment_interfaces/include/assessment_interfaces/assessment_interfaces/msg/detail/item_log__type_support.h
[3.893s] -- Up-to-date: /home/mc2148/AURO/GIT-SUBMISSION/AURO/Submission/install/assessment_interfaces/include/assessment_interfaces/assessment_interfaces/msg/detail/robot_list__functions.c
[3.894s] -- Up-to-date: /home/mc2148/AURO/GIT-SUBMISSION/AURO/Submission/install/assessment_interfaces/include/assessment_interfaces/assessment_interfaces/msg/detail/item_holder__functions.h
[3.894s] -- Up-to-date: /home/mc2148/AURO/GIT-SUBMISSION/AURO/Submission/install/assessment_interfaces/include/assessment_interfaces/assessment_interfaces/msg/detail/item__struct.h
[3.895s] -- Up-to-date: /home/mc2148/AURO/GIT-SUBMISSION/AURO/Submission/install/assessment_interfaces/include/assessment_interfaces/assessment_interfaces/msg/detail/item_holders__functions.h
[3.897s] -- Up-to-date: /home/mc2148/AURO/GIT-SUBMISSION/AURO/Submission/install/assessment_interfaces/include/assessment_interfaces/assessment_interfaces/msg/detail/item_log__functions.h
[3.903s] -- Up-to-date: /home/mc2148/AURO/GIT-SUBMISSION/AURO/Submission/install/assessment_interfaces/include/assessment_interfaces/assessment_interfaces/msg/detail/item_holder__type_support.h
[3.904s] -- Up-to-date: /home/mc2148/AURO/GIT-SUBMISSION/AURO/Submission/install/assessment_interfaces/include/assessment_interfaces/assessment_interfaces/msg/detail/item_holders__type_support.h
[3.904s] -- Up-to-date: /home/mc2148/AURO/GIT-SUBMISSION/AURO/Submission/install/assessment_interfaces/include/assessment_interfaces/assessment_interfaces/msg/detail/robot_list__type_support.h
[3.904s] -- Up-to-date: /home/mc2148/AURO/GIT-SUBMISSION/AURO/Submission/install/assessment_interfaces/include/assessment_interfaces/assessment_interfaces/msg/detail/item_holder__functions.c
[3.905s] -- Up-to-date: /home/mc2148/AURO/GIT-SUBMISSION/AURO/Submission/install/assessment_interfaces/include/assessment_interfaces/assessment_interfaces/msg/detail/home_zone__functions.h
[3.905s] -- Up-to-date: /home/mc2148/AURO/GIT-SUBMISSION/AURO/Submission/install/assessment_interfaces/include/assessment_interfaces/assessment_interfaces/msg/detail/robot__type_support.h
[3.905s] -- Up-to-date: /home/mc2148/AURO/GIT-SUBMISSION/AURO/Submission/install/assessment_interfaces/include/assessment_interfaces/assessment_interfaces/msg/detail/item_holders__functions.c
[3.905s] -- Up-to-date: /home/mc2148/AURO/GIT-SUBMISSION/AURO/Submission/install/assessment_interfaces/include/assessment_interfaces/assessment_interfaces/msg/detail/robot_list__functions.h
[3.906s] -- Up-to-date: /home/mc2148/AURO/GIT-SUBMISSION/AURO/Submission/install/assessment_interfaces/include/assessment_interfaces/assessment_interfaces/msg/detail/robot__functions.c
[3.906s] -- Up-to-date: /home/mc2148/AURO/GIT-SUBMISSION/AURO/Submission/install/assessment_interfaces/include/assessment_interfaces/assessment_interfaces/msg/detail/item_log__struct.h
[3.906s] -- Up-to-date: /home/mc2148/AURO/GIT-SUBMISSION/AURO/Submission/install/assessment_interfaces/include/assessment_interfaces/assessment_interfaces/msg/detail/item_holder__struct.h
[3.906s] -- Up-to-date: /home/mc2148/AURO/GIT-SUBMISSION/AURO/Submission/install/assessment_interfaces/include/assessment_interfaces/assessment_interfaces/msg/detail/item_list__functions.h
[3.907s] -- Up-to-date: /home/mc2148/AURO/GIT-SUBMISSION/AURO/Submission/install/assessment_interfaces/include/assessment_interfaces/assessment_interfaces/msg/detail/robot__functions.h
[3.907s] -- Up-to-date: /home/mc2148/AURO/GIT-SUBMISSION/AURO/Submission/install/assessment_interfaces/include/assessment_interfaces/assessment_interfaces/msg/detail/item_log__functions.c
[3.907s] -- Up-to-date: /home/mc2148/AURO/GIT-SUBMISSION/AURO/Submission/install/assessment_interfaces/include/assessment_interfaces/assessment_interfaces/msg/detail/robot__struct.h
[3.907s] -- Up-to-date: /home/mc2148/AURO/GIT-SUBMISSION/AURO/Submission/install/assessment_interfaces/include/assessment_interfaces/assessment_interfaces/msg/detail/item__functions.h
[3.908s] -- Up-to-date: /home/mc2148/AURO/GIT-SUBMISSION/AURO/Submission/install/assessment_interfaces/include/assessment_interfaces/assessment_interfaces/msg/detail/home_zone__functions.c
[3.908s] -- Up-to-date: /home/mc2148/AURO/GIT-SUBMISSION/AURO/Submission/install/assessment_interfaces/include/assessment_interfaces/assessment_interfaces/msg/home_zone.h
[3.908s] -- Up-to-date: /home/mc2148/AURO/GIT-SUBMISSION/AURO/Submission/install/assessment_interfaces/include/assessment_interfaces/assessment_interfaces/msg/item_list.h
[3.915s] -- Up-to-date: /home/mc2148/AURO/GIT-SUBMISSION/AURO/Submission/install/assessment_interfaces/include/assessment_interfaces/assessment_interfaces/msg/item_holders.h
[3.915s] -- Up-to-date: /home/mc2148/AURO/GIT-SUBMISSION/AURO/Submission/install/assessment_interfaces/share/assessment_interfaces/environment/library_path.sh
[3.916s] -- Up-to-date: /home/mc2148/AURO/GIT-SUBMISSION/AURO/Submission/install/assessment_interfaces/share/assessment_interfaces/environment/library_path.dsv
[3.916s] -- Up-to-date: /home/mc2148/AURO/GIT-SUBMISSION/AURO/Submission/install/assessment_interfaces/lib/libassessment_interfaces__rosidl_generator_c.so
[3.916s] -- Up-to-date: /home/mc2148/AURO/GIT-SUBMISSION/AURO/Submission/install/assessment_interfaces/include/assessment_interfaces/assessment_interfaces
[3.916s] -- Up-to-date: /home/mc2148/AURO/GIT-SUBMISSION/AURO/Submission/install/assessment_interfaces/include/assessment_interfaces/assessment_interfaces/msg
[3.917s] -- Up-to-date: /home/mc2148/AURO/GIT-SUBMISSION/AURO/Submission/install/assessment_interfaces/include/assessment_interfaces/assessment_interfaces/msg/rosidl_typesupport_fastrtps_c__visibility_control.h
[3.917s] -- Up-to-date: /home/mc2148/AURO/GIT-SUBMISSION/AURO/Submission/install/assessment_interfaces/include/assessment_interfaces/assessment_interfaces/msg/detail
[3.917s] -- Up-to-date: /home/mc2148/AURO/GIT-SUBMISSION/AURO/Submission/install/assessment_interfaces/include/assessment_interfaces/assessment_interfaces/msg/detail/item_holder__rosidl_typesupport_fastrtps_c.h
[3.917s] -- Up-to-date: /home/mc2148/AURO/GIT-SUBMISSION/AURO/Submission/install/assessment_interfaces/include/assessment_interfaces/assessment_interfaces/msg/detail/item_log__rosidl_typesupport_fastrtps_c.h
[3.918s] -- Up-to-date: /home/mc2148/AURO/GIT-SUBMISSION/AURO/Submission/install/assessment_interfaces/include/assessment_interfaces/assessment_interfaces/msg/detail/home_zone__rosidl_typesupport_fastrtps_c.h
[3.918s] -- Up-to-date: /home/mc2148/AURO/GIT-SUBMISSION/AURO/Submission/install/assessment_interfaces/include/assessment_interfaces/assessment_interfaces/msg/detail/robot__rosidl_typesupport_fastrtps_c.h
[3.918s] -- Up-to-date: /home/mc2148/AURO/GIT-SUBMISSION/AURO/Submission/install/assessment_interfaces/include/assessment_interfaces/assessment_interfaces/msg/detail/item__rosidl_typesupport_fastrtps_c.h
[3.918s] -- Up-to-date: /home/mc2148/AURO/GIT-SUBMISSION/AURO/Submission/install/assessment_interfaces/include/assessment_interfaces/assessment_interfaces/msg/detail/item_list__rosidl_typesupport_fastrtps_c.h
[3.919s] -- Up-to-date: /home/mc2148/AURO/GIT-SUBMISSION/AURO/Submission/install/assessment_interfaces/include/assessment_interfaces/assessment_interfaces/msg/detail/item_holders__rosidl_typesupport_fastrtps_c.h
[3.919s] -- Up-to-date: /home/mc2148/AURO/GIT-SUBMISSION/AURO/Submission/install/assessment_interfaces/include/assessment_interfaces/assessment_interfaces/msg/detail/robot_list__rosidl_typesupport_fastrtps_c.h
[3.919s] -- Up-to-date: /home/mc2148/AURO/GIT-SUBMISSION/AURO/Submission/install/assessment_interfaces/lib/libassessment_interfaces__rosidl_typesupport_fastrtps_c.so
[3.919s] -- Up-to-date: /home/mc2148/AURO/GIT-SUBMISSION/AURO/Submission/install/assessment_interfaces/include/assessment_interfaces/assessment_interfaces
[3.920s] -- Up-to-date: /home/mc2148/AURO/GIT-SUBMISSION/AURO/Submission/install/assessment_interfaces/include/assessment_interfaces/assessment_interfaces/msg
[3.920s] -- Up-to-date: /home/mc2148/AURO/GIT-SUBMISSION/AURO/Submission/install/assessment_interfaces/include/assessment_interfaces/assessment_interfaces/msg/rosidl_typesupport_introspection_c__visibility_control.h
[3.920s] -- Up-to-date: /home/mc2148/AURO/GIT-SUBMISSION/AURO/Submission/install/assessment_interfaces/include/assessment_interfaces/assessment_interfaces/msg/detail
[3.920s] -- Up-to-date: /home/mc2148/AURO/GIT-SUBMISSION/AURO/Submission/install/assessment_interfaces/include/assessment_interfaces/assessment_interfaces/msg/detail/item_log__rosidl_typesupport_introspection_c.h
[3.920s] -- Up-to-date: /home/mc2148/AURO/GIT-SUBMISSION/AURO/Submission/install/assessment_interfaces/include/assessment_interfaces/assessment_interfaces/msg/detail/item_log__type_support.c
[3.921s] -- Up-to-date: /home/mc2148/AURO/GIT-SUBMISSION/AURO/Submission/install/assessment_interfaces/include/assessment_interfaces/assessment_interfaces/msg/detail/robot_list__rosidl_typesupport_introspection_c.h
[3.921s] -- Up-to-date: /home/mc2148/AURO/GIT-SUBMISSION/AURO/Submission/install/assessment_interfaces/include/assessment_interfaces/assessment_interfaces/msg/detail/item_holders__type_support.c
[3.921s] -- Up-to-date: /home/mc2148/AURO/GIT-SUBMISSION/AURO/Submission/install/assessment_interfaces/include/assessment_interfaces/assessment_interfaces/msg/detail/home_zone__type_support.c
[3.921s] -- Up-to-date: /home/mc2148/AURO/GIT-SUBMISSION/AURO/Submission/install/assessment_interfaces/include/assessment_interfaces/assessment_interfaces/msg/detail/item__rosidl_typesupport_introspection_c.h
[3.929s] -- Up-to-date: /home/mc2148/AURO/GIT-SUBMISSION/AURO/Submission/install/assessment_interfaces/include/assessment_interfaces/assessment_interfaces/msg/detail/item_list__type_support.c
[3.929s] -- Up-to-date: /home/mc2148/AURO/GIT-SUBMISSION/AURO/Submission/install/assessment_interfaces/include/assessment_interfaces/assessment_interfaces/msg/detail/item_list__rosidl_typesupport_introspection_c.h
[3.930s] -- Up-to-date: /home/mc2148/AURO/GIT-SUBMISSION/AURO/Submission/install/assessment_interfaces/include/assessment_interfaces/assessment_interfaces/msg/detail/robot_list__type_support.c
[3.930s] -- Up-to-date: /home/mc2148/AURO/GIT-SUBMISSION/AURO/Submission/install/assessment_interfaces/include/assessment_interfaces/assessment_interfaces/msg/detail/item_holders__rosidl_typesupport_introspection_c.h
[3.930s] -- Up-to-date: /home/mc2148/AURO/GIT-SUBMISSION/AURO/Submission/install/assessment_interfaces/include/assessment_interfaces/assessment_interfaces/msg/detail/robot__type_support.c
[3.931s] -- Up-to-date: /home/mc2148/AURO/GIT-SUBMISSION/AURO/Submission/install/assessment_interfaces/include/assessment_interfaces/assessment_interfaces/msg/detail/item_holder__rosidl_typesupport_introspection_c.h
[3.931s] -- Up-to-date: /home/mc2148/AURO/GIT-SUBMISSION/AURO/Submission/install/assessment_interfaces/include/assessment_interfaces/assessment_interfaces/msg/detail/item__type_support.c
[3.931s] -- Up-to-date: /home/mc2148/AURO/GIT-SUBMISSION/AURO/Submission/install/assessment_interfaces/include/assessment_interfaces/assessment_interfaces/msg/detail/robot__rosidl_typesupport_introspection_c.h
[3.932s] -- Up-to-date: /home/mc2148/AURO/GIT-SUBMISSION/AURO/Submission/install/assessment_interfaces/include/assessment_interfaces/assessment_interfaces/msg/detail/item_holder__type_support.c
[3.937s] -- Up-to-date: /home/mc2148/AURO/GIT-SUBMISSION/AURO/Submission/install/assessment_interfaces/include/assessment_interfaces/assessment_interfaces/msg/detail/home_zone__rosidl_typesupport_introspection_c.h
[3.937s] -- Up-to-date: /home/mc2148/AURO/GIT-SUBMISSION/AURO/Submission/install/assessment_interfaces/lib/libassessment_interfaces__rosidl_typesupport_introspection_c.so
[3.937s] -- Up-to-date: /home/mc2148/AURO/GIT-SUBMISSION/AURO/Submission/install/assessment_interfaces/lib/libassessment_interfaces__rosidl_typesupport_c.so
[3.937s] -- Up-to-date: /home/mc2148/AURO/GIT-SUBMISSION/AURO/Submission/install/assessment_interfaces/include/assessment_interfaces/assessment_interfaces
[3.938s] -- Up-to-date: /home/mc2148/AURO/GIT-SUBMISSION/AURO/Submission/install/assessment_interfaces/include/assessment_interfaces/assessment_interfaces/msg
[3.938s] -- Up-to-date: /home/mc2148/AURO/GIT-SUBMISSION/AURO/Submission/install/assessment_interfaces/include/assessment_interfaces/assessment_interfaces/msg/item.hpp
[3.938s] -- Up-to-date: /home/mc2148/AURO/GIT-SUBMISSION/AURO/Submission/install/assessment_interfaces/include/assessment_interfaces/assessment_interfaces/msg/robot.hpp
[3.938s] -- Up-to-date: /home/mc2148/AURO/GIT-SUBMISSION/AURO/Submission/install/assessment_interfaces/include/assessment_interfaces/assessment_interfaces/msg/item_holders.hpp
[3.939s] -- Up-to-date: /home/mc2148/AURO/GIT-SUBMISSION/AURO/Submission/install/assessment_interfaces/include/assessment_interfaces/assessment_interfaces/msg/item_list.hpp
[3.939s] -- Up-to-date: /home/mc2148/AURO/GIT-SUBMISSION/AURO/Submission/install/assessment_interfaces/include/assessment_interfaces/assessment_interfaces/msg/home_zone.hpp
[3.939s] -- Up-to-date: /home/mc2148/AURO/GIT-SUBMISSION/AURO/Submission/install/assessment_interfaces/include/assessment_interfaces/assessment_interfaces/msg/robot_list.hpp
[3.939s] -- Up-to-date: /home/mc2148/AURO/GIT-SUBMISSION/AURO/Submission/install/assessment_interfaces/include/assessment_interfaces/assessment_interfaces/msg/detail
[3.940s] -- Up-to-date: /home/mc2148/AURO/GIT-SUBMISSION/AURO/Submission/install/assessment_interfaces/include/assessment_interfaces/assessment_interfaces/msg/detail/robot__struct.hpp
[3.940s] -- Up-to-date: /home/mc2148/AURO/GIT-SUBMISSION/AURO/Submission/install/assessment_interfaces/include/assessment_interfaces/assessment_interfaces/msg/detail/robot_list__traits.hpp
[3.940s] -- Up-to-date: /home/mc2148/AURO/GIT-SUBMISSION/AURO/Submission/install/assessment_interfaces/include/assessment_interfaces/assessment_interfaces/msg/detail/item_list__struct.hpp
[3.940s] -- Up-to-date: /home/mc2148/AURO/GIT-SUBMISSION/AURO/Submission/install/assessment_interfaces/include/assessment_interfaces/assessment_interfaces/msg/detail/item_list__traits.hpp
[3.941s] -- Up-to-date: /home/mc2148/AURO/GIT-SUBMISSION/AURO/Submission/install/assessment_interfaces/include/assessment_interfaces/assessment_interfaces/msg/detail/item__struct.hpp
[3.941s] -- Up-to-date: /home/mc2148/AURO/GIT-SUBMISSION/AURO/Submission/install/assessment_interfaces/include/assessment_interfaces/assessment_interfaces/msg/detail/item_holder__struct.hpp
[3.941s] -- Up-to-date: /home/mc2148/AURO/GIT-SUBMISSION/AURO/Submission/install/assessment_interfaces/include/assessment_interfaces/assessment_interfaces/msg/detail/robot__builder.hpp
[3.942s] -- Up-to-date: /home/mc2148/AURO/GIT-SUBMISSION/AURO/Submission/install/assessment_interfaces/include/assessment_interfaces/assessment_interfaces/msg/detail/item_holders__struct.hpp
[3.942s] -- Up-to-date: /home/mc2148/AURO/GIT-SUBMISSION/AURO/Submission/install/assessment_interfaces/include/assessment_interfaces/assessment_interfaces/msg/detail/item__builder.hpp
[3.942s] -- Up-to-date: /home/mc2148/AURO/GIT-SUBMISSION/AURO/Submission/install/assessment_interfaces/include/assessment_interfaces/assessment_interfaces/msg/detail/robot__traits.hpp
[3.942s] -- Up-to-date: /home/mc2148/AURO/GIT-SUBMISSION/AURO/Submission/install/assessment_interfaces/include/assessment_interfaces/assessment_interfaces/msg/detail/item__traits.hpp
[3.943s] -- Up-to-date: /home/mc2148/AURO/GIT-SUBMISSION/AURO/Submission/install/assessment_interfaces/include/assessment_interfaces/assessment_interfaces/msg/detail/item_holder__builder.hpp
[3.943s] -- Up-to-date: /home/mc2148/AURO/GIT-SUBMISSION/AURO/Submission/install/assessment_interfaces/include/assessment_interfaces/assessment_interfaces/msg/detail/item_holders__builder.hpp
[3.943s] -- Up-to-date: /home/mc2148/AURO/GIT-SUBMISSION/AURO/Submission/install/assessment_interfaces/include/assessment_interfaces/assessment_interfaces/msg/detail/item_log__builder.hpp
[3.944s] -- Up-to-date: /home/mc2148/AURO/GIT-SUBMISSION/AURO/Submission/install/assessment_interfaces/include/assessment_interfaces/assessment_interfaces/msg/detail/home_zone__traits.hpp
[3.944s] -- Up-to-date: /home/mc2148/AURO/GIT-SUBMISSION/AURO/Submission/install/assessment_interfaces/include/assessment_interfaces/assessment_interfaces/msg/detail/robot_list__struct.hpp
[3.944s] -- Up-to-date: /home/mc2148/AURO/GIT-SUBMISSION/AURO/Submission/install/assessment_interfaces/include/assessment_interfaces/assessment_interfaces/msg/detail/item_list__builder.hpp
[3.944s] -- Up-to-date: /home/mc2148/AURO/GIT-SUBMISSION/AURO/Submission/install/assessment_interfaces/include/assessment_interfaces/assessment_interfaces/msg/detail/item_log__struct.hpp
[3.945s] -- Up-to-date: /home/mc2148/AURO/GIT-SUBMISSION/AURO/Submission/install/assessment_interfaces/include/assessment_interfaces/assessment_interfaces/msg/detail/home_zone__builder.hpp
[3.945s] -- Up-to-date: /home/mc2148/AURO/GIT-SUBMISSION/AURO/Submission/install/assessment_interfaces/include/assessment_interfaces/assessment_interfaces/msg/detail/robot_list__builder.hpp
[3.945s] -- Up-to-date: /home/mc2148/AURO/GIT-SUBMISSION/AURO/Submission/install/assessment_interfaces/include/assessment_interfaces/assessment_interfaces/msg/detail/home_zone__struct.hpp
[3.945s] -- Up-to-date: /home/mc2148/AURO/GIT-SUBMISSION/AURO/Submission/install/assessment_interfaces/include/assessment_interfaces/assessment_interfaces/msg/detail/item_holder__traits.hpp
[3.946s] -- Up-to-date: /home/mc2148/AURO/GIT-SUBMISSION/AURO/Submission/install/assessment_interfaces/include/assessment_interfaces/assessment_interfaces/msg/detail/item_holders__traits.hpp
[3.946s] -- Up-to-date: /home/mc2148/AURO/GIT-SUBMISSION/AURO/Submission/install/assessment_interfaces/include/assessment_interfaces/assessment_interfaces/msg/detail/item_log__traits.hpp
[3.946s] -- Up-to-date: /home/mc2148/AURO/GIT-SUBMISSION/AURO/Submission/install/assessment_interfaces/include/assessment_interfaces/assessment_interfaces/msg/item_holder.hpp
[3.946s] -- Up-to-date: /home/mc2148/AURO/GIT-SUBMISSION/AURO/Submission/install/assessment_interfaces/include/assessment_interfaces/assessment_interfaces/msg/item_log.hpp
[3.947s] -- Up-to-date: /home/mc2148/AURO/GIT-SUBMISSION/AURO/Submission/install/assessment_interfaces/include/assessment_interfaces/assessment_interfaces
[3.947s] -- Up-to-date: /home/mc2148/AURO/GIT-SUBMISSION/AURO/Submission/install/assessment_interfaces/include/assessment_interfaces/assessment_interfaces/msg
[3.947s] -- Up-to-date: /home/mc2148/AURO/GIT-SUBMISSION/AURO/Submission/install/assessment_interfaces/include/assessment_interfaces/assessment_interfaces/msg/rosidl_typesupport_fastrtps_cpp__visibility_control.h
[3.947s] -- Up-to-date: /home/mc2148/AURO/GIT-SUBMISSION/AURO/Submission/install/assessment_interfaces/include/assessment_interfaces/assessment_interfaces/msg/detail
[3.948s] -- Up-to-date: /home/mc2148/AURO/GIT-SUBMISSION/AURO/Submission/install/assessment_interfaces/include/assessment_interfaces/assessment_interfaces/msg/detail/item__rosidl_typesupport_fastrtps_cpp.hpp
[3.948s] -- Up-to-date: /home/mc2148/AURO/GIT-SUBMISSION/AURO/Submission/install/assessment_interfaces/include/assessment_interfaces/assessment_interfaces/msg/detail/item_list__rosidl_typesupport_fastrtps_cpp.hpp
[3.948s] -- Up-to-date: /home/mc2148/AURO/GIT-SUBMISSION/AURO/Submission/install/assessment_interfaces/include/assessment_interfaces/assessment_interfaces/msg/detail/home_zone__rosidl_typesupport_fastrtps_cpp.hpp
[3.948s] -- Up-to-date: /home/mc2148/AURO/GIT-SUBMISSION/AURO/Submission/install/assessment_interfaces/include/assessment_interfaces/assessment_interfaces/msg/detail/dds_fastrtps
[3.949s] -- Up-to-date: /home/mc2148/AURO/GIT-SUBMISSION/AURO/Submission/install/assessment_interfaces/include/assessment_interfaces/assessment_interfaces/msg/detail/robot_list__rosidl_typesupport_fastrtps_cpp.hpp
[3.949s] -- Up-to-date: /home/mc2148/AURO/GIT-SUBMISSION/AURO/Submission/install/assessment_interfaces/include/assessment_interfaces/assessment_interfaces/msg/detail/robot__rosidl_typesupport_fastrtps_cpp.hpp
[3.949s] -- Up-to-date: /home/mc2148/AURO/GIT-SUBMISSION/AURO/Submission/install/assessment_interfaces/include/assessment_interfaces/assessment_interfaces/msg/detail/item_holders__rosidl_typesupport_fastrtps_cpp.hpp
[3.950s] -- Up-to-date: /home/mc2148/AURO/GIT-SUBMISSION/AURO/Submission/install/assessment_interfaces/include/assessment_interfaces/assessment_interfaces/msg/detail/item_log__rosidl_typesupport_fastrtps_cpp.hpp
[3.950s] -- Up-to-date: /home/mc2148/AURO/GIT-SUBMISSION/AURO/Submission/install/assessment_interfaces/include/assessment_interfaces/assessment_interfaces/msg/detail/item_holder__rosidl_typesupport_fastrtps_cpp.hpp
[3.950s] -- Up-to-date: /home/mc2148/AURO/GIT-SUBMISSION/AURO/Submission/install/assessment_interfaces/lib/libassessment_interfaces__rosidl_typesupport_fastrtps_cpp.so
[3.950s] -- Up-to-date: /home/mc2148/AURO/GIT-SUBMISSION/AURO/Submission/install/assessment_interfaces/include/assessment_interfaces/assessment_interfaces
[3.951s] -- Up-to-date: /home/mc2148/AURO/GIT-SUBMISSION/AURO/Submission/install/assessment_interfaces/include/assessment_interfaces/assessment_interfaces/msg
[3.951s] -- Up-to-date: /home/mc2148/AURO/GIT-SUBMISSION/AURO/Submission/install/assessment_interfaces/include/assessment_interfaces/assessment_interfaces/msg/detail
[3.951s] -- Up-to-date: /home/mc2148/AURO/GIT-SUBMISSION/AURO/Submission/install/assessment_interfaces/include/assessment_interfaces/assessment_interfaces/msg/detail/item__rosidl_typesupport_introspection_cpp.hpp
[3.951s] -- Up-to-date: /home/mc2148/AURO/GIT-SUBMISSION/AURO/Submission/install/assessment_interfaces/include/assessment_interfaces/assessment_interfaces/msg/detail/item__type_support.cpp
[3.952s] -- Up-to-date: /home/mc2148/AURO/GIT-SUBMISSION/AURO/Submission/install/assessment_interfaces/include/assessment_interfaces/assessment_interfaces/msg/detail/home_zone__type_support.cpp
[3.952s] -- Up-to-date: /home/mc2148/AURO/GIT-SUBMISSION/AURO/Submission/install/assessment_interfaces/include/assessment_interfaces/assessment_interfaces/msg/detail/item_list__type_support.cpp
[3.952s] -- Up-to-date: /home/mc2148/AURO/GIT-SUBMISSION/AURO/Submission/install/assessment_interfaces/include/assessment_interfaces/assessment_interfaces/msg/detail/item_holder__rosidl_typesupport_introspection_cpp.hpp
[3.952s] -- Up-to-date: /home/mc2148/AURO/GIT-SUBMISSION/AURO/Submission/install/assessment_interfaces/include/assessment_interfaces/assessment_interfaces/msg/detail/item_list__rosidl_typesupport_introspection_cpp.hpp
[3.953s] -- Up-to-date: /home/mc2148/AURO/GIT-SUBMISSION/AURO/Submission/install/assessment_interfaces/include/assessment_interfaces/assessment_interfaces/msg/detail/robot__rosidl_typesupport_introspection_cpp.hpp
[3.953s] -- Up-to-date: /home/mc2148/AURO/GIT-SUBMISSION/AURO/Submission/install/assessment_interfaces/include/assessment_interfaces/assessment_interfaces/msg/detail/robot__type_support.cpp
[3.953s] -- Up-to-date: /home/mc2148/AURO/GIT-SUBMISSION/AURO/Submission/install/assessment_interfaces/include/assessment_interfaces/assessment_interfaces/msg/detail/home_zone__rosidl_typesupport_introspection_cpp.hpp
[3.953s] -- Up-to-date: /home/mc2148/AURO/GIT-SUBMISSION/AURO/Submission/install/assessment_interfaces/include/assessment_interfaces/assessment_interfaces/msg/detail/item_holders__rosidl_typesupport_introspection_cpp.hpp
[3.954s] -- Up-to-date: /home/mc2148/AURO/GIT-SUBMISSION/AURO/Submission/install/assessment_interfaces/include/assessment_interfaces/assessment_interfaces/msg/detail/item_log__rosidl_typesupport_introspection_cpp.hpp
[3.954s] -- Up-to-date: /home/mc2148/AURO/GIT-SUBMISSION/AURO/Submission/install/assessment_interfaces/include/assessment_interfaces/assessment_interfaces/msg/detail/item_log__type_support.cpp
[3.954s] -- Up-to-date: /home/mc2148/AURO/GIT-SUBMISSION/AURO/Submission/install/assessment_interfaces/include/assessment_interfaces/assessment_interfaces/msg/detail/robot_list__rosidl_typesupport_introspection_cpp.hpp
[3.954s] -- Up-to-date: /home/mc2148/AURO/GIT-SUBMISSION/AURO/Submission/install/assessment_interfaces/include/assessment_interfaces/assessment_interfaces/msg/detail/item_holder__type_support.cpp
[3.955s] -- Up-to-date: /home/mc2148/AURO/GIT-SUBMISSION/AURO/Submission/install/assessment_interfaces/include/assessment_interfaces/assessment_interfaces/msg/detail/robot_list__type_support.cpp
[3.955s] -- Up-to-date: /home/mc2148/AURO/GIT-SUBMISSION/AURO/Submission/install/assessment_interfaces/include/assessment_interfaces/assessment_interfaces/msg/detail/item_holders__type_support.cpp
[3.955s] -- Up-to-date: /home/mc2148/AURO/GIT-SUBMISSION/AURO/Submission/install/assessment_interfaces/lib/libassessment_interfaces__rosidl_typesupport_introspection_cpp.so
[3.956s] -- Up-to-date: /home/mc2148/AURO/GIT-SUBMISSION/AURO/Submission/install/assessment_interfaces/lib/libassessment_interfaces__rosidl_typesupport_cpp.so
[3.956s] -- Up-to-date: /home/mc2148/AURO/GIT-SUBMISSION/AURO/Submission/install/assessment_interfaces/share/assessment_interfaces/environment/pythonpath.sh
[3.956s] -- Up-to-date: /home/mc2148/AURO/GIT-SUBMISSION/AURO/Submission/install/assessment_interfaces/share/assessment_interfaces/environment/pythonpath.dsv
[3.956s] -- Up-to-date: /home/mc2148/AURO/GIT-SUBMISSION/AURO/Submission/install/assessment_interfaces/local/lib/python3.10/dist-packages/assessment_interfaces-0.0.0-py3.10.egg-info
[3.957s] -- Installing: /home/mc2148/AURO/GIT-SUBMISSION/AURO/Submission/install/assessment_interfaces/local/lib/python3.10/dist-packages/assessment_interfaces-0.0.0-py3.10.egg-info/top_level.txt
[3.957s] -- Installing: /home/mc2148/AURO/GIT-SUBMISSION/AURO/Submission/install/assessment_interfaces/local/lib/python3.10/dist-packages/assessment_interfaces-0.0.0-py3.10.egg-info/PKG-INFO
[3.957s] -- Installing: /home/mc2148/AURO/GIT-SUBMISSION/AURO/Submission/install/assessment_interfaces/local/lib/python3.10/dist-packages/assessment_interfaces-0.0.0-py3.10.egg-info/SOURCES.txt
[3.958s] -- Installing: /home/mc2148/AURO/GIT-SUBMISSION/AURO/Submission/install/assessment_interfaces/local/lib/python3.10/dist-packages/assessment_interfaces-0.0.0-py3.10.egg-info/dependency_links.txt
[3.958s] -- Up-to-date: /home/mc2148/AURO/GIT-SUBMISSION/AURO/Submission/install/assessment_interfaces/local/lib/python3.10/dist-packages/assessment_interfaces
[3.958s] -- Up-to-date: /home/mc2148/AURO/GIT-SUBMISSION/AURO/Submission/install/assessment_interfaces/local/lib/python3.10/dist-packages/assessment_interfaces/_assessment_interfaces_s.ep.rosidl_typesupport_introspection_c.c
[3.958s] -- Up-to-date: /home/mc2148/AURO/GIT-SUBMISSION/AURO/Submission/install/assessment_interfaces/local/lib/python3.10/dist-packages/assessment_interfaces/assessment_interfaces_s__rosidl_typesupport_introspection_c.cpython-310-x86_64-linux-gnu.so
[3.959s] -- Up-to-date: /home/mc2148/AURO/GIT-SUBMISSION/AURO/Submission/install/assessment_interfaces/local/lib/python3.10/dist-packages/assessment_interfaces/assessment_interfaces_s__rosidl_typesupport_fastrtps_c.cpython-310-x86_64-linux-gnu.so
[3.959s] -- Up-to-date: /home/mc2148/AURO/GIT-SUBMISSION/AURO/Submission/install/assessment_interfaces/local/lib/python3.10/dist-packages/assessment_interfaces/_assessment_interfaces_s.ep.rosidl_typesupport_c.c
[3.959s] -- Up-to-date: /home/mc2148/AURO/GIT-SUBMISSION/AURO/Submission/install/assessment_interfaces/local/lib/python3.10/dist-packages/assessment_interfaces/assessment_interfaces_s__rosidl_typesupport_c.cpython-310-x86_64-linux-gnu.so
[3.959s] -- Up-to-date: /home/mc2148/AURO/GIT-SUBMISSION/AURO/Submission/install/assessment_interfaces/local/lib/python3.10/dist-packages/assessment_interfaces/_assessment_interfaces_s.ep.rosidl_typesupport_fastrtps_c.c
[3.960s] -- Up-to-date: /home/mc2148/AURO/GIT-SUBMISSION/AURO/Submission/install/assessment_interfaces/local/lib/python3.10/dist-packages/assessment_interfaces/libassessment_interfaces__rosidl_generator_py.so
[3.960s] -- Up-to-date: /home/mc2148/AURO/GIT-SUBMISSION/AURO/Submission/install/assessment_interfaces/local/lib/python3.10/dist-packages/assessment_interfaces/__init__.py
[3.960s] -- Up-to-date: /home/mc2148/AURO/GIT-SUBMISSION/AURO/Submission/install/assessment_interfaces/local/lib/python3.10/dist-packages/assessment_interfaces/msg
[3.961s] -- Up-to-date: /home/mc2148/AURO/GIT-SUBMISSION/AURO/Submission/install/assessment_interfaces/local/lib/python3.10/dist-packages/assessment_interfaces/msg/_item_holder_s.c
[3.961s] -- Up-to-date: /home/mc2148/AURO/GIT-SUBMISSION/AURO/Submission/install/assessment_interfaces/local/lib/python3.10/dist-packages/assessment_interfaces/msg/_robot.py
[3.961s] -- Up-to-date: /home/mc2148/AURO/GIT-SUBMISSION/AURO/Submission/install/assessment_interfaces/local/lib/python3.10/dist-packages/assessment_interfaces/msg/_item_list_s.c
[3.961s] -- Up-to-date: /home/mc2148/AURO/GIT-SUBMISSION/AURO/Submission/install/assessment_interfaces/local/lib/python3.10/dist-packages/assessment_interfaces/msg/_item_log_s.c
[3.962s] -- Up-to-date: /home/mc2148/AURO/GIT-SUBMISSION/AURO/Submission/install/assessment_interfaces/local/lib/python3.10/dist-packages/assessment_interfaces/msg/_robot_s.c
[3.962s] -- Up-to-date: /home/mc2148/AURO/GIT-SUBMISSION/AURO/Submission/install/assessment_interfaces/local/lib/python3.10/dist-packages/assessment_interfaces/msg/_robot_list_s.c
[3.962s] -- Up-to-date: /home/mc2148/AURO/GIT-SUBMISSION/AURO/Submission/install/assessment_interfaces/local/lib/python3.10/dist-packages/assessment_interfaces/msg/_item.py
[3.963s] -- Up-to-date: /home/mc2148/AURO/GIT-SUBMISSION/AURO/Submission/install/assessment_interfaces/local/lib/python3.10/dist-packages/assessment_interfaces/msg/_item_holders_s.c
[3.963s] -- Up-to-date: /home/mc2148/AURO/GIT-SUBMISSION/AURO/Submission/install/assessment_interfaces/local/lib/python3.10/dist-packages/assessment_interfaces/msg/_home_zone.py
[3.963s] -- Up-to-date: /home/mc2148/AURO/GIT-SUBMISSION/AURO/Submission/install/assessment_interfaces/local/lib/python3.10/dist-packages/assessment_interfaces/msg/_item_s.c
[3.963s] -- Up-to-date: /home/mc2148/AURO/GIT-SUBMISSION/AURO/Submission/install/assessment_interfaces/local/lib/python3.10/dist-packages/assessment_interfaces/msg/_item_holders.py
[3.963s] -- Up-to-date: /home/mc2148/AURO/GIT-SUBMISSION/AURO/Submission/install/assessment_interfaces/local/lib/python3.10/dist-packages/assessment_interfaces/msg/__init__.py
[3.964s] -- Up-to-date: /home/mc2148/AURO/GIT-SUBMISSION/AURO/Submission/install/assessment_interfaces/local/lib/python3.10/dist-packages/assessment_interfaces/msg/_item_holder.py
[3.964s] -- Up-to-date: /home/mc2148/AURO/GIT-SUBMISSION/AURO/Submission/install/assessment_interfaces/local/lib/python3.10/dist-packages/assessment_interfaces/msg/_item_log.py
[3.964s] -- Up-to-date: /home/mc2148/AURO/GIT-SUBMISSION/AURO/Submission/install/assessment_interfaces/local/lib/python3.10/dist-packages/assessment_interfaces/msg/_item_list.py
[3.964s] -- Up-to-date: /home/mc2148/AURO/GIT-SUBMISSION/AURO/Submission/install/assessment_interfaces/local/lib/python3.10/dist-packages/assessment_interfaces/msg/_robot_list.py
[3.965s] -- Up-to-date: /home/mc2148/AURO/GIT-SUBMISSION/AURO/Submission/install/assessment_interfaces/local/lib/python3.10/dist-packages/assessment_interfaces/msg/_home_zone_s.c
[4.099s] Listing '/home/mc2148/AURO/GIT-SUBMISSION/AURO/Submission/install/assessment_interfaces/local/lib/python3.10/dist-packages/assessment_interfaces'...
[4.099s] Listing '/home/mc2148/AURO/GIT-SUBMISSION/AURO/Submission/install/assessment_interfaces/local/lib/python3.10/dist-packages/assessment_interfaces/msg'...
[4.115s] -- Up-to-date: /home/mc2148/AURO/GIT-SUBMISSION/AURO/Submission/install/assessment_interfaces/local/lib/python3.10/dist-packages/assessment_interfaces/assessment_interfaces_s__rosidl_typesupport_fastrtps_c.cpython-310-x86_64-linux-gnu.so
[4.117s] -- Up-to-date: /home/mc2148/AURO/GIT-SUBMISSION/AURO/Submission/install/assessment_interfaces/local/lib/python3.10/dist-packages/assessment_interfaces/assessment_interfaces_s__rosidl_typesupport_introspection_c.cpython-310-x86_64-linux-gnu.so
[4.120s] -- Up-to-date: /home/mc2148/AURO/GIT-SUBMISSION/AURO/Submission/install/assessment_interfaces/local/lib/python3.10/dist-packages/assessment_interfaces/assessment_interfaces_s__rosidl_typesupport_c.cpython-310-x86_64-linux-gnu.so
[4.124s] -- Up-to-date: /home/mc2148/AURO/GIT-SUBMISSION/AURO/Submission/install/assessment_interfaces/lib/libassessment_interfaces__rosidl_generator_py.so
[4.125s] -- Up-to-date: /home/mc2148/AURO/GIT-SUBMISSION/AURO/Submission/install/assessment_interfaces/share/assessment_interfaces/msg/ItemLog.idl
[4.126s] -- Up-to-date: /home/mc2148/AURO/GIT-SUBMISSION/AURO/Submission/install/assessment_interfaces/share/assessment_interfaces/msg/ItemHolder.idl
[4.126s] -- Up-to-date: /home/mc2148/AURO/GIT-SUBMISSION/AURO/Submission/install/assessment_interfaces/share/assessment_interfaces/msg/ItemHolders.idl
[4.126s] -- Up-to-date: /home/mc2148/AURO/GIT-SUBMISSION/AURO/Submission/install/assessment_interfaces/share/assessment_interfaces/msg/Item.idl
[4.127s] -- Up-to-date: /home/mc2148/AURO/GIT-SUBMISSION/AURO/Submission/install/assessment_interfaces/share/assessment_interfaces/msg/ItemList.idl
[4.127s] -- Up-to-date: /home/mc2148/AURO/GIT-SUBMISSION/AURO/Submission/install/assessment_interfaces/share/assessment_interfaces/msg/HomeZone.idl
[4.128s] -- Up-to-date: /home/mc2148/AURO/GIT-SUBMISSION/AURO/Submission/install/assessment_interfaces/share/assessment_interfaces/msg/Robot.idl
[4.128s] -- Up-to-date: /home/mc2148/AURO/GIT-SUBMISSION/AURO/Submission/install/assessment_interfaces/share/assessment_interfaces/msg/RobotList.idl
[4.128s] -- Up-to-date: /home/mc2148/AURO/GIT-SUBMISSION/AURO/Submission/install/assessment_interfaces/share/assessment_interfaces/msg/ItemLog.msg
[4.129s] -- Up-to-date: /home/mc2148/AURO/GIT-SUBMISSION/AURO/Submission/install/assessment_interfaces/share/assessment_interfaces/msg/ItemHolder.msg
[4.129s] -- Up-to-date: /home/mc2148/AURO/GIT-SUBMISSION/AURO/Submission/install/assessment_interfaces/share/assessment_interfaces/msg/ItemHolders.msg
[4.129s] -- Up-to-date: /home/mc2148/AURO/GIT-SUBMISSION/AURO/Submission/install/assessment_interfaces/share/assessment_interfaces/msg/Item.msg
[4.130s] -- Up-to-date: /home/mc2148/AURO/GIT-SUBMISSION/AURO/Submission/install/assessment_interfaces/share/assessment_interfaces/msg/ItemList.msg
[4.130s] -- Up-to-date: /home/mc2148/AURO/GIT-SUBMISSION/AURO/Submission/install/assessment_interfaces/share/assessment_interfaces/msg/HomeZone.msg
[4.131s] -- Up-to-date: /home/mc2148/AURO/GIT-SUBMISSION/AURO/Submission/install/assessment_interfaces/share/assessment_interfaces/msg/Robot.msg
[4.131s] -- Up-to-date: /home/mc2148/AURO/GIT-SUBMISSION/AURO/Submission/install/assessment_interfaces/share/assessment_interfaces/msg/RobotList.msg
[4.132s] -- Up-to-date: /home/mc2148/AURO/GIT-SUBMISSION/AURO/Submission/install/assessment_interfaces/share/ament_index/resource_index/package_run_dependencies/assessment_interfaces
[4.132s] -- Up-to-date: /home/mc2148/AURO/GIT-SUBMISSION/AURO/Submission/install/assessment_interfaces/share/ament_index/resource_index/parent_prefix_path/assessment_interfaces
[4.132s] -- Up-to-date: /home/mc2148/AURO/GIT-SUBMISSION/AURO/Submission/install/assessment_interfaces/share/assessment_interfaces/environment/ament_prefix_path.sh
[4.133s] -- Up-to-date: /home/mc2148/AURO/GIT-SUBMISSION/AURO/Submission/install/assessment_interfaces/share/assessment_interfaces/environment/ament_prefix_path.dsv
[4.133s] -- Up-to-date: /home/mc2148/AURO/GIT-SUBMISSION/AURO/Submission/install/assessment_interfaces/share/assessment_interfaces/environment/path.sh
[4.134s] -- Up-to-date: /home/mc2148/AURO/GIT-SUBMISSION/AURO/Submission/install/assessment_interfaces/share/assessment_interfaces/environment/path.dsv
[4.134s] -- Up-to-date: /home/mc2148/AURO/GIT-SUBMISSION/AURO/Submission/install/assessment_interfaces/share/assessment_interfaces/local_setup.bash
[4.135s] -- Up-to-date: /home/mc2148/AURO/GIT-SUBMISSION/AURO/Submission/install/assessment_interfaces/share/assessment_interfaces/local_setup.sh
[4.135s] -- Up-to-date: /home/mc2148/AURO/GIT-SUBMISSION/AURO/Submission/install/assessment_interfaces/share/assessment_interfaces/local_setup.zsh
[4.136s] -- Up-to-date: /home/mc2148/AURO/GIT-SUBMISSION/AURO/Submission/install/assessment_interfaces/share/assessment_interfaces/local_setup.dsv
[4.136s] -- Installing: /home/mc2148/AURO/GIT-SUBMISSION/AURO/Submission/install/assessment_interfaces/share/assessment_interfaces/package.dsv
[4.137s] -- Up-to-date: /home/mc2148/AURO/GIT-SUBMISSION/AURO/Submission/install/assessment_interfaces/share/ament_index/resource_index/packages/assessment_interfaces
[4.137s] -- Up-to-date: /home/mc2148/AURO/GIT-SUBMISSION/AURO/Submission/install/assessment_interfaces/share/assessment_interfaces/cmake/export_assessment_interfaces__rosidl_generator_cExport.cmake
[4.137s] -- Up-to-date: /home/mc2148/AURO/GIT-SUBMISSION/AURO/Submission/install/assessment_interfaces/share/assessment_interfaces/cmake/export_assessment_interfaces__rosidl_generator_cExport-noconfig.cmake
[4.137s] -- Up-to-date: /home/mc2148/AURO/GIT-SUBMISSION/AURO/Submission/install/assessment_interfaces/share/assessment_interfaces/cmake/export_assessment_interfaces__rosidl_typesupport_fastrtps_cExport.cmake
[4.152s] -- Up-to-date: /home/mc2148/AURO/GIT-SUBMISSION/AURO/Submission/install/assessment_interfaces/share/assessment_interfaces/cmake/export_assessment_interfaces__rosidl_typesupport_fastrtps_cExport-noconfig.cmake
[4.153s] -- Up-to-date: /home/mc2148/AURO/GIT-SUBMISSION/AURO/Submission/install/assessment_interfaces/share/assessment_interfaces/cmake/assessment_interfaces__rosidl_typesupport_introspection_cExport.cmake
[4.153s] -- Up-to-date: /home/mc2148/AURO/GIT-SUBMISSION/AURO/Submission/install/assessment_interfaces/share/assessment_interfaces/cmake/assessment_interfaces__rosidl_typesupport_introspection_cExport-noconfig.cmake
[4.153s] -- Up-to-date: /home/mc2148/AURO/GIT-SUBMISSION/AURO/Submission/install/assessment_interfaces/share/assessment_interfaces/cmake/assessment_interfaces__rosidl_typesupport_cExport.cmake
[4.154s] -- Up-to-date: /home/mc2148/AURO/GIT-SUBMISSION/AURO/Submission/install/assessment_interfaces/share/assessment_interfaces/cmake/assessment_interfaces__rosidl_typesupport_cExport-noconfig.cmake
[4.154s] -- Up-to-date: /home/mc2148/AURO/GIT-SUBMISSION/AURO/Submission/install/assessment_interfaces/share/assessment_interfaces/cmake/export_assessment_interfaces__rosidl_generator_cppExport.cmake
[4.154s] -- Up-to-date: /home/mc2148/AURO/GIT-SUBMISSION/AURO/Submission/install/assessment_interfaces/share/assessment_interfaces/cmake/export_assessment_interfaces__rosidl_typesupport_fastrtps_cppExport.cmake
[4.154s] -- Up-to-date: /home/mc2148/AURO/GIT-SUBMISSION/AURO/Submission/install/assessment_interfaces/share/assessment_interfaces/cmake/export_assessment_interfaces__rosidl_typesupport_fastrtps_cppExport-noconfig.cmake
[4.155s] -- Up-to-date: /home/mc2148/AURO/GIT-SUBMISSION/AURO/Submission/install/assessment_interfaces/share/assessment_interfaces/cmake/assessment_interfaces__rosidl_typesupport_introspection_cppExport.cmake
[4.155s] -- Up-to-date: /home/mc2148/AURO/GIT-SUBMISSION/AURO/Submission/install/assessment_interfaces/share/assessment_interfaces/cmake/assessment_interfaces__rosidl_typesupport_introspection_cppExport-noconfig.cmake
[4.155s] -- Up-to-date: /home/mc2148/AURO/GIT-SUBMISSION/AURO/Submission/install/assessment_interfaces/share/assessment_interfaces/cmake/assessment_interfaces__rosidl_typesupport_cppExport.cmake
[4.155s] -- Up-to-date: /home/mc2148/AURO/GIT-SUBMISSION/AURO/Submission/install/assessment_interfaces/share/assessment_interfaces/cmake/assessment_interfaces__rosidl_typesupport_cppExport-noconfig.cmake
[4.156s] -- Up-to-date: /home/mc2148/AURO/GIT-SUBMISSION/AURO/Submission/install/assessment_interfaces/share/assessment_interfaces/cmake/export_assessment_interfaces__rosidl_generator_pyExport.cmake
[4.156s] -- Up-to-date: /home/mc2148/AURO/GIT-SUBMISSION/AURO/Submission/install/assessment_interfaces/share/assessment_interfaces/cmake/export_assessment_interfaces__rosidl_generator_pyExport-noconfig.cmake
[4.156s] -- Up-to-date: /home/mc2148/AURO/GIT-SUBMISSION/AURO/Submission/install/assessment_interfaces/share/assessment_interfaces/cmake/rosidl_cmake-extras.cmake
[4.156s] -- Up-to-date: /home/mc2148/AURO/GIT-SUBMISSION/AURO/Submission/install/assessment_interfaces/share/assessment_interfaces/cmake/ament_cmake_export_include_directories-extras.cmake
[4.157s] -- Up-to-date: /home/mc2148/AURO/GIT-SUBMISSION/AURO/Submission/install/assessment_interfaces/share/assessment_interfaces/cmake/ament_cmake_export_libraries-extras.cmake
[4.157s] -- Up-to-date: /home/mc2148/AURO/GIT-SUBMISSION/AURO/Submission/install/assessment_interfaces/share/assessment_interfaces/cmake/ament_cmake_export_targets-extras.cmake
[4.157s] -- Up-to-date: /home/mc2148/AURO/GIT-SUBMISSION/AURO/Submission/install/assessment_interfaces/share/assessment_interfaces/cmake/rosidl_cmake_export_typesupport_targets-extras.cmake
[4.157s] -- Up-to-date: /home/mc2148/AURO/GIT-SUBMISSION/AURO/Submission/install/assessment_interfaces/share/assessment_interfaces/cmake/ament_cmake_export_dependencies-extras.cmake
[4.158s] -- Up-to-date: /home/mc2148/AURO/GIT-SUBMISSION/AURO/Submission/install/assessment_interfaces/share/assessment_interfaces/cmake/rosidl_cmake_export_typesupport_libraries-extras.cmake
[4.158s] -- Up-to-date: /home/mc2148/AURO/GIT-SUBMISSION/AURO/Submission/install/assessment_interfaces/share/assessment_interfaces/cmake/assessment_interfacesConfig.cmake
[4.158s] -- Up-to-date: /home/mc2148/AURO/GIT-SUBMISSION/AURO/Submission/install/assessment_interfaces/share/assessment_interfaces/cmake/assessment_interfacesConfig-version.cmake
[4.158s] -- Up-to-date: /home/mc2148/AURO/GIT-SUBMISSION/AURO/Submission/install/assessment_interfaces/share/assessment_interfaces/package.xml
[4.159s] Invoked command in '/home/mc2148/AURO/GIT-SUBMISSION/AURO/Submission/build/assessment_interfaces' returned '0': CMAKE_PREFIX_PATH=${CMAKE_PREFIX_PATH}:/home/mc2148/turtlebot3_ws/install/turtlebot3_teleop:/home/mc2148/turtlebot3_ws/install/turtlebot3_example:/home/mc2148/AURO/GIT-SUBMISSION/AURO/Submission/install/tf_relay:/home/mc2148/AURO/GIT-SUBMISSION/AURO/Submission/install/solution:/home/mc2148/AURO/GIT-SUBMISSION/AURO/Submission/install/assessment:/opt/ros/humble /usr/bin/cmake --install /home/mc2148/AURO/GIT-SUBMISSION/AURO/Submission/build/assessment_interfaces
