[2.333s] Invoking command in '/home/mc2148/AURO/GIT-SUBMISSION/AURO/Submission/src/tf_relay': PYTHONPATH=/home/mc2148/AURO/GIT-SUBMISSION/AURO/Submission/build/tf_relay/prefix_override:/home/mc2148/AURO/GIT-SUBMISSION/AURO/Submission/install/tf_relay/lib/python3.10/site-packages:${PYTHONPATH} /usr/bin/python3 setup.py egg_info --egg-base ../../build/tf_relay build --build-base /home/mc2148/AURO/GIT-SUBMISSION/AURO/Submission/build/tf_relay/build install --record /home/mc2148/AURO/GIT-SUBMISSION/AURO/Submission/build/tf_relay/install.log --single-version-externally-managed
[2.923s] running egg_info
[2.924s] writing ../../build/tf_relay/tf_relay.egg-info/PKG-INFO
[2.925s] writing dependency_links to ../../build/tf_relay/tf_relay.egg-info/dependency_links.txt
[2.925s] writing entry points to ../../build/tf_relay/tf_relay.egg-info/entry_points.txt
[2.925s] writing requirements to ../../build/tf_relay/tf_relay.egg-info/requires.txt
[2.926s] writing top-level names to ../../build/tf_relay/tf_relay.egg-info/top_level.txt
[2.929s] reading manifest file '../../build/tf_relay/tf_relay.egg-info/SOURCES.txt'
[2.931s] writing manifest file '../../build/tf_relay/tf_relay.egg-info/SOURCES.txt'
[2.931s] running build
[2.931s] running build_py
[2.932s] running install
[2.932s] running install_lib
[2.935s] running install_data
[2.936s] running install_egg_info
[2.939s] removing '/home/mc2148/AURO/GIT-SUBMISSION/AURO/Submission/install/tf_relay/lib/python3.10/site-packages/tf_relay-0.0.0-py3.10.egg-info' (and everything under it)
[2.940s] Copying ../../build/tf_relay/tf_relay.egg-info to /home/mc2148/AURO/GIT-SUBMISSION/AURO/Submission/install/tf_relay/lib/python3.10/site-packages/tf_relay-0.0.0-py3.10.egg-info
[2.942s] running install_scripts
[2.983s] Installing relay script to /home/mc2148/AURO/GIT-SUBMISSION/AURO/Submission/install/tf_relay/lib/tf_relay
[2.984s] writing list of installed files to '/home/mc2148/AURO/GIT-SUBMISSION/AURO/Submission/build/tf_relay/install.log'
[3.040s] Invoked command in '/home/mc2148/AURO/GIT-SUBMISSION/AURO/Submission/src/tf_relay' returned '0': PYTHONPATH=/home/mc2148/AURO/GIT-SUBMISSION/AURO/Submission/build/tf_relay/prefix_override:/home/mc2148/AURO/GIT-SUBMISSION/AURO/Submission/install/tf_relay/lib/python3.10/site-packages:${PYTHONPATH} /usr/bin/python3 setup.py egg_info --egg-base ../../build/tf_relay build --build-base /home/mc2148/AURO/GIT-SUBMISSION/AURO/Submission/build/tf_relay/build install --record /home/mc2148/AURO/GIT-SUBMISSION/AURO/Submission/build/tf_relay/install.log --single-version-externally-managed
