[2.305s] Invoking command in '/home/mc2148/AURO/GIT-SUBMISSION/AURO/Submission/build/solution_interfaces': CMAKE_PREFIX_PATH=${CMAKE_PREFIX_PATH}:/home/mc2148/turtlebot3_ws/install/turtlebot3_teleop:/home/mc2148/turtlebot3_ws/install/turtlebot3_example:/home/mc2148/AURO/GIT-SUBMISSION/AURO/Submission/install/tf_relay:/home/mc2148/AURO/GIT-SUBMISSION/AURO/Submission/install/solution:/home/mc2148/AURO/GIT-SUBMISSION/AURO/Submission/install/assessment:/opt/ros/humble /usr/bin/cmake --build /home/mc2148/AURO/GIT-SUBMISSION/AURO/Submission/build/solution_interfaces -- -j4 -l4
[2.515s] [  1%] Built target solution_interfaces__cpp
[2.537s] [ 12%] Built target solution_interfaces__rosidl_generator_c
[2.650s] [ 12%] Built target ament_cmake_python_copy_solution_interfaces
[2.658s] [ 23%] Built target solution_interfaces__rosidl_typesupport_fastrtps_cpp
[2.669s] [ 35%] Built target solution_interfaces__rosidl_typesupport_cpp
[2.714s] [ 46%] Built target solution_interfaces__rosidl_typesupport_introspection_cpp
[2.772s] [ 57%] Built target solution_interfaces__rosidl_typesupport_introspection_c
[2.803s] [ 69%] Built target solution_interfaces__rosidl_typesupport_fastrtps_c
[2.808s] [ 80%] Built target solution_interfaces__rosidl_typesupport_c
[2.913s] [ 80%] Built target solution_interfaces
[3.018s] [ 81%] Built target solution_interfaces__py
[3.114s] [ 91%] Built target solution_interfaces__rosidl_generator_py
[3.240s] [ 94%] Built target solution_interfaces__rosidl_typesupport_c__pyext
[3.263s] [ 97%] Built target solution_interfaces__rosidl_typesupport_introspection_c__pyext
[3.299s] [100%] Built target solution_interfaces__rosidl_typesupport_fastrtps_c__pyext
[4.113s] running egg_info
[4.114s] writing solution_interfaces.egg-info/PKG-INFO
[4.115s] writing dependency_links to solution_interfaces.egg-info/dependency_links.txt
[4.115s] writing top-level names to solution_interfaces.egg-info/top_level.txt
[4.124s] reading manifest file 'solution_interfaces.egg-info/SOURCES.txt'
[4.127s] writing manifest file 'solution_interfaces.egg-info/SOURCES.txt'
[4.222s] [100%] Built target ament_cmake_python_build_solution_interfaces_egg
[4.443s] Invoked command in '/home/mc2148/AURO/GIT-SUBMISSION/AURO/Submission/build/solution_interfaces' returned '0': CMAKE_PREFIX_PATH=${CMAKE_PREFIX_PATH}:/home/mc2148/turtlebot3_ws/install/turtlebot3_teleop:/home/mc2148/turtlebot3_ws/install/turtlebot3_example:/home/mc2148/AURO/GIT-SUBMISSION/AURO/Submission/install/tf_relay:/home/mc2148/AURO/GIT-SUBMISSION/AURO/Submission/install/solution:/home/mc2148/AURO/GIT-SUBMISSION/AURO/Submission/install/assessment:/opt/ros/humble /usr/bin/cmake --build /home/mc2148/AURO/GIT-SUBMISSION/AURO/Submission/build/solution_interfaces -- -j4 -l4
[5.008s] Invoking command in '/home/mc2148/AURO/GIT-SUBMISSION/AURO/Submission/build/solution_interfaces': CMAKE_PREFIX_PATH=${CMAKE_PREFIX_PATH}:/home/mc2148/turtlebot3_ws/install/turtlebot3_teleop:/home/mc2148/turtlebot3_ws/install/turtlebot3_example:/home/mc2148/AURO/GIT-SUBMISSION/AURO/Submission/install/tf_relay:/home/mc2148/AURO/GIT-SUBMISSION/AURO/Submission/install/solution:/home/mc2148/AURO/GIT-SUBMISSION/AURO/Submission/install/assessment:/opt/ros/humble /usr/bin/cmake --install /home/mc2148/AURO/GIT-SUBMISSION/AURO/Submission/build/solution_interfaces
[5.039s] -- Install configuration: ""
[5.040s] -- Up-to-date: /home/mc2148/AURO/GIT-SUBMISSION/AURO/Submission/install/solution_interfaces/share/ament_index/resource_index/rosidl_interfaces/solution_interfaces
[5.041s] -- Up-to-date: /home/mc2148/AURO/GIT-SUBMISSION/AURO/Submission/install/solution_interfaces/include/solution_interfaces/solution_interfaces
[5.041s] -- Up-to-date: /home/mc2148/AURO/GIT-SUBMISSION/AURO/Submission/install/solution_interfaces/include/solution_interfaces/solution_interfaces/srv
[5.042s] -- Up-to-date: /home/mc2148/AURO/GIT-SUBMISSION/AURO/Submission/install/solution_interfaces/include/solution_interfaces/solution_interfaces/srv/random_goal.h
[5.042s] -- Up-to-date: /home/mc2148/AURO/GIT-SUBMISSION/AURO/Submission/install/solution_interfaces/include/solution_interfaces/solution_interfaces/srv/detail
[5.043s] -- Up-to-date: /home/mc2148/AURO/GIT-SUBMISSION/AURO/Submission/install/solution_interfaces/include/solution_interfaces/solution_interfaces/srv/detail/random_goal__functions.c
[5.043s] -- Up-to-date: /home/mc2148/AURO/GIT-SUBMISSION/AURO/Submission/install/solution_interfaces/include/solution_interfaces/solution_interfaces/srv/detail/random_goal__type_support.h
[5.043s] -- Up-to-date: /home/mc2148/AURO/GIT-SUBMISSION/AURO/Submission/install/solution_interfaces/include/solution_interfaces/solution_interfaces/srv/detail/random_goal__functions.h
[5.044s] -- Up-to-date: /home/mc2148/AURO/GIT-SUBMISSION/AURO/Submission/install/solution_interfaces/include/solution_interfaces/solution_interfaces/srv/detail/random_goal__struct.h
[5.044s] -- Up-to-date: /home/mc2148/AURO/GIT-SUBMISSION/AURO/Submission/install/solution_interfaces/include/solution_interfaces/solution_interfaces/msg
[5.044s] -- Up-to-date: /home/mc2148/AURO/GIT-SUBMISSION/AURO/Submission/install/solution_interfaces/include/solution_interfaces/solution_interfaces/msg/example.h
[5.045s] -- Up-to-date: /home/mc2148/AURO/GIT-SUBMISSION/AURO/Submission/install/solution_interfaces/include/solution_interfaces/solution_interfaces/msg/robot_pub_position.h
[5.045s] -- Up-to-date: /home/mc2148/AURO/GIT-SUBMISSION/AURO/Submission/install/solution_interfaces/include/solution_interfaces/solution_interfaces/msg/rosidl_generator_c__visibility_control.h
[5.045s] -- Up-to-date: /home/mc2148/AURO/GIT-SUBMISSION/AURO/Submission/install/solution_interfaces/include/solution_interfaces/solution_interfaces/msg/string_with_pose.h
[5.046s] -- Up-to-date: /home/mc2148/AURO/GIT-SUBMISSION/AURO/Submission/install/solution_interfaces/include/solution_interfaces/solution_interfaces/msg/detail
[5.046s] -- Up-to-date: /home/mc2148/AURO/GIT-SUBMISSION/AURO/Submission/install/solution_interfaces/include/solution_interfaces/solution_interfaces/msg/detail/example__functions.c
[5.046s] -- Up-to-date: /home/mc2148/AURO/GIT-SUBMISSION/AURO/Submission/install/solution_interfaces/include/solution_interfaces/solution_interfaces/msg/detail/example__type_support.h
[5.047s] -- Up-to-date: /home/mc2148/AURO/GIT-SUBMISSION/AURO/Submission/install/solution_interfaces/include/solution_interfaces/solution_interfaces/msg/detail/robot_pub_position__struct.h
[5.048s] -- Up-to-date: /home/mc2148/AURO/GIT-SUBMISSION/AURO/Submission/install/solution_interfaces/include/solution_interfaces/solution_interfaces/msg/detail/example__struct.h
[5.049s] -- Up-to-date: /home/mc2148/AURO/GIT-SUBMISSION/AURO/Submission/install/solution_interfaces/include/solution_interfaces/solution_interfaces/msg/detail/robot_pub_position__functions.h
[5.049s] -- Up-to-date: /home/mc2148/AURO/GIT-SUBMISSION/AURO/Submission/install/solution_interfaces/include/solution_interfaces/solution_interfaces/msg/detail/string_with_pose__functions.h
[5.050s] -- Up-to-date: /home/mc2148/AURO/GIT-SUBMISSION/AURO/Submission/install/solution_interfaces/include/solution_interfaces/solution_interfaces/msg/detail/robot_position__functions.c
[5.051s] -- Up-to-date: /home/mc2148/AURO/GIT-SUBMISSION/AURO/Submission/install/solution_interfaces/include/solution_interfaces/solution_interfaces/msg/detail/string_with_pose__type_support.h
[5.051s] -- Up-to-date: /home/mc2148/AURO/GIT-SUBMISSION/AURO/Submission/install/solution_interfaces/include/solution_interfaces/solution_interfaces/msg/detail/robot_pub_position__functions.c
[5.051s] -- Up-to-date: /home/mc2148/AURO/GIT-SUBMISSION/AURO/Submission/install/solution_interfaces/include/solution_interfaces/solution_interfaces/msg/detail/robot_pub_position__type_support.h
[5.051s] -- Up-to-date: /home/mc2148/AURO/GIT-SUBMISSION/AURO/Submission/install/solution_interfaces/include/solution_interfaces/solution_interfaces/msg/detail/item_assessment__struct.h
[5.052s] -- Up-to-date: /home/mc2148/AURO/GIT-SUBMISSION/AURO/Submission/install/solution_interfaces/include/solution_interfaces/solution_interfaces/msg/detail/robot_start__type_support.h
[5.052s] -- Up-to-date: /home/mc2148/AURO/GIT-SUBMISSION/AURO/Submission/install/solution_interfaces/include/solution_interfaces/solution_interfaces/msg/detail/robot_position__struct.h
[5.052s] -- Up-to-date: /home/mc2148/AURO/GIT-SUBMISSION/AURO/Submission/install/solution_interfaces/include/solution_interfaces/solution_interfaces/msg/detail/string_with_pose__struct.h
[5.052s] -- Up-to-date: /home/mc2148/AURO/GIT-SUBMISSION/AURO/Submission/install/solution_interfaces/include/solution_interfaces/solution_interfaces/msg/detail/string_with_pose__functions.c
[5.053s] -- Up-to-date: /home/mc2148/AURO/GIT-SUBMISSION/AURO/Submission/install/solution_interfaces/include/solution_interfaces/solution_interfaces/msg/detail/robot_start__functions.h
[5.055s] -- Up-to-date: /home/mc2148/AURO/GIT-SUBMISSION/AURO/Submission/install/solution_interfaces/include/solution_interfaces/solution_interfaces/msg/detail/robot_position__type_support.h
[5.055s] -- Up-to-date: /home/mc2148/AURO/GIT-SUBMISSION/AURO/Submission/install/solution_interfaces/include/solution_interfaces/solution_interfaces/msg/detail/item_assessment__functions.h
[5.057s] -- Up-to-date: /home/mc2148/AURO/GIT-SUBMISSION/AURO/Submission/install/solution_interfaces/include/solution_interfaces/solution_interfaces/msg/detail/robot_start__struct.h
[5.057s] -- Up-to-date: /home/mc2148/AURO/GIT-SUBMISSION/AURO/Submission/install/solution_interfaces/include/solution_interfaces/solution_interfaces/msg/detail/robot_position__functions.h
[5.059s] -- Up-to-date: /home/mc2148/AURO/GIT-SUBMISSION/AURO/Submission/install/solution_interfaces/include/solution_interfaces/solution_interfaces/msg/detail/item_assessment__type_support.h
[5.059s] -- Up-to-date: /home/mc2148/AURO/GIT-SUBMISSION/AURO/Submission/install/solution_interfaces/include/solution_interfaces/solution_interfaces/msg/detail/item_assessment__functions.c
[5.059s] -- Up-to-date: /home/mc2148/AURO/GIT-SUBMISSION/AURO/Submission/install/solution_interfaces/include/solution_interfaces/solution_interfaces/msg/detail/robot_start__functions.c
[5.060s] -- Up-to-date: /home/mc2148/AURO/GIT-SUBMISSION/AURO/Submission/install/solution_interfaces/include/solution_interfaces/solution_interfaces/msg/detail/example__functions.h
[5.060s] -- Up-to-date: /home/mc2148/AURO/GIT-SUBMISSION/AURO/Submission/install/solution_interfaces/include/solution_interfaces/solution_interfaces/msg/robot_position.h
[5.060s] -- Up-to-date: /home/mc2148/AURO/GIT-SUBMISSION/AURO/Submission/install/solution_interfaces/include/solution_interfaces/solution_interfaces/msg/robot_start.h
[5.061s] -- Up-to-date: /home/mc2148/AURO/GIT-SUBMISSION/AURO/Submission/install/solution_interfaces/include/solution_interfaces/solution_interfaces/msg/item_assessment.h
[5.061s] -- Up-to-date: /home/mc2148/AURO/GIT-SUBMISSION/AURO/Submission/install/solution_interfaces/share/solution_interfaces/environment/library_path.sh
[5.061s] -- Up-to-date: /home/mc2148/AURO/GIT-SUBMISSION/AURO/Submission/install/solution_interfaces/share/solution_interfaces/environment/library_path.dsv
[5.062s] -- Up-to-date: /home/mc2148/AURO/GIT-SUBMISSION/AURO/Submission/install/solution_interfaces/lib/libsolution_interfaces__rosidl_generator_c.so
[5.062s] -- Up-to-date: /home/mc2148/AURO/GIT-SUBMISSION/AURO/Submission/install/solution_interfaces/include/solution_interfaces/solution_interfaces
[5.062s] -- Up-to-date: /home/mc2148/AURO/GIT-SUBMISSION/AURO/Submission/install/solution_interfaces/include/solution_interfaces/solution_interfaces/srv
[5.063s] -- Up-to-date: /home/mc2148/AURO/GIT-SUBMISSION/AURO/Submission/install/solution_interfaces/include/solution_interfaces/solution_interfaces/srv/detail
[5.063s] -- Up-to-date: /home/mc2148/AURO/GIT-SUBMISSION/AURO/Submission/install/solution_interfaces/include/solution_interfaces/solution_interfaces/srv/detail/random_goal__rosidl_typesupport_fastrtps_c.h
[5.063s] -- Up-to-date: /home/mc2148/AURO/GIT-SUBMISSION/AURO/Submission/install/solution_interfaces/include/solution_interfaces/solution_interfaces/msg
[5.063s] -- Up-to-date: /home/mc2148/AURO/GIT-SUBMISSION/AURO/Submission/install/solution_interfaces/include/solution_interfaces/solution_interfaces/msg/rosidl_typesupport_fastrtps_c__visibility_control.h
[5.064s] -- Up-to-date: /home/mc2148/AURO/GIT-SUBMISSION/AURO/Submission/install/solution_interfaces/include/solution_interfaces/solution_interfaces/msg/detail
[5.064s] -- Up-to-date: /home/mc2148/AURO/GIT-SUBMISSION/AURO/Submission/install/solution_interfaces/include/solution_interfaces/solution_interfaces/msg/detail/robot_start__rosidl_typesupport_fastrtps_c.h
[5.064s] -- Up-to-date: /home/mc2148/AURO/GIT-SUBMISSION/AURO/Submission/install/solution_interfaces/include/solution_interfaces/solution_interfaces/msg/detail/robot_pub_position__rosidl_typesupport_fastrtps_c.h
[5.064s] -- Up-to-date: /home/mc2148/AURO/GIT-SUBMISSION/AURO/Submission/install/solution_interfaces/include/solution_interfaces/solution_interfaces/msg/detail/item_assessment__rosidl_typesupport_fastrtps_c.h
[5.065s] -- Up-to-date: /home/mc2148/AURO/GIT-SUBMISSION/AURO/Submission/install/solution_interfaces/include/solution_interfaces/solution_interfaces/msg/detail/string_with_pose__rosidl_typesupport_fastrtps_c.h
[5.065s] -- Up-to-date: /home/mc2148/AURO/GIT-SUBMISSION/AURO/Submission/install/solution_interfaces/include/solution_interfaces/solution_interfaces/msg/detail/robot_position__rosidl_typesupport_fastrtps_c.h
[5.065s] -- Up-to-date: /home/mc2148/AURO/GIT-SUBMISSION/AURO/Submission/install/solution_interfaces/include/solution_interfaces/solution_interfaces/msg/detail/example__rosidl_typesupport_fastrtps_c.h
[5.065s] -- Up-to-date: /home/mc2148/AURO/GIT-SUBMISSION/AURO/Submission/install/solution_interfaces/lib/libsolution_interfaces__rosidl_typesupport_fastrtps_c.so
[5.066s] -- Up-to-date: /home/mc2148/AURO/GIT-SUBMISSION/AURO/Submission/install/solution_interfaces/include/solution_interfaces/solution_interfaces
[5.066s] -- Up-to-date: /home/mc2148/AURO/GIT-SUBMISSION/AURO/Submission/install/solution_interfaces/include/solution_interfaces/solution_interfaces/srv
[5.066s] -- Up-to-date: /home/mc2148/AURO/GIT-SUBMISSION/AURO/Submission/install/solution_interfaces/include/solution_interfaces/solution_interfaces/srv/random_goal.hpp
[5.066s] -- Up-to-date: /home/mc2148/AURO/GIT-SUBMISSION/AURO/Submission/install/solution_interfaces/include/solution_interfaces/solution_interfaces/srv/detail
[5.067s] -- Up-to-date: /home/mc2148/AURO/GIT-SUBMISSION/AURO/Submission/install/solution_interfaces/include/solution_interfaces/solution_interfaces/srv/detail/random_goal__traits.hpp
[5.067s] -- Up-to-date: /home/mc2148/AURO/GIT-SUBMISSION/AURO/Submission/install/solution_interfaces/include/solution_interfaces/solution_interfaces/srv/detail/random_goal__builder.hpp
[5.067s] -- Up-to-date: /home/mc2148/AURO/GIT-SUBMISSION/AURO/Submission/install/solution_interfaces/include/solution_interfaces/solution_interfaces/srv/detail/random_goal__struct.hpp
[5.067s] -- Up-to-date: /home/mc2148/AURO/GIT-SUBMISSION/AURO/Submission/install/solution_interfaces/include/solution_interfaces/solution_interfaces/msg
[5.067s] -- Up-to-date: /home/mc2148/AURO/GIT-SUBMISSION/AURO/Submission/install/solution_interfaces/include/solution_interfaces/solution_interfaces/msg/robot_position.hpp
[5.068s] -- Up-to-date: /home/mc2148/AURO/GIT-SUBMISSION/AURO/Submission/install/solution_interfaces/include/solution_interfaces/solution_interfaces/msg/string_with_pose.hpp
[5.068s] -- Up-to-date: /home/mc2148/AURO/GIT-SUBMISSION/AURO/Submission/install/solution_interfaces/include/solution_interfaces/solution_interfaces/msg/detail
[5.068s] -- Up-to-date: /home/mc2148/AURO/GIT-SUBMISSION/AURO/Submission/install/solution_interfaces/include/solution_interfaces/solution_interfaces/msg/detail/item_assessment__traits.hpp
[5.072s] -- Up-to-date: /home/mc2148/AURO/GIT-SUBMISSION/AURO/Submission/install/solution_interfaces/include/solution_interfaces/solution_interfaces/msg/detail/robot_start__struct.hpp
[5.072s] -- Up-to-date: /home/mc2148/AURO/GIT-SUBMISSION/AURO/Submission/install/solution_interfaces/include/solution_interfaces/solution_interfaces/msg/detail/item_assessment__builder.hpp
[5.072s] -- Up-to-date: /home/mc2148/AURO/GIT-SUBMISSION/AURO/Submission/install/solution_interfaces/include/solution_interfaces/solution_interfaces/msg/detail/robot_position__struct.hpp
[5.073s] -- Up-to-date: /home/mc2148/AURO/GIT-SUBMISSION/AURO/Submission/install/solution_interfaces/include/solution_interfaces/solution_interfaces/msg/detail/string_with_pose__traits.hpp
[5.073s] -- Up-to-date: /home/mc2148/AURO/GIT-SUBMISSION/AURO/Submission/install/solution_interfaces/include/solution_interfaces/solution_interfaces/msg/detail/robot_pub_position__builder.hpp
[5.073s] -- Up-to-date: /home/mc2148/AURO/GIT-SUBMISSION/AURO/Submission/install/solution_interfaces/include/solution_interfaces/solution_interfaces/msg/detail/string_with_pose__builder.hpp
[5.073s] -- Up-to-date: /home/mc2148/AURO/GIT-SUBMISSION/AURO/Submission/install/solution_interfaces/include/solution_interfaces/solution_interfaces/msg/detail/robot_pub_position__struct.hpp
[5.074s] -- Up-to-date: /home/mc2148/AURO/GIT-SUBMISSION/AURO/Submission/install/solution_interfaces/include/solution_interfaces/solution_interfaces/msg/detail/robot_pub_position__traits.hpp
[5.074s] -- Up-to-date: /home/mc2148/AURO/GIT-SUBMISSION/AURO/Submission/install/solution_interfaces/include/solution_interfaces/solution_interfaces/msg/detail/example__traits.hpp
[5.074s] -- Up-to-date: /home/mc2148/AURO/GIT-SUBMISSION/AURO/Submission/install/solution_interfaces/include/solution_interfaces/solution_interfaces/msg/detail/example__builder.hpp
[5.075s] -- Up-to-date: /home/mc2148/AURO/GIT-SUBMISSION/AURO/Submission/install/solution_interfaces/include/solution_interfaces/solution_interfaces/msg/detail/robot_position__traits.hpp
[5.075s] -- Up-to-date: /home/mc2148/AURO/GIT-SUBMISSION/AURO/Submission/install/solution_interfaces/include/solution_interfaces/solution_interfaces/msg/detail/robot_position__builder.hpp
[5.075s] -- Up-to-date: /home/mc2148/AURO/GIT-SUBMISSION/AURO/Submission/install/solution_interfaces/include/solution_interfaces/solution_interfaces/msg/detail/example__struct.hpp
[5.075s] -- Up-to-date: /home/mc2148/AURO/GIT-SUBMISSION/AURO/Submission/install/solution_interfaces/include/solution_interfaces/solution_interfaces/msg/detail/string_with_pose__struct.hpp
[5.076s] -- Up-to-date: /home/mc2148/AURO/GIT-SUBMISSION/AURO/Submission/install/solution_interfaces/include/solution_interfaces/solution_interfaces/msg/detail/item_assessment__struct.hpp
[5.076s] -- Up-to-date: /home/mc2148/AURO/GIT-SUBMISSION/AURO/Submission/install/solution_interfaces/include/solution_interfaces/solution_interfaces/msg/detail/robot_start__traits.hpp
[5.076s] -- Up-to-date: /home/mc2148/AURO/GIT-SUBMISSION/AURO/Submission/install/solution_interfaces/include/solution_interfaces/solution_interfaces/msg/detail/robot_start__builder.hpp
[5.077s] -- Up-to-date: /home/mc2148/AURO/GIT-SUBMISSION/AURO/Submission/install/solution_interfaces/include/solution_interfaces/solution_interfaces/msg/robot_start.hpp
[5.077s] -- Up-to-date: /home/mc2148/AURO/GIT-SUBMISSION/AURO/Submission/install/solution_interfaces/include/solution_interfaces/solution_interfaces/msg/item_assessment.hpp
[5.078s] -- Up-to-date: /home/mc2148/AURO/GIT-SUBMISSION/AURO/Submission/install/solution_interfaces/include/solution_interfaces/solution_interfaces/msg/example.hpp
[5.078s] -- Up-to-date: /home/mc2148/AURO/GIT-SUBMISSION/AURO/Submission/install/solution_interfaces/include/solution_interfaces/solution_interfaces/msg/robot_pub_position.hpp
[5.078s] -- Up-to-date: /home/mc2148/AURO/GIT-SUBMISSION/AURO/Submission/install/solution_interfaces/include/solution_interfaces/solution_interfaces
[5.078s] -- Up-to-date: /home/mc2148/AURO/GIT-SUBMISSION/AURO/Submission/install/solution_interfaces/include/solution_interfaces/solution_interfaces/srv
[5.079s] -- Up-to-date: /home/mc2148/AURO/GIT-SUBMISSION/AURO/Submission/install/solution_interfaces/include/solution_interfaces/solution_interfaces/srv/detail
[5.079s] -- Up-to-date: /home/mc2148/AURO/GIT-SUBMISSION/AURO/Submission/install/solution_interfaces/include/solution_interfaces/solution_interfaces/srv/detail/dds_fastrtps
[5.079s] -- Up-to-date: /home/mc2148/AURO/GIT-SUBMISSION/AURO/Submission/install/solution_interfaces/include/solution_interfaces/solution_interfaces/srv/detail/random_goal__rosidl_typesupport_fastrtps_cpp.hpp
[5.079s] -- Up-to-date: /home/mc2148/AURO/GIT-SUBMISSION/AURO/Submission/install/solution_interfaces/include/solution_interfaces/solution_interfaces/msg
[5.082s] -- Up-to-date: /home/mc2148/AURO/GIT-SUBMISSION/AURO/Submission/install/solution_interfaces/include/solution_interfaces/solution_interfaces/msg/rosidl_typesupport_fastrtps_cpp__visibility_control.h
[5.083s] -- Up-to-date: /home/mc2148/AURO/GIT-SUBMISSION/AURO/Submission/install/solution_interfaces/include/solution_interfaces/solution_interfaces/msg/detail
[5.083s] -- Up-to-date: /home/mc2148/AURO/GIT-SUBMISSION/AURO/Submission/install/solution_interfaces/include/solution_interfaces/solution_interfaces/msg/detail/robot_position__rosidl_typesupport_fastrtps_cpp.hpp
[5.084s] -- Up-to-date: /home/mc2148/AURO/GIT-SUBMISSION/AURO/Submission/install/solution_interfaces/include/solution_interfaces/solution_interfaces/msg/detail/example__rosidl_typesupport_fastrtps_cpp.hpp
[5.084s] -- Up-to-date: /home/mc2148/AURO/GIT-SUBMISSION/AURO/Submission/install/solution_interfaces/include/solution_interfaces/solution_interfaces/msg/detail/robot_pub_position__rosidl_typesupport_fastrtps_cpp.hpp
[5.085s] -- Up-to-date: /home/mc2148/AURO/GIT-SUBMISSION/AURO/Submission/install/solution_interfaces/include/solution_interfaces/solution_interfaces/msg/detail/robot_start__rosidl_typesupport_fastrtps_cpp.hpp
[5.085s] -- Up-to-date: /home/mc2148/AURO/GIT-SUBMISSION/AURO/Submission/install/solution_interfaces/include/solution_interfaces/solution_interfaces/msg/detail/dds_fastrtps
[5.085s] -- Up-to-date: /home/mc2148/AURO/GIT-SUBMISSION/AURO/Submission/install/solution_interfaces/include/solution_interfaces/solution_interfaces/msg/detail/string_with_pose__rosidl_typesupport_fastrtps_cpp.hpp
[5.085s] -- Up-to-date: /home/mc2148/AURO/GIT-SUBMISSION/AURO/Submission/install/solution_interfaces/include/solution_interfaces/solution_interfaces/msg/detail/item_assessment__rosidl_typesupport_fastrtps_cpp.hpp
[5.086s] -- Up-to-date: /home/mc2148/AURO/GIT-SUBMISSION/AURO/Submission/install/solution_interfaces/lib/libsolution_interfaces__rosidl_typesupport_fastrtps_cpp.so
[5.086s] -- Up-to-date: /home/mc2148/AURO/GIT-SUBMISSION/AURO/Submission/install/solution_interfaces/include/solution_interfaces/solution_interfaces
[5.086s] -- Up-to-date: /home/mc2148/AURO/GIT-SUBMISSION/AURO/Submission/install/solution_interfaces/include/solution_interfaces/solution_interfaces/srv
[5.086s] -- Up-to-date: /home/mc2148/AURO/GIT-SUBMISSION/AURO/Submission/install/solution_interfaces/include/solution_interfaces/solution_interfaces/srv/detail
[5.087s] -- Up-to-date: /home/mc2148/AURO/GIT-SUBMISSION/AURO/Submission/install/solution_interfaces/include/solution_interfaces/solution_interfaces/srv/detail/random_goal__rosidl_typesupport_introspection_c.h
[5.087s] -- Up-to-date: /home/mc2148/AURO/GIT-SUBMISSION/AURO/Submission/install/solution_interfaces/include/solution_interfaces/solution_interfaces/srv/detail/random_goal__type_support.c
[5.087s] -- Up-to-date: /home/mc2148/AURO/GIT-SUBMISSION/AURO/Submission/install/solution_interfaces/include/solution_interfaces/solution_interfaces/msg
[5.087s] -- Up-to-date: /home/mc2148/AURO/GIT-SUBMISSION/AURO/Submission/install/solution_interfaces/include/solution_interfaces/solution_interfaces/msg/rosidl_typesupport_introspection_c__visibility_control.h
[5.088s] -- Up-to-date: /home/mc2148/AURO/GIT-SUBMISSION/AURO/Submission/install/solution_interfaces/include/solution_interfaces/solution_interfaces/msg/detail
[5.088s] -- Up-to-date: /home/mc2148/AURO/GIT-SUBMISSION/AURO/Submission/install/solution_interfaces/include/solution_interfaces/solution_interfaces/msg/detail/robot_pub_position__rosidl_typesupport_introspection_c.h
[5.088s] -- Up-to-date: /home/mc2148/AURO/GIT-SUBMISSION/AURO/Submission/install/solution_interfaces/include/solution_interfaces/solution_interfaces/msg/detail/robot_position__type_support.c
[5.089s] -- Up-to-date: /home/mc2148/AURO/GIT-SUBMISSION/AURO/Submission/install/solution_interfaces/include/solution_interfaces/solution_interfaces/msg/detail/example__rosidl_typesupport_introspection_c.h
[5.089s] -- Up-to-date: /home/mc2148/AURO/GIT-SUBMISSION/AURO/Submission/install/solution_interfaces/include/solution_interfaces/solution_interfaces/msg/detail/robot_start__type_support.c
[5.089s] -- Up-to-date: /home/mc2148/AURO/GIT-SUBMISSION/AURO/Submission/install/solution_interfaces/include/solution_interfaces/solution_interfaces/msg/detail/item_assessment__type_support.c
[5.090s] -- Up-to-date: /home/mc2148/AURO/GIT-SUBMISSION/AURO/Submission/install/solution_interfaces/include/solution_interfaces/solution_interfaces/msg/detail/robot_start__rosidl_typesupport_introspection_c.h
[5.090s] -- Up-to-date: /home/mc2148/AURO/GIT-SUBMISSION/AURO/Submission/install/solution_interfaces/include/solution_interfaces/solution_interfaces/msg/detail/robot_pub_position__type_support.c
[5.090s] -- Up-to-date: /home/mc2148/AURO/GIT-SUBMISSION/AURO/Submission/install/solution_interfaces/include/solution_interfaces/solution_interfaces/msg/detail/string_with_pose__rosidl_typesupport_introspection_c.h
[5.090s] -- Up-to-date: /home/mc2148/AURO/GIT-SUBMISSION/AURO/Submission/install/solution_interfaces/include/solution_interfaces/solution_interfaces/msg/detail/string_with_pose__type_support.c
[5.091s] -- Up-to-date: /home/mc2148/AURO/GIT-SUBMISSION/AURO/Submission/install/solution_interfaces/include/solution_interfaces/solution_interfaces/msg/detail/item_assessment__rosidl_typesupport_introspection_c.h
[5.092s] -- Up-to-date: /home/mc2148/AURO/GIT-SUBMISSION/AURO/Submission/install/solution_interfaces/include/solution_interfaces/solution_interfaces/msg/detail/example__type_support.c
[5.092s] -- Up-to-date: /home/mc2148/AURO/GIT-SUBMISSION/AURO/Submission/install/solution_interfaces/include/solution_interfaces/solution_interfaces/msg/detail/robot_position__rosidl_typesupport_introspection_c.h
[5.094s] -- Up-to-date: /home/mc2148/AURO/GIT-SUBMISSION/AURO/Submission/install/solution_interfaces/lib/libsolution_interfaces__rosidl_typesupport_introspection_c.so
[5.098s] -- Up-to-date: /home/mc2148/AURO/GIT-SUBMISSION/AURO/Submission/install/solution_interfaces/lib/libsolution_interfaces__rosidl_typesupport_c.so
[5.099s] -- Up-to-date: /home/mc2148/AURO/GIT-SUBMISSION/AURO/Submission/install/solution_interfaces/include/solution_interfaces/solution_interfaces
[5.099s] -- Up-to-date: /home/mc2148/AURO/GIT-SUBMISSION/AURO/Submission/install/solution_interfaces/include/solution_interfaces/solution_interfaces/srv
[5.099s] -- Up-to-date: /home/mc2148/AURO/GIT-SUBMISSION/AURO/Submission/install/solution_interfaces/include/solution_interfaces/solution_interfaces/srv/detail
[5.099s] -- Up-to-date: /home/mc2148/AURO/GIT-SUBMISSION/AURO/Submission/install/solution_interfaces/include/solution_interfaces/solution_interfaces/srv/detail/random_goal__type_support.cpp
[5.100s] -- Up-to-date: /home/mc2148/AURO/GIT-SUBMISSION/AURO/Submission/install/solution_interfaces/include/solution_interfaces/solution_interfaces/srv/detail/random_goal__rosidl_typesupport_introspection_cpp.hpp
[5.100s] -- Up-to-date: /home/mc2148/AURO/GIT-SUBMISSION/AURO/Submission/install/solution_interfaces/include/solution_interfaces/solution_interfaces/msg
[5.100s] -- Up-to-date: /home/mc2148/AURO/GIT-SUBMISSION/AURO/Submission/install/solution_interfaces/include/solution_interfaces/solution_interfaces/msg/detail
[5.100s] -- Up-to-date: /home/mc2148/AURO/GIT-SUBMISSION/AURO/Submission/install/solution_interfaces/include/solution_interfaces/solution_interfaces/msg/detail/item_assessment__rosidl_typesupport_introspection_cpp.hpp
[5.101s] -- Up-to-date: /home/mc2148/AURO/GIT-SUBMISSION/AURO/Submission/install/solution_interfaces/include/solution_interfaces/solution_interfaces/msg/detail/string_with_pose__rosidl_typesupport_introspection_cpp.hpp
[5.101s] -- Up-to-date: /home/mc2148/AURO/GIT-SUBMISSION/AURO/Submission/install/solution_interfaces/include/solution_interfaces/solution_interfaces/msg/detail/example__rosidl_typesupport_introspection_cpp.hpp
[5.101s] -- Up-to-date: /home/mc2148/AURO/GIT-SUBMISSION/AURO/Submission/install/solution_interfaces/include/solution_interfaces/solution_interfaces/msg/detail/robot_position__type_support.cpp
[5.101s] -- Up-to-date: /home/mc2148/AURO/GIT-SUBMISSION/AURO/Submission/install/solution_interfaces/include/solution_interfaces/solution_interfaces/msg/detail/robot_pub_position__type_support.cpp
[5.102s] -- Up-to-date: /home/mc2148/AURO/GIT-SUBMISSION/AURO/Submission/install/solution_interfaces/include/solution_interfaces/solution_interfaces/msg/detail/item_assessment__type_support.cpp
[5.102s] -- Up-to-date: /home/mc2148/AURO/GIT-SUBMISSION/AURO/Submission/install/solution_interfaces/include/solution_interfaces/solution_interfaces/msg/detail/robot_start__type_support.cpp
[5.102s] -- Up-to-date: /home/mc2148/AURO/GIT-SUBMISSION/AURO/Submission/install/solution_interfaces/include/solution_interfaces/solution_interfaces/msg/detail/robot_start__rosidl_typesupport_introspection_cpp.hpp
[5.102s] -- Up-to-date: /home/mc2148/AURO/GIT-SUBMISSION/AURO/Submission/install/solution_interfaces/include/solution_interfaces/solution_interfaces/msg/detail/robot_pub_position__rosidl_typesupport_introspection_cpp.hpp
[5.102s] -- Up-to-date: /home/mc2148/AURO/GIT-SUBMISSION/AURO/Submission/install/solution_interfaces/include/solution_interfaces/solution_interfaces/msg/detail/example__type_support.cpp
[5.103s] -- Up-to-date: /home/mc2148/AURO/GIT-SUBMISSION/AURO/Submission/install/solution_interfaces/include/solution_interfaces/solution_interfaces/msg/detail/robot_position__rosidl_typesupport_introspection_cpp.hpp
[5.103s] -- Up-to-date: /home/mc2148/AURO/GIT-SUBMISSION/AURO/Submission/install/solution_interfaces/include/solution_interfaces/solution_interfaces/msg/detail/string_with_pose__type_support.cpp
[5.103s] -- Up-to-date: /home/mc2148/AURO/GIT-SUBMISSION/AURO/Submission/install/solution_interfaces/lib/libsolution_interfaces__rosidl_typesupport_introspection_cpp.so
[5.103s] -- Up-to-date: /home/mc2148/AURO/GIT-SUBMISSION/AURO/Submission/install/solution_interfaces/lib/libsolution_interfaces__rosidl_typesupport_cpp.so
[5.104s] -- Up-to-date: /home/mc2148/AURO/GIT-SUBMISSION/AURO/Submission/install/solution_interfaces/share/solution_interfaces/environment/pythonpath.sh
[5.104s] -- Up-to-date: /home/mc2148/AURO/GIT-SUBMISSION/AURO/Submission/install/solution_interfaces/share/solution_interfaces/environment/pythonpath.dsv
[5.104s] -- Up-to-date: /home/mc2148/AURO/GIT-SUBMISSION/AURO/Submission/install/solution_interfaces/local/lib/python3.10/dist-packages/solution_interfaces-0.0.0-py3.10.egg-info
[5.104s] -- Installing: /home/mc2148/AURO/GIT-SUBMISSION/AURO/Submission/install/solution_interfaces/local/lib/python3.10/dist-packages/solution_interfaces-0.0.0-py3.10.egg-info/top_level.txt
[5.105s] -- Installing: /home/mc2148/AURO/GIT-SUBMISSION/AURO/Submission/install/solution_interfaces/local/lib/python3.10/dist-packages/solution_interfaces-0.0.0-py3.10.egg-info/PKG-INFO
[5.106s] -- Installing: /home/mc2148/AURO/GIT-SUBMISSION/AURO/Submission/install/solution_interfaces/local/lib/python3.10/dist-packages/solution_interfaces-0.0.0-py3.10.egg-info/SOURCES.txt
[5.107s] -- Installing: /home/mc2148/AURO/GIT-SUBMISSION/AURO/Submission/install/solution_interfaces/local/lib/python3.10/dist-packages/solution_interfaces-0.0.0-py3.10.egg-info/dependency_links.txt
[5.107s] -- Up-to-date: /home/mc2148/AURO/GIT-SUBMISSION/AURO/Submission/install/solution_interfaces/local/lib/python3.10/dist-packages/solution_interfaces
[5.107s] -- Up-to-date: /home/mc2148/AURO/GIT-SUBMISSION/AURO/Submission/install/solution_interfaces/local/lib/python3.10/dist-packages/solution_interfaces/srv
[5.107s] -- Up-to-date: /home/mc2148/AURO/GIT-SUBMISSION/AURO/Submission/install/solution_interfaces/local/lib/python3.10/dist-packages/solution_interfaces/srv/_random_goal.py
[5.107s] -- Up-to-date: /home/mc2148/AURO/GIT-SUBMISSION/AURO/Submission/install/solution_interfaces/local/lib/python3.10/dist-packages/solution_interfaces/srv/__init__.py
[5.112s] -- Up-to-date: /home/mc2148/AURO/GIT-SUBMISSION/AURO/Submission/install/solution_interfaces/local/lib/python3.10/dist-packages/solution_interfaces/srv/_random_goal_s.c
[5.113s] -- Up-to-date: /home/mc2148/AURO/GIT-SUBMISSION/AURO/Submission/install/solution_interfaces/local/lib/python3.10/dist-packages/solution_interfaces/solution_interfaces_s__rosidl_typesupport_introspection_c.cpython-310-x86_64-linux-gnu.so
[5.114s] -- Up-to-date: /home/mc2148/AURO/GIT-SUBMISSION/AURO/Submission/install/solution_interfaces/local/lib/python3.10/dist-packages/solution_interfaces/_solution_interfaces_s.ep.rosidl_typesupport_c.c
[5.114s] -- Up-to-date: /home/mc2148/AURO/GIT-SUBMISSION/AURO/Submission/install/solution_interfaces/local/lib/python3.10/dist-packages/solution_interfaces/_solution_interfaces_s.ep.rosidl_typesupport_fastrtps_c.c
[5.114s] -- Up-to-date: /home/mc2148/AURO/GIT-SUBMISSION/AURO/Submission/install/solution_interfaces/local/lib/python3.10/dist-packages/solution_interfaces/__init__.py
[5.115s] -- Up-to-date: /home/mc2148/AURO/GIT-SUBMISSION/AURO/Submission/install/solution_interfaces/local/lib/python3.10/dist-packages/solution_interfaces/libsolution_interfaces__rosidl_generator_py.so
[5.115s] -- Up-to-date: /home/mc2148/AURO/GIT-SUBMISSION/AURO/Submission/install/solution_interfaces/local/lib/python3.10/dist-packages/solution_interfaces/solution_interfaces_s__rosidl_typesupport_fastrtps_c.cpython-310-x86_64-linux-gnu.so
[5.115s] -- Up-to-date: /home/mc2148/AURO/GIT-SUBMISSION/AURO/Submission/install/solution_interfaces/local/lib/python3.10/dist-packages/solution_interfaces/msg
[5.116s] -- Up-to-date: /home/mc2148/AURO/GIT-SUBMISSION/AURO/Submission/install/solution_interfaces/local/lib/python3.10/dist-packages/solution_interfaces/msg/_string_with_pose_s.c
[5.116s] -- Up-to-date: /home/mc2148/AURO/GIT-SUBMISSION/AURO/Submission/install/solution_interfaces/local/lib/python3.10/dist-packages/solution_interfaces/msg/_robot_position.py
[5.116s] -- Up-to-date: /home/mc2148/AURO/GIT-SUBMISSION/AURO/Submission/install/solution_interfaces/local/lib/python3.10/dist-packages/solution_interfaces/msg/_example_s.c
[5.116s] -- Up-to-date: /home/mc2148/AURO/GIT-SUBMISSION/AURO/Submission/install/solution_interfaces/local/lib/python3.10/dist-packages/solution_interfaces/msg/_robot_start_s.c
[5.117s] -- Up-to-date: /home/mc2148/AURO/GIT-SUBMISSION/AURO/Submission/install/solution_interfaces/local/lib/python3.10/dist-packages/solution_interfaces/msg/_example.py
[5.117s] -- Up-to-date: /home/mc2148/AURO/GIT-SUBMISSION/AURO/Submission/install/solution_interfaces/local/lib/python3.10/dist-packages/solution_interfaces/msg/_string_with_pose.py
[5.117s] -- Up-to-date: /home/mc2148/AURO/GIT-SUBMISSION/AURO/Submission/install/solution_interfaces/local/lib/python3.10/dist-packages/solution_interfaces/msg/_robot_pub_position.py
[5.117s] -- Up-to-date: /home/mc2148/AURO/GIT-SUBMISSION/AURO/Submission/install/solution_interfaces/local/lib/python3.10/dist-packages/solution_interfaces/msg/_item_assessment.py
[5.118s] -- Up-to-date: /home/mc2148/AURO/GIT-SUBMISSION/AURO/Submission/install/solution_interfaces/local/lib/python3.10/dist-packages/solution_interfaces/msg/_item_assessment_s.c
[5.118s] -- Up-to-date: /home/mc2148/AURO/GIT-SUBMISSION/AURO/Submission/install/solution_interfaces/local/lib/python3.10/dist-packages/solution_interfaces/msg/__init__.py
[5.118s] -- Up-to-date: /home/mc2148/AURO/GIT-SUBMISSION/AURO/Submission/install/solution_interfaces/local/lib/python3.10/dist-packages/solution_interfaces/msg/_robot_position_s.c
[5.118s] -- Up-to-date: /home/mc2148/AURO/GIT-SUBMISSION/AURO/Submission/install/solution_interfaces/local/lib/python3.10/dist-packages/solution_interfaces/msg/_robot_start.py
[5.119s] -- Up-to-date: /home/mc2148/AURO/GIT-SUBMISSION/AURO/Submission/install/solution_interfaces/local/lib/python3.10/dist-packages/solution_interfaces/msg/_robot_pub_position_s.c
[5.119s] -- Up-to-date: /home/mc2148/AURO/GIT-SUBMISSION/AURO/Submission/install/solution_interfaces/local/lib/python3.10/dist-packages/solution_interfaces/_solution_interfaces_s.ep.rosidl_typesupport_introspection_c.c
[5.119s] -- Up-to-date: /home/mc2148/AURO/GIT-SUBMISSION/AURO/Submission/install/solution_interfaces/local/lib/python3.10/dist-packages/solution_interfaces/solution_interfaces_s__rosidl_typesupport_c.cpython-310-x86_64-linux-gnu.so
[5.258s] Listing '/home/mc2148/AURO/GIT-SUBMISSION/AURO/Submission/install/solution_interfaces/local/lib/python3.10/dist-packages/solution_interfaces'...
[5.258s] Listing '/home/mc2148/AURO/GIT-SUBMISSION/AURO/Submission/install/solution_interfaces/local/lib/python3.10/dist-packages/solution_interfaces/msg'...
[5.259s] Listing '/home/mc2148/AURO/GIT-SUBMISSION/AURO/Submission/install/solution_interfaces/local/lib/python3.10/dist-packages/solution_interfaces/srv'...
[5.284s] -- Up-to-date: /home/mc2148/AURO/GIT-SUBMISSION/AURO/Submission/install/solution_interfaces/local/lib/python3.10/dist-packages/solution_interfaces/solution_interfaces_s__rosidl_typesupport_fastrtps_c.cpython-310-x86_64-linux-gnu.so
[5.285s] -- Up-to-date: /home/mc2148/AURO/GIT-SUBMISSION/AURO/Submission/install/solution_interfaces/local/lib/python3.10/dist-packages/solution_interfaces/solution_interfaces_s__rosidl_typesupport_introspection_c.cpython-310-x86_64-linux-gnu.so
[5.286s] -- Up-to-date: /home/mc2148/AURO/GIT-SUBMISSION/AURO/Submission/install/solution_interfaces/local/lib/python3.10/dist-packages/solution_interfaces/solution_interfaces_s__rosidl_typesupport_c.cpython-310-x86_64-linux-gnu.so
[5.287s] -- Up-to-date: /home/mc2148/AURO/GIT-SUBMISSION/AURO/Submission/install/solution_interfaces/lib/libsolution_interfaces__rosidl_generator_py.so
[5.287s] -- Up-to-date: /home/mc2148/AURO/GIT-SUBMISSION/AURO/Submission/install/solution_interfaces/share/solution_interfaces/msg/Example.idl
[5.288s] -- Up-to-date: /home/mc2148/AURO/GIT-SUBMISSION/AURO/Submission/install/solution_interfaces/share/solution_interfaces/msg/ItemAssessment.idl
[5.291s] -- Up-to-date: /home/mc2148/AURO/GIT-SUBMISSION/AURO/Submission/install/solution_interfaces/share/solution_interfaces/msg/RobotStart.idl
[5.293s] -- Up-to-date: /home/mc2148/AURO/GIT-SUBMISSION/AURO/Submission/install/solution_interfaces/share/solution_interfaces/msg/RobotPubPosition.idl
[5.295s] -- Up-to-date: /home/mc2148/AURO/GIT-SUBMISSION/AURO/Submission/install/solution_interfaces/share/solution_interfaces/msg/StringWithPose.idl
[5.304s] -- Up-to-date: /home/mc2148/AURO/GIT-SUBMISSION/AURO/Submission/install/solution_interfaces/share/solution_interfaces/srv/RandomGoal.idl
[5.304s] -- Up-to-date: /home/mc2148/AURO/GIT-SUBMISSION/AURO/Submission/install/solution_interfaces/share/solution_interfaces/msg/Example.msg
[5.304s] -- Up-to-date: /home/mc2148/AURO/GIT-SUBMISSION/AURO/Submission/install/solution_interfaces/share/solution_interfaces/msg/ItemAssessment.msg
[5.305s] -- Up-to-date: /home/mc2148/AURO/GIT-SUBMISSION/AURO/Submission/install/solution_interfaces/share/solution_interfaces/msg/RobotStart.msg
[5.305s] -- Up-to-date: /home/mc2148/AURO/GIT-SUBMISSION/AURO/Submission/install/solution_interfaces/share/solution_interfaces/msg/RobotPubPosition.msg
[5.305s] -- Up-to-date: /home/mc2148/AURO/GIT-SUBMISSION/AURO/Submission/install/solution_interfaces/share/solution_interfaces/msg/StringWithPose.msg
[5.307s] -- Up-to-date: /home/mc2148/AURO/GIT-SUBMISSION/AURO/Submission/install/solution_interfaces/share/solution_interfaces/srv/RandomGoal.srv
[5.310s] -- Up-to-date: /home/mc2148/AURO/GIT-SUBMISSION/AURO/Submission/install/solution_interfaces/share/solution_interfaces/srv/RandomGoal_Request.msg
[5.311s] -- Up-to-date: /home/mc2148/AURO/GIT-SUBMISSION/AURO/Submission/install/solution_interfaces/share/solution_interfaces/srv/RandomGoal_Response.msg
[5.311s] -- Up-to-date: /home/mc2148/AURO/GIT-SUBMISSION/AURO/Submission/install/solution_interfaces/share/ament_index/resource_index/package_run_dependencies/solution_interfaces
[5.311s] -- Up-to-date: /home/mc2148/AURO/GIT-SUBMISSION/AURO/Submission/install/solution_interfaces/share/ament_index/resource_index/parent_prefix_path/solution_interfaces
[5.311s] -- Up-to-date: /home/mc2148/AURO/GIT-SUBMISSION/AURO/Submission/install/solution_interfaces/share/solution_interfaces/environment/ament_prefix_path.sh
[5.311s] -- Up-to-date: /home/mc2148/AURO/GIT-SUBMISSION/AURO/Submission/install/solution_interfaces/share/solution_interfaces/environment/ament_prefix_path.dsv
[5.312s] -- Up-to-date: /home/mc2148/AURO/GIT-SUBMISSION/AURO/Submission/install/solution_interfaces/share/solution_interfaces/environment/path.sh
[5.312s] -- Up-to-date: /home/mc2148/AURO/GIT-SUBMISSION/AURO/Submission/install/solution_interfaces/share/solution_interfaces/environment/path.dsv
[5.312s] -- Up-to-date: /home/mc2148/AURO/GIT-SUBMISSION/AURO/Submission/install/solution_interfaces/share/solution_interfaces/local_setup.bash
[5.312s] -- Up-to-date: /home/mc2148/AURO/GIT-SUBMISSION/AURO/Submission/install/solution_interfaces/share/solution_interfaces/local_setup.sh
[5.321s] -- Up-to-date: /home/mc2148/AURO/GIT-SUBMISSION/AURO/Submission/install/solution_interfaces/share/solution_interfaces/local_setup.zsh
[5.322s] -- Up-to-date: /home/mc2148/AURO/GIT-SUBMISSION/AURO/Submission/install/solution_interfaces/share/solution_interfaces/local_setup.dsv
[5.322s] -- Installing: /home/mc2148/AURO/GIT-SUBMISSION/AURO/Submission/install/solution_interfaces/share/solution_interfaces/package.dsv
[5.323s] -- Up-to-date: /home/mc2148/AURO/GIT-SUBMISSION/AURO/Submission/install/solution_interfaces/share/ament_index/resource_index/packages/solution_interfaces
[5.324s] -- Up-to-date: /home/mc2148/AURO/GIT-SUBMISSION/AURO/Submission/install/solution_interfaces/share/solution_interfaces/cmake/export_solution_interfaces__rosidl_generator_cExport.cmake
[5.324s] -- Up-to-date: /home/mc2148/AURO/GIT-SUBMISSION/AURO/Submission/install/solution_interfaces/share/solution_interfaces/cmake/export_solution_interfaces__rosidl_generator_cExport-noconfig.cmake
[5.325s] -- Up-to-date: /home/mc2148/AURO/GIT-SUBMISSION/AURO/Submission/install/solution_interfaces/share/solution_interfaces/cmake/export_solution_interfaces__rosidl_typesupport_fastrtps_cExport.cmake
[5.325s] -- Up-to-date: /home/mc2148/AURO/GIT-SUBMISSION/AURO/Submission/install/solution_interfaces/share/solution_interfaces/cmake/export_solution_interfaces__rosidl_typesupport_fastrtps_cExport-noconfig.cmake
[5.326s] -- Up-to-date: /home/mc2148/AURO/GIT-SUBMISSION/AURO/Submission/install/solution_interfaces/share/solution_interfaces/cmake/export_solution_interfaces__rosidl_generator_cppExport.cmake
[5.326s] -- Up-to-date: /home/mc2148/AURO/GIT-SUBMISSION/AURO/Submission/install/solution_interfaces/share/solution_interfaces/cmake/export_solution_interfaces__rosidl_typesupport_fastrtps_cppExport.cmake
[5.326s] -- Up-to-date: /home/mc2148/AURO/GIT-SUBMISSION/AURO/Submission/install/solution_interfaces/share/solution_interfaces/cmake/export_solution_interfaces__rosidl_typesupport_fastrtps_cppExport-noconfig.cmake
[5.326s] -- Up-to-date: /home/mc2148/AURO/GIT-SUBMISSION/AURO/Submission/install/solution_interfaces/share/solution_interfaces/cmake/solution_interfaces__rosidl_typesupport_introspection_cExport.cmake
[5.327s] -- Up-to-date: /home/mc2148/AURO/GIT-SUBMISSION/AURO/Submission/install/solution_interfaces/share/solution_interfaces/cmake/solution_interfaces__rosidl_typesupport_introspection_cExport-noconfig.cmake
[5.327s] -- Up-to-date: /home/mc2148/AURO/GIT-SUBMISSION/AURO/Submission/install/solution_interfaces/share/solution_interfaces/cmake/solution_interfaces__rosidl_typesupport_cExport.cmake
[5.328s] -- Up-to-date: /home/mc2148/AURO/GIT-SUBMISSION/AURO/Submission/install/solution_interfaces/share/solution_interfaces/cmake/solution_interfaces__rosidl_typesupport_cExport-noconfig.cmake
[5.328s] -- Up-to-date: /home/mc2148/AURO/GIT-SUBMISSION/AURO/Submission/install/solution_interfaces/share/solution_interfaces/cmake/solution_interfaces__rosidl_typesupport_introspection_cppExport.cmake
[5.329s] -- Up-to-date: /home/mc2148/AURO/GIT-SUBMISSION/AURO/Submission/install/solution_interfaces/share/solution_interfaces/cmake/solution_interfaces__rosidl_typesupport_introspection_cppExport-noconfig.cmake
[5.329s] -- Up-to-date: /home/mc2148/AURO/GIT-SUBMISSION/AURO/Submission/install/solution_interfaces/share/solution_interfaces/cmake/solution_interfaces__rosidl_typesupport_cppExport.cmake
[5.329s] -- Up-to-date: /home/mc2148/AURO/GIT-SUBMISSION/AURO/Submission/install/solution_interfaces/share/solution_interfaces/cmake/solution_interfaces__rosidl_typesupport_cppExport-noconfig.cmake
[5.330s] -- Up-to-date: /home/mc2148/AURO/GIT-SUBMISSION/AURO/Submission/install/solution_interfaces/share/solution_interfaces/cmake/export_solution_interfaces__rosidl_generator_pyExport.cmake
[5.331s] -- Up-to-date: /home/mc2148/AURO/GIT-SUBMISSION/AURO/Submission/install/solution_interfaces/share/solution_interfaces/cmake/export_solution_interfaces__rosidl_generator_pyExport-noconfig.cmake
[5.331s] -- Up-to-date: /home/mc2148/AURO/GIT-SUBMISSION/AURO/Submission/install/solution_interfaces/share/solution_interfaces/cmake/rosidl_cmake-extras.cmake
[5.331s] -- Up-to-date: /home/mc2148/AURO/GIT-SUBMISSION/AURO/Submission/install/solution_interfaces/share/solution_interfaces/cmake/ament_cmake_export_dependencies-extras.cmake
[5.332s] -- Up-to-date: /home/mc2148/AURO/GIT-SUBMISSION/AURO/Submission/install/solution_interfaces/share/solution_interfaces/cmake/ament_cmake_export_include_directories-extras.cmake
[5.332s] -- Up-to-date: /home/mc2148/AURO/GIT-SUBMISSION/AURO/Submission/install/solution_interfaces/share/solution_interfaces/cmake/ament_cmake_export_libraries-extras.cmake
[5.333s] -- Up-to-date: /home/mc2148/AURO/GIT-SUBMISSION/AURO/Submission/install/solution_interfaces/share/solution_interfaces/cmake/ament_cmake_export_targets-extras.cmake
[5.333s] -- Up-to-date: /home/mc2148/AURO/GIT-SUBMISSION/AURO/Submission/install/solution_interfaces/share/solution_interfaces/cmake/rosidl_cmake_export_typesupport_targets-extras.cmake
[5.333s] -- Up-to-date: /home/mc2148/AURO/GIT-SUBMISSION/AURO/Submission/install/solution_interfaces/share/solution_interfaces/cmake/rosidl_cmake_export_typesupport_libraries-extras.cmake
[5.334s] -- Up-to-date: /home/mc2148/AURO/GIT-SUBMISSION/AURO/Submission/install/solution_interfaces/share/solution_interfaces/cmake/solution_interfacesConfig.cmake
[5.334s] -- Up-to-date: /home/mc2148/AURO/GIT-SUBMISSION/AURO/Submission/install/solution_interfaces/share/solution_interfaces/cmake/solution_interfacesConfig-version.cmake
[5.335s] -- Up-to-date: /home/mc2148/AURO/GIT-SUBMISSION/AURO/Submission/install/solution_interfaces/share/solution_interfaces/package.xml
[5.925s] Invoked command in '/home/mc2148/AURO/GIT-SUBMISSION/AURO/Submission/build/solution_interfaces' returned '0': CMAKE_PREFIX_PATH=${CMAKE_PREFIX_PATH}:/home/mc2148/turtlebot3_ws/install/turtlebot3_teleop:/home/mc2148/turtlebot3_ws/install/turtlebot3_example:/home/mc2148/AURO/GIT-SUBMISSION/AURO/Submission/install/tf_relay:/home/mc2148/AURO/GIT-SUBMISSION/AURO/Submission/install/solution:/home/mc2148/AURO/GIT-SUBMISSION/AURO/Submission/install/assessment:/opt/ros/humble /usr/bin/cmake --install /home/mc2148/AURO/GIT-SUBMISSION/AURO/Submission/build/solution_interfaces
