[1.460s] Invoking command in '/home/mc2148/AURO/Submission/src/solution': PYTHONPATH=/home/mc2148/AURO/Submission/build/solution/prefix_override:/home/mc2148/AURO/Submission/install/solution/lib/python3.10/site-packages:${PYTHONPATH} /usr/bin/python3 setup.py egg_info --egg-base ../../build/solution build --build-base /home/mc2148/AURO/Submission/build/solution/build install --record /home/mc2148/AURO/Submission/build/solution/install.log --single-version-externally-managed
[1.787s] running egg_info
[1.787s] creating ../../build/solution/solution.egg-info
[1.788s] writing ../../build/solution/solution.egg-info/PKG-INFO
[1.788s] writing dependency_links to ../../build/solution/solution.egg-info/dependency_links.txt
[1.788s] writing entry points to ../../build/solution/solution.egg-info/entry_points.txt
[1.788s] writing requirements to ../../build/solution/solution.egg-info/requires.txt
[1.788s] writing top-level names to ../../build/solution/solution.egg-info/top_level.txt
[1.789s] writing manifest file '../../build/solution/solution.egg-info/SOURCES.txt'
[1.790s] reading manifest file '../../build/solution/solution.egg-info/SOURCES.txt'
[1.790s] writing manifest file '../../build/solution/solution.egg-info/SOURCES.txt'
[1.791s] running build
[1.791s] running build_py
[1.791s] creating /home/mc2148/AURO/Submission/build/solution/build
[1.791s] creating /home/mc2148/AURO/Submission/build/solution/build/lib
[1.791s] creating /home/mc2148/AURO/Submission/build/solution/build/lib/solution
[1.792s] copying solution/robot_controller.py -> /home/mc2148/AURO/Submission/build/solution/build/lib/solution
[1.792s] copying solution/randomised_goal_service.py -> /home/mc2148/AURO/Submission/build/solution/build/lib/solution
[1.792s] copying solution/item_assessor_service.py -> /home/mc2148/AURO/Submission/build/solution/build/lib/solution
[1.792s] copying solution/__init__.py -> /home/mc2148/AURO/Submission/build/solution/build/lib/solution
[1.793s] copying solution/data_logger.py -> /home/mc2148/AURO/Submission/build/solution/build/lib/solution
[1.793s] copying solution/robot_position_publisher.py -> /home/mc2148/AURO/Submission/build/solution/build/lib/solution
[1.793s] running install
[1.793s] running install_lib
[1.793s] creating /home/mc2148/AURO/Submission/install/solution/lib/python3.10/site-packages/solution
[1.794s] copying /home/mc2148/AURO/Submission/build/solution/build/lib/solution/robot_controller.py -> /home/mc2148/AURO/Submission/install/solution/lib/python3.10/site-packages/solution
[1.794s] copying /home/mc2148/AURO/Submission/build/solution/build/lib/solution/randomised_goal_service.py -> /home/mc2148/AURO/Submission/install/solution/lib/python3.10/site-packages/solution
[1.794s] copying /home/mc2148/AURO/Submission/build/solution/build/lib/solution/item_assessor_service.py -> /home/mc2148/AURO/Submission/install/solution/lib/python3.10/site-packages/solution
[1.795s] copying /home/mc2148/AURO/Submission/build/solution/build/lib/solution/__init__.py -> /home/mc2148/AURO/Submission/install/solution/lib/python3.10/site-packages/solution
[1.795s] copying /home/mc2148/AURO/Submission/build/solution/build/lib/solution/data_logger.py -> /home/mc2148/AURO/Submission/install/solution/lib/python3.10/site-packages/solution
[1.795s] copying /home/mc2148/AURO/Submission/build/solution/build/lib/solution/robot_position_publisher.py -> /home/mc2148/AURO/Submission/install/solution/lib/python3.10/site-packages/solution
[1.795s] byte-compiling /home/mc2148/AURO/Submission/install/solution/lib/python3.10/site-packages/solution/robot_controller.py to robot_controller.cpython-310.pyc
[1.797s] byte-compiling /home/mc2148/AURO/Submission/install/solution/lib/python3.10/site-packages/solution/randomised_goal_service.py to randomised_goal_service.cpython-310.pyc
[1.797s] byte-compiling /home/mc2148/AURO/Submission/install/solution/lib/python3.10/site-packages/solution/item_assessor_service.py to item_assessor_service.cpython-310.pyc
[1.798s] byte-compiling /home/mc2148/AURO/Submission/install/solution/lib/python3.10/site-packages/solution/__init__.py to __init__.cpython-310.pyc
[1.798s] byte-compiling /home/mc2148/AURO/Submission/install/solution/lib/python3.10/site-packages/solution/data_logger.py to data_logger.cpython-310.pyc
[1.798s] byte-compiling /home/mc2148/AURO/Submission/install/solution/lib/python3.10/site-packages/solution/robot_position_publisher.py to robot_position_publisher.cpython-310.pyc
[1.799s] running install_data
[1.799s] creating /home/mc2148/AURO/Submission/install/solution/share/ament_index
[1.800s] creating /home/mc2148/AURO/Submission/install/solution/share/ament_index/resource_index
[1.800s] creating /home/mc2148/AURO/Submission/install/solution/share/ament_index/resource_index/packages
[1.800s] copying resource/solution -> /home/mc2148/AURO/Submission/install/solution/share/ament_index/resource_index/packages
[1.800s] copying package.xml -> /home/mc2148/AURO/Submission/install/solution/share/solution
[1.800s] creating /home/mc2148/AURO/Submission/install/solution/share/solution/launch
[1.800s] copying launch/solution_launch.py -> /home/mc2148/AURO/Submission/install/solution/share/solution/launch/
[1.800s] copying launch/solution_nav2_launch.py -> /home/mc2148/AURO/Submission/install/solution/share/solution/launch/
[1.801s] running install_egg_info
[1.802s] Copying ../../build/solution/solution.egg-info to /home/mc2148/AURO/Submission/install/solution/lib/python3.10/site-packages/solution-0.0.0-py3.10.egg-info
[1.803s] running install_scripts
[1.823s] Installing data_logger script to /home/mc2148/AURO/Submission/install/solution/lib/solution
[1.823s] Installing item_assessor_service script to /home/mc2148/AURO/Submission/install/solution/lib/solution
[1.823s] Installing randomised_goal_service script to /home/mc2148/AURO/Submission/install/solution/lib/solution
[1.824s] Installing robot_controller script to /home/mc2148/AURO/Submission/install/solution/lib/solution
[1.824s] Installing robot_position script to /home/mc2148/AURO/Submission/install/solution/lib/solution
[1.824s] writing list of installed files to '/home/mc2148/AURO/Submission/build/solution/install.log'
[1.856s] Invoked command in '/home/mc2148/AURO/Submission/src/solution' returned '0': PYTHONPATH=/home/mc2148/AURO/Submission/build/solution/prefix_override:/home/mc2148/AURO/Submission/install/solution/lib/python3.10/site-packages:${PYTHONPATH} /usr/bin/python3 setup.py egg_info --egg-base ../../build/solution build --build-base /home/mc2148/AURO/Submission/build/solution/build install --record /home/mc2148/AURO/Submission/build/solution/install.log --single-version-externally-managed
