[5.226s] Invoking command in '/home/mc2148/AURO/GIT-SUBMISSION/AURO/Submission/src/assessment': PYTHONPATH=/home/mc2148/AURO/GIT-SUBMISSION/AURO/Submission/build/assessment/prefix_override:/home/mc2148/AURO/GIT-SUBMISSION/AURO/Submission/install/assessment/lib/python3.10/site-packages:${PYTHONPATH} /usr/bin/python3 setup.py egg_info --egg-base ../../build/assessment build --build-base /home/mc2148/AURO/GIT-SUBMISSION/AURO/Submission/build/assessment/build install --record /home/mc2148/AURO/GIT-SUBMISSION/AURO/Submission/build/assessment/install.log --single-version-externally-managed
[6.460s] running egg_info
[6.464s] writing ../../build/assessment/assessment.egg-info/PKG-INFO
[6.465s] writing dependency_links to ../../build/assessment/assessment.egg-info/dependency_links.txt
[6.465s] writing entry points to ../../build/assessment/assessment.egg-info/entry_points.txt
[6.465s] writing requirements to ../../build/assessment/assessment.egg-info/requires.txt
[6.466s] writing top-level names to ../../build/assessment/assessment.egg-info/top_level.txt
[6.472s] reading manifest file '../../build/assessment/assessment.egg-info/SOURCES.txt'
[6.478s] writing manifest file '../../build/assessment/assessment.egg-info/SOURCES.txt'
[6.479s] running build
[6.479s] running build_py
[6.482s] running install
[6.484s] running install_lib
[6.489s] running install_data
[6.494s] running install_egg_info
[6.500s] removing '/home/mc2148/AURO/GIT-SUBMISSION/AURO/Submission/install/assessment/lib/python3.10/site-packages/assessment-0.0.0-py3.10.egg-info' (and everything under it)
[6.502s] Copying ../../build/assessment/assessment.egg-info to /home/mc2148/AURO/GIT-SUBMISSION/AURO/Submission/install/assessment/lib/python3.10/site-packages/assessment-0.0.0-py3.10.egg-info
[6.505s] running install_scripts
[6.589s] Installing home_zone_sensor script to /home/mc2148/AURO/GIT-SUBMISSION/AURO/Submission/install/assessment/lib/assessment
[6.595s] Installing item_manager script to /home/mc2148/AURO/GIT-SUBMISSION/AURO/Submission/install/assessment/lib/assessment
[6.596s] Installing item_sensor script to /home/mc2148/AURO/GIT-SUBMISSION/AURO/Submission/install/assessment/lib/assessment
[6.596s] Installing robot_sensor script to /home/mc2148/AURO/GIT-SUBMISSION/AURO/Submission/install/assessment/lib/assessment
[6.596s] writing list of installed files to '/home/mc2148/AURO/GIT-SUBMISSION/AURO/Submission/build/assessment/install.log'
