[0.613s] Invoking command in '/home/mc2148/AURO/Submission/build/solution_interfaces': CMAKE_PREFIX_PATH=${CMAKE_PREFIX_PATH}:/home/mc2148/AURO/Submission/install/tf_transformations:/home/mc2148/AURO/Submission/install/solution:/home/mc2148/auro-practicals/install/week_8:/home/mc2148/auro-practicals/install/week_7:/home/mc2148/auro-practicals/install/week_6:/home/mc2148/auro-practicals/install/week_5:/home/mc2148/auro-practicals/install/week_4:/home/mc2148/auro-practicals/install/week_3:/home/mc2148/auro-practicals/install/week_2:/home/mc2148/auro-practicals/install/week_1:/home/mc2148/auro-practicals/install/tf_relay:/home/mc2148/auro-practicals/install/assessment:/home/mc2148/turtlebot3_ws/install/turtlebot3_teleop:/home/mc2148/turtlebot3_ws/install/turtlebot3_example:/opt/ros/humble /usr/bin/cmake --build /home/mc2148/AURO/Submission/build/solution_interfaces -- -j4 -l4
[0.682s] [  1%] Built target solution_interfaces__cpp
[0.724s] [  1%] Built target ament_cmake_python_copy_solution_interfaces
[0.743s] [35m[1mConsolidate compiler generated dependencies of target solution_interfaces__rosidl_typesupport_fastrtps_cpp[0m
[0.763s] [ 12%] Built target solution_interfaces__rosidl_typesupport_fastrtps_cpp
[0.780s] [35m[1mConsolidate compiler generated dependencies of target solution_interfaces__rosidl_typesupport_introspection_cpp[0m
[0.801s] [ 23%] Built target solution_interfaces__rosidl_typesupport_introspection_cpp
[1.098s] running egg_info
[1.100s] writing solution_interfaces.egg-info/PKG-INFO
[1.101s] writing dependency_links to solution_interfaces.egg-info/dependency_links.txt
[1.102s] writing top-level names to solution_interfaces.egg-info/top_level.txt
[1.105s] reading manifest file 'solution_interfaces.egg-info/SOURCES.txt'
[1.106s] writing manifest file 'solution_interfaces.egg-info/SOURCES.txt'
[1.142s] [ 23%] Built target ament_cmake_python_build_solution_interfaces_egg
[1.159s] [35m[1mConsolidate compiler generated dependencies of target solution_interfaces__rosidl_typesupport_cpp[0m
[1.190s] [ 34%] Built target solution_interfaces__rosidl_typesupport_cpp
[1.208s] [35m[1mConsolidate compiler generated dependencies of target solution_interfaces__rosidl_generator_c[0m
[1.227s] [ 46%] Built target solution_interfaces__rosidl_generator_c
[1.248s] [35m[1mConsolidate compiler generated dependencies of target solution_interfaces__rosidl_typesupport_fastrtps_c[0m
[1.271s] [ 57%] Built target solution_interfaces__rosidl_typesupport_fastrtps_c
[1.289s] [35m[1mConsolidate compiler generated dependencies of target solution_interfaces__rosidl_typesupport_c[0m
[1.312s] [ 68%] Built target solution_interfaces__rosidl_typesupport_c
[1.334s] [35m[1mConsolidate compiler generated dependencies of target solution_interfaces__rosidl_typesupport_introspection_c[0m
[1.348s] [ 79%] Built target solution_interfaces__rosidl_typesupport_introspection_c
[1.374s] [ 79%] Built target solution_interfaces
[1.403s] [ 80%] Built target solution_interfaces__py
[1.421s] [35m[1mConsolidate compiler generated dependencies of target solution_interfaces__rosidl_generator_py[0m
[1.443s] [ 90%] Built target solution_interfaces__rosidl_generator_py
[1.457s] [35m[1mConsolidate compiler generated dependencies of target solution_interfaces__rosidl_typesupport_fastrtps_c__pyext[0m
[1.475s] [ 93%] Built target solution_interfaces__rosidl_typesupport_fastrtps_c__pyext
[1.493s] [35m[1mConsolidate compiler generated dependencies of target solution_interfaces__rosidl_typesupport_c__pyext[0m
[1.514s] [ 96%] Built target solution_interfaces__rosidl_typesupport_c__pyext
[1.528s] [35m[1mConsolidate compiler generated dependencies of target solution_interfaces__rosidl_typesupport_introspection_c__pyext[0m
[1.548s] [100%] Built target solution_interfaces__rosidl_typesupport_introspection_c__pyext
[1.567s] Invoked command in '/home/mc2148/AURO/Submission/build/solution_interfaces' returned '0': CMAKE_PREFIX_PATH=${CMAKE_PREFIX_PATH}:/home/mc2148/AURO/Submission/install/tf_transformations:/home/mc2148/AURO/Submission/install/solution:/home/mc2148/auro-practicals/install/week_8:/home/mc2148/auro-practicals/install/week_7:/home/mc2148/auro-practicals/install/week_6:/home/mc2148/auro-practicals/install/week_5:/home/mc2148/auro-practicals/install/week_4:/home/mc2148/auro-practicals/install/week_3:/home/mc2148/auro-practicals/install/week_2:/home/mc2148/auro-practicals/install/week_1:/home/mc2148/auro-practicals/install/tf_relay:/home/mc2148/auro-practicals/install/assessment:/home/mc2148/turtlebot3_ws/install/turtlebot3_teleop:/home/mc2148/turtlebot3_ws/install/turtlebot3_example:/opt/ros/humble /usr/bin/cmake --build /home/mc2148/AURO/Submission/build/solution_interfaces -- -j4 -l4
[1.888s] Invoking command in '/home/mc2148/AURO/Submission/build/solution_interfaces': CMAKE_PREFIX_PATH=${CMAKE_PREFIX_PATH}:/home/mc2148/AURO/Submission/install/tf_transformations:/home/mc2148/AURO/Submission/install/solution:/home/mc2148/auro-practicals/install/week_8:/home/mc2148/auro-practicals/install/week_7:/home/mc2148/auro-practicals/install/week_6:/home/mc2148/auro-practicals/install/week_5:/home/mc2148/auro-practicals/install/week_4:/home/mc2148/auro-practicals/install/week_3:/home/mc2148/auro-practicals/install/week_2:/home/mc2148/auro-practicals/install/week_1:/home/mc2148/auro-practicals/install/tf_relay:/home/mc2148/auro-practicals/install/assessment:/home/mc2148/turtlebot3_ws/install/turtlebot3_teleop:/home/mc2148/turtlebot3_ws/install/turtlebot3_example:/opt/ros/humble /usr/bin/cmake --install /home/mc2148/AURO/Submission/build/solution_interfaces
[1.904s] -- Install configuration: ""
[1.905s] -- Up-to-date: /home/mc2148/AURO/Submission/install/solution_interfaces/share/ament_index/resource_index/rosidl_interfaces/solution_interfaces
[1.905s] -- Up-to-date: /home/mc2148/AURO/Submission/install/solution_interfaces/include/solution_interfaces/solution_interfaces
[1.911s] -- Up-to-date: /home/mc2148/AURO/Submission/install/solution_interfaces/include/solution_interfaces/solution_interfaces/msg
[1.912s] -- Up-to-date: /home/mc2148/AURO/Submission/install/solution_interfaces/include/solution_interfaces/solution_interfaces/msg/string_with_pose.h
[1.912s] -- Up-to-date: /home/mc2148/AURO/Submission/install/solution_interfaces/include/solution_interfaces/solution_interfaces/msg/rosidl_generator_c__visibility_control.h
[1.912s] -- Up-to-date: /home/mc2148/AURO/Submission/install/solution_interfaces/include/solution_interfaces/solution_interfaces/msg/example.h
[1.913s] -- Up-to-date: /home/mc2148/AURO/Submission/install/solution_interfaces/include/solution_interfaces/solution_interfaces/msg/detail
[1.913s] -- Up-to-date: /home/mc2148/AURO/Submission/install/solution_interfaces/include/solution_interfaces/solution_interfaces/msg/detail/robot_pub_position__functions.h
[1.913s] -- Up-to-date: /home/mc2148/AURO/Submission/install/solution_interfaces/include/solution_interfaces/solution_interfaces/msg/detail/example__struct.h
[1.915s] -- Up-to-date: /home/mc2148/AURO/Submission/install/solution_interfaces/include/solution_interfaces/solution_interfaces/msg/detail/example__functions.c
[1.915s] -- Up-to-date: /home/mc2148/AURO/Submission/install/solution_interfaces/include/solution_interfaces/solution_interfaces/msg/detail/string_with_pose__functions.c
[1.916s] -- Up-to-date: /home/mc2148/AURO/Submission/install/solution_interfaces/include/solution_interfaces/solution_interfaces/msg/detail/string_with_pose__type_support.h
[1.917s] -- Up-to-date: /home/mc2148/AURO/Submission/install/solution_interfaces/include/solution_interfaces/solution_interfaces/msg/detail/example__functions.h
[1.917s] -- Up-to-date: /home/mc2148/AURO/Submission/install/solution_interfaces/include/solution_interfaces/solution_interfaces/msg/detail/string_with_pose__functions.h
[1.918s] -- Up-to-date: /home/mc2148/AURO/Submission/install/solution_interfaces/include/solution_interfaces/solution_interfaces/msg/detail/example__type_support.h
[1.918s] -- Up-to-date: /home/mc2148/AURO/Submission/install/solution_interfaces/include/solution_interfaces/solution_interfaces/msg/detail/robot_pub_position__functions.c
[1.921s] -- Up-to-date: /home/mc2148/AURO/Submission/install/solution_interfaces/include/solution_interfaces/solution_interfaces/msg/detail/robot_pub_position__type_support.h
[1.923s] -- Up-to-date: /home/mc2148/AURO/Submission/install/solution_interfaces/include/solution_interfaces/solution_interfaces/msg/detail/robot_pub_position__struct.h
[1.923s] -- Up-to-date: /home/mc2148/AURO/Submission/install/solution_interfaces/include/solution_interfaces/solution_interfaces/msg/detail/string_with_pose__struct.h
[1.923s] -- Up-to-date: /home/mc2148/AURO/Submission/install/solution_interfaces/include/solution_interfaces/solution_interfaces/msg/robot_pub_position.h
[1.923s] -- Up-to-date: /home/mc2148/AURO/Submission/install/solution_interfaces/include/solution_interfaces/solution_interfaces/srv
[1.923s] -- Up-to-date: /home/mc2148/AURO/Submission/install/solution_interfaces/include/solution_interfaces/solution_interfaces/srv/detail
[1.923s] -- Up-to-date: /home/mc2148/AURO/Submission/install/solution_interfaces/include/solution_interfaces/solution_interfaces/srv/detail/item_assessment__type_support.h
[1.924s] -- Up-to-date: /home/mc2148/AURO/Submission/install/solution_interfaces/include/solution_interfaces/solution_interfaces/srv/detail/item_assessment__functions.c
[1.924s] -- Up-to-date: /home/mc2148/AURO/Submission/install/solution_interfaces/include/solution_interfaces/solution_interfaces/srv/detail/random_goal__struct.h
[1.926s] -- Up-to-date: /home/mc2148/AURO/Submission/install/solution_interfaces/include/solution_interfaces/solution_interfaces/srv/detail/random_goal__functions.h
[1.929s] -- Up-to-date: /home/mc2148/AURO/Submission/install/solution_interfaces/include/solution_interfaces/solution_interfaces/srv/detail/random_goal__type_support.h
[1.929s] -- Up-to-date: /home/mc2148/AURO/Submission/install/solution_interfaces/include/solution_interfaces/solution_interfaces/srv/detail/item_assessment__functions.h
[1.930s] -- Up-to-date: /home/mc2148/AURO/Submission/install/solution_interfaces/include/solution_interfaces/solution_interfaces/srv/detail/random_goal__functions.c
[1.930s] -- Up-to-date: /home/mc2148/AURO/Submission/install/solution_interfaces/include/solution_interfaces/solution_interfaces/srv/detail/item_assessment__struct.h
[1.930s] -- Up-to-date: /home/mc2148/AURO/Submission/install/solution_interfaces/include/solution_interfaces/solution_interfaces/srv/random_goal.h
[1.931s] -- Up-to-date: /home/mc2148/AURO/Submission/install/solution_interfaces/include/solution_interfaces/solution_interfaces/srv/item_assessment.h
[1.931s] -- Up-to-date: /home/mc2148/AURO/Submission/install/solution_interfaces/share/solution_interfaces/environment/library_path.sh
[1.932s] -- Up-to-date: /home/mc2148/AURO/Submission/install/solution_interfaces/share/solution_interfaces/environment/library_path.dsv
[1.932s] -- Up-to-date: /home/mc2148/AURO/Submission/install/solution_interfaces/lib/libsolution_interfaces__rosidl_generator_c.so
[1.932s] -- Up-to-date: /home/mc2148/AURO/Submission/install/solution_interfaces/include/solution_interfaces/solution_interfaces
[1.933s] -- Up-to-date: /home/mc2148/AURO/Submission/install/solution_interfaces/include/solution_interfaces/solution_interfaces/msg
[1.933s] -- Up-to-date: /home/mc2148/AURO/Submission/install/solution_interfaces/include/solution_interfaces/solution_interfaces/msg/detail
[1.933s] -- Up-to-date: /home/mc2148/AURO/Submission/install/solution_interfaces/include/solution_interfaces/solution_interfaces/msg/detail/string_with_pose__rosidl_typesupport_fastrtps_c.h
[1.933s] -- Up-to-date: /home/mc2148/AURO/Submission/install/solution_interfaces/include/solution_interfaces/solution_interfaces/msg/detail/robot_pub_position__rosidl_typesupport_fastrtps_c.h
[1.933s] -- Up-to-date: /home/mc2148/AURO/Submission/install/solution_interfaces/include/solution_interfaces/solution_interfaces/msg/detail/example__rosidl_typesupport_fastrtps_c.h
[1.933s] -- Up-to-date: /home/mc2148/AURO/Submission/install/solution_interfaces/include/solution_interfaces/solution_interfaces/msg/rosidl_typesupport_fastrtps_c__visibility_control.h
[1.933s] -- Up-to-date: /home/mc2148/AURO/Submission/install/solution_interfaces/include/solution_interfaces/solution_interfaces/srv
[1.934s] -- Up-to-date: /home/mc2148/AURO/Submission/install/solution_interfaces/include/solution_interfaces/solution_interfaces/srv/detail
[1.934s] -- Up-to-date: /home/mc2148/AURO/Submission/install/solution_interfaces/include/solution_interfaces/solution_interfaces/srv/detail/random_goal__rosidl_typesupport_fastrtps_c.h
[1.934s] -- Up-to-date: /home/mc2148/AURO/Submission/install/solution_interfaces/include/solution_interfaces/solution_interfaces/srv/detail/item_assessment__rosidl_typesupport_fastrtps_c.h
[1.934s] -- Up-to-date: /home/mc2148/AURO/Submission/install/solution_interfaces/lib/libsolution_interfaces__rosidl_typesupport_fastrtps_c.so
[1.935s] -- Up-to-date: /home/mc2148/AURO/Submission/install/solution_interfaces/include/solution_interfaces/solution_interfaces
[1.937s] -- Up-to-date: /home/mc2148/AURO/Submission/install/solution_interfaces/include/solution_interfaces/solution_interfaces/msg
[1.937s] -- Up-to-date: /home/mc2148/AURO/Submission/install/solution_interfaces/include/solution_interfaces/solution_interfaces/msg/example.hpp
[1.937s] -- Up-to-date: /home/mc2148/AURO/Submission/install/solution_interfaces/include/solution_interfaces/solution_interfaces/msg/detail
[1.938s] -- Up-to-date: /home/mc2148/AURO/Submission/install/solution_interfaces/include/solution_interfaces/solution_interfaces/msg/detail/example__builder.hpp
[1.938s] -- Up-to-date: /home/mc2148/AURO/Submission/install/solution_interfaces/include/solution_interfaces/solution_interfaces/msg/detail/robot_pub_position__traits.hpp
[1.938s] -- Up-to-date: /home/mc2148/AURO/Submission/install/solution_interfaces/include/solution_interfaces/solution_interfaces/msg/detail/string_with_pose__builder.hpp
[1.938s] -- Up-to-date: /home/mc2148/AURO/Submission/install/solution_interfaces/include/solution_interfaces/solution_interfaces/msg/detail/example__traits.hpp
[1.939s] -- Up-to-date: /home/mc2148/AURO/Submission/install/solution_interfaces/include/solution_interfaces/solution_interfaces/msg/detail/string_with_pose__struct.hpp
[1.939s] -- Up-to-date: /home/mc2148/AURO/Submission/install/solution_interfaces/include/solution_interfaces/solution_interfaces/msg/detail/example__struct.hpp
[1.939s] -- Up-to-date: /home/mc2148/AURO/Submission/install/solution_interfaces/include/solution_interfaces/solution_interfaces/msg/detail/robot_pub_position__struct.hpp
[1.939s] -- Up-to-date: /home/mc2148/AURO/Submission/install/solution_interfaces/include/solution_interfaces/solution_interfaces/msg/detail/string_with_pose__traits.hpp
[1.940s] -- Up-to-date: /home/mc2148/AURO/Submission/install/solution_interfaces/include/solution_interfaces/solution_interfaces/msg/detail/robot_pub_position__builder.hpp
[1.940s] -- Up-to-date: /home/mc2148/AURO/Submission/install/solution_interfaces/include/solution_interfaces/solution_interfaces/msg/string_with_pose.hpp
[1.941s] -- Up-to-date: /home/mc2148/AURO/Submission/install/solution_interfaces/include/solution_interfaces/solution_interfaces/msg/robot_pub_position.hpp
[1.941s] -- Up-to-date: /home/mc2148/AURO/Submission/install/solution_interfaces/include/solution_interfaces/solution_interfaces/srv
[1.942s] -- Up-to-date: /home/mc2148/AURO/Submission/install/solution_interfaces/include/solution_interfaces/solution_interfaces/srv/item_assessment.hpp
[1.942s] -- Up-to-date: /home/mc2148/AURO/Submission/install/solution_interfaces/include/solution_interfaces/solution_interfaces/srv/random_goal.hpp
[1.942s] -- Up-to-date: /home/mc2148/AURO/Submission/install/solution_interfaces/include/solution_interfaces/solution_interfaces/srv/detail
[1.942s] -- Up-to-date: /home/mc2148/AURO/Submission/install/solution_interfaces/include/solution_interfaces/solution_interfaces/srv/detail/random_goal__traits.hpp
[1.943s] -- Up-to-date: /home/mc2148/AURO/Submission/install/solution_interfaces/include/solution_interfaces/solution_interfaces/srv/detail/item_assessment__struct.hpp
[1.943s] -- Up-to-date: /home/mc2148/AURO/Submission/install/solution_interfaces/include/solution_interfaces/solution_interfaces/srv/detail/item_assessment__builder.hpp
[1.943s] -- Up-to-date: /home/mc2148/AURO/Submission/install/solution_interfaces/include/solution_interfaces/solution_interfaces/srv/detail/item_assessment__traits.hpp
[1.943s] -- Up-to-date: /home/mc2148/AURO/Submission/install/solution_interfaces/include/solution_interfaces/solution_interfaces/srv/detail/random_goal__builder.hpp
[1.944s] -- Up-to-date: /home/mc2148/AURO/Submission/install/solution_interfaces/include/solution_interfaces/solution_interfaces/srv/detail/random_goal__struct.hpp
[1.944s] -- Up-to-date: /home/mc2148/AURO/Submission/install/solution_interfaces/include/solution_interfaces/solution_interfaces
[1.944s] -- Up-to-date: /home/mc2148/AURO/Submission/install/solution_interfaces/include/solution_interfaces/solution_interfaces/msg
[1.944s] -- Up-to-date: /home/mc2148/AURO/Submission/install/solution_interfaces/include/solution_interfaces/solution_interfaces/msg/detail
[1.944s] -- Up-to-date: /home/mc2148/AURO/Submission/install/solution_interfaces/include/solution_interfaces/solution_interfaces/msg/detail/string_with_pose__rosidl_typesupport_fastrtps_cpp.hpp
[1.945s] -- Up-to-date: /home/mc2148/AURO/Submission/install/solution_interfaces/include/solution_interfaces/solution_interfaces/msg/detail/example__rosidl_typesupport_fastrtps_cpp.hpp
[1.945s] -- Up-to-date: /home/mc2148/AURO/Submission/install/solution_interfaces/include/solution_interfaces/solution_interfaces/msg/detail/robot_pub_position__rosidl_typesupport_fastrtps_cpp.hpp
[1.948s] -- Up-to-date: /home/mc2148/AURO/Submission/install/solution_interfaces/include/solution_interfaces/solution_interfaces/msg/detail/dds_fastrtps
[1.949s] -- Up-to-date: /home/mc2148/AURO/Submission/install/solution_interfaces/include/solution_interfaces/solution_interfaces/msg/rosidl_typesupport_fastrtps_cpp__visibility_control.h
[1.949s] -- Up-to-date: /home/mc2148/AURO/Submission/install/solution_interfaces/include/solution_interfaces/solution_interfaces/srv
[1.949s] -- Up-to-date: /home/mc2148/AURO/Submission/install/solution_interfaces/include/solution_interfaces/solution_interfaces/srv/detail
[1.950s] -- Up-to-date: /home/mc2148/AURO/Submission/install/solution_interfaces/include/solution_interfaces/solution_interfaces/srv/detail/item_assessment__rosidl_typesupport_fastrtps_cpp.hpp
[1.950s] -- Up-to-date: /home/mc2148/AURO/Submission/install/solution_interfaces/include/solution_interfaces/solution_interfaces/srv/detail/dds_fastrtps
[1.950s] -- Up-to-date: /home/mc2148/AURO/Submission/install/solution_interfaces/include/solution_interfaces/solution_interfaces/srv/detail/random_goal__rosidl_typesupport_fastrtps_cpp.hpp
[1.950s] -- Up-to-date: /home/mc2148/AURO/Submission/install/solution_interfaces/lib/libsolution_interfaces__rosidl_typesupport_fastrtps_cpp.so
[1.951s] -- Up-to-date: /home/mc2148/AURO/Submission/install/solution_interfaces/include/solution_interfaces/solution_interfaces
[1.951s] -- Up-to-date: /home/mc2148/AURO/Submission/install/solution_interfaces/include/solution_interfaces/solution_interfaces/msg
[1.951s] -- Up-to-date: /home/mc2148/AURO/Submission/install/solution_interfaces/include/solution_interfaces/solution_interfaces/msg/rosidl_typesupport_introspection_c__visibility_control.h
[1.952s] -- Up-to-date: /home/mc2148/AURO/Submission/install/solution_interfaces/include/solution_interfaces/solution_interfaces/msg/detail
[1.952s] -- Up-to-date: /home/mc2148/AURO/Submission/install/solution_interfaces/include/solution_interfaces/solution_interfaces/msg/detail/robot_pub_position__type_support.c
[1.952s] -- Up-to-date: /home/mc2148/AURO/Submission/install/solution_interfaces/include/solution_interfaces/solution_interfaces/msg/detail/string_with_pose__rosidl_typesupport_introspection_c.h
[1.952s] -- Up-to-date: /home/mc2148/AURO/Submission/install/solution_interfaces/include/solution_interfaces/solution_interfaces/msg/detail/robot_pub_position__rosidl_typesupport_introspection_c.h
[1.952s] -- Up-to-date: /home/mc2148/AURO/Submission/install/solution_interfaces/include/solution_interfaces/solution_interfaces/msg/detail/example__rosidl_typesupport_introspection_c.h
[1.952s] -- Up-to-date: /home/mc2148/AURO/Submission/install/solution_interfaces/include/solution_interfaces/solution_interfaces/msg/detail/example__type_support.c
[1.952s] -- Up-to-date: /home/mc2148/AURO/Submission/install/solution_interfaces/include/solution_interfaces/solution_interfaces/msg/detail/string_with_pose__type_support.c
[1.952s] -- Up-to-date: /home/mc2148/AURO/Submission/install/solution_interfaces/include/solution_interfaces/solution_interfaces/srv
[1.952s] -- Up-to-date: /home/mc2148/AURO/Submission/install/solution_interfaces/include/solution_interfaces/solution_interfaces/srv/detail
[1.952s] -- Up-to-date: /home/mc2148/AURO/Submission/install/solution_interfaces/include/solution_interfaces/solution_interfaces/srv/detail/item_assessment__rosidl_typesupport_introspection_c.h
[1.952s] -- Up-to-date: /home/mc2148/AURO/Submission/install/solution_interfaces/include/solution_interfaces/solution_interfaces/srv/detail/item_assessment__type_support.c
[1.953s] -- Up-to-date: /home/mc2148/AURO/Submission/install/solution_interfaces/include/solution_interfaces/solution_interfaces/srv/detail/random_goal__type_support.c
[1.953s] -- Up-to-date: /home/mc2148/AURO/Submission/install/solution_interfaces/include/solution_interfaces/solution_interfaces/srv/detail/random_goal__rosidl_typesupport_introspection_c.h
[1.953s] -- Up-to-date: /home/mc2148/AURO/Submission/install/solution_interfaces/lib/libsolution_interfaces__rosidl_typesupport_introspection_c.so
[1.953s] -- Up-to-date: /home/mc2148/AURO/Submission/install/solution_interfaces/lib/libsolution_interfaces__rosidl_typesupport_c.so
[1.954s] -- Up-to-date: /home/mc2148/AURO/Submission/install/solution_interfaces/include/solution_interfaces/solution_interfaces
[1.954s] -- Up-to-date: /home/mc2148/AURO/Submission/install/solution_interfaces/include/solution_interfaces/solution_interfaces/msg
[1.954s] -- Up-to-date: /home/mc2148/AURO/Submission/install/solution_interfaces/include/solution_interfaces/solution_interfaces/msg/detail
[1.955s] -- Up-to-date: /home/mc2148/AURO/Submission/install/solution_interfaces/include/solution_interfaces/solution_interfaces/msg/detail/robot_pub_position__type_support.cpp
[1.955s] -- Up-to-date: /home/mc2148/AURO/Submission/install/solution_interfaces/include/solution_interfaces/solution_interfaces/msg/detail/example__type_support.cpp
[1.955s] -- Up-to-date: /home/mc2148/AURO/Submission/install/solution_interfaces/include/solution_interfaces/solution_interfaces/msg/detail/string_with_pose__type_support.cpp
[1.955s] -- Up-to-date: /home/mc2148/AURO/Submission/install/solution_interfaces/include/solution_interfaces/solution_interfaces/msg/detail/example__rosidl_typesupport_introspection_cpp.hpp
[1.955s] -- Up-to-date: /home/mc2148/AURO/Submission/install/solution_interfaces/include/solution_interfaces/solution_interfaces/msg/detail/string_with_pose__rosidl_typesupport_introspection_cpp.hpp
[1.956s] -- Up-to-date: /home/mc2148/AURO/Submission/install/solution_interfaces/include/solution_interfaces/solution_interfaces/msg/detail/robot_pub_position__rosidl_typesupport_introspection_cpp.hpp
[1.956s] -- Up-to-date: /home/mc2148/AURO/Submission/install/solution_interfaces/include/solution_interfaces/solution_interfaces/srv
[1.956s] -- Up-to-date: /home/mc2148/AURO/Submission/install/solution_interfaces/include/solution_interfaces/solution_interfaces/srv/detail
[1.957s] -- Up-to-date: /home/mc2148/AURO/Submission/install/solution_interfaces/include/solution_interfaces/solution_interfaces/srv/detail/item_assessment__type_support.cpp
[1.957s] -- Up-to-date: /home/mc2148/AURO/Submission/install/solution_interfaces/include/solution_interfaces/solution_interfaces/srv/detail/item_assessment__rosidl_typesupport_introspection_cpp.hpp
[1.957s] -- Up-to-date: /home/mc2148/AURO/Submission/install/solution_interfaces/include/solution_interfaces/solution_interfaces/srv/detail/random_goal__rosidl_typesupport_introspection_cpp.hpp
[1.957s] -- Up-to-date: /home/mc2148/AURO/Submission/install/solution_interfaces/include/solution_interfaces/solution_interfaces/srv/detail/random_goal__type_support.cpp
[1.958s] -- Up-to-date: /home/mc2148/AURO/Submission/install/solution_interfaces/lib/libsolution_interfaces__rosidl_typesupport_introspection_cpp.so
[1.958s] -- Up-to-date: /home/mc2148/AURO/Submission/install/solution_interfaces/lib/libsolution_interfaces__rosidl_typesupport_cpp.so
[1.958s] -- Up-to-date: /home/mc2148/AURO/Submission/install/solution_interfaces/share/solution_interfaces/environment/pythonpath.sh
[1.958s] -- Up-to-date: /home/mc2148/AURO/Submission/install/solution_interfaces/share/solution_interfaces/environment/pythonpath.dsv
[1.959s] -- Up-to-date: /home/mc2148/AURO/Submission/install/solution_interfaces/local/lib/python3.10/dist-packages/solution_interfaces-0.0.0-py3.10.egg-info
[1.959s] -- Installing: /home/mc2148/AURO/Submission/install/solution_interfaces/local/lib/python3.10/dist-packages/solution_interfaces-0.0.0-py3.10.egg-info/dependency_links.txt
[1.959s] -- Installing: /home/mc2148/AURO/Submission/install/solution_interfaces/local/lib/python3.10/dist-packages/solution_interfaces-0.0.0-py3.10.egg-info/SOURCES.txt
[1.959s] -- Installing: /home/mc2148/AURO/Submission/install/solution_interfaces/local/lib/python3.10/dist-packages/solution_interfaces-0.0.0-py3.10.egg-info/PKG-INFO
[1.959s] -- Installing: /home/mc2148/AURO/Submission/install/solution_interfaces/local/lib/python3.10/dist-packages/solution_interfaces-0.0.0-py3.10.egg-info/top_level.txt
[1.960s] -- Up-to-date: /home/mc2148/AURO/Submission/install/solution_interfaces/local/lib/python3.10/dist-packages/solution_interfaces
[1.961s] -- Up-to-date: /home/mc2148/AURO/Submission/install/solution_interfaces/local/lib/python3.10/dist-packages/solution_interfaces/solution_interfaces_s__rosidl_typesupport_fastrtps_c.cpython-310-x86_64-linux-gnu.so
[1.961s] -- Up-to-date: /home/mc2148/AURO/Submission/install/solution_interfaces/local/lib/python3.10/dist-packages/solution_interfaces/_solution_interfaces_s.ep.rosidl_typesupport_c.c
[1.961s] -- Up-to-date: /home/mc2148/AURO/Submission/install/solution_interfaces/local/lib/python3.10/dist-packages/solution_interfaces/_solution_interfaces_s.ep.rosidl_typesupport_fastrtps_c.c
[1.961s] -- Up-to-date: /home/mc2148/AURO/Submission/install/solution_interfaces/local/lib/python3.10/dist-packages/solution_interfaces/solution_interfaces_s__rosidl_typesupport_introspection_c.cpython-310-x86_64-linux-gnu.so
[1.961s] -- Up-to-date: /home/mc2148/AURO/Submission/install/solution_interfaces/local/lib/python3.10/dist-packages/solution_interfaces/msg
[1.961s] -- Up-to-date: /home/mc2148/AURO/Submission/install/solution_interfaces/local/lib/python3.10/dist-packages/solution_interfaces/msg/_example.py
[1.962s] -- Up-to-date: /home/mc2148/AURO/Submission/install/solution_interfaces/local/lib/python3.10/dist-packages/solution_interfaces/msg/_example_s.c
[1.962s] -- Up-to-date: /home/mc2148/AURO/Submission/install/solution_interfaces/local/lib/python3.10/dist-packages/solution_interfaces/msg/_robot_pub_position.py
[1.962s] -- Up-to-date: /home/mc2148/AURO/Submission/install/solution_interfaces/local/lib/python3.10/dist-packages/solution_interfaces/msg/_string_with_pose.py
[1.962s] -- Up-to-date: /home/mc2148/AURO/Submission/install/solution_interfaces/local/lib/python3.10/dist-packages/solution_interfaces/msg/__init__.py
[1.962s] -- Up-to-date: /home/mc2148/AURO/Submission/install/solution_interfaces/local/lib/python3.10/dist-packages/solution_interfaces/msg/_robot_pub_position_s.c
[1.963s] -- Up-to-date: /home/mc2148/AURO/Submission/install/solution_interfaces/local/lib/python3.10/dist-packages/solution_interfaces/msg/_string_with_pose_s.c
[1.964s] -- Up-to-date: /home/mc2148/AURO/Submission/install/solution_interfaces/local/lib/python3.10/dist-packages/solution_interfaces/libsolution_interfaces__rosidl_generator_py.so
[1.964s] -- Up-to-date: /home/mc2148/AURO/Submission/install/solution_interfaces/local/lib/python3.10/dist-packages/solution_interfaces/_solution_interfaces_s.ep.rosidl_typesupport_introspection_c.c
[1.964s] -- Up-to-date: /home/mc2148/AURO/Submission/install/solution_interfaces/local/lib/python3.10/dist-packages/solution_interfaces/solution_interfaces_s__rosidl_typesupport_c.cpython-310-x86_64-linux-gnu.so
[1.965s] -- Up-to-date: /home/mc2148/AURO/Submission/install/solution_interfaces/local/lib/python3.10/dist-packages/solution_interfaces/__init__.py
[1.965s] -- Up-to-date: /home/mc2148/AURO/Submission/install/solution_interfaces/local/lib/python3.10/dist-packages/solution_interfaces/srv
[1.965s] -- Up-to-date: /home/mc2148/AURO/Submission/install/solution_interfaces/local/lib/python3.10/dist-packages/solution_interfaces/srv/_random_goal_s.c
[1.965s] -- Up-to-date: /home/mc2148/AURO/Submission/install/solution_interfaces/local/lib/python3.10/dist-packages/solution_interfaces/srv/_random_goal.py
[1.966s] -- Up-to-date: /home/mc2148/AURO/Submission/install/solution_interfaces/local/lib/python3.10/dist-packages/solution_interfaces/srv/_item_assessment_s.c
[1.966s] -- Up-to-date: /home/mc2148/AURO/Submission/install/solution_interfaces/local/lib/python3.10/dist-packages/solution_interfaces/srv/__init__.py
[1.968s] -- Up-to-date: /home/mc2148/AURO/Submission/install/solution_interfaces/local/lib/python3.10/dist-packages/solution_interfaces/srv/_item_assessment.py
[1.970s] Listing '/home/mc2148/AURO/Submission/install/solution_interfaces/local/lib/python3.10/dist-packages/solution_interfaces'...
[1.971s] Listing '/home/mc2148/AURO/Submission/install/solution_interfaces/local/lib/python3.10/dist-packages/solution_interfaces/msg'...
[1.972s] Listing '/home/mc2148/AURO/Submission/install/solution_interfaces/local/lib/python3.10/dist-packages/solution_interfaces/srv'...
[1.972s] -- Up-to-date: /home/mc2148/AURO/Submission/install/solution_interfaces/local/lib/python3.10/dist-packages/solution_interfaces/solution_interfaces_s__rosidl_typesupport_fastrtps_c.cpython-310-x86_64-linux-gnu.so
[1.973s] -- Up-to-date: /home/mc2148/AURO/Submission/install/solution_interfaces/local/lib/python3.10/dist-packages/solution_interfaces/solution_interfaces_s__rosidl_typesupport_introspection_c.cpython-310-x86_64-linux-gnu.so
[1.973s] -- Up-to-date: /home/mc2148/AURO/Submission/install/solution_interfaces/local/lib/python3.10/dist-packages/solution_interfaces/solution_interfaces_s__rosidl_typesupport_c.cpython-310-x86_64-linux-gnu.so
[1.973s] -- Up-to-date: /home/mc2148/AURO/Submission/install/solution_interfaces/lib/libsolution_interfaces__rosidl_generator_py.so
[1.974s] -- Up-to-date: /home/mc2148/AURO/Submission/install/solution_interfaces/share/solution_interfaces/msg/Example.idl
[1.974s] -- Up-to-date: /home/mc2148/AURO/Submission/install/solution_interfaces/share/solution_interfaces/msg/RobotPubPosition.idl
[1.974s] -- Up-to-date: /home/mc2148/AURO/Submission/install/solution_interfaces/share/solution_interfaces/msg/StringWithPose.idl
[1.975s] -- Up-to-date: /home/mc2148/AURO/Submission/install/solution_interfaces/share/solution_interfaces/srv/RandomGoal.idl
[1.975s] -- Up-to-date: /home/mc2148/AURO/Submission/install/solution_interfaces/share/solution_interfaces/srv/ItemAssessment.idl
[1.975s] -- Up-to-date: /home/mc2148/AURO/Submission/install/solution_interfaces/share/solution_interfaces/msg/Example.msg
[1.975s] -- Up-to-date: /home/mc2148/AURO/Submission/install/solution_interfaces/share/solution_interfaces/msg/RobotPubPosition.msg
[1.976s] -- Up-to-date: /home/mc2148/AURO/Submission/install/solution_interfaces/share/solution_interfaces/msg/StringWithPose.msg
[1.976s] -- Up-to-date: /home/mc2148/AURO/Submission/install/solution_interfaces/share/solution_interfaces/srv/RandomGoal.srv
[1.976s] -- Up-to-date: /home/mc2148/AURO/Submission/install/solution_interfaces/share/solution_interfaces/srv/RandomGoal_Request.msg
[1.977s] -- Up-to-date: /home/mc2148/AURO/Submission/install/solution_interfaces/share/solution_interfaces/srv/RandomGoal_Response.msg
[1.977s] -- Up-to-date: /home/mc2148/AURO/Submission/install/solution_interfaces/share/solution_interfaces/srv/ItemAssessment.srv
[1.978s] -- Up-to-date: /home/mc2148/AURO/Submission/install/solution_interfaces/share/solution_interfaces/srv/ItemAssessment_Request.msg
[1.978s] -- Up-to-date: /home/mc2148/AURO/Submission/install/solution_interfaces/share/solution_interfaces/srv/ItemAssessment_Response.msg
[1.978s] -- Up-to-date: /home/mc2148/AURO/Submission/install/solution_interfaces/share/ament_index/resource_index/package_run_dependencies/solution_interfaces
[1.979s] -- Up-to-date: /home/mc2148/AURO/Submission/install/solution_interfaces/share/ament_index/resource_index/parent_prefix_path/solution_interfaces
[1.979s] -- Up-to-date: /home/mc2148/AURO/Submission/install/solution_interfaces/share/solution_interfaces/environment/ament_prefix_path.sh
[1.982s] -- Up-to-date: /home/mc2148/AURO/Submission/install/solution_interfaces/share/solution_interfaces/environment/ament_prefix_path.dsv
[1.982s] -- Up-to-date: /home/mc2148/AURO/Submission/install/solution_interfaces/share/solution_interfaces/environment/path.sh
[1.983s] -- Up-to-date: /home/mc2148/AURO/Submission/install/solution_interfaces/share/solution_interfaces/environment/path.dsv
[1.983s] -- Up-to-date: /home/mc2148/AURO/Submission/install/solution_interfaces/share/solution_interfaces/local_setup.bash
[1.986s] -- Up-to-date: /home/mc2148/AURO/Submission/install/solution_interfaces/share/solution_interfaces/local_setup.sh
[1.986s] -- Up-to-date: /home/mc2148/AURO/Submission/install/solution_interfaces/share/solution_interfaces/local_setup.zsh
[1.987s] -- Up-to-date: /home/mc2148/AURO/Submission/install/solution_interfaces/share/solution_interfaces/local_setup.dsv
[1.987s] -- Installing: /home/mc2148/AURO/Submission/install/solution_interfaces/share/solution_interfaces/package.dsv
[1.990s] -- Up-to-date: /home/mc2148/AURO/Submission/install/solution_interfaces/share/ament_index/resource_index/packages/solution_interfaces
[1.990s] -- Up-to-date: /home/mc2148/AURO/Submission/install/solution_interfaces/share/solution_interfaces/cmake/export_solution_interfaces__rosidl_generator_cExport.cmake
[1.990s] -- Up-to-date: /home/mc2148/AURO/Submission/install/solution_interfaces/share/solution_interfaces/cmake/export_solution_interfaces__rosidl_generator_cExport-noconfig.cmake
[1.995s] -- Up-to-date: /home/mc2148/AURO/Submission/install/solution_interfaces/share/solution_interfaces/cmake/export_solution_interfaces__rosidl_typesupport_fastrtps_cExport.cmake
[1.995s] -- Up-to-date: /home/mc2148/AURO/Submission/install/solution_interfaces/share/solution_interfaces/cmake/export_solution_interfaces__rosidl_typesupport_fastrtps_cExport-noconfig.cmake
[1.996s] -- Up-to-date: /home/mc2148/AURO/Submission/install/solution_interfaces/share/solution_interfaces/cmake/export_solution_interfaces__rosidl_generator_cppExport.cmake
[1.996s] -- Up-to-date: /home/mc2148/AURO/Submission/install/solution_interfaces/share/solution_interfaces/cmake/export_solution_interfaces__rosidl_typesupport_fastrtps_cppExport.cmake
[1.996s] -- Up-to-date: /home/mc2148/AURO/Submission/install/solution_interfaces/share/solution_interfaces/cmake/export_solution_interfaces__rosidl_typesupport_fastrtps_cppExport-noconfig.cmake
[1.996s] -- Up-to-date: /home/mc2148/AURO/Submission/install/solution_interfaces/share/solution_interfaces/cmake/solution_interfaces__rosidl_typesupport_introspection_cExport.cmake
[1.997s] -- Up-to-date: /home/mc2148/AURO/Submission/install/solution_interfaces/share/solution_interfaces/cmake/solution_interfaces__rosidl_typesupport_introspection_cExport-noconfig.cmake
[1.998s] -- Up-to-date: /home/mc2148/AURO/Submission/install/solution_interfaces/share/solution_interfaces/cmake/solution_interfaces__rosidl_typesupport_cExport.cmake
[1.998s] -- Up-to-date: /home/mc2148/AURO/Submission/install/solution_interfaces/share/solution_interfaces/cmake/solution_interfaces__rosidl_typesupport_cExport-noconfig.cmake
[1.998s] -- Up-to-date: /home/mc2148/AURO/Submission/install/solution_interfaces/share/solution_interfaces/cmake/solution_interfaces__rosidl_typesupport_introspection_cppExport.cmake
[1.998s] -- Up-to-date: /home/mc2148/AURO/Submission/install/solution_interfaces/share/solution_interfaces/cmake/solution_interfaces__rosidl_typesupport_introspection_cppExport-noconfig.cmake
[1.999s] -- Up-to-date: /home/mc2148/AURO/Submission/install/solution_interfaces/share/solution_interfaces/cmake/solution_interfaces__rosidl_typesupport_cppExport.cmake
[2.002s] -- Up-to-date: /home/mc2148/AURO/Submission/install/solution_interfaces/share/solution_interfaces/cmake/solution_interfaces__rosidl_typesupport_cppExport-noconfig.cmake
[2.002s] -- Up-to-date: /home/mc2148/AURO/Submission/install/solution_interfaces/share/solution_interfaces/cmake/export_solution_interfaces__rosidl_generator_pyExport.cmake
[2.006s] -- Up-to-date: /home/mc2148/AURO/Submission/install/solution_interfaces/share/solution_interfaces/cmake/export_solution_interfaces__rosidl_generator_pyExport-noconfig.cmake
[2.007s] -- Up-to-date: /home/mc2148/AURO/Submission/install/solution_interfaces/share/solution_interfaces/cmake/rosidl_cmake-extras.cmake
[2.007s] -- Up-to-date: /home/mc2148/AURO/Submission/install/solution_interfaces/share/solution_interfaces/cmake/ament_cmake_export_dependencies-extras.cmake
[2.007s] -- Up-to-date: /home/mc2148/AURO/Submission/install/solution_interfaces/share/solution_interfaces/cmake/ament_cmake_export_include_directories-extras.cmake
[2.007s] -- Up-to-date: /home/mc2148/AURO/Submission/install/solution_interfaces/share/solution_interfaces/cmake/ament_cmake_export_libraries-extras.cmake
[2.007s] -- Up-to-date: /home/mc2148/AURO/Submission/install/solution_interfaces/share/solution_interfaces/cmake/ament_cmake_export_targets-extras.cmake
[2.007s] -- Up-to-date: /home/mc2148/AURO/Submission/install/solution_interfaces/share/solution_interfaces/cmake/rosidl_cmake_export_typesupport_targets-extras.cmake
[2.007s] -- Up-to-date: /home/mc2148/AURO/Submission/install/solution_interfaces/share/solution_interfaces/cmake/rosidl_cmake_export_typesupport_libraries-extras.cmake
[2.007s] -- Up-to-date: /home/mc2148/AURO/Submission/install/solution_interfaces/share/solution_interfaces/cmake/solution_interfacesConfig.cmake
[2.010s] -- Up-to-date: /home/mc2148/AURO/Submission/install/solution_interfaces/share/solution_interfaces/cmake/solution_interfacesConfig-version.cmake
[2.010s] -- Up-to-date: /home/mc2148/AURO/Submission/install/solution_interfaces/share/solution_interfaces/package.xml
[2.107s] Invoked command in '/home/mc2148/AURO/Submission/build/solution_interfaces' returned '0': CMAKE_PREFIX_PATH=${CMAKE_PREFIX_PATH}:/home/mc2148/AURO/Submission/install/tf_transformations:/home/mc2148/AURO/Submission/install/solution:/home/mc2148/auro-practicals/install/week_8:/home/mc2148/auro-practicals/install/week_7:/home/mc2148/auro-practicals/install/week_6:/home/mc2148/auro-practicals/install/week_5:/home/mc2148/auro-practicals/install/week_4:/home/mc2148/auro-practicals/install/week_3:/home/mc2148/auro-practicals/install/week_2:/home/mc2148/auro-practicals/install/week_1:/home/mc2148/auro-practicals/install/tf_relay:/home/mc2148/auro-practicals/install/assessment:/home/mc2148/turtlebot3_ws/install/turtlebot3_teleop:/home/mc2148/turtlebot3_ws/install/turtlebot3_example:/opt/ros/humble /usr/bin/cmake --install /home/mc2148/AURO/Submission/build/solution_interfaces
