[1.381s] Invoking command in '/home/mc2148/AURO/Submission/src/tf_transformations': PYTHONPATH=/home/mc2148/AURO/Submission/build/tf_transformations/prefix_override:/home/mc2148/AURO/Submission/install/tf_transformations/lib/python3.10/site-packages:${PYTHONPATH} /usr/bin/python3 setup.py egg_info --egg-base ../../build/tf_transformations build --build-base /home/mc2148/AURO/Submission/build/tf_transformations/build install --record /home/mc2148/AURO/Submission/build/tf_transformations/install.log --single-version-externally-managed
[1.687s] running egg_info
[1.687s] writing ../../build/tf_transformations/tf_transformations.egg-info/PKG-INFO
[1.687s] writing dependency_links to ../../build/tf_transformations/tf_transformations.egg-info/dependency_links.txt
[1.687s] writing requirements to ../../build/tf_transformations/tf_transformations.egg-info/requires.txt
[1.687s] writing top-level names to ../../build/tf_transformations/tf_transformations.egg-info/top_level.txt
[1.689s] reading manifest file '../../build/tf_transformations/tf_transformations.egg-info/SOURCES.txt'
[1.689s] adding license file 'LICENSE'
[1.689s] writing manifest file '../../build/tf_transformations/tf_transformations.egg-info/SOURCES.txt'
[1.690s] running build
[1.690s] running build_py
[1.690s] running install
[1.690s] running install_lib
[1.695s] running install_data
[1.695s] running install_egg_info
[1.696s] removing '/home/mc2148/AURO/Submission/install/tf_transformations/lib/python3.10/site-packages/tf_transformations-1.0.2-py3.10.egg-info' (and everything under it)
[1.696s] Copying ../../build/tf_transformations/tf_transformations.egg-info to /home/mc2148/AURO/Submission/install/tf_transformations/lib/python3.10/site-packages/tf_transformations-1.0.2-py3.10.egg-info
[1.696s] running install_scripts
[1.720s] writing list of installed files to '/home/mc2148/AURO/Submission/build/tf_transformations/install.log'
[1.758s] Invoked command in '/home/mc2148/AURO/Submission/src/tf_transformations' returned '0': PYTHONPATH=/home/mc2148/AURO/Submission/build/tf_transformations/prefix_override:/home/mc2148/AURO/Submission/install/tf_transformations/lib/python3.10/site-packages:${PYTHONPATH} /usr/bin/python3 setup.py egg_info --egg-base ../../build/tf_transformations build --build-base /home/mc2148/AURO/Submission/build/tf_transformations/build install --record /home/mc2148/AURO/Submission/build/tf_transformations/install.log --single-version-externally-managed
