[1.466s] Invoking command in '/home/mc2148/AURO/GIT-SUBMISSION/AURO/Submission/build/assessment_interfaces': CMAKE_PREFIX_PATH=${CMAKE_PREFIX_PATH}:/home/mc2148/turtlebot3_ws/install/turtlebot3_teleop:/home/mc2148/turtlebot3_ws/install/turtlebot3_example:/home/mc2148/AURO/GIT-SUBMISSION/AURO/Submission/install/tf_relay:/home/mc2148/AURO/GIT-SUBMISSION/AURO/Submission/install/solution:/home/mc2148/AURO/GIT-SUBMISSION/AURO/Submission/install/assessment:/opt/ros/humble /usr/bin/cmake --build /home/mc2148/AURO/GIT-SUBMISSION/AURO/Submission/build/assessment_interfaces -- -j4 -l4
[2.678s] [  1%] Built target assessment_interfaces__cpp
[2.678s] [ 12%] Built target assessment_interfaces__rosidl_generator_c
[2.679s] [ 12%] Built target ament_cmake_python_copy_assessment_interfaces
[2.679s] [ 24%] Built target assessment_interfaces__rosidl_typesupport_cpp
[2.679s] [ 35%] Built target assessment_interfaces__rosidl_typesupport_introspection_cpp
[2.679s] [ 47%] Built target assessment_interfaces__rosidl_typesupport_fastrtps_cpp
[2.679s] [ 58%] Built target assessment_interfaces__rosidl_typesupport_fastrtps_c
[2.679s] [ 70%] Built target assessment_interfaces__rosidl_typesupport_c
[2.680s] [ 81%] Built target assessment_interfaces__rosidl_typesupport_introspection_c
[2.680s] [ 81%] Built target assessment_interfaces
[2.680s] [ 82%] Built target assessment_interfaces__py
[2.680s] [ 93%] Built target assessment_interfaces__rosidl_generator_py
[2.681s] [ 95%] Built target assessment_interfaces__rosidl_typesupport_fastrtps_c__pyext
[2.681s] [ 97%] Built target assessment_interfaces__rosidl_typesupport_introspection_c__pyext
[2.681s] [100%] Built target assessment_interfaces__rosidl_typesupport_c__pyext
[2.681s] running egg_info
[2.682s] writing assessment_interfaces.egg-info/PKG-INFO
[2.682s] writing dependency_links to assessment_interfaces.egg-info/dependency_links.txt
[2.682s] writing top-level names to assessment_interfaces.egg-info/top_level.txt
[2.682s] reading manifest file 'assessment_interfaces.egg-info/SOURCES.txt'
[2.682s] writing manifest file 'assessment_interfaces.egg-info/SOURCES.txt'
[2.754s] [100%] Built target ament_cmake_python_build_assessment_interfaces_egg
[2.792s] Invoked command in '/home/mc2148/AURO/GIT-SUBMISSION/AURO/Submission/build/assessment_interfaces' returned '0': CMAKE_PREFIX_PATH=${CMAKE_PREFIX_PATH}:/home/mc2148/turtlebot3_ws/install/turtlebot3_teleop:/home/mc2148/turtlebot3_ws/install/turtlebot3_example:/home/mc2148/AURO/GIT-SUBMISSION/AURO/Submission/install/tf_relay:/home/mc2148/AURO/GIT-SUBMISSION/AURO/Submission/install/solution:/home/mc2148/AURO/GIT-SUBMISSION/AURO/Submission/install/assessment:/opt/ros/humble /usr/bin/cmake --build /home/mc2148/AURO/GIT-SUBMISSION/AURO/Submission/build/assessment_interfaces -- -j4 -l4
[3.596s] Invoking command in '/home/mc2148/AURO/GIT-SUBMISSION/AURO/Submission/build/assessment_interfaces': CMAKE_PREFIX_PATH=${CMAKE_PREFIX_PATH}:/home/mc2148/turtlebot3_ws/install/turtlebot3_teleop:/home/mc2148/turtlebot3_ws/install/turtlebot3_example:/home/mc2148/AURO/GIT-SUBMISSION/AURO/Submission/install/tf_relay:/home/mc2148/AURO/GIT-SUBMISSION/AURO/Submission/install/solution:/home/mc2148/AURO/GIT-SUBMISSION/AURO/Submission/install/assessment:/opt/ros/humble /usr/bin/cmake --install /home/mc2148/AURO/GIT-SUBMISSION/AURO/Submission/build/assessment_interfaces
[3.631s] -- Install configuration: ""
[3.632s] -- Up-to-date: /home/mc2148/AURO/GIT-SUBMISSION/AURO/Submission/install/assessment_interfaces/share/ament_index/resource_index/rosidl_interfaces/assessment_interfaces
[3.632s] -- Up-to-date: /home/mc2148/AURO/GIT-SUBMISSION/AURO/Submission/install/assessment_interfaces/include/assessment_interfaces/assessment_interfaces
[3.633s] -- Up-to-date: /home/mc2148/AURO/GIT-SUBMISSION/AURO/Submission/install/assessment_interfaces/include/assessment_interfaces/assessment_interfaces/msg
[3.633s] -- Up-to-date: /home/mc2148/AURO/GIT-SUBMISSION/AURO/Submission/install/assessment_interfaces/include/assessment_interfaces/assessment_interfaces/msg/rosidl_generator_c__visibility_control.h
[3.633s] -- Up-to-date: /home/mc2148/AURO/GIT-SUBMISSION/AURO/Submission/install/assessment_interfaces/include/assessment_interfaces/assessment_interfaces/msg/item.h
[3.634s] -- Up-to-date: /home/mc2148/AURO/GIT-SUBMISSION/AURO/Submission/install/assessment_interfaces/include/assessment_interfaces/assessment_interfaces/msg/robot_list.h
[3.635s] -- Up-to-date: /home/mc2148/AURO/GIT-SUBMISSION/AURO/Submission/install/assessment_interfaces/include/assessment_interfaces/assessment_interfaces/msg/robot.h
[3.635s] -- Up-to-date: /home/mc2148/AURO/GIT-SUBMISSION/AURO/Submission/install/assessment_interfaces/include/assessment_interfaces/assessment_interfaces/msg/item_log.h
[3.635s] -- Up-to-date: /home/mc2148/AURO/GIT-SUBMISSION/AURO/Submission/install/assessment_interfaces/include/assessment_interfaces/assessment_interfaces/msg/item_holder.h
[3.635s] -- Up-to-date: /home/mc2148/AURO/GIT-SUBMISSION/AURO/Submission/install/assessment_interfaces/include/assessment_interfaces/assessment_interfaces/msg/detail
[3.636s] -- Up-to-date: /home/mc2148/AURO/GIT-SUBMISSION/AURO/Submission/install/assessment_interfaces/include/assessment_interfaces/assessment_interfaces/msg/detail/item_list__functions.c
[3.636s] -- Up-to-date: /home/mc2148/AURO/GIT-SUBMISSION/AURO/Submission/install/assessment_interfaces/include/assessment_interfaces/assessment_interfaces/msg/detail/home_zone__struct.h
[3.637s] -- Up-to-date: /home/mc2148/AURO/GIT-SUBMISSION/AURO/Submission/install/assessment_interfaces/include/assessment_interfaces/assessment_interfaces/msg/detail/item_holders__struct.h
[3.638s] -- Up-to-date: /home/mc2148/AURO/GIT-SUBMISSION/AURO/Submission/install/assessment_interfaces/include/assessment_interfaces/assessment_interfaces/msg/detail/robot_list__struct.h
[3.638s] -- Up-to-date: /home/mc2148/AURO/GIT-SUBMISSION/AURO/Submission/install/assessment_interfaces/include/assessment_interfaces/assessment_interfaces/msg/detail/item__type_support.h
[3.638s] -- Up-to-date: /home/mc2148/AURO/GIT-SUBMISSION/AURO/Submission/install/assessment_interfaces/include/assessment_interfaces/assessment_interfaces/msg/detail/item__functions.c
[3.639s] -- Up-to-date: /home/mc2148/AURO/GIT-SUBMISSION/AURO/Submission/install/assessment_interfaces/include/assessment_interfaces/assessment_interfaces/msg/detail/home_zone__type_support.h
[3.640s] -- Up-to-date: /home/mc2148/AURO/GIT-SUBMISSION/AURO/Submission/install/assessment_interfaces/include/assessment_interfaces/assessment_interfaces/msg/detail/item_list__type_support.h
[3.640s] -- Up-to-date: /home/mc2148/AURO/GIT-SUBMISSION/AURO/Submission/install/assessment_interfaces/include/assessment_interfaces/assessment_interfaces/msg/detail/item_list__struct.h
[3.641s] -- Up-to-date: /home/mc2148/AURO/GIT-SUBMISSION/AURO/Submission/install/assessment_interfaces/include/assessment_interfaces/assessment_interfaces/msg/detail/item_log__type_support.h
[3.641s] -- Up-to-date: /home/mc2148/AURO/GIT-SUBMISSION/AURO/Submission/install/assessment_interfaces/include/assessment_interfaces/assessment_interfaces/msg/detail/robot_list__functions.c
[3.641s] -- Up-to-date: /home/mc2148/AURO/GIT-SUBMISSION/AURO/Submission/install/assessment_interfaces/include/assessment_interfaces/assessment_interfaces/msg/detail/item_holder__functions.h
[3.642s] -- Up-to-date: /home/mc2148/AURO/GIT-SUBMISSION/AURO/Submission/install/assessment_interfaces/include/assessment_interfaces/assessment_interfaces/msg/detail/item__struct.h
[3.642s] -- Up-to-date: /home/mc2148/AURO/GIT-SUBMISSION/AURO/Submission/install/assessment_interfaces/include/assessment_interfaces/assessment_interfaces/msg/detail/item_holders__functions.h
[3.643s] -- Up-to-date: /home/mc2148/AURO/GIT-SUBMISSION/AURO/Submission/install/assessment_interfaces/include/assessment_interfaces/assessment_interfaces/msg/detail/item_log__functions.h
[3.644s] -- Up-to-date: /home/mc2148/AURO/GIT-SUBMISSION/AURO/Submission/install/assessment_interfaces/include/assessment_interfaces/assessment_interfaces/msg/detail/item_holder__type_support.h
[3.646s] -- Up-to-date: /home/mc2148/AURO/GIT-SUBMISSION/AURO/Submission/install/assessment_interfaces/include/assessment_interfaces/assessment_interfaces/msg/detail/item_holders__type_support.h
[3.646s] -- Up-to-date: /home/mc2148/AURO/GIT-SUBMISSION/AURO/Submission/install/assessment_interfaces/include/assessment_interfaces/assessment_interfaces/msg/detail/robot_list__type_support.h
[3.647s] -- Up-to-date: /home/mc2148/AURO/GIT-SUBMISSION/AURO/Submission/install/assessment_interfaces/include/assessment_interfaces/assessment_interfaces/msg/detail/item_holder__functions.c
[3.648s] -- Up-to-date: /home/mc2148/AURO/GIT-SUBMISSION/AURO/Submission/install/assessment_interfaces/include/assessment_interfaces/assessment_interfaces/msg/detail/home_zone__functions.h
[3.649s] -- Up-to-date: /home/mc2148/AURO/GIT-SUBMISSION/AURO/Submission/install/assessment_interfaces/include/assessment_interfaces/assessment_interfaces/msg/detail/robot__type_support.h
[3.650s] -- Up-to-date: /home/mc2148/AURO/GIT-SUBMISSION/AURO/Submission/install/assessment_interfaces/include/assessment_interfaces/assessment_interfaces/msg/detail/item_holders__functions.c
[3.650s] -- Up-to-date: /home/mc2148/AURO/GIT-SUBMISSION/AURO/Submission/install/assessment_interfaces/include/assessment_interfaces/assessment_interfaces/msg/detail/robot_list__functions.h
[3.651s] -- Up-to-date: /home/mc2148/AURO/GIT-SUBMISSION/AURO/Submission/install/assessment_interfaces/include/assessment_interfaces/assessment_interfaces/msg/detail/robot__functions.c
[3.663s] -- Up-to-date: /home/mc2148/AURO/GIT-SUBMISSION/AURO/Submission/install/assessment_interfaces/include/assessment_interfaces/assessment_interfaces/msg/detail/item_log__struct.h
[3.663s] -- Up-to-date: /home/mc2148/AURO/GIT-SUBMISSION/AURO/Submission/install/assessment_interfaces/include/assessment_interfaces/assessment_interfaces/msg/detail/item_holder__struct.h
[3.663s] -- Up-to-date: /home/mc2148/AURO/GIT-SUBMISSION/AURO/Submission/install/assessment_interfaces/include/assessment_interfaces/assessment_interfaces/msg/detail/item_list__functions.h
[3.663s] -- Up-to-date: /home/mc2148/AURO/GIT-SUBMISSION/AURO/Submission/install/assessment_interfaces/include/assessment_interfaces/assessment_interfaces/msg/detail/robot__functions.h
[3.664s] -- Up-to-date: /home/mc2148/AURO/GIT-SUBMISSION/AURO/Submission/install/assessment_interfaces/include/assessment_interfaces/assessment_interfaces/msg/detail/item_log__functions.c
[3.664s] -- Up-to-date: /home/mc2148/AURO/GIT-SUBMISSION/AURO/Submission/install/assessment_interfaces/include/assessment_interfaces/assessment_interfaces/msg/detail/robot__struct.h
[3.664s] -- Up-to-date: /home/mc2148/AURO/GIT-SUBMISSION/AURO/Submission/install/assessment_interfaces/include/assessment_interfaces/assessment_interfaces/msg/detail/item__functions.h
[3.665s] -- Up-to-date: /home/mc2148/AURO/GIT-SUBMISSION/AURO/Submission/install/assessment_interfaces/include/assessment_interfaces/assessment_interfaces/msg/detail/home_zone__functions.c
[3.672s] -- Up-to-date: /home/mc2148/AURO/GIT-SUBMISSION/AURO/Submission/install/assessment_interfaces/include/assessment_interfaces/assessment_interfaces/msg/home_zone.h
[3.672s] -- Up-to-date: /home/mc2148/AURO/GIT-SUBMISSION/AURO/Submission/install/assessment_interfaces/include/assessment_interfaces/assessment_interfaces/msg/item_list.h
[3.673s] -- Up-to-date: /home/mc2148/AURO/GIT-SUBMISSION/AURO/Submission/install/assessment_interfaces/include/assessment_interfaces/assessment_interfaces/msg/item_holders.h
[3.673s] -- Up-to-date: /home/mc2148/AURO/GIT-SUBMISSION/AURO/Submission/install/assessment_interfaces/share/assessment_interfaces/environment/library_path.sh
[3.673s] -- Up-to-date: /home/mc2148/AURO/GIT-SUBMISSION/AURO/Submission/install/assessment_interfaces/share/assessment_interfaces/environment/library_path.dsv
[3.674s] -- Up-to-date: /home/mc2148/AURO/GIT-SUBMISSION/AURO/Submission/install/assessment_interfaces/lib/libassessment_interfaces__rosidl_generator_c.so
[3.674s] -- Up-to-date: /home/mc2148/AURO/GIT-SUBMISSION/AURO/Submission/install/assessment_interfaces/include/assessment_interfaces/assessment_interfaces
[3.674s] -- Up-to-date: /home/mc2148/AURO/GIT-SUBMISSION/AURO/Submission/install/assessment_interfaces/include/assessment_interfaces/assessment_interfaces/msg
[3.674s] -- Up-to-date: /home/mc2148/AURO/GIT-SUBMISSION/AURO/Submission/install/assessment_interfaces/include/assessment_interfaces/assessment_interfaces/msg/rosidl_typesupport_fastrtps_c__visibility_control.h
[3.675s] -- Up-to-date: /home/mc2148/AURO/GIT-SUBMISSION/AURO/Submission/install/assessment_interfaces/include/assessment_interfaces/assessment_interfaces/msg/detail
[3.675s] -- Up-to-date: /home/mc2148/AURO/GIT-SUBMISSION/AURO/Submission/install/assessment_interfaces/include/assessment_interfaces/assessment_interfaces/msg/detail/item_holder__rosidl_typesupport_fastrtps_c.h
[3.675s] -- Up-to-date: /home/mc2148/AURO/GIT-SUBMISSION/AURO/Submission/install/assessment_interfaces/include/assessment_interfaces/assessment_interfaces/msg/detail/item_log__rosidl_typesupport_fastrtps_c.h
[3.675s] -- Up-to-date: /home/mc2148/AURO/GIT-SUBMISSION/AURO/Submission/install/assessment_interfaces/include/assessment_interfaces/assessment_interfaces/msg/detail/home_zone__rosidl_typesupport_fastrtps_c.h
[3.676s] -- Up-to-date: /home/mc2148/AURO/GIT-SUBMISSION/AURO/Submission/install/assessment_interfaces/include/assessment_interfaces/assessment_interfaces/msg/detail/robot__rosidl_typesupport_fastrtps_c.h
[3.676s] -- Up-to-date: /home/mc2148/AURO/GIT-SUBMISSION/AURO/Submission/install/assessment_interfaces/include/assessment_interfaces/assessment_interfaces/msg/detail/item__rosidl_typesupport_fastrtps_c.h
[3.676s] -- Up-to-date: /home/mc2148/AURO/GIT-SUBMISSION/AURO/Submission/install/assessment_interfaces/include/assessment_interfaces/assessment_interfaces/msg/detail/item_list__rosidl_typesupport_fastrtps_c.h
[3.677s] -- Up-to-date: /home/mc2148/AURO/GIT-SUBMISSION/AURO/Submission/install/assessment_interfaces/include/assessment_interfaces/assessment_interfaces/msg/detail/item_holders__rosidl_typesupport_fastrtps_c.h
[3.677s] -- Up-to-date: /home/mc2148/AURO/GIT-SUBMISSION/AURO/Submission/install/assessment_interfaces/include/assessment_interfaces/assessment_interfaces/msg/detail/robot_list__rosidl_typesupport_fastrtps_c.h
[3.677s] -- Up-to-date: /home/mc2148/AURO/GIT-SUBMISSION/AURO/Submission/install/assessment_interfaces/lib/libassessment_interfaces__rosidl_typesupport_fastrtps_c.so
[3.677s] -- Up-to-date: /home/mc2148/AURO/GIT-SUBMISSION/AURO/Submission/install/assessment_interfaces/include/assessment_interfaces/assessment_interfaces
[3.678s] -- Up-to-date: /home/mc2148/AURO/GIT-SUBMISSION/AURO/Submission/install/assessment_interfaces/include/assessment_interfaces/assessment_interfaces/msg
[3.678s] -- Up-to-date: /home/mc2148/AURO/GIT-SUBMISSION/AURO/Submission/install/assessment_interfaces/include/assessment_interfaces/assessment_interfaces/msg/rosidl_typesupport_introspection_c__visibility_control.h
[3.678s] -- Up-to-date: /home/mc2148/AURO/GIT-SUBMISSION/AURO/Submission/install/assessment_interfaces/include/assessment_interfaces/assessment_interfaces/msg/detail
[3.678s] -- Up-to-date: /home/mc2148/AURO/GIT-SUBMISSION/AURO/Submission/install/assessment_interfaces/include/assessment_interfaces/assessment_interfaces/msg/detail/item_log__rosidl_typesupport_introspection_c.h
[3.679s] -- Up-to-date: /home/mc2148/AURO/GIT-SUBMISSION/AURO/Submission/install/assessment_interfaces/include/assessment_interfaces/assessment_interfaces/msg/detail/item_log__type_support.c
[3.679s] -- Up-to-date: /home/mc2148/AURO/GIT-SUBMISSION/AURO/Submission/install/assessment_interfaces/include/assessment_interfaces/assessment_interfaces/msg/detail/robot_list__rosidl_typesupport_introspection_c.h
[3.679s] -- Up-to-date: /home/mc2148/AURO/GIT-SUBMISSION/AURO/Submission/install/assessment_interfaces/include/assessment_interfaces/assessment_interfaces/msg/detail/item_holders__type_support.c
[3.682s] -- Up-to-date: /home/mc2148/AURO/GIT-SUBMISSION/AURO/Submission/install/assessment_interfaces/include/assessment_interfaces/assessment_interfaces/msg/detail/home_zone__type_support.c
[3.682s] -- Up-to-date: /home/mc2148/AURO/GIT-SUBMISSION/AURO/Submission/install/assessment_interfaces/include/assessment_interfaces/assessment_interfaces/msg/detail/item__rosidl_typesupport_introspection_c.h
[3.682s] -- Up-to-date: /home/mc2148/AURO/GIT-SUBMISSION/AURO/Submission/install/assessment_interfaces/include/assessment_interfaces/assessment_interfaces/msg/detail/item_list__type_support.c
[3.683s] -- Up-to-date: /home/mc2148/AURO/GIT-SUBMISSION/AURO/Submission/install/assessment_interfaces/include/assessment_interfaces/assessment_interfaces/msg/detail/item_list__rosidl_typesupport_introspection_c.h
[3.683s] -- Up-to-date: /home/mc2148/AURO/GIT-SUBMISSION/AURO/Submission/install/assessment_interfaces/include/assessment_interfaces/assessment_interfaces/msg/detail/robot_list__type_support.c
[3.684s] -- Up-to-date: /home/mc2148/AURO/GIT-SUBMISSION/AURO/Submission/install/assessment_interfaces/include/assessment_interfaces/assessment_interfaces/msg/detail/item_holders__rosidl_typesupport_introspection_c.h
[3.684s] -- Up-to-date: /home/mc2148/AURO/GIT-SUBMISSION/AURO/Submission/install/assessment_interfaces/include/assessment_interfaces/assessment_interfaces/msg/detail/robot__type_support.c
[3.684s] -- Up-to-date: /home/mc2148/AURO/GIT-SUBMISSION/AURO/Submission/install/assessment_interfaces/include/assessment_interfaces/assessment_interfaces/msg/detail/item_holder__rosidl_typesupport_introspection_c.h
[3.685s] -- Up-to-date: /home/mc2148/AURO/GIT-SUBMISSION/AURO/Submission/install/assessment_interfaces/include/assessment_interfaces/assessment_interfaces/msg/detail/item__type_support.c
[3.685s] -- Up-to-date: /home/mc2148/AURO/GIT-SUBMISSION/AURO/Submission/install/assessment_interfaces/include/assessment_interfaces/assessment_interfaces/msg/detail/robot__rosidl_typesupport_introspection_c.h
[3.685s] -- Up-to-date: /home/mc2148/AURO/GIT-SUBMISSION/AURO/Submission/install/assessment_interfaces/include/assessment_interfaces/assessment_interfaces/msg/detail/item_holder__type_support.c
[3.685s] -- Up-to-date: /home/mc2148/AURO/GIT-SUBMISSION/AURO/Submission/install/assessment_interfaces/include/assessment_interfaces/assessment_interfaces/msg/detail/home_zone__rosidl_typesupport_introspection_c.h
[3.686s] -- Up-to-date: /home/mc2148/AURO/GIT-SUBMISSION/AURO/Submission/install/assessment_interfaces/lib/libassessment_interfaces__rosidl_typesupport_introspection_c.so
[3.686s] -- Up-to-date: /home/mc2148/AURO/GIT-SUBMISSION/AURO/Submission/install/assessment_interfaces/lib/libassessment_interfaces__rosidl_typesupport_c.so
[3.686s] -- Up-to-date: /home/mc2148/AURO/GIT-SUBMISSION/AURO/Submission/install/assessment_interfaces/include/assessment_interfaces/assessment_interfaces
[3.686s] -- Up-to-date: /home/mc2148/AURO/GIT-SUBMISSION/AURO/Submission/install/assessment_interfaces/include/assessment_interfaces/assessment_interfaces/msg
[3.687s] -- Up-to-date: /home/mc2148/AURO/GIT-SUBMISSION/AURO/Submission/install/assessment_interfaces/include/assessment_interfaces/assessment_interfaces/msg/item.hpp
[3.687s] -- Up-to-date: /home/mc2148/AURO/GIT-SUBMISSION/AURO/Submission/install/assessment_interfaces/include/assessment_interfaces/assessment_interfaces/msg/robot.hpp
[3.695s] -- Up-to-date: /home/mc2148/AURO/GIT-SUBMISSION/AURO/Submission/install/assessment_interfaces/include/assessment_interfaces/assessment_interfaces/msg/item_holders.hpp
[3.695s] -- Up-to-date: /home/mc2148/AURO/GIT-SUBMISSION/AURO/Submission/install/assessment_interfaces/include/assessment_interfaces/assessment_interfaces/msg/item_list.hpp
[3.696s] -- Up-to-date: /home/mc2148/AURO/GIT-SUBMISSION/AURO/Submission/install/assessment_interfaces/include/assessment_interfaces/assessment_interfaces/msg/home_zone.hpp
[3.696s] -- Up-to-date: /home/mc2148/AURO/GIT-SUBMISSION/AURO/Submission/install/assessment_interfaces/include/assessment_interfaces/assessment_interfaces/msg/robot_list.hpp
[3.696s] -- Up-to-date: /home/mc2148/AURO/GIT-SUBMISSION/AURO/Submission/install/assessment_interfaces/include/assessment_interfaces/assessment_interfaces/msg/detail
[3.696s] -- Up-to-date: /home/mc2148/AURO/GIT-SUBMISSION/AURO/Submission/install/assessment_interfaces/include/assessment_interfaces/assessment_interfaces/msg/detail/robot__struct.hpp
[3.697s] -- Up-to-date: /home/mc2148/AURO/GIT-SUBMISSION/AURO/Submission/install/assessment_interfaces/include/assessment_interfaces/assessment_interfaces/msg/detail/robot_list__traits.hpp
[3.697s] -- Up-to-date: /home/mc2148/AURO/GIT-SUBMISSION/AURO/Submission/install/assessment_interfaces/include/assessment_interfaces/assessment_interfaces/msg/detail/item_list__struct.hpp
[3.697s] -- Up-to-date: /home/mc2148/AURO/GIT-SUBMISSION/AURO/Submission/install/assessment_interfaces/include/assessment_interfaces/assessment_interfaces/msg/detail/item_list__traits.hpp
[3.698s] -- Up-to-date: /home/mc2148/AURO/GIT-SUBMISSION/AURO/Submission/install/assessment_interfaces/include/assessment_interfaces/assessment_interfaces/msg/detail/item__struct.hpp
[3.698s] -- Up-to-date: /home/mc2148/AURO/GIT-SUBMISSION/AURO/Submission/install/assessment_interfaces/include/assessment_interfaces/assessment_interfaces/msg/detail/item_holder__struct.hpp
[3.698s] -- Up-to-date: /home/mc2148/AURO/GIT-SUBMISSION/AURO/Submission/install/assessment_interfaces/include/assessment_interfaces/assessment_interfaces/msg/detail/robot__builder.hpp
[3.698s] -- Up-to-date: /home/mc2148/AURO/GIT-SUBMISSION/AURO/Submission/install/assessment_interfaces/include/assessment_interfaces/assessment_interfaces/msg/detail/item_holders__struct.hpp
[3.699s] -- Up-to-date: /home/mc2148/AURO/GIT-SUBMISSION/AURO/Submission/install/assessment_interfaces/include/assessment_interfaces/assessment_interfaces/msg/detail/item__builder.hpp
[3.707s] -- Up-to-date: /home/mc2148/AURO/GIT-SUBMISSION/AURO/Submission/install/assessment_interfaces/include/assessment_interfaces/assessment_interfaces/msg/detail/robot__traits.hpp
[3.707s] -- Up-to-date: /home/mc2148/AURO/GIT-SUBMISSION/AURO/Submission/install/assessment_interfaces/include/assessment_interfaces/assessment_interfaces/msg/detail/item__traits.hpp
[3.708s] -- Up-to-date: /home/mc2148/AURO/GIT-SUBMISSION/AURO/Submission/install/assessment_interfaces/include/assessment_interfaces/assessment_interfaces/msg/detail/item_holder__builder.hpp
[3.708s] -- Up-to-date: /home/mc2148/AURO/GIT-SUBMISSION/AURO/Submission/install/assessment_interfaces/include/assessment_interfaces/assessment_interfaces/msg/detail/item_holders__builder.hpp
[3.708s] -- Up-to-date: /home/mc2148/AURO/GIT-SUBMISSION/AURO/Submission/install/assessment_interfaces/include/assessment_interfaces/assessment_interfaces/msg/detail/item_log__builder.hpp
[3.708s] -- Up-to-date: /home/mc2148/AURO/GIT-SUBMISSION/AURO/Submission/install/assessment_interfaces/include/assessment_interfaces/assessment_interfaces/msg/detail/home_zone__traits.hpp
[3.709s] -- Up-to-date: /home/mc2148/AURO/GIT-SUBMISSION/AURO/Submission/install/assessment_interfaces/include/assessment_interfaces/assessment_interfaces/msg/detail/robot_list__struct.hpp
[3.713s] -- Up-to-date: /home/mc2148/AURO/GIT-SUBMISSION/AURO/Submission/install/assessment_interfaces/include/assessment_interfaces/assessment_interfaces/msg/detail/item_list__builder.hpp
[3.713s] -- Up-to-date: /home/mc2148/AURO/GIT-SUBMISSION/AURO/Submission/install/assessment_interfaces/include/assessment_interfaces/assessment_interfaces/msg/detail/item_log__struct.hpp
[3.714s] -- Up-to-date: /home/mc2148/AURO/GIT-SUBMISSION/AURO/Submission/install/assessment_interfaces/include/assessment_interfaces/assessment_interfaces/msg/detail/home_zone__builder.hpp
[3.714s] -- Up-to-date: /home/mc2148/AURO/GIT-SUBMISSION/AURO/Submission/install/assessment_interfaces/include/assessment_interfaces/assessment_interfaces/msg/detail/robot_list__builder.hpp
[3.714s] -- Up-to-date: /home/mc2148/AURO/GIT-SUBMISSION/AURO/Submission/install/assessment_interfaces/include/assessment_interfaces/assessment_interfaces/msg/detail/home_zone__struct.hpp
[3.714s] -- Up-to-date: /home/mc2148/AURO/GIT-SUBMISSION/AURO/Submission/install/assessment_interfaces/include/assessment_interfaces/assessment_interfaces/msg/detail/item_holder__traits.hpp
[3.715s] -- Up-to-date: /home/mc2148/AURO/GIT-SUBMISSION/AURO/Submission/install/assessment_interfaces/include/assessment_interfaces/assessment_interfaces/msg/detail/item_holders__traits.hpp
[3.715s] -- Up-to-date: /home/mc2148/AURO/GIT-SUBMISSION/AURO/Submission/install/assessment_interfaces/include/assessment_interfaces/assessment_interfaces/msg/detail/item_log__traits.hpp
[3.715s] -- Up-to-date: /home/mc2148/AURO/GIT-SUBMISSION/AURO/Submission/install/assessment_interfaces/include/assessment_interfaces/assessment_interfaces/msg/item_holder.hpp
[3.715s] -- Up-to-date: /home/mc2148/AURO/GIT-SUBMISSION/AURO/Submission/install/assessment_interfaces/include/assessment_interfaces/assessment_interfaces/msg/item_log.hpp
[3.716s] -- Up-to-date: /home/mc2148/AURO/GIT-SUBMISSION/AURO/Submission/install/assessment_interfaces/include/assessment_interfaces/assessment_interfaces
[3.716s] -- Up-to-date: /home/mc2148/AURO/GIT-SUBMISSION/AURO/Submission/install/assessment_interfaces/include/assessment_interfaces/assessment_interfaces/msg
[3.716s] -- Up-to-date: /home/mc2148/AURO/GIT-SUBMISSION/AURO/Submission/install/assessment_interfaces/include/assessment_interfaces/assessment_interfaces/msg/rosidl_typesupport_fastrtps_cpp__visibility_control.h
[3.716s] -- Up-to-date: /home/mc2148/AURO/GIT-SUBMISSION/AURO/Submission/install/assessment_interfaces/include/assessment_interfaces/assessment_interfaces/msg/detail
[3.717s] -- Up-to-date: /home/mc2148/AURO/GIT-SUBMISSION/AURO/Submission/install/assessment_interfaces/include/assessment_interfaces/assessment_interfaces/msg/detail/item__rosidl_typesupport_fastrtps_cpp.hpp
[3.717s] -- Up-to-date: /home/mc2148/AURO/GIT-SUBMISSION/AURO/Submission/install/assessment_interfaces/include/assessment_interfaces/assessment_interfaces/msg/detail/item_list__rosidl_typesupport_fastrtps_cpp.hpp
[3.717s] -- Up-to-date: /home/mc2148/AURO/GIT-SUBMISSION/AURO/Submission/install/assessment_interfaces/include/assessment_interfaces/assessment_interfaces/msg/detail/home_zone__rosidl_typesupport_fastrtps_cpp.hpp
[3.718s] -- Up-to-date: /home/mc2148/AURO/GIT-SUBMISSION/AURO/Submission/install/assessment_interfaces/include/assessment_interfaces/assessment_interfaces/msg/detail/dds_fastrtps
[3.718s] -- Up-to-date: /home/mc2148/AURO/GIT-SUBMISSION/AURO/Submission/install/assessment_interfaces/include/assessment_interfaces/assessment_interfaces/msg/detail/robot_list__rosidl_typesupport_fastrtps_cpp.hpp
[3.718s] -- Up-to-date: /home/mc2148/AURO/GIT-SUBMISSION/AURO/Submission/install/assessment_interfaces/include/assessment_interfaces/assessment_interfaces/msg/detail/robot__rosidl_typesupport_fastrtps_cpp.hpp
[3.718s] -- Up-to-date: /home/mc2148/AURO/GIT-SUBMISSION/AURO/Submission/install/assessment_interfaces/include/assessment_interfaces/assessment_interfaces/msg/detail/item_holders__rosidl_typesupport_fastrtps_cpp.hpp
[3.718s] -- Up-to-date: /home/mc2148/AURO/GIT-SUBMISSION/AURO/Submission/install/assessment_interfaces/include/assessment_interfaces/assessment_interfaces/msg/detail/item_log__rosidl_typesupport_fastrtps_cpp.hpp
[3.719s] -- Up-to-date: /home/mc2148/AURO/GIT-SUBMISSION/AURO/Submission/install/assessment_interfaces/include/assessment_interfaces/assessment_interfaces/msg/detail/item_holder__rosidl_typesupport_fastrtps_cpp.hpp
[3.719s] -- Up-to-date: /home/mc2148/AURO/GIT-SUBMISSION/AURO/Submission/install/assessment_interfaces/lib/libassessment_interfaces__rosidl_typesupport_fastrtps_cpp.so
[3.722s] -- Up-to-date: /home/mc2148/AURO/GIT-SUBMISSION/AURO/Submission/install/assessment_interfaces/include/assessment_interfaces/assessment_interfaces
[3.722s] -- Up-to-date: /home/mc2148/AURO/GIT-SUBMISSION/AURO/Submission/install/assessment_interfaces/include/assessment_interfaces/assessment_interfaces/msg
[3.722s] -- Up-to-date: /home/mc2148/AURO/GIT-SUBMISSION/AURO/Submission/install/assessment_interfaces/include/assessment_interfaces/assessment_interfaces/msg/detail
[3.723s] -- Up-to-date: /home/mc2148/AURO/GIT-SUBMISSION/AURO/Submission/install/assessment_interfaces/include/assessment_interfaces/assessment_interfaces/msg/detail/item__rosidl_typesupport_introspection_cpp.hpp
[3.723s] -- Up-to-date: /home/mc2148/AURO/GIT-SUBMISSION/AURO/Submission/install/assessment_interfaces/include/assessment_interfaces/assessment_interfaces/msg/detail/item__type_support.cpp
[3.723s] -- Up-to-date: /home/mc2148/AURO/GIT-SUBMISSION/AURO/Submission/install/assessment_interfaces/include/assessment_interfaces/assessment_interfaces/msg/detail/home_zone__type_support.cpp
[3.723s] -- Up-to-date: /home/mc2148/AURO/GIT-SUBMISSION/AURO/Submission/install/assessment_interfaces/include/assessment_interfaces/assessment_interfaces/msg/detail/item_list__type_support.cpp
[3.724s] -- Up-to-date: /home/mc2148/AURO/GIT-SUBMISSION/AURO/Submission/install/assessment_interfaces/include/assessment_interfaces/assessment_interfaces/msg/detail/item_holder__rosidl_typesupport_introspection_cpp.hpp
[3.724s] -- Up-to-date: /home/mc2148/AURO/GIT-SUBMISSION/AURO/Submission/install/assessment_interfaces/include/assessment_interfaces/assessment_interfaces/msg/detail/item_list__rosidl_typesupport_introspection_cpp.hpp
[3.724s] -- Up-to-date: /home/mc2148/AURO/GIT-SUBMISSION/AURO/Submission/install/assessment_interfaces/include/assessment_interfaces/assessment_interfaces/msg/detail/robot__rosidl_typesupport_introspection_cpp.hpp
[3.724s] -- Up-to-date: /home/mc2148/AURO/GIT-SUBMISSION/AURO/Submission/install/assessment_interfaces/include/assessment_interfaces/assessment_interfaces/msg/detail/robot__type_support.cpp
[3.725s] -- Up-to-date: /home/mc2148/AURO/GIT-SUBMISSION/AURO/Submission/install/assessment_interfaces/include/assessment_interfaces/assessment_interfaces/msg/detail/home_zone__rosidl_typesupport_introspection_cpp.hpp
[3.725s] -- Up-to-date: /home/mc2148/AURO/GIT-SUBMISSION/AURO/Submission/install/assessment_interfaces/include/assessment_interfaces/assessment_interfaces/msg/detail/item_holders__rosidl_typesupport_introspection_cpp.hpp
[3.725s] -- Up-to-date: /home/mc2148/AURO/GIT-SUBMISSION/AURO/Submission/install/assessment_interfaces/include/assessment_interfaces/assessment_interfaces/msg/detail/item_log__rosidl_typesupport_introspection_cpp.hpp
[3.725s] -- Up-to-date: /home/mc2148/AURO/GIT-SUBMISSION/AURO/Submission/install/assessment_interfaces/include/assessment_interfaces/assessment_interfaces/msg/detail/item_log__type_support.cpp
[3.726s] -- Up-to-date: /home/mc2148/AURO/GIT-SUBMISSION/AURO/Submission/install/assessment_interfaces/include/assessment_interfaces/assessment_interfaces/msg/detail/robot_list__rosidl_typesupport_introspection_cpp.hpp
[3.726s] -- Up-to-date: /home/mc2148/AURO/GIT-SUBMISSION/AURO/Submission/install/assessment_interfaces/include/assessment_interfaces/assessment_interfaces/msg/detail/item_holder__type_support.cpp
[3.726s] -- Up-to-date: /home/mc2148/AURO/GIT-SUBMISSION/AURO/Submission/install/assessment_interfaces/include/assessment_interfaces/assessment_interfaces/msg/detail/robot_list__type_support.cpp
[3.726s] -- Up-to-date: /home/mc2148/AURO/GIT-SUBMISSION/AURO/Submission/install/assessment_interfaces/include/assessment_interfaces/assessment_interfaces/msg/detail/item_holders__type_support.cpp
[3.727s] -- Up-to-date: /home/mc2148/AURO/GIT-SUBMISSION/AURO/Submission/install/assessment_interfaces/lib/libassessment_interfaces__rosidl_typesupport_introspection_cpp.so
[3.727s] -- Up-to-date: /home/mc2148/AURO/GIT-SUBMISSION/AURO/Submission/install/assessment_interfaces/lib/libassessment_interfaces__rosidl_typesupport_cpp.so
[3.727s] -- Up-to-date: /home/mc2148/AURO/GIT-SUBMISSION/AURO/Submission/install/assessment_interfaces/share/assessment_interfaces/environment/pythonpath.sh
[3.727s] -- Up-to-date: /home/mc2148/AURO/GIT-SUBMISSION/AURO/Submission/install/assessment_interfaces/share/assessment_interfaces/environment/pythonpath.dsv
[3.728s] -- Up-to-date: /home/mc2148/AURO/GIT-SUBMISSION/AURO/Submission/install/assessment_interfaces/local/lib/python3.10/dist-packages/assessment_interfaces-0.0.0-py3.10.egg-info
[3.728s] -- Installing: /home/mc2148/AURO/GIT-SUBMISSION/AURO/Submission/install/assessment_interfaces/local/lib/python3.10/dist-packages/assessment_interfaces-0.0.0-py3.10.egg-info/top_level.txt
[3.728s] -- Installing: /home/mc2148/AURO/GIT-SUBMISSION/AURO/Submission/install/assessment_interfaces/local/lib/python3.10/dist-packages/assessment_interfaces-0.0.0-py3.10.egg-info/PKG-INFO
[3.728s] -- Installing: /home/mc2148/AURO/GIT-SUBMISSION/AURO/Submission/install/assessment_interfaces/local/lib/python3.10/dist-packages/assessment_interfaces-0.0.0-py3.10.egg-info/SOURCES.txt
[3.729s] -- Installing: /home/mc2148/AURO/GIT-SUBMISSION/AURO/Submission/install/assessment_interfaces/local/lib/python3.10/dist-packages/assessment_interfaces-0.0.0-py3.10.egg-info/dependency_links.txt
[3.729s] -- Up-to-date: /home/mc2148/AURO/GIT-SUBMISSION/AURO/Submission/install/assessment_interfaces/local/lib/python3.10/dist-packages/assessment_interfaces
[3.729s] -- Up-to-date: /home/mc2148/AURO/GIT-SUBMISSION/AURO/Submission/install/assessment_interfaces/local/lib/python3.10/dist-packages/assessment_interfaces/_assessment_interfaces_s.ep.rosidl_typesupport_introspection_c.c
[3.735s] -- Up-to-date: /home/mc2148/AURO/GIT-SUBMISSION/AURO/Submission/install/assessment_interfaces/local/lib/python3.10/dist-packages/assessment_interfaces/assessment_interfaces_s__rosidl_typesupport_introspection_c.cpython-310-x86_64-linux-gnu.so
[3.736s] -- Up-to-date: /home/mc2148/AURO/GIT-SUBMISSION/AURO/Submission/install/assessment_interfaces/local/lib/python3.10/dist-packages/assessment_interfaces/assessment_interfaces_s__rosidl_typesupport_fastrtps_c.cpython-310-x86_64-linux-gnu.so
[3.736s] -- Up-to-date: /home/mc2148/AURO/GIT-SUBMISSION/AURO/Submission/install/assessment_interfaces/local/lib/python3.10/dist-packages/assessment_interfaces/_assessment_interfaces_s.ep.rosidl_typesupport_c.c
[3.736s] -- Up-to-date: /home/mc2148/AURO/GIT-SUBMISSION/AURO/Submission/install/assessment_interfaces/local/lib/python3.10/dist-packages/assessment_interfaces/assessment_interfaces_s__rosidl_typesupport_c.cpython-310-x86_64-linux-gnu.so
[3.737s] -- Up-to-date: /home/mc2148/AURO/GIT-SUBMISSION/AURO/Submission/install/assessment_interfaces/local/lib/python3.10/dist-packages/assessment_interfaces/_assessment_interfaces_s.ep.rosidl_typesupport_fastrtps_c.c
[3.737s] -- Up-to-date: /home/mc2148/AURO/GIT-SUBMISSION/AURO/Submission/install/assessment_interfaces/local/lib/python3.10/dist-packages/assessment_interfaces/libassessment_interfaces__rosidl_generator_py.so
[3.737s] -- Up-to-date: /home/mc2148/AURO/GIT-SUBMISSION/AURO/Submission/install/assessment_interfaces/local/lib/python3.10/dist-packages/assessment_interfaces/__init__.py
[3.737s] -- Up-to-date: /home/mc2148/AURO/GIT-SUBMISSION/AURO/Submission/install/assessment_interfaces/local/lib/python3.10/dist-packages/assessment_interfaces/msg
[3.738s] -- Up-to-date: /home/mc2148/AURO/GIT-SUBMISSION/AURO/Submission/install/assessment_interfaces/local/lib/python3.10/dist-packages/assessment_interfaces/msg/_item_holder_s.c
[3.738s] -- Up-to-date: /home/mc2148/AURO/GIT-SUBMISSION/AURO/Submission/install/assessment_interfaces/local/lib/python3.10/dist-packages/assessment_interfaces/msg/_robot.py
[3.738s] -- Up-to-date: /home/mc2148/AURO/GIT-SUBMISSION/AURO/Submission/install/assessment_interfaces/local/lib/python3.10/dist-packages/assessment_interfaces/msg/_item_list_s.c
[3.738s] -- Up-to-date: /home/mc2148/AURO/GIT-SUBMISSION/AURO/Submission/install/assessment_interfaces/local/lib/python3.10/dist-packages/assessment_interfaces/msg/_item_log_s.c
[3.739s] -- Up-to-date: /home/mc2148/AURO/GIT-SUBMISSION/AURO/Submission/install/assessment_interfaces/local/lib/python3.10/dist-packages/assessment_interfaces/msg/_robot_s.c
[3.739s] -- Up-to-date: /home/mc2148/AURO/GIT-SUBMISSION/AURO/Submission/install/assessment_interfaces/local/lib/python3.10/dist-packages/assessment_interfaces/msg/_robot_list_s.c
[3.739s] -- Up-to-date: /home/mc2148/AURO/GIT-SUBMISSION/AURO/Submission/install/assessment_interfaces/local/lib/python3.10/dist-packages/assessment_interfaces/msg/_item.py
[3.740s] -- Up-to-date: /home/mc2148/AURO/GIT-SUBMISSION/AURO/Submission/install/assessment_interfaces/local/lib/python3.10/dist-packages/assessment_interfaces/msg/_item_holders_s.c
[3.740s] -- Up-to-date: /home/mc2148/AURO/GIT-SUBMISSION/AURO/Submission/install/assessment_interfaces/local/lib/python3.10/dist-packages/assessment_interfaces/msg/_home_zone.py
[3.740s] -- Up-to-date: /home/mc2148/AURO/GIT-SUBMISSION/AURO/Submission/install/assessment_interfaces/local/lib/python3.10/dist-packages/assessment_interfaces/msg/_item_s.c
[3.740s] -- Up-to-date: /home/mc2148/AURO/GIT-SUBMISSION/AURO/Submission/install/assessment_interfaces/local/lib/python3.10/dist-packages/assessment_interfaces/msg/_item_holders.py
[3.741s] -- Up-to-date: /home/mc2148/AURO/GIT-SUBMISSION/AURO/Submission/install/assessment_interfaces/local/lib/python3.10/dist-packages/assessment_interfaces/msg/__init__.py
[3.741s] -- Up-to-date: /home/mc2148/AURO/GIT-SUBMISSION/AURO/Submission/install/assessment_interfaces/local/lib/python3.10/dist-packages/assessment_interfaces/msg/_item_holder.py
[3.741s] -- Up-to-date: /home/mc2148/AURO/GIT-SUBMISSION/AURO/Submission/install/assessment_interfaces/local/lib/python3.10/dist-packages/assessment_interfaces/msg/_item_log.py
[3.742s] -- Up-to-date: /home/mc2148/AURO/GIT-SUBMISSION/AURO/Submission/install/assessment_interfaces/local/lib/python3.10/dist-packages/assessment_interfaces/msg/_item_list.py
[3.742s] -- Up-to-date: /home/mc2148/AURO/GIT-SUBMISSION/AURO/Submission/install/assessment_interfaces/local/lib/python3.10/dist-packages/assessment_interfaces/msg/_robot_list.py
[3.742s] -- Up-to-date: /home/mc2148/AURO/GIT-SUBMISSION/AURO/Submission/install/assessment_interfaces/local/lib/python3.10/dist-packages/assessment_interfaces/msg/_home_zone_s.c
[3.817s] Listing '/home/mc2148/AURO/GIT-SUBMISSION/AURO/Submission/install/assessment_interfaces/local/lib/python3.10/dist-packages/assessment_interfaces'...
[3.818s] Listing '/home/mc2148/AURO/GIT-SUBMISSION/AURO/Submission/install/assessment_interfaces/local/lib/python3.10/dist-packages/assessment_interfaces/msg'...
[3.840s] -- Up-to-date: /home/mc2148/AURO/GIT-SUBMISSION/AURO/Submission/install/assessment_interfaces/local/lib/python3.10/dist-packages/assessment_interfaces/assessment_interfaces_s__rosidl_typesupport_fastrtps_c.cpython-310-x86_64-linux-gnu.so
[3.840s] -- Up-to-date: /home/mc2148/AURO/GIT-SUBMISSION/AURO/Submission/install/assessment_interfaces/local/lib/python3.10/dist-packages/assessment_interfaces/assessment_interfaces_s__rosidl_typesupport_introspection_c.cpython-310-x86_64-linux-gnu.so
[3.841s] -- Up-to-date: /home/mc2148/AURO/GIT-SUBMISSION/AURO/Submission/install/assessment_interfaces/local/lib/python3.10/dist-packages/assessment_interfaces/assessment_interfaces_s__rosidl_typesupport_c.cpython-310-x86_64-linux-gnu.so
[3.841s] -- Up-to-date: /home/mc2148/AURO/GIT-SUBMISSION/AURO/Submission/install/assessment_interfaces/lib/libassessment_interfaces__rosidl_generator_py.so
[3.841s] -- Up-to-date: /home/mc2148/AURO/GIT-SUBMISSION/AURO/Submission/install/assessment_interfaces/share/assessment_interfaces/msg/ItemLog.idl
[3.842s] -- Up-to-date: /home/mc2148/AURO/GIT-SUBMISSION/AURO/Submission/install/assessment_interfaces/share/assessment_interfaces/msg/ItemHolder.idl
[3.842s] -- Up-to-date: /home/mc2148/AURO/GIT-SUBMISSION/AURO/Submission/install/assessment_interfaces/share/assessment_interfaces/msg/ItemHolders.idl
[3.843s] -- Up-to-date: /home/mc2148/AURO/GIT-SUBMISSION/AURO/Submission/install/assessment_interfaces/share/assessment_interfaces/msg/Item.idl
[3.843s] -- Up-to-date: /home/mc2148/AURO/GIT-SUBMISSION/AURO/Submission/install/assessment_interfaces/share/assessment_interfaces/msg/ItemList.idl
[3.843s] -- Up-to-date: /home/mc2148/AURO/GIT-SUBMISSION/AURO/Submission/install/assessment_interfaces/share/assessment_interfaces/msg/HomeZone.idl
[3.844s] -- Up-to-date: /home/mc2148/AURO/GIT-SUBMISSION/AURO/Submission/install/assessment_interfaces/share/assessment_interfaces/msg/Robot.idl
[3.844s] -- Up-to-date: /home/mc2148/AURO/GIT-SUBMISSION/AURO/Submission/install/assessment_interfaces/share/assessment_interfaces/msg/RobotList.idl
[3.845s] -- Up-to-date: /home/mc2148/AURO/GIT-SUBMISSION/AURO/Submission/install/assessment_interfaces/share/assessment_interfaces/msg/ItemLog.msg
[3.845s] -- Up-to-date: /home/mc2148/AURO/GIT-SUBMISSION/AURO/Submission/install/assessment_interfaces/share/assessment_interfaces/msg/ItemHolder.msg
[3.846s] -- Up-to-date: /home/mc2148/AURO/GIT-SUBMISSION/AURO/Submission/install/assessment_interfaces/share/assessment_interfaces/msg/ItemHolders.msg
[3.846s] -- Up-to-date: /home/mc2148/AURO/GIT-SUBMISSION/AURO/Submission/install/assessment_interfaces/share/assessment_interfaces/msg/Item.msg
[3.847s] -- Up-to-date: /home/mc2148/AURO/GIT-SUBMISSION/AURO/Submission/install/assessment_interfaces/share/assessment_interfaces/msg/ItemList.msg
[3.847s] -- Up-to-date: /home/mc2148/AURO/GIT-SUBMISSION/AURO/Submission/install/assessment_interfaces/share/assessment_interfaces/msg/HomeZone.msg
[3.848s] -- Up-to-date: /home/mc2148/AURO/GIT-SUBMISSION/AURO/Submission/install/assessment_interfaces/share/assessment_interfaces/msg/Robot.msg
[3.848s] -- Up-to-date: /home/mc2148/AURO/GIT-SUBMISSION/AURO/Submission/install/assessment_interfaces/share/assessment_interfaces/msg/RobotList.msg
[3.849s] -- Up-to-date: /home/mc2148/AURO/GIT-SUBMISSION/AURO/Submission/install/assessment_interfaces/share/ament_index/resource_index/package_run_dependencies/assessment_interfaces
[3.849s] -- Up-to-date: /home/mc2148/AURO/GIT-SUBMISSION/AURO/Submission/install/assessment_interfaces/share/ament_index/resource_index/parent_prefix_path/assessment_interfaces
[3.850s] -- Up-to-date: /home/mc2148/AURO/GIT-SUBMISSION/AURO/Submission/install/assessment_interfaces/share/assessment_interfaces/environment/ament_prefix_path.sh
[3.850s] -- Up-to-date: /home/mc2148/AURO/GIT-SUBMISSION/AURO/Submission/install/assessment_interfaces/share/assessment_interfaces/environment/ament_prefix_path.dsv
[3.851s] -- Up-to-date: /home/mc2148/AURO/GIT-SUBMISSION/AURO/Submission/install/assessment_interfaces/share/assessment_interfaces/environment/path.sh
[3.851s] -- Up-to-date: /home/mc2148/AURO/GIT-SUBMISSION/AURO/Submission/install/assessment_interfaces/share/assessment_interfaces/environment/path.dsv
[3.851s] -- Up-to-date: /home/mc2148/AURO/GIT-SUBMISSION/AURO/Submission/install/assessment_interfaces/share/assessment_interfaces/local_setup.bash
[3.851s] -- Up-to-date: /home/mc2148/AURO/GIT-SUBMISSION/AURO/Submission/install/assessment_interfaces/share/assessment_interfaces/local_setup.sh
[3.852s] -- Up-to-date: /home/mc2148/AURO/GIT-SUBMISSION/AURO/Submission/install/assessment_interfaces/share/assessment_interfaces/local_setup.zsh
[3.852s] -- Up-to-date: /home/mc2148/AURO/GIT-SUBMISSION/AURO/Submission/install/assessment_interfaces/share/assessment_interfaces/local_setup.dsv
[3.852s] -- Installing: /home/mc2148/AURO/GIT-SUBMISSION/AURO/Submission/install/assessment_interfaces/share/assessment_interfaces/package.dsv
[3.852s] -- Up-to-date: /home/mc2148/AURO/GIT-SUBMISSION/AURO/Submission/install/assessment_interfaces/share/ament_index/resource_index/packages/assessment_interfaces
[3.853s] -- Up-to-date: /home/mc2148/AURO/GIT-SUBMISSION/AURO/Submission/install/assessment_interfaces/share/assessment_interfaces/cmake/export_assessment_interfaces__rosidl_generator_cExport.cmake
[3.853s] -- Up-to-date: /home/mc2148/AURO/GIT-SUBMISSION/AURO/Submission/install/assessment_interfaces/share/assessment_interfaces/cmake/export_assessment_interfaces__rosidl_generator_cExport-noconfig.cmake
[3.853s] -- Up-to-date: /home/mc2148/AURO/GIT-SUBMISSION/AURO/Submission/install/assessment_interfaces/share/assessment_interfaces/cmake/export_assessment_interfaces__rosidl_typesupport_fastrtps_cExport.cmake
[3.853s] -- Up-to-date: /home/mc2148/AURO/GIT-SUBMISSION/AURO/Submission/install/assessment_interfaces/share/assessment_interfaces/cmake/export_assessment_interfaces__rosidl_typesupport_fastrtps_cExport-noconfig.cmake
[3.853s] -- Up-to-date: /home/mc2148/AURO/GIT-SUBMISSION/AURO/Submission/install/assessment_interfaces/share/assessment_interfaces/cmake/assessment_interfaces__rosidl_typesupport_introspection_cExport.cmake
[3.854s] -- Up-to-date: /home/mc2148/AURO/GIT-SUBMISSION/AURO/Submission/install/assessment_interfaces/share/assessment_interfaces/cmake/assessment_interfaces__rosidl_typesupport_introspection_cExport-noconfig.cmake
[3.854s] -- Up-to-date: /home/mc2148/AURO/GIT-SUBMISSION/AURO/Submission/install/assessment_interfaces/share/assessment_interfaces/cmake/assessment_interfaces__rosidl_typesupport_cExport.cmake
[3.854s] -- Up-to-date: /home/mc2148/AURO/GIT-SUBMISSION/AURO/Submission/install/assessment_interfaces/share/assessment_interfaces/cmake/assessment_interfaces__rosidl_typesupport_cExport-noconfig.cmake
[3.854s] -- Up-to-date: /home/mc2148/AURO/GIT-SUBMISSION/AURO/Submission/install/assessment_interfaces/share/assessment_interfaces/cmake/export_assessment_interfaces__rosidl_generator_cppExport.cmake
[3.855s] -- Up-to-date: /home/mc2148/AURO/GIT-SUBMISSION/AURO/Submission/install/assessment_interfaces/share/assessment_interfaces/cmake/export_assessment_interfaces__rosidl_typesupport_fastrtps_cppExport.cmake
[3.855s] -- Up-to-date: /home/mc2148/AURO/GIT-SUBMISSION/AURO/Submission/install/assessment_interfaces/share/assessment_interfaces/cmake/export_assessment_interfaces__rosidl_typesupport_fastrtps_cppExport-noconfig.cmake
[3.855s] -- Up-to-date: /home/mc2148/AURO/GIT-SUBMISSION/AURO/Submission/install/assessment_interfaces/share/assessment_interfaces/cmake/assessment_interfaces__rosidl_typesupport_introspection_cppExport.cmake
[3.874s] -- Up-to-date: /home/mc2148/AURO/GIT-SUBMISSION/AURO/Submission/install/assessment_interfaces/share/assessment_interfaces/cmake/assessment_interfaces__rosidl_typesupport_introspection_cppExport-noconfig.cmake
[3.874s] -- Up-to-date: /home/mc2148/AURO/GIT-SUBMISSION/AURO/Submission/install/assessment_interfaces/share/assessment_interfaces/cmake/assessment_interfaces__rosidl_typesupport_cppExport.cmake
[3.874s] -- Up-to-date: /home/mc2148/AURO/GIT-SUBMISSION/AURO/Submission/install/assessment_interfaces/share/assessment_interfaces/cmake/assessment_interfaces__rosidl_typesupport_cppExport-noconfig.cmake
[3.875s] -- Up-to-date: /home/mc2148/AURO/GIT-SUBMISSION/AURO/Submission/install/assessment_interfaces/share/assessment_interfaces/cmake/export_assessment_interfaces__rosidl_generator_pyExport.cmake
[3.875s] -- Up-to-date: /home/mc2148/AURO/GIT-SUBMISSION/AURO/Submission/install/assessment_interfaces/share/assessment_interfaces/cmake/export_assessment_interfaces__rosidl_generator_pyExport-noconfig.cmake
[3.875s] -- Up-to-date: /home/mc2148/AURO/GIT-SUBMISSION/AURO/Submission/install/assessment_interfaces/share/assessment_interfaces/cmake/rosidl_cmake-extras.cmake
[3.876s] -- Up-to-date: /home/mc2148/AURO/GIT-SUBMISSION/AURO/Submission/install/assessment_interfaces/share/assessment_interfaces/cmake/ament_cmake_export_include_directories-extras.cmake
[3.876s] -- Up-to-date: /home/mc2148/AURO/GIT-SUBMISSION/AURO/Submission/install/assessment_interfaces/share/assessment_interfaces/cmake/ament_cmake_export_libraries-extras.cmake
[3.877s] -- Up-to-date: /home/mc2148/AURO/GIT-SUBMISSION/AURO/Submission/install/assessment_interfaces/share/assessment_interfaces/cmake/ament_cmake_export_targets-extras.cmake
[3.877s] -- Up-to-date: /home/mc2148/AURO/GIT-SUBMISSION/AURO/Submission/install/assessment_interfaces/share/assessment_interfaces/cmake/rosidl_cmake_export_typesupport_targets-extras.cmake
[3.878s] -- Up-to-date: /home/mc2148/AURO/GIT-SUBMISSION/AURO/Submission/install/assessment_interfaces/share/assessment_interfaces/cmake/ament_cmake_export_dependencies-extras.cmake
[3.878s] -- Up-to-date: /home/mc2148/AURO/GIT-SUBMISSION/AURO/Submission/install/assessment_interfaces/share/assessment_interfaces/cmake/rosidl_cmake_export_typesupport_libraries-extras.cmake
[3.879s] -- Up-to-date: /home/mc2148/AURO/GIT-SUBMISSION/AURO/Submission/install/assessment_interfaces/share/assessment_interfaces/cmake/assessment_interfacesConfig.cmake
[3.879s] -- Up-to-date: /home/mc2148/AURO/GIT-SUBMISSION/AURO/Submission/install/assessment_interfaces/share/assessment_interfaces/cmake/assessment_interfacesConfig-version.cmake
[3.880s] -- Up-to-date: /home/mc2148/AURO/GIT-SUBMISSION/AURO/Submission/install/assessment_interfaces/share/assessment_interfaces/package.xml
[3.880s] Invoked command in '/home/mc2148/AURO/GIT-SUBMISSION/AURO/Submission/build/assessment_interfaces' returned '0': CMAKE_PREFIX_PATH=${CMAKE_PREFIX_PATH}:/home/mc2148/turtlebot3_ws/install/turtlebot3_teleop:/home/mc2148/turtlebot3_ws/install/turtlebot3_example:/home/mc2148/AURO/GIT-SUBMISSION/AURO/Submission/install/tf_relay:/home/mc2148/AURO/GIT-SUBMISSION/AURO/Submission/install/solution:/home/mc2148/AURO/GIT-SUBMISSION/AURO/Submission/install/assessment:/opt/ros/humble /usr/bin/cmake --install /home/mc2148/AURO/GIT-SUBMISSION/AURO/Submission/build/assessment_interfaces
