[2.640s] DEBUG:colcon:Command line arguments: ['/usr/bin/colcon', 'build']
[2.641s] DEBUG:colcon:Parsed command line arguments: Namespace(log_base=None, log_level=None, verb_name='build', build_base='build', install_base='install', merge_install=False, symlink_install=False, test_result_base=None, continue_on_error=False, executor='parallel', parallel_workers=4, event_handlers=None, ignore_user_meta=False, metas=['./colcon.meta'], base_paths=['.'], packages_ignore=None, packages_ignore_regex=None, paths=None, packages_up_to=None, packages_up_to_regex=None, packages_above=None, packages_above_and_dependencies=None, packages_above_depth=None, packages_select_by_dep=None, packages_skip_by_dep=None, packages_skip_up_to=None, packages_select_build_failed=False, packages_skip_build_finished=False, packages_select_test_failures=False, packages_skip_test_passed=False, packages_select=None, packages_skip=None, packages_select_regex=None, packages_skip_regex=None, packages_start=None, packages_end=None, allow_overriding=[], cmake_args=None, cmake_target=None, cmake_target_skip_unavailable=False, cmake_clean_cache=False, cmake_clean_first=False, cmake_force_configure=False, ament_cmake_args=None, catkin_cmake_args=None, catkin_skip_building_tests=False, verb_parser=<colcon_defaults.argument_parser.defaults.DefaultArgumentsDecorator object at 0x7fd82b6d6740>, verb_extension=<colcon_core.verb.build.BuildVerb object at 0x7fd82b6d76a0>, main=<bound method BuildVerb.main of <colcon_core.verb.build.BuildVerb object at 0x7fd82b6d76a0>>)
[2.754s] Level 1:colcon.colcon_core.package_discovery:discover_packages(colcon_meta) check parameters
[2.754s] Level 1:colcon.colcon_core.package_discovery:discover_packages(recursive) check parameters
[2.754s] Level 1:colcon.colcon_core.package_discovery:discover_packages(ignore) check parameters
[2.754s] Level 1:colcon.colcon_core.package_discovery:discover_packages(path) check parameters
[2.755s] Level 1:colcon.colcon_core.package_discovery:discover_packages(colcon_meta) discover
[2.755s] Level 1:colcon.colcon_core.package_discovery:discover_packages(recursive) discover
[2.755s] INFO:colcon.colcon_core.package_discovery:Crawling recursively for packages in '/home/mc2148/AURO/GIT-SUBMISSION/AURO/Submission'
[2.755s] Level 1:colcon.colcon_core.package_identification:_identify(.) by extensions ['ignore', 'ignore_ament_install']
[2.755s] Level 1:colcon.colcon_core.package_identification:_identify(.) by extension 'ignore'
[2.755s] Level 1:colcon.colcon_core.package_identification:_identify(.) by extension 'ignore_ament_install'
[2.755s] Level 1:colcon.colcon_core.package_identification:_identify(.) by extensions ['colcon_pkg']
[2.755s] Level 1:colcon.colcon_core.package_identification:_identify(.) by extension 'colcon_pkg'
[2.756s] Level 1:colcon.colcon_core.package_identification:_identify(.) by extensions ['colcon_meta']
[2.756s] Level 1:colcon.colcon_core.package_identification:_identify(.) by extension 'colcon_meta'
[2.756s] Level 1:colcon.colcon_core.package_identification:_identify(.) by extensions ['ros']
[2.756s] Level 1:colcon.colcon_core.package_identification:_identify(.) by extension 'ros'
[2.780s] Level 1:colcon.colcon_core.package_identification:_identify(.) by extensions ['cmake', 'python']
[2.780s] Level 1:colcon.colcon_core.package_identification:_identify(.) by extension 'cmake'
[2.780s] Level 1:colcon.colcon_core.package_identification:_identify(.) by extension 'python'
[2.781s] Level 1:colcon.colcon_core.package_identification:_identify(.) by extensions ['python_setup_py']
[2.781s] Level 1:colcon.colcon_core.package_identification:_identify(.) by extension 'python_setup_py'
[2.781s] Level 1:colcon.colcon_core.package_identification:_identify(build) by extensions ['ignore', 'ignore_ament_install']
[2.781s] Level 1:colcon.colcon_core.package_identification:_identify(build) by extension 'ignore'
[2.781s] Level 1:colcon.colcon_core.package_identification:_identify(build) ignored
[2.782s] Level 1:colcon.colcon_core.package_identification:_identify(install) by extensions ['ignore', 'ignore_ament_install']
[2.782s] Level 1:colcon.colcon_core.package_identification:_identify(install) by extension 'ignore'
[2.782s] Level 1:colcon.colcon_core.package_identification:_identify(install) ignored
[2.782s] Level 1:colcon.colcon_core.package_identification:_identify(log) by extensions ['ignore', 'ignore_ament_install']
[2.782s] Level 1:colcon.colcon_core.package_identification:_identify(log) by extension 'ignore'
[2.782s] Level 1:colcon.colcon_core.package_identification:_identify(log) ignored
[2.783s] Level 1:colcon.colcon_core.package_identification:_identify(src) by extensions ['ignore', 'ignore_ament_install']
[2.783s] Level 1:colcon.colcon_core.package_identification:_identify(src) by extension 'ignore'
[2.783s] Level 1:colcon.colcon_core.package_identification:_identify(src) by extension 'ignore_ament_install'
[2.783s] Level 1:colcon.colcon_core.package_identification:_identify(src) by extensions ['colcon_pkg']
[2.783s] Level 1:colcon.colcon_core.package_identification:_identify(src) by extension 'colcon_pkg'
[2.783s] Level 1:colcon.colcon_core.package_identification:_identify(src) by extensions ['colcon_meta']
[2.783s] Level 1:colcon.colcon_core.package_identification:_identify(src) by extension 'colcon_meta'
[2.783s] Level 1:colcon.colcon_core.package_identification:_identify(src) by extensions ['ros']
[2.783s] Level 1:colcon.colcon_core.package_identification:_identify(src) by extension 'ros'
[2.783s] Level 1:colcon.colcon_core.package_identification:_identify(src) by extensions ['cmake', 'python']
[2.784s] Level 1:colcon.colcon_core.package_identification:_identify(src) by extension 'cmake'
[2.784s] Level 1:colcon.colcon_core.package_identification:_identify(src) by extension 'python'
[2.784s] Level 1:colcon.colcon_core.package_identification:_identify(src) by extensions ['python_setup_py']
[2.784s] Level 1:colcon.colcon_core.package_identification:_identify(src) by extension 'python_setup_py'
[2.784s] Level 1:colcon.colcon_core.package_identification:_identify(src/assessment) by extensions ['ignore', 'ignore_ament_install']
[2.784s] Level 1:colcon.colcon_core.package_identification:_identify(src/assessment) by extension 'ignore'
[2.784s] Level 1:colcon.colcon_core.package_identification:_identify(src/assessment) by extension 'ignore_ament_install'
[2.784s] Level 1:colcon.colcon_core.package_identification:_identify(src/assessment) by extensions ['colcon_pkg']
[2.785s] Level 1:colcon.colcon_core.package_identification:_identify(src/assessment) by extension 'colcon_pkg'
[2.785s] Level 1:colcon.colcon_core.package_identification:_identify(src/assessment) by extensions ['colcon_meta']
[2.785s] Level 1:colcon.colcon_core.package_identification:_identify(src/assessment) by extension 'colcon_meta'
[2.785s] Level 1:colcon.colcon_core.package_identification:_identify(src/assessment) by extensions ['ros']
[2.785s] Level 1:colcon.colcon_core.package_identification:_identify(src/assessment) by extension 'ros'
[2.790s] DEBUG:colcon.colcon_core.package_identification:Package 'src/assessment' with type 'ros.ament_python' and name 'assessment'
[2.791s] Level 1:colcon.colcon_core.package_identification:_identify(src/assessment_interfaces) by extensions ['ignore', 'ignore_ament_install']
[2.791s] Level 1:colcon.colcon_core.package_identification:_identify(src/assessment_interfaces) by extension 'ignore'
[2.791s] Level 1:colcon.colcon_core.package_identification:_identify(src/assessment_interfaces) by extension 'ignore_ament_install'
[2.791s] Level 1:colcon.colcon_core.package_identification:_identify(src/assessment_interfaces) by extensions ['colcon_pkg']
[2.791s] Level 1:colcon.colcon_core.package_identification:_identify(src/assessment_interfaces) by extension 'colcon_pkg'
[2.791s] Level 1:colcon.colcon_core.package_identification:_identify(src/assessment_interfaces) by extensions ['colcon_meta']
[2.791s] Level 1:colcon.colcon_core.package_identification:_identify(src/assessment_interfaces) by extension 'colcon_meta'
[2.791s] Level 1:colcon.colcon_core.package_identification:_identify(src/assessment_interfaces) by extensions ['ros']
[2.792s] Level 1:colcon.colcon_core.package_identification:_identify(src/assessment_interfaces) by extension 'ros'
[2.793s] DEBUG:colcon.colcon_core.package_identification:Package 'src/assessment_interfaces' with type 'ros.ament_cmake' and name 'assessment_interfaces'
[2.793s] Level 1:colcon.colcon_core.package_identification:_identify(src/solution) by extensions ['ignore', 'ignore_ament_install']
[2.793s] Level 1:colcon.colcon_core.package_identification:_identify(src/solution) by extension 'ignore'
[2.793s] Level 1:colcon.colcon_core.package_identification:_identify(src/solution) by extension 'ignore_ament_install'
[2.793s] Level 1:colcon.colcon_core.package_identification:_identify(src/solution) by extensions ['colcon_pkg']
[2.793s] Level 1:colcon.colcon_core.package_identification:_identify(src/solution) by extension 'colcon_pkg'
[2.793s] Level 1:colcon.colcon_core.package_identification:_identify(src/solution) by extensions ['colcon_meta']
[2.794s] Level 1:colcon.colcon_core.package_identification:_identify(src/solution) by extension 'colcon_meta'
[2.794s] Level 1:colcon.colcon_core.package_identification:_identify(src/solution) by extensions ['ros']
[2.794s] Level 1:colcon.colcon_core.package_identification:_identify(src/solution) by extension 'ros'
[2.795s] DEBUG:colcon.colcon_core.package_identification:Package 'src/solution' with type 'ros.ament_python' and name 'solution'
[2.795s] Level 1:colcon.colcon_core.package_identification:_identify(src/solution_interfaces) by extensions ['ignore', 'ignore_ament_install']
[2.795s] Level 1:colcon.colcon_core.package_identification:_identify(src/solution_interfaces) by extension 'ignore'
[2.795s] Level 1:colcon.colcon_core.package_identification:_identify(src/solution_interfaces) by extension 'ignore_ament_install'
[2.795s] Level 1:colcon.colcon_core.package_identification:_identify(src/solution_interfaces) by extensions ['colcon_pkg']
[2.795s] Level 1:colcon.colcon_core.package_identification:_identify(src/solution_interfaces) by extension 'colcon_pkg'
[2.796s] Level 1:colcon.colcon_core.package_identification:_identify(src/solution_interfaces) by extensions ['colcon_meta']
[2.796s] Level 1:colcon.colcon_core.package_identification:_identify(src/solution_interfaces) by extension 'colcon_meta'
[2.796s] Level 1:colcon.colcon_core.package_identification:_identify(src/solution_interfaces) by extensions ['ros']
[2.796s] Level 1:colcon.colcon_core.package_identification:_identify(src/solution_interfaces) by extension 'ros'
[2.797s] DEBUG:colcon.colcon_core.package_identification:Package 'src/solution_interfaces' with type 'ros.ament_cmake' and name 'solution_interfaces'
[2.797s] Level 1:colcon.colcon_core.package_identification:_identify(src/tf_relay) by extensions ['ignore', 'ignore_ament_install']
[2.798s] Level 1:colcon.colcon_core.package_identification:_identify(src/tf_relay) by extension 'ignore'
[2.798s] Level 1:colcon.colcon_core.package_identification:_identify(src/tf_relay) by extension 'ignore_ament_install'
[2.798s] Level 1:colcon.colcon_core.package_identification:_identify(src/tf_relay) by extensions ['colcon_pkg']
[2.798s] Level 1:colcon.colcon_core.package_identification:_identify(src/tf_relay) by extension 'colcon_pkg'
[2.798s] Level 1:colcon.colcon_core.package_identification:_identify(src/tf_relay) by extensions ['colcon_meta']
[2.798s] Level 1:colcon.colcon_core.package_identification:_identify(src/tf_relay) by extension 'colcon_meta'
[2.798s] Level 1:colcon.colcon_core.package_identification:_identify(src/tf_relay) by extensions ['ros']
[2.798s] Level 1:colcon.colcon_core.package_identification:_identify(src/tf_relay) by extension 'ros'
[2.799s] DEBUG:colcon.colcon_core.package_identification:Package 'src/tf_relay' with type 'ros.ament_python' and name 'tf_relay'
[2.799s] Level 1:colcon.colcon_core.package_discovery:discover_packages(recursive) using defaults
[2.799s] Level 1:colcon.colcon_core.package_discovery:discover_packages(ignore) discover
[2.800s] Level 1:colcon.colcon_core.package_discovery:discover_packages(ignore) using defaults
[2.800s] Level 1:colcon.colcon_core.package_discovery:discover_packages(path) discover
[2.800s] Level 1:colcon.colcon_core.package_discovery:discover_packages(path) using defaults
[3.031s] Level 1:colcon.colcon_core.package_discovery:discover_packages(prefix_path) check parameters
[3.031s] Level 1:colcon.colcon_core.package_discovery:discover_packages(prefix_path) discover
[3.111s] DEBUG:colcon.colcon_installed_package_information.package_discovery:Found 5 installed packages in /home/mc2148/AURO/GIT-SUBMISSION/AURO/Submission/install
[3.169s] DEBUG:colcon.colcon_installed_package_information.package_discovery:Found 15 installed packages in /home/mc2148/turtlebot3_ws/install
[3.210s] DEBUG:colcon.colcon_installed_package_information.package_discovery:Found 414 installed packages in /opt/ros/humble
[3.216s] Level 1:colcon.colcon_core.package_discovery:discover_packages(prefix_path) using defaults
[3.478s] Level 5:colcon.colcon_core.verb:set package 'assessment' build argument 'cmake_args' from command line to 'None'
[3.478s] Level 5:colcon.colcon_core.verb:set package 'assessment' build argument 'cmake_target' from command line to 'None'
[3.478s] Level 5:colcon.colcon_core.verb:set package 'assessment' build argument 'cmake_target_skip_unavailable' from command line to 'False'
[3.478s] Level 5:colcon.colcon_core.verb:set package 'assessment' build argument 'cmake_clean_cache' from command line to 'False'
[3.478s] Level 5:colcon.colcon_core.verb:set package 'assessment' build argument 'cmake_clean_first' from command line to 'False'
[3.478s] Level 5:colcon.colcon_core.verb:set package 'assessment' build argument 'cmake_force_configure' from command line to 'False'
[3.478s] Level 5:colcon.colcon_core.verb:set package 'assessment' build argument 'ament_cmake_args' from command line to 'None'
[3.478s] Level 5:colcon.colcon_core.verb:set package 'assessment' build argument 'catkin_cmake_args' from command line to 'None'
[3.478s] Level 5:colcon.colcon_core.verb:set package 'assessment' build argument 'catkin_skip_building_tests' from command line to 'False'
[3.478s] DEBUG:colcon.colcon_core.verb:Building package 'assessment' with the following arguments: {'ament_cmake_args': None, 'build_base': '/home/mc2148/AURO/GIT-SUBMISSION/AURO/Submission/build/assessment', 'catkin_cmake_args': None, 'catkin_skip_building_tests': False, 'cmake_args': None, 'cmake_clean_cache': False, 'cmake_clean_first': False, 'cmake_force_configure': False, 'cmake_target': None, 'cmake_target_skip_unavailable': False, 'install_base': '/home/mc2148/AURO/GIT-SUBMISSION/AURO/Submission/install/assessment', 'merge_install': False, 'path': '/home/mc2148/AURO/GIT-SUBMISSION/AURO/Submission/src/assessment', 'symlink_install': False, 'test_result_base': None}
[3.517s] Level 5:colcon.colcon_core.verb:set package 'assessment_interfaces' build argument 'cmake_args' from command line to 'None'
[3.517s] Level 5:colcon.colcon_core.verb:set package 'assessment_interfaces' build argument 'cmake_target' from command line to 'None'
[3.517s] Level 5:colcon.colcon_core.verb:set package 'assessment_interfaces' build argument 'cmake_target_skip_unavailable' from command line to 'False'
[3.517s] Level 5:colcon.colcon_core.verb:set package 'assessment_interfaces' build argument 'cmake_clean_cache' from command line to 'False'
[3.517s] Level 5:colcon.colcon_core.verb:set package 'assessment_interfaces' build argument 'cmake_clean_first' from command line to 'False'
[3.517s] Level 5:colcon.colcon_core.verb:set package 'assessment_interfaces' build argument 'cmake_force_configure' from command line to 'False'
[3.517s] Level 5:colcon.colcon_core.verb:set package 'assessment_interfaces' build argument 'ament_cmake_args' from command line to 'None'
[3.517s] Level 5:colcon.colcon_core.verb:set package 'assessment_interfaces' build argument 'catkin_cmake_args' from command line to 'None'
[3.517s] Level 5:colcon.colcon_core.verb:set package 'assessment_interfaces' build argument 'catkin_skip_building_tests' from command line to 'False'
[3.517s] DEBUG:colcon.colcon_core.verb:Building package 'assessment_interfaces' with the following arguments: {'ament_cmake_args': None, 'build_base': '/home/mc2148/AURO/GIT-SUBMISSION/AURO/Submission/build/assessment_interfaces', 'catkin_cmake_args': None, 'catkin_skip_building_tests': False, 'cmake_args': None, 'cmake_clean_cache': False, 'cmake_clean_first': False, 'cmake_force_configure': False, 'cmake_target': None, 'cmake_target_skip_unavailable': False, 'install_base': '/home/mc2148/AURO/GIT-SUBMISSION/AURO/Submission/install/assessment_interfaces', 'merge_install': False, 'path': '/home/mc2148/AURO/GIT-SUBMISSION/AURO/Submission/src/assessment_interfaces', 'symlink_install': False, 'test_result_base': None}
[3.556s] Level 5:colcon.colcon_core.verb:set package 'solution' build argument 'cmake_args' from command line to 'None'
[3.556s] Level 5:colcon.colcon_core.verb:set package 'solution' build argument 'cmake_target' from command line to 'None'
[3.556s] Level 5:colcon.colcon_core.verb:set package 'solution' build argument 'cmake_target_skip_unavailable' from command line to 'False'
[3.556s] Level 5:colcon.colcon_core.verb:set package 'solution' build argument 'cmake_clean_cache' from command line to 'False'
[3.556s] Level 5:colcon.colcon_core.verb:set package 'solution' build argument 'cmake_clean_first' from command line to 'False'
[3.556s] Level 5:colcon.colcon_core.verb:set package 'solution' build argument 'cmake_force_configure' from command line to 'False'
[3.556s] Level 5:colcon.colcon_core.verb:set package 'solution' build argument 'ament_cmake_args' from command line to 'None'
[3.556s] Level 5:colcon.colcon_core.verb:set package 'solution' build argument 'catkin_cmake_args' from command line to 'None'
[3.556s] Level 5:colcon.colcon_core.verb:set package 'solution' build argument 'catkin_skip_building_tests' from command line to 'False'
[3.556s] DEBUG:colcon.colcon_core.verb:Building package 'solution' with the following arguments: {'ament_cmake_args': None, 'build_base': '/home/mc2148/AURO/GIT-SUBMISSION/AURO/Submission/build/solution', 'catkin_cmake_args': None, 'catkin_skip_building_tests': False, 'cmake_args': None, 'cmake_clean_cache': False, 'cmake_clean_first': False, 'cmake_force_configure': False, 'cmake_target': None, 'cmake_target_skip_unavailable': False, 'install_base': '/home/mc2148/AURO/GIT-SUBMISSION/AURO/Submission/install/solution', 'merge_install': False, 'path': '/home/mc2148/AURO/GIT-SUBMISSION/AURO/Submission/src/solution', 'symlink_install': False, 'test_result_base': None}
[3.595s] Level 5:colcon.colcon_core.verb:set package 'solution_interfaces' build argument 'cmake_args' from command line to 'None'
[3.595s] Level 5:colcon.colcon_core.verb:set package 'solution_interfaces' build argument 'cmake_target' from command line to 'None'
[3.595s] Level 5:colcon.colcon_core.verb:set package 'solution_interfaces' build argument 'cmake_target_skip_unavailable' from command line to 'False'
[3.595s] Level 5:colcon.colcon_core.verb:set package 'solution_interfaces' build argument 'cmake_clean_cache' from command line to 'False'
[3.595s] Level 5:colcon.colcon_core.verb:set package 'solution_interfaces' build argument 'cmake_clean_first' from command line to 'False'
[3.595s] Level 5:colcon.colcon_core.verb:set package 'solution_interfaces' build argument 'cmake_force_configure' from command line to 'False'
[3.595s] Level 5:colcon.colcon_core.verb:set package 'solution_interfaces' build argument 'ament_cmake_args' from command line to 'None'
[3.595s] Level 5:colcon.colcon_core.verb:set package 'solution_interfaces' build argument 'catkin_cmake_args' from command line to 'None'
[3.595s] Level 5:colcon.colcon_core.verb:set package 'solution_interfaces' build argument 'catkin_skip_building_tests' from command line to 'False'
[3.595s] DEBUG:colcon.colcon_core.verb:Building package 'solution_interfaces' with the following arguments: {'ament_cmake_args': None, 'build_base': '/home/mc2148/AURO/GIT-SUBMISSION/AURO/Submission/build/solution_interfaces', 'catkin_cmake_args': None, 'catkin_skip_building_tests': False, 'cmake_args': None, 'cmake_clean_cache': False, 'cmake_clean_first': False, 'cmake_force_configure': False, 'cmake_target': None, 'cmake_target_skip_unavailable': False, 'install_base': '/home/mc2148/AURO/GIT-SUBMISSION/AURO/Submission/install/solution_interfaces', 'merge_install': False, 'path': '/home/mc2148/AURO/GIT-SUBMISSION/AURO/Submission/src/solution_interfaces', 'symlink_install': False, 'test_result_base': None}
[3.633s] Level 5:colcon.colcon_core.verb:set package 'tf_relay' build argument 'cmake_args' from command line to 'None'
[3.634s] Level 5:colcon.colcon_core.verb:set package 'tf_relay' build argument 'cmake_target' from command line to 'None'
[3.634s] Level 5:colcon.colcon_core.verb:set package 'tf_relay' build argument 'cmake_target_skip_unavailable' from command line to 'False'
[3.634s] Level 5:colcon.colcon_core.verb:set package 'tf_relay' build argument 'cmake_clean_cache' from command line to 'False'
[3.634s] Level 5:colcon.colcon_core.verb:set package 'tf_relay' build argument 'cmake_clean_first' from command line to 'False'
[3.634s] Level 5:colcon.colcon_core.verb:set package 'tf_relay' build argument 'cmake_force_configure' from command line to 'False'
[3.634s] Level 5:colcon.colcon_core.verb:set package 'tf_relay' build argument 'ament_cmake_args' from command line to 'None'
[3.634s] Level 5:colcon.colcon_core.verb:set package 'tf_relay' build argument 'catkin_cmake_args' from command line to 'None'
[3.634s] Level 5:colcon.colcon_core.verb:set package 'tf_relay' build argument 'catkin_skip_building_tests' from command line to 'False'
[3.634s] DEBUG:colcon.colcon_core.verb:Building package 'tf_relay' with the following arguments: {'ament_cmake_args': None, 'build_base': '/home/mc2148/AURO/GIT-SUBMISSION/AURO/Submission/build/tf_relay', 'catkin_cmake_args': None, 'catkin_skip_building_tests': False, 'cmake_args': None, 'cmake_clean_cache': False, 'cmake_clean_first': False, 'cmake_force_configure': False, 'cmake_target': None, 'cmake_target_skip_unavailable': False, 'install_base': '/home/mc2148/AURO/GIT-SUBMISSION/AURO/Submission/install/tf_relay', 'merge_install': False, 'path': '/home/mc2148/AURO/GIT-SUBMISSION/AURO/Submission/src/tf_relay', 'symlink_install': False, 'test_result_base': None}
[3.672s] INFO:colcon.colcon_core.executor:Executing jobs using 'parallel' executor
[3.711s] DEBUG:colcon.colcon_parallel_executor.executor.parallel:run_until_complete
[3.711s] INFO:colcon.colcon_ros.task.ament_python.build:Building ROS package in '/home/mc2148/AURO/GIT-SUBMISSION/AURO/Submission/src/assessment' with build type 'ament_python'
[3.712s] Level 1:colcon.colcon_core.shell:create_environment_hook('assessment', 'ament_prefix_path')
[3.758s] INFO:colcon.colcon_core.plugin_system:Skipping extension 'colcon_core.shell.bat': Not used on non-Windows systems
[3.758s] INFO:colcon.colcon_core.shell:Creating environment hook '/home/mc2148/AURO/GIT-SUBMISSION/AURO/Submission/install/assessment/share/assessment/hook/ament_prefix_path.ps1'
[3.760s] INFO:colcon.colcon_core.shell:Creating environment descriptor '/home/mc2148/AURO/GIT-SUBMISSION/AURO/Submission/install/assessment/share/assessment/hook/ament_prefix_path.dsv'
[3.760s] INFO:colcon.colcon_core.shell:Creating environment hook '/home/mc2148/AURO/GIT-SUBMISSION/AURO/Submission/install/assessment/share/assessment/hook/ament_prefix_path.sh'
[3.805s] INFO:colcon.colcon_core.shell:Skip shell extension 'powershell' for command environment: Not usable outside of PowerShell
[3.805s] DEBUG:colcon.colcon_core.shell:Skip shell extension 'dsv' for command environment
[3.972s] INFO:colcon.colcon_ros.task.ament_cmake.build:Building ROS package in '/home/mc2148/AURO/GIT-SUBMISSION/AURO/Submission/src/assessment_interfaces' with build type 'ament_cmake'
[3.972s] INFO:colcon.colcon_cmake.task.cmake.build:Building CMake package in '/home/mc2148/AURO/GIT-SUBMISSION/AURO/Submission/src/assessment_interfaces'
[4.015s] INFO:colcon.colcon_core.shell:Skip shell extension 'powershell' for command environment: Not usable outside of PowerShell
[4.015s] DEBUG:colcon.colcon_core.shell:Skip shell extension 'dsv' for command environment
[4.183s] INFO:colcon.colcon_ros.task.ament_python.build:Building ROS package in '/home/mc2148/AURO/GIT-SUBMISSION/AURO/Submission/src/solution' with build type 'ament_python'
[4.183s] Level 1:colcon.colcon_core.shell:create_environment_hook('solution', 'ament_prefix_path')
[4.227s] INFO:colcon.colcon_core.shell:Creating environment hook '/home/mc2148/AURO/GIT-SUBMISSION/AURO/Submission/install/solution/share/solution/hook/ament_prefix_path.ps1'
[4.228s] INFO:colcon.colcon_core.shell:Creating environment descriptor '/home/mc2148/AURO/GIT-SUBMISSION/AURO/Submission/install/solution/share/solution/hook/ament_prefix_path.dsv'
[4.229s] INFO:colcon.colcon_core.shell:Creating environment hook '/home/mc2148/AURO/GIT-SUBMISSION/AURO/Submission/install/solution/share/solution/hook/ament_prefix_path.sh'
[4.270s] INFO:colcon.colcon_core.shell:Skip shell extension 'powershell' for command environment: Not usable outside of PowerShell
[4.271s] DEBUG:colcon.colcon_core.shell:Skip shell extension 'dsv' for command environment
[4.433s] INFO:colcon.colcon_ros.task.ament_cmake.build:Building ROS package in '/home/mc2148/AURO/GIT-SUBMISSION/AURO/Submission/src/solution_interfaces' with build type 'ament_cmake'
[4.433s] INFO:colcon.colcon_cmake.task.cmake.build:Building CMake package in '/home/mc2148/AURO/GIT-SUBMISSION/AURO/Submission/src/solution_interfaces'
[4.472s] INFO:colcon.colcon_core.shell:Skip shell extension 'powershell' for command environment: Not usable outside of PowerShell
[4.472s] DEBUG:colcon.colcon_core.shell:Skip shell extension 'dsv' for command environment
[5.305s] INFO:colcon.colcon_core.task.python.build:Building Python package in '/home/mc2148/AURO/GIT-SUBMISSION/AURO/Submission/src/assessment'
[5.343s] INFO:colcon.colcon_core.shell:Skip shell extension 'powershell' for command environment: Not usable outside of PowerShell
[5.343s] DEBUG:colcon.colcon_core.shell:Skip shell extension 'dsv' for command environment
[5.529s] DEBUG:colcon.colcon_core.event_handler.log_command:Invoking command in '/home/mc2148/AURO/GIT-SUBMISSION/AURO/Submission/build/assessment_interfaces': CMAKE_PREFIX_PATH=${CMAKE_PREFIX_PATH}:/home/mc2148/turtlebot3_ws/install/turtlebot3_teleop:/home/mc2148/turtlebot3_ws/install/turtlebot3_example:/home/mc2148/AURO/GIT-SUBMISSION/AURO/Submission/install/tf_relay:/home/mc2148/AURO/GIT-SUBMISSION/AURO/Submission/install/solution:/home/mc2148/AURO/GIT-SUBMISSION/AURO/Submission/install/assessment:/opt/ros/humble /usr/bin/cmake --build /home/mc2148/AURO/GIT-SUBMISSION/AURO/Submission/build/assessment_interfaces -- -j4 -l4
[6.448s] INFO:colcon.colcon_core.task.python.build:Building Python package in '/home/mc2148/AURO/GIT-SUBMISSION/AURO/Submission/src/solution'
[6.499s] INFO:colcon.colcon_core.shell:Skip shell extension 'powershell' for command environment: Not usable outside of PowerShell
[6.499s] DEBUG:colcon.colcon_core.shell:Skip shell extension 'dsv' for command environment
[6.702s] DEBUG:colcon.colcon_core.event_handler.log_command:Invoking command in '/home/mc2148/AURO/GIT-SUBMISSION/AURO/Submission/build/solution_interfaces': CMAKE_PREFIX_PATH=${CMAKE_PREFIX_PATH}:/home/mc2148/turtlebot3_ws/install/turtlebot3_teleop:/home/mc2148/turtlebot3_ws/install/turtlebot3_example:/home/mc2148/AURO/GIT-SUBMISSION/AURO/Submission/install/tf_relay:/home/mc2148/AURO/GIT-SUBMISSION/AURO/Submission/install/solution:/home/mc2148/AURO/GIT-SUBMISSION/AURO/Submission/install/assessment:/opt/ros/humble /usr/bin/cmake --build /home/mc2148/AURO/GIT-SUBMISSION/AURO/Submission/build/solution_interfaces -- -j4 -l4
[6.749s] DEBUG:colcon.colcon_core.event_handler.log_command:Invoked command in '/home/mc2148/AURO/GIT-SUBMISSION/AURO/Submission/build/assessment_interfaces' returned '0': CMAKE_PREFIX_PATH=${CMAKE_PREFIX_PATH}:/home/mc2148/turtlebot3_ws/install/turtlebot3_teleop:/home/mc2148/turtlebot3_ws/install/turtlebot3_example:/home/mc2148/AURO/GIT-SUBMISSION/AURO/Submission/install/tf_relay:/home/mc2148/AURO/GIT-SUBMISSION/AURO/Submission/install/solution:/home/mc2148/AURO/GIT-SUBMISSION/AURO/Submission/install/assessment:/opt/ros/humble /usr/bin/cmake --build /home/mc2148/AURO/GIT-SUBMISSION/AURO/Submission/build/assessment_interfaces -- -j4 -l4
[8.200s] DEBUG:colcon.colcon_core.event_handler.log_command:Invoking command in '/home/mc2148/AURO/GIT-SUBMISSION/AURO/Submission/build/assessment_interfaces': CMAKE_PREFIX_PATH=${CMAKE_PREFIX_PATH}:/home/mc2148/turtlebot3_ws/install/turtlebot3_teleop:/home/mc2148/turtlebot3_ws/install/turtlebot3_example:/home/mc2148/AURO/GIT-SUBMISSION/AURO/Submission/install/tf_relay:/home/mc2148/AURO/GIT-SUBMISSION/AURO/Submission/install/solution:/home/mc2148/AURO/GIT-SUBMISSION/AURO/Submission/install/assessment:/opt/ros/humble /usr/bin/cmake --install /home/mc2148/AURO/GIT-SUBMISSION/AURO/Submission/build/assessment_interfaces
[8.452s] DEBUG:colcon.colcon_core.event_handler.log_command:Invoking command in '/home/mc2148/AURO/GIT-SUBMISSION/AURO/Submission/src/solution': PYTHONPATH=/home/mc2148/AURO/GIT-SUBMISSION/AURO/Submission/build/solution/prefix_override:/home/mc2148/AURO/GIT-SUBMISSION/AURO/Submission/install/solution/lib/python3.10/site-packages:${PYTHONPATH} /usr/bin/python3 setup.py egg_info --egg-base ../../build/solution build --build-base /home/mc2148/AURO/GIT-SUBMISSION/AURO/Submission/build/solution/build install --record /home/mc2148/AURO/GIT-SUBMISSION/AURO/Submission/build/solution/install.log --single-version-externally-managed
[8.474s] DEBUG:colcon.colcon_core.event_handler.log_command:Invoking command in '/home/mc2148/AURO/GIT-SUBMISSION/AURO/Submission/src/assessment': PYTHONPATH=/home/mc2148/AURO/GIT-SUBMISSION/AURO/Submission/build/assessment/prefix_override:/home/mc2148/AURO/GIT-SUBMISSION/AURO/Submission/install/assessment/lib/python3.10/site-packages:${PYTHONPATH} /usr/bin/python3 setup.py egg_info --egg-base ../../build/assessment build --build-base /home/mc2148/AURO/GIT-SUBMISSION/AURO/Submission/build/assessment/build install --record /home/mc2148/AURO/GIT-SUBMISSION/AURO/Submission/build/assessment/install.log --single-version-externally-managed
[8.519s] Level 1:colcon.colcon_core.environment:create_environment_scripts_only(assessment_interfaces)
[8.520s] DEBUG:colcon.colcon_core.event_handler.log_command:Invoked command in '/home/mc2148/AURO/GIT-SUBMISSION/AURO/Submission/build/assessment_interfaces' returned '0': CMAKE_PREFIX_PATH=${CMAKE_PREFIX_PATH}:/home/mc2148/turtlebot3_ws/install/turtlebot3_teleop:/home/mc2148/turtlebot3_ws/install/turtlebot3_example:/home/mc2148/AURO/GIT-SUBMISSION/AURO/Submission/install/tf_relay:/home/mc2148/AURO/GIT-SUBMISSION/AURO/Submission/install/solution:/home/mc2148/AURO/GIT-SUBMISSION/AURO/Submission/install/assessment:/opt/ros/humble /usr/bin/cmake --install /home/mc2148/AURO/GIT-SUBMISSION/AURO/Submission/build/assessment_interfaces
[8.609s] Level 1:colcon.colcon_core.environment:checking '/home/mc2148/AURO/GIT-SUBMISSION/AURO/Submission/install/assessment_interfaces' for CMake module files
[8.611s] Level 1:colcon.colcon_core.environment:checking '/home/mc2148/AURO/GIT-SUBMISSION/AURO/Submission/install/assessment_interfaces' for CMake config files
[8.612s] Level 1:colcon.colcon_core.shell:create_environment_hook('assessment_interfaces', 'cmake_prefix_path')
[8.679s] INFO:colcon.colcon_core.shell:Creating environment hook '/home/mc2148/AURO/GIT-SUBMISSION/AURO/Submission/install/assessment_interfaces/share/assessment_interfaces/hook/cmake_prefix_path.ps1'
[8.680s] INFO:colcon.colcon_core.shell:Creating environment descriptor '/home/mc2148/AURO/GIT-SUBMISSION/AURO/Submission/install/assessment_interfaces/share/assessment_interfaces/hook/cmake_prefix_path.dsv'
[8.681s] INFO:colcon.colcon_core.shell:Creating environment hook '/home/mc2148/AURO/GIT-SUBMISSION/AURO/Submission/install/assessment_interfaces/share/assessment_interfaces/hook/cmake_prefix_path.sh'
[8.683s] Level 1:colcon.colcon_core.environment:checking '/home/mc2148/AURO/GIT-SUBMISSION/AURO/Submission/install/assessment_interfaces/lib'
[8.684s] Level 1:colcon.colcon_core.shell:create_environment_hook('assessment_interfaces', 'ld_library_path_lib')
[8.750s] INFO:colcon.colcon_core.shell:Creating environment hook '/home/mc2148/AURO/GIT-SUBMISSION/AURO/Submission/install/assessment_interfaces/share/assessment_interfaces/hook/ld_library_path_lib.ps1'
[8.751s] INFO:colcon.colcon_core.shell:Creating environment descriptor '/home/mc2148/AURO/GIT-SUBMISSION/AURO/Submission/install/assessment_interfaces/share/assessment_interfaces/hook/ld_library_path_lib.dsv'
[8.752s] INFO:colcon.colcon_core.shell:Creating environment hook '/home/mc2148/AURO/GIT-SUBMISSION/AURO/Submission/install/assessment_interfaces/share/assessment_interfaces/hook/ld_library_path_lib.sh'
[8.753s] Level 1:colcon.colcon_core.environment:checking '/home/mc2148/AURO/GIT-SUBMISSION/AURO/Submission/install/assessment_interfaces/bin'
[8.754s] Level 1:colcon.colcon_core.environment:checking '/home/mc2148/AURO/GIT-SUBMISSION/AURO/Submission/install/assessment_interfaces/lib/pkgconfig/assessment_interfaces.pc'
[8.754s] Level 1:colcon.colcon_core.environment:checking '/home/mc2148/AURO/GIT-SUBMISSION/AURO/Submission/install/assessment_interfaces/lib/python3.10/site-packages'
[8.755s] Level 1:colcon.colcon_core.environment:checking '/home/mc2148/AURO/GIT-SUBMISSION/AURO/Submission/install/assessment_interfaces/bin'
[8.822s] INFO:colcon.colcon_core.shell:Creating package script '/home/mc2148/AURO/GIT-SUBMISSION/AURO/Submission/install/assessment_interfaces/share/assessment_interfaces/package.ps1'
[8.824s] INFO:colcon.colcon_core.shell:Creating package descriptor '/home/mc2148/AURO/GIT-SUBMISSION/AURO/Submission/install/assessment_interfaces/share/assessment_interfaces/package.dsv'
[8.826s] INFO:colcon.colcon_core.shell:Creating package script '/home/mc2148/AURO/GIT-SUBMISSION/AURO/Submission/install/assessment_interfaces/share/assessment_interfaces/package.sh'
[8.829s] INFO:colcon.colcon_core.shell:Creating package script '/home/mc2148/AURO/GIT-SUBMISSION/AURO/Submission/install/assessment_interfaces/share/assessment_interfaces/package.bash'
[8.831s] INFO:colcon.colcon_core.shell:Creating package script '/home/mc2148/AURO/GIT-SUBMISSION/AURO/Submission/install/assessment_interfaces/share/assessment_interfaces/package.zsh'
[8.833s] Level 1:colcon.colcon_core.environment:create_file_with_runtime_dependencies(/home/mc2148/AURO/GIT-SUBMISSION/AURO/Submission/install/assessment_interfaces/share/colcon-core/packages/assessment_interfaces)
[8.841s] DEBUG:colcon.colcon_core.event_handler.log_command:Invoked command in '/home/mc2148/AURO/GIT-SUBMISSION/AURO/Submission/build/solution_interfaces' returned '0': CMAKE_PREFIX_PATH=${CMAKE_PREFIX_PATH}:/home/mc2148/turtlebot3_ws/install/turtlebot3_teleop:/home/mc2148/turtlebot3_ws/install/turtlebot3_example:/home/mc2148/AURO/GIT-SUBMISSION/AURO/Submission/install/tf_relay:/home/mc2148/AURO/GIT-SUBMISSION/AURO/Submission/install/solution:/home/mc2148/AURO/GIT-SUBMISSION/AURO/Submission/install/assessment:/opt/ros/humble /usr/bin/cmake --build /home/mc2148/AURO/GIT-SUBMISSION/AURO/Submission/build/solution_interfaces -- -j4 -l4
[9.276s] DEBUG:colcon.colcon_core.event_handler.log_command:Invoking command in '/home/mc2148/AURO/GIT-SUBMISSION/AURO/Submission/build/solution_interfaces': CMAKE_PREFIX_PATH=${CMAKE_PREFIX_PATH}:/home/mc2148/turtlebot3_ws/install/turtlebot3_teleop:/home/mc2148/turtlebot3_ws/install/turtlebot3_example:/home/mc2148/AURO/GIT-SUBMISSION/AURO/Submission/install/tf_relay:/home/mc2148/AURO/GIT-SUBMISSION/AURO/Submission/install/solution:/home/mc2148/AURO/GIT-SUBMISSION/AURO/Submission/install/assessment:/opt/ros/humble /usr/bin/cmake --install /home/mc2148/AURO/GIT-SUBMISSION/AURO/Submission/build/solution_interfaces
[9.598s] Level 1:colcon.colcon_core.environment:create_environment_scripts_only(solution_interfaces)
[9.610s] DEBUG:colcon.colcon_core.event_handler.log_command:Invoked command in '/home/mc2148/AURO/GIT-SUBMISSION/AURO/Submission/build/solution_interfaces' returned '0': CMAKE_PREFIX_PATH=${CMAKE_PREFIX_PATH}:/home/mc2148/turtlebot3_ws/install/turtlebot3_teleop:/home/mc2148/turtlebot3_ws/install/turtlebot3_example:/home/mc2148/AURO/GIT-SUBMISSION/AURO/Submission/install/tf_relay:/home/mc2148/AURO/GIT-SUBMISSION/AURO/Submission/install/solution:/home/mc2148/AURO/GIT-SUBMISSION/AURO/Submission/install/assessment:/opt/ros/humble /usr/bin/cmake --install /home/mc2148/AURO/GIT-SUBMISSION/AURO/Submission/build/solution_interfaces
[9.657s] Level 1:colcon.colcon_core.environment:checking '/home/mc2148/AURO/GIT-SUBMISSION/AURO/Submission/install/solution_interfaces' for CMake module files
[9.660s] Level 1:colcon.colcon_core.environment:checking '/home/mc2148/AURO/GIT-SUBMISSION/AURO/Submission/install/solution_interfaces' for CMake config files
[9.660s] Level 1:colcon.colcon_core.shell:create_environment_hook('solution_interfaces', 'cmake_prefix_path')
[9.711s] INFO:colcon.colcon_core.shell:Creating environment hook '/home/mc2148/AURO/GIT-SUBMISSION/AURO/Submission/install/solution_interfaces/share/solution_interfaces/hook/cmake_prefix_path.ps1'
[9.712s] INFO:colcon.colcon_core.shell:Creating environment descriptor '/home/mc2148/AURO/GIT-SUBMISSION/AURO/Submission/install/solution_interfaces/share/solution_interfaces/hook/cmake_prefix_path.dsv'
[9.713s] INFO:colcon.colcon_core.shell:Creating environment hook '/home/mc2148/AURO/GIT-SUBMISSION/AURO/Submission/install/solution_interfaces/share/solution_interfaces/hook/cmake_prefix_path.sh'
[9.714s] Level 1:colcon.colcon_core.environment:checking '/home/mc2148/AURO/GIT-SUBMISSION/AURO/Submission/install/solution_interfaces/lib'
[9.714s] Level 1:colcon.colcon_core.shell:create_environment_hook('solution_interfaces', 'ld_library_path_lib')
[9.784s] INFO:colcon.colcon_core.shell:Creating environment hook '/home/mc2148/AURO/GIT-SUBMISSION/AURO/Submission/install/solution_interfaces/share/solution_interfaces/hook/ld_library_path_lib.ps1'
[9.785s] INFO:colcon.colcon_core.shell:Creating environment descriptor '/home/mc2148/AURO/GIT-SUBMISSION/AURO/Submission/install/solution_interfaces/share/solution_interfaces/hook/ld_library_path_lib.dsv'
[9.786s] INFO:colcon.colcon_core.shell:Creating environment hook '/home/mc2148/AURO/GIT-SUBMISSION/AURO/Submission/install/solution_interfaces/share/solution_interfaces/hook/ld_library_path_lib.sh'
[9.787s] Level 1:colcon.colcon_core.environment:checking '/home/mc2148/AURO/GIT-SUBMISSION/AURO/Submission/install/solution_interfaces/bin'
[9.787s] Level 1:colcon.colcon_core.environment:checking '/home/mc2148/AURO/GIT-SUBMISSION/AURO/Submission/install/solution_interfaces/lib/pkgconfig/solution_interfaces.pc'
[9.787s] Level 1:colcon.colcon_core.environment:checking '/home/mc2148/AURO/GIT-SUBMISSION/AURO/Submission/install/solution_interfaces/lib/python3.10/site-packages'
[9.788s] Level 1:colcon.colcon_core.environment:checking '/home/mc2148/AURO/GIT-SUBMISSION/AURO/Submission/install/solution_interfaces/bin'
[9.829s] INFO:colcon.colcon_core.shell:Creating package script '/home/mc2148/AURO/GIT-SUBMISSION/AURO/Submission/install/solution_interfaces/share/solution_interfaces/package.ps1'
[9.830s] INFO:colcon.colcon_core.shell:Creating package descriptor '/home/mc2148/AURO/GIT-SUBMISSION/AURO/Submission/install/solution_interfaces/share/solution_interfaces/package.dsv'
[9.831s] INFO:colcon.colcon_core.shell:Creating package script '/home/mc2148/AURO/GIT-SUBMISSION/AURO/Submission/install/solution_interfaces/share/solution_interfaces/package.sh'
[9.831s] INFO:colcon.colcon_core.shell:Creating package script '/home/mc2148/AURO/GIT-SUBMISSION/AURO/Submission/install/solution_interfaces/share/solution_interfaces/package.bash'
[9.832s] INFO:colcon.colcon_core.shell:Creating package script '/home/mc2148/AURO/GIT-SUBMISSION/AURO/Submission/install/solution_interfaces/share/solution_interfaces/package.zsh'
[9.833s] Level 1:colcon.colcon_core.environment:create_file_with_runtime_dependencies(/home/mc2148/AURO/GIT-SUBMISSION/AURO/Submission/install/solution_interfaces/share/colcon-core/packages/solution_interfaces)
[9.889s] Level 1:colcon.colcon_core.environment:create_environment_scripts_only(assessment_interfaces)
[9.936s] Level 1:colcon.colcon_core.environment:checking '/home/mc2148/AURO/GIT-SUBMISSION/AURO/Submission/install/assessment_interfaces' for CMake module files
[9.937s] Level 1:colcon.colcon_core.environment:checking '/home/mc2148/AURO/GIT-SUBMISSION/AURO/Submission/install/assessment_interfaces' for CMake config files
[9.938s] Level 1:colcon.colcon_core.shell:create_environment_hook('assessment_interfaces', 'cmake_prefix_path')
[9.984s] INFO:colcon.colcon_core.shell:Creating environment hook '/home/mc2148/AURO/GIT-SUBMISSION/AURO/Submission/install/assessment_interfaces/share/assessment_interfaces/hook/cmake_prefix_path.ps1'
[9.985s] INFO:colcon.colcon_core.shell:Creating environment descriptor '/home/mc2148/AURO/GIT-SUBMISSION/AURO/Submission/install/assessment_interfaces/share/assessment_interfaces/hook/cmake_prefix_path.dsv'
[9.985s] INFO:colcon.colcon_core.shell:Creating environment hook '/home/mc2148/AURO/GIT-SUBMISSION/AURO/Submission/install/assessment_interfaces/share/assessment_interfaces/hook/cmake_prefix_path.sh'
[9.986s] Level 1:colcon.colcon_core.environment:checking '/home/mc2148/AURO/GIT-SUBMISSION/AURO/Submission/install/assessment_interfaces/lib'
[9.987s] Level 1:colcon.colcon_core.shell:create_environment_hook('assessment_interfaces', 'ld_library_path_lib')
[10.032s] INFO:colcon.colcon_core.shell:Creating environment hook '/home/mc2148/AURO/GIT-SUBMISSION/AURO/Submission/install/assessment_interfaces/share/assessment_interfaces/hook/ld_library_path_lib.ps1'
[10.033s] INFO:colcon.colcon_core.shell:Creating environment descriptor '/home/mc2148/AURO/GIT-SUBMISSION/AURO/Submission/install/assessment_interfaces/share/assessment_interfaces/hook/ld_library_path_lib.dsv'
[10.034s] INFO:colcon.colcon_core.shell:Creating environment hook '/home/mc2148/AURO/GIT-SUBMISSION/AURO/Submission/install/assessment_interfaces/share/assessment_interfaces/hook/ld_library_path_lib.sh'
[10.035s] Level 1:colcon.colcon_core.environment:checking '/home/mc2148/AURO/GIT-SUBMISSION/AURO/Submission/install/assessment_interfaces/bin'
[10.035s] Level 1:colcon.colcon_core.environment:checking '/home/mc2148/AURO/GIT-SUBMISSION/AURO/Submission/install/assessment_interfaces/lib/pkgconfig/assessment_interfaces.pc'
[10.036s] Level 1:colcon.colcon_core.environment:checking '/home/mc2148/AURO/GIT-SUBMISSION/AURO/Submission/install/assessment_interfaces/lib/python3.10/site-packages'
[10.036s] Level 1:colcon.colcon_core.environment:checking '/home/mc2148/AURO/GIT-SUBMISSION/AURO/Submission/install/assessment_interfaces/bin'
[10.087s] INFO:colcon.colcon_core.shell:Creating package script '/home/mc2148/AURO/GIT-SUBMISSION/AURO/Submission/install/assessment_interfaces/share/assessment_interfaces/package.ps1'
[10.089s] INFO:colcon.colcon_core.shell:Creating package descriptor '/home/mc2148/AURO/GIT-SUBMISSION/AURO/Submission/install/assessment_interfaces/share/assessment_interfaces/package.dsv'
[10.090s] INFO:colcon.colcon_core.shell:Creating package script '/home/mc2148/AURO/GIT-SUBMISSION/AURO/Submission/install/assessment_interfaces/share/assessment_interfaces/package.sh'
[10.091s] INFO:colcon.colcon_core.shell:Creating package script '/home/mc2148/AURO/GIT-SUBMISSION/AURO/Submission/install/assessment_interfaces/share/assessment_interfaces/package.bash'
[10.092s] INFO:colcon.colcon_core.shell:Creating package script '/home/mc2148/AURO/GIT-SUBMISSION/AURO/Submission/install/assessment_interfaces/share/assessment_interfaces/package.zsh'
[10.093s] Level 1:colcon.colcon_core.environment:create_file_with_runtime_dependencies(/home/mc2148/AURO/GIT-SUBMISSION/AURO/Submission/install/assessment_interfaces/share/colcon-core/packages/assessment_interfaces)
[10.095s] INFO:colcon.colcon_ros.task.ament_python.build:Building ROS package in '/home/mc2148/AURO/GIT-SUBMISSION/AURO/Submission/src/tf_relay' with build type 'ament_python'
[10.095s] Level 1:colcon.colcon_core.shell:create_environment_hook('tf_relay', 'ament_prefix_path')
[10.145s] INFO:colcon.colcon_core.shell:Creating environment hook '/home/mc2148/AURO/GIT-SUBMISSION/AURO/Submission/install/tf_relay/share/tf_relay/hook/ament_prefix_path.ps1'
[10.146s] INFO:colcon.colcon_core.shell:Creating environment descriptor '/home/mc2148/AURO/GIT-SUBMISSION/AURO/Submission/install/tf_relay/share/tf_relay/hook/ament_prefix_path.dsv'
[10.147s] INFO:colcon.colcon_core.shell:Creating environment hook '/home/mc2148/AURO/GIT-SUBMISSION/AURO/Submission/install/tf_relay/share/tf_relay/hook/ament_prefix_path.sh'
[10.197s] INFO:colcon.colcon_core.shell:Skip shell extension 'powershell' for command environment: Not usable outside of PowerShell
[10.198s] DEBUG:colcon.colcon_core.shell:Skip shell extension 'dsv' for command environment
[10.377s] DEBUG:colcon.colcon_core.event_handler.log_command:Invoked command in '/home/mc2148/AURO/GIT-SUBMISSION/AURO/Submission/src/solution' returned '0': PYTHONPATH=/home/mc2148/AURO/GIT-SUBMISSION/AURO/Submission/build/solution/prefix_override:/home/mc2148/AURO/GIT-SUBMISSION/AURO/Submission/install/solution/lib/python3.10/site-packages:${PYTHONPATH} /usr/bin/python3 setup.py egg_info --egg-base ../../build/solution build --build-base /home/mc2148/AURO/GIT-SUBMISSION/AURO/Submission/build/solution/build install --record /home/mc2148/AURO/GIT-SUBMISSION/AURO/Submission/build/solution/install.log --single-version-externally-managed
[10.417s] Level 1:colcon.colcon_core.environment:checking '/home/mc2148/AURO/GIT-SUBMISSION/AURO/Submission/install/solution' for CMake module files
[10.418s] Level 1:colcon.colcon_core.environment:checking '/home/mc2148/AURO/GIT-SUBMISSION/AURO/Submission/install/solution' for CMake config files
[10.419s] Level 1:colcon.colcon_core.environment:checking '/home/mc2148/AURO/GIT-SUBMISSION/AURO/Submission/install/solution/lib'
[10.419s] Level 1:colcon.colcon_core.environment:checking '/home/mc2148/AURO/GIT-SUBMISSION/AURO/Submission/install/solution/bin'
[10.419s] Level 1:colcon.colcon_core.environment:checking '/home/mc2148/AURO/GIT-SUBMISSION/AURO/Submission/install/solution/lib/pkgconfig/solution.pc'
[10.420s] Level 1:colcon.colcon_core.environment:checking '/home/mc2148/AURO/GIT-SUBMISSION/AURO/Submission/install/solution/lib/python3.10/site-packages'
[10.420s] Level 1:colcon.colcon_core.shell:create_environment_hook('solution', 'pythonpath')
[10.458s] INFO:colcon.colcon_core.shell:Creating environment hook '/home/mc2148/AURO/GIT-SUBMISSION/AURO/Submission/install/solution/share/solution/hook/pythonpath.ps1'
[10.459s] INFO:colcon.colcon_core.shell:Creating environment descriptor '/home/mc2148/AURO/GIT-SUBMISSION/AURO/Submission/install/solution/share/solution/hook/pythonpath.dsv'
[10.460s] INFO:colcon.colcon_core.shell:Creating environment hook '/home/mc2148/AURO/GIT-SUBMISSION/AURO/Submission/install/solution/share/solution/hook/pythonpath.sh'
[10.461s] Level 1:colcon.colcon_core.environment:checking '/home/mc2148/AURO/GIT-SUBMISSION/AURO/Submission/install/solution/bin'
[10.461s] Level 1:colcon.colcon_core.environment:create_environment_scripts_only(solution)
[10.501s] INFO:colcon.colcon_core.shell:Creating package script '/home/mc2148/AURO/GIT-SUBMISSION/AURO/Submission/install/solution/share/solution/package.ps1'
[10.503s] INFO:colcon.colcon_core.shell:Creating package descriptor '/home/mc2148/AURO/GIT-SUBMISSION/AURO/Submission/install/solution/share/solution/package.dsv'
[10.503s] INFO:colcon.colcon_core.shell:Creating package script '/home/mc2148/AURO/GIT-SUBMISSION/AURO/Submission/install/solution/share/solution/package.sh'
[10.504s] INFO:colcon.colcon_core.shell:Creating package script '/home/mc2148/AURO/GIT-SUBMISSION/AURO/Submission/install/solution/share/solution/package.bash'
[10.505s] INFO:colcon.colcon_core.shell:Creating package script '/home/mc2148/AURO/GIT-SUBMISSION/AURO/Submission/install/solution/share/solution/package.zsh'
[10.505s] Level 1:colcon.colcon_core.environment:create_file_with_runtime_dependencies(/home/mc2148/AURO/GIT-SUBMISSION/AURO/Submission/install/solution/share/colcon-core/packages/solution)
[10.508s] DEBUG:colcon.colcon_core.event_handler.log_command:Invoked command in '/home/mc2148/AURO/GIT-SUBMISSION/AURO/Submission/src/assessment' returned '0': PYTHONPATH=/home/mc2148/AURO/GIT-SUBMISSION/AURO/Submission/build/assessment/prefix_override:/home/mc2148/AURO/GIT-SUBMISSION/AURO/Submission/install/assessment/lib/python3.10/site-packages:${PYTHONPATH} /usr/bin/python3 setup.py egg_info --egg-base ../../build/assessment build --build-base /home/mc2148/AURO/GIT-SUBMISSION/AURO/Submission/build/assessment/build install --record /home/mc2148/AURO/GIT-SUBMISSION/AURO/Submission/build/assessment/install.log --single-version-externally-managed
[10.550s] Level 1:colcon.colcon_core.environment:checking '/home/mc2148/AURO/GIT-SUBMISSION/AURO/Submission/install/assessment' for CMake module files
[10.551s] Level 1:colcon.colcon_core.environment:checking '/home/mc2148/AURO/GIT-SUBMISSION/AURO/Submission/install/assessment' for CMake config files
[10.553s] Level 1:colcon.colcon_core.environment:checking '/home/mc2148/AURO/GIT-SUBMISSION/AURO/Submission/install/assessment/lib'
[10.553s] Level 1:colcon.colcon_core.environment:checking '/home/mc2148/AURO/GIT-SUBMISSION/AURO/Submission/install/assessment/bin'
[10.553s] Level 1:colcon.colcon_core.environment:checking '/home/mc2148/AURO/GIT-SUBMISSION/AURO/Submission/install/assessment/lib/pkgconfig/assessment.pc'
[10.554s] Level 1:colcon.colcon_core.environment:checking '/home/mc2148/AURO/GIT-SUBMISSION/AURO/Submission/install/assessment/lib/python3.10/site-packages'
[10.554s] Level 1:colcon.colcon_core.shell:create_environment_hook('assessment', 'pythonpath')
[10.593s] INFO:colcon.colcon_core.shell:Creating environment hook '/home/mc2148/AURO/GIT-SUBMISSION/AURO/Submission/install/assessment/share/assessment/hook/pythonpath.ps1'
[10.594s] INFO:colcon.colcon_core.shell:Creating environment descriptor '/home/mc2148/AURO/GIT-SUBMISSION/AURO/Submission/install/assessment/share/assessment/hook/pythonpath.dsv'
[10.595s] INFO:colcon.colcon_core.shell:Creating environment hook '/home/mc2148/AURO/GIT-SUBMISSION/AURO/Submission/install/assessment/share/assessment/hook/pythonpath.sh'
[10.596s] Level 1:colcon.colcon_core.environment:checking '/home/mc2148/AURO/GIT-SUBMISSION/AURO/Submission/install/assessment/bin'
[10.596s] Level 1:colcon.colcon_core.environment:create_environment_scripts_only(assessment)
[10.634s] INFO:colcon.colcon_core.shell:Creating package script '/home/mc2148/AURO/GIT-SUBMISSION/AURO/Submission/install/assessment/share/assessment/package.ps1'
[10.635s] INFO:colcon.colcon_core.shell:Creating package descriptor '/home/mc2148/AURO/GIT-SUBMISSION/AURO/Submission/install/assessment/share/assessment/package.dsv'
[10.636s] INFO:colcon.colcon_core.shell:Creating package script '/home/mc2148/AURO/GIT-SUBMISSION/AURO/Submission/install/assessment/share/assessment/package.sh'
[10.637s] INFO:colcon.colcon_core.shell:Creating package script '/home/mc2148/AURO/GIT-SUBMISSION/AURO/Submission/install/assessment/share/assessment/package.bash'
[10.638s] INFO:colcon.colcon_core.shell:Creating package script '/home/mc2148/AURO/GIT-SUBMISSION/AURO/Submission/install/assessment/share/assessment/package.zsh'
[10.638s] Level 1:colcon.colcon_core.environment:create_file_with_runtime_dependencies(/home/mc2148/AURO/GIT-SUBMISSION/AURO/Submission/install/assessment/share/colcon-core/packages/assessment)
[10.682s] Level 1:colcon.colcon_core.environment:create_environment_scripts_only(solution_interfaces)
[10.720s] Level 1:colcon.colcon_core.environment:checking '/home/mc2148/AURO/GIT-SUBMISSION/AURO/Submission/install/solution_interfaces' for CMake module files
[10.721s] Level 1:colcon.colcon_core.environment:checking '/home/mc2148/AURO/GIT-SUBMISSION/AURO/Submission/install/solution_interfaces' for CMake config files
[10.722s] Level 1:colcon.colcon_core.shell:create_environment_hook('solution_interfaces', 'cmake_prefix_path')
[10.760s] INFO:colcon.colcon_core.shell:Creating environment hook '/home/mc2148/AURO/GIT-SUBMISSION/AURO/Submission/install/solution_interfaces/share/solution_interfaces/hook/cmake_prefix_path.ps1'
[10.761s] INFO:colcon.colcon_core.shell:Creating environment descriptor '/home/mc2148/AURO/GIT-SUBMISSION/AURO/Submission/install/solution_interfaces/share/solution_interfaces/hook/cmake_prefix_path.dsv'
[10.761s] INFO:colcon.colcon_core.shell:Creating environment hook '/home/mc2148/AURO/GIT-SUBMISSION/AURO/Submission/install/solution_interfaces/share/solution_interfaces/hook/cmake_prefix_path.sh'
[10.763s] Level 1:colcon.colcon_core.environment:checking '/home/mc2148/AURO/GIT-SUBMISSION/AURO/Submission/install/solution_interfaces/lib'
[10.763s] Level 1:colcon.colcon_core.shell:create_environment_hook('solution_interfaces', 'ld_library_path_lib')
[10.802s] INFO:colcon.colcon_core.shell:Creating environment hook '/home/mc2148/AURO/GIT-SUBMISSION/AURO/Submission/install/solution_interfaces/share/solution_interfaces/hook/ld_library_path_lib.ps1'
[10.802s] INFO:colcon.colcon_core.shell:Creating environment descriptor '/home/mc2148/AURO/GIT-SUBMISSION/AURO/Submission/install/solution_interfaces/share/solution_interfaces/hook/ld_library_path_lib.dsv'
[10.803s] INFO:colcon.colcon_core.shell:Creating environment hook '/home/mc2148/AURO/GIT-SUBMISSION/AURO/Submission/install/solution_interfaces/share/solution_interfaces/hook/ld_library_path_lib.sh'
[10.804s] Level 1:colcon.colcon_core.environment:checking '/home/mc2148/AURO/GIT-SUBMISSION/AURO/Submission/install/solution_interfaces/bin'
[10.804s] Level 1:colcon.colcon_core.environment:checking '/home/mc2148/AURO/GIT-SUBMISSION/AURO/Submission/install/solution_interfaces/lib/pkgconfig/solution_interfaces.pc'
[10.805s] Level 1:colcon.colcon_core.environment:checking '/home/mc2148/AURO/GIT-SUBMISSION/AURO/Submission/install/solution_interfaces/lib/python3.10/site-packages'
[10.805s] Level 1:colcon.colcon_core.environment:checking '/home/mc2148/AURO/GIT-SUBMISSION/AURO/Submission/install/solution_interfaces/bin'
[10.844s] INFO:colcon.colcon_core.shell:Creating package script '/home/mc2148/AURO/GIT-SUBMISSION/AURO/Submission/install/solution_interfaces/share/solution_interfaces/package.ps1'
[10.846s] INFO:colcon.colcon_core.shell:Creating package descriptor '/home/mc2148/AURO/GIT-SUBMISSION/AURO/Submission/install/solution_interfaces/share/solution_interfaces/package.dsv'
[10.847s] INFO:colcon.colcon_core.shell:Creating package script '/home/mc2148/AURO/GIT-SUBMISSION/AURO/Submission/install/solution_interfaces/share/solution_interfaces/package.sh'
[10.847s] INFO:colcon.colcon_core.shell:Creating package script '/home/mc2148/AURO/GIT-SUBMISSION/AURO/Submission/install/solution_interfaces/share/solution_interfaces/package.bash'
[10.848s] INFO:colcon.colcon_core.shell:Creating package script '/home/mc2148/AURO/GIT-SUBMISSION/AURO/Submission/install/solution_interfaces/share/solution_interfaces/package.zsh'
[10.849s] Level 1:colcon.colcon_core.environment:create_file_with_runtime_dependencies(/home/mc2148/AURO/GIT-SUBMISSION/AURO/Submission/install/solution_interfaces/share/colcon-core/packages/solution_interfaces)
[11.509s] INFO:colcon.colcon_core.task.python.build:Building Python package in '/home/mc2148/AURO/GIT-SUBMISSION/AURO/Submission/src/tf_relay'
[11.572s] INFO:colcon.colcon_core.shell:Skip shell extension 'powershell' for command environment: Not usable outside of PowerShell
[11.573s] DEBUG:colcon.colcon_core.shell:Skip shell extension 'dsv' for command environment
[12.610s] DEBUG:colcon.colcon_core.event_handler.log_command:Invoking command in '/home/mc2148/AURO/GIT-SUBMISSION/AURO/Submission/src/tf_relay': PYTHONPATH=/home/mc2148/AURO/GIT-SUBMISSION/AURO/Submission/build/tf_relay/prefix_override:/home/mc2148/AURO/GIT-SUBMISSION/AURO/Submission/install/tf_relay/lib/python3.10/site-packages:${PYTHONPATH} /usr/bin/python3 setup.py egg_info --egg-base ../../build/tf_relay build --build-base /home/mc2148/AURO/GIT-SUBMISSION/AURO/Submission/build/tf_relay/build install --record /home/mc2148/AURO/GIT-SUBMISSION/AURO/Submission/build/tf_relay/install.log --single-version-externally-managed
[13.349s] DEBUG:colcon.colcon_core.event_handler.log_command:Invoked command in '/home/mc2148/AURO/GIT-SUBMISSION/AURO/Submission/src/tf_relay' returned '0': PYTHONPATH=/home/mc2148/AURO/GIT-SUBMISSION/AURO/Submission/build/tf_relay/prefix_override:/home/mc2148/AURO/GIT-SUBMISSION/AURO/Submission/install/tf_relay/lib/python3.10/site-packages:${PYTHONPATH} /usr/bin/python3 setup.py egg_info --egg-base ../../build/tf_relay build --build-base /home/mc2148/AURO/GIT-SUBMISSION/AURO/Submission/build/tf_relay/build install --record /home/mc2148/AURO/GIT-SUBMISSION/AURO/Submission/build/tf_relay/install.log --single-version-externally-managed
[13.390s] Level 1:colcon.colcon_core.environment:checking '/home/mc2148/AURO/GIT-SUBMISSION/AURO/Submission/install/tf_relay' for CMake module files
[13.391s] Level 1:colcon.colcon_core.environment:checking '/home/mc2148/AURO/GIT-SUBMISSION/AURO/Submission/install/tf_relay' for CMake config files
[13.393s] Level 1:colcon.colcon_core.environment:checking '/home/mc2148/AURO/GIT-SUBMISSION/AURO/Submission/install/tf_relay/lib'
[13.393s] Level 1:colcon.colcon_core.environment:checking '/home/mc2148/AURO/GIT-SUBMISSION/AURO/Submission/install/tf_relay/bin'
[13.393s] Level 1:colcon.colcon_core.environment:checking '/home/mc2148/AURO/GIT-SUBMISSION/AURO/Submission/install/tf_relay/lib/pkgconfig/tf_relay.pc'
[13.394s] Level 1:colcon.colcon_core.environment:checking '/home/mc2148/AURO/GIT-SUBMISSION/AURO/Submission/install/tf_relay/lib/python3.10/site-packages'
[13.394s] Level 1:colcon.colcon_core.shell:create_environment_hook('tf_relay', 'pythonpath')
[13.431s] INFO:colcon.colcon_core.shell:Creating environment hook '/home/mc2148/AURO/GIT-SUBMISSION/AURO/Submission/install/tf_relay/share/tf_relay/hook/pythonpath.ps1'
[13.432s] INFO:colcon.colcon_core.shell:Creating environment descriptor '/home/mc2148/AURO/GIT-SUBMISSION/AURO/Submission/install/tf_relay/share/tf_relay/hook/pythonpath.dsv'
[13.433s] INFO:colcon.colcon_core.shell:Creating environment hook '/home/mc2148/AURO/GIT-SUBMISSION/AURO/Submission/install/tf_relay/share/tf_relay/hook/pythonpath.sh'
[13.434s] Level 1:colcon.colcon_core.environment:checking '/home/mc2148/AURO/GIT-SUBMISSION/AURO/Submission/install/tf_relay/bin'
[13.434s] Level 1:colcon.colcon_core.environment:create_environment_scripts_only(tf_relay)
[13.472s] INFO:colcon.colcon_core.shell:Creating package script '/home/mc2148/AURO/GIT-SUBMISSION/AURO/Submission/install/tf_relay/share/tf_relay/package.ps1'
[13.474s] INFO:colcon.colcon_core.shell:Creating package descriptor '/home/mc2148/AURO/GIT-SUBMISSION/AURO/Submission/install/tf_relay/share/tf_relay/package.dsv'
[13.474s] INFO:colcon.colcon_core.shell:Creating package script '/home/mc2148/AURO/GIT-SUBMISSION/AURO/Submission/install/tf_relay/share/tf_relay/package.sh'
[13.475s] INFO:colcon.colcon_core.shell:Creating package script '/home/mc2148/AURO/GIT-SUBMISSION/AURO/Submission/install/tf_relay/share/tf_relay/package.bash'
[13.476s] INFO:colcon.colcon_core.shell:Creating package script '/home/mc2148/AURO/GIT-SUBMISSION/AURO/Submission/install/tf_relay/share/tf_relay/package.zsh'
[13.477s] Level 1:colcon.colcon_core.environment:create_file_with_runtime_dependencies(/home/mc2148/AURO/GIT-SUBMISSION/AURO/Submission/install/tf_relay/share/colcon-core/packages/tf_relay)
[13.477s] DEBUG:colcon.colcon_parallel_executor.executor.parallel:closing loop
[13.478s] DEBUG:colcon.colcon_parallel_executor.executor.parallel:loop closed
[13.478s] DEBUG:colcon.colcon_parallel_executor.executor.parallel:run_until_complete finished with '0'
[13.478s] DEBUG:colcon.colcon_core.event_reactor:joining thread
[13.532s] INFO:colcon.colcon_core.plugin_system:Skipping extension 'colcon_notification.desktop_notification.terminal_notifier': Not used on non-Darwin systems
[13.533s] INFO:colcon.colcon_core.plugin_system:Skipping extension 'colcon_notification.desktop_notification.win32': Not used on non-Windows systems
[13.533s] INFO:colcon.colcon_notification.desktop_notification:Sending desktop notification using 'notify2'
[13.554s] DEBUG:colcon.colcon_core.event_reactor:joined thread
[13.594s] INFO:colcon.colcon_core.shell:Creating prefix script '/home/mc2148/AURO/GIT-SUBMISSION/AURO/Submission/install/local_setup.ps1'
[13.596s] INFO:colcon.colcon_core.shell:Creating prefix util module '/home/mc2148/AURO/GIT-SUBMISSION/AURO/Submission/install/_local_setup_util_ps1.py'
[13.599s] INFO:colcon.colcon_core.shell:Creating prefix chain script '/home/mc2148/AURO/GIT-SUBMISSION/AURO/Submission/install/setup.ps1'
[13.640s] INFO:colcon.colcon_core.shell:Creating prefix script '/home/mc2148/AURO/GIT-SUBMISSION/AURO/Submission/install/local_setup.sh'
[13.641s] INFO:colcon.colcon_core.shell:Creating prefix util module '/home/mc2148/AURO/GIT-SUBMISSION/AURO/Submission/install/_local_setup_util_sh.py'
[13.642s] INFO:colcon.colcon_core.shell:Creating prefix chain script '/home/mc2148/AURO/GIT-SUBMISSION/AURO/Submission/install/setup.sh'
[13.685s] INFO:colcon.colcon_core.shell:Creating prefix script '/home/mc2148/AURO/GIT-SUBMISSION/AURO/Submission/install/local_setup.bash'
[13.686s] INFO:colcon.colcon_core.shell:Creating prefix chain script '/home/mc2148/AURO/GIT-SUBMISSION/AURO/Submission/install/setup.bash'
[13.728s] INFO:colcon.colcon_core.shell:Creating prefix script '/home/mc2148/AURO/GIT-SUBMISSION/AURO/Submission/install/local_setup.zsh'
[13.729s] INFO:colcon.colcon_core.shell:Creating prefix chain script '/home/mc2148/AURO/GIT-SUBMISSION/AURO/Submission/install/setup.zsh'
