[2.401s] Invoking command in '/home/mc2148/AURO/GIT-SUBMISSION/AURO/Submission/src/tf_relay': PYTHONPATH=/home/mc2148/AURO/GIT-SUBMISSION/AURO/Submission/build/tf_relay/prefix_override:/home/mc2148/AURO/GIT-SUBMISSION/AURO/Submission/install/tf_relay/lib/python3.10/site-packages:${PYTHONPATH} /usr/bin/python3 setup.py egg_info --egg-base ../../build/tf_relay build --build-base /home/mc2148/AURO/GIT-SUBMISSION/AURO/Submission/build/tf_relay/build install --record /home/mc2148/AURO/GIT-SUBMISSION/AURO/Submission/build/tf_relay/install.log --single-version-externally-managed
[3.007s] running egg_info
[3.009s] writing ../../build/tf_relay/tf_relay.egg-info/PKG-INFO
[3.009s] writing dependency_links to ../../build/tf_relay/tf_relay.egg-info/dependency_links.txt
[3.009s] writing entry points to ../../build/tf_relay/tf_relay.egg-info/entry_points.txt
[3.009s] writing requirements to ../../build/tf_relay/tf_relay.egg-info/requires.txt
[3.010s] writing top-level names to ../../build/tf_relay/tf_relay.egg-info/top_level.txt
[3.013s] reading manifest file '../../build/tf_relay/tf_relay.egg-info/SOURCES.txt'
[3.015s] writing manifest file '../../build/tf_relay/tf_relay.egg-info/SOURCES.txt'
[3.015s] running build
[3.015s] running build_py
[3.016s] running install
[3.017s] running install_lib
[3.019s] running install_data
[3.020s] running install_egg_info
[3.024s] removing '/home/mc2148/AURO/GIT-SUBMISSION/AURO/Submission/install/tf_relay/lib/python3.10/site-packages/tf_relay-0.0.0-py3.10.egg-info' (and everything under it)
[3.024s] Copying ../../build/tf_relay/tf_relay.egg-info to /home/mc2148/AURO/GIT-SUBMISSION/AURO/Submission/install/tf_relay/lib/python3.10/site-packages/tf_relay-0.0.0-py3.10.egg-info
[3.027s] running install_scripts
[3.068s] Installing relay script to /home/mc2148/AURO/GIT-SUBMISSION/AURO/Submission/install/tf_relay/lib/tf_relay
[3.069s] writing list of installed files to '/home/mc2148/AURO/GIT-SUBMISSION/AURO/Submission/build/tf_relay/install.log'
[3.127s] Invoked command in '/home/mc2148/AURO/GIT-SUBMISSION/AURO/Submission/src/tf_relay' returned '0': PYTHONPATH=/home/mc2148/AURO/GIT-SUBMISSION/AURO/Submission/build/tf_relay/prefix_override:/home/mc2148/AURO/GIT-SUBMISSION/AURO/Submission/install/tf_relay/lib/python3.10/site-packages:${PYTHONPATH} /usr/bin/python3 setup.py egg_info --egg-base ../../build/tf_relay build --build-base /home/mc2148/AURO/GIT-SUBMISSION/AURO/Submission/build/tf_relay/build install --record /home/mc2148/AURO/GIT-SUBMISSION/AURO/Submission/build/tf_relay/install.log --single-version-externally-managed
