[2.572s] DEBUG:colcon:Command line arguments: ['/usr/bin/colcon', 'build']
[2.573s] DEBUG:colcon:Parsed command line arguments: Namespace(log_base=None, log_level=None, verb_name='build', build_base='build', install_base='install', merge_install=False, symlink_install=False, test_result_base=None, continue_on_error=False, executor='parallel', parallel_workers=4, event_handlers=None, ignore_user_meta=False, metas=['./colcon.meta'], base_paths=['.'], packages_ignore=None, packages_ignore_regex=None, paths=None, packages_up_to=None, packages_up_to_regex=None, packages_above=None, packages_above_and_dependencies=None, packages_above_depth=None, packages_select_by_dep=None, packages_skip_by_dep=None, packages_skip_up_to=None, packages_select_build_failed=False, packages_skip_build_finished=False, packages_select_test_failures=False, packages_skip_test_passed=False, packages_select=None, packages_skip=None, packages_select_regex=None, packages_skip_regex=None, packages_start=None, packages_end=None, allow_overriding=[], cmake_args=None, cmake_target=None, cmake_target_skip_unavailable=False, cmake_clean_cache=False, cmake_clean_first=False, cmake_force_configure=False, ament_cmake_args=None, catkin_cmake_args=None, catkin_skip_building_tests=False, verb_parser=<colcon_defaults.argument_parser.defaults.DefaultArgumentsDecorator object at 0x7f7c1f209e40>, verb_extension=<colcon_core.verb.build.BuildVerb object at 0x7f7c1f20b6d0>, main=<bound method BuildVerb.main of <colcon_core.verb.build.BuildVerb object at 0x7f7c1f20b6d0>>)
[2.687s] Level 1:colcon.colcon_core.package_discovery:discover_packages(colcon_meta) check parameters
[2.687s] Level 1:colcon.colcon_core.package_discovery:discover_packages(recursive) check parameters
[2.687s] Level 1:colcon.colcon_core.package_discovery:discover_packages(ignore) check parameters
[2.687s] Level 1:colcon.colcon_core.package_discovery:discover_packages(path) check parameters
[2.687s] Level 1:colcon.colcon_core.package_discovery:discover_packages(colcon_meta) discover
[2.687s] Level 1:colcon.colcon_core.package_discovery:discover_packages(recursive) discover
[2.687s] INFO:colcon.colcon_core.package_discovery:Crawling recursively for packages in '/home/mc2148/AURO/GIT-SUBMISSION/AURO/Submission'
[2.687s] Level 1:colcon.colcon_core.package_identification:_identify(.) by extensions ['ignore', 'ignore_ament_install']
[2.688s] Level 1:colcon.colcon_core.package_identification:_identify(.) by extension 'ignore'
[2.688s] Level 1:colcon.colcon_core.package_identification:_identify(.) by extension 'ignore_ament_install'
[2.688s] Level 1:colcon.colcon_core.package_identification:_identify(.) by extensions ['colcon_pkg']
[2.688s] Level 1:colcon.colcon_core.package_identification:_identify(.) by extension 'colcon_pkg'
[2.688s] Level 1:colcon.colcon_core.package_identification:_identify(.) by extensions ['colcon_meta']
[2.688s] Level 1:colcon.colcon_core.package_identification:_identify(.) by extension 'colcon_meta'
[2.688s] Level 1:colcon.colcon_core.package_identification:_identify(.) by extensions ['ros']
[2.688s] Level 1:colcon.colcon_core.package_identification:_identify(.) by extension 'ros'
[2.713s] Level 1:colcon.colcon_core.package_identification:_identify(.) by extensions ['cmake', 'python']
[2.713s] Level 1:colcon.colcon_core.package_identification:_identify(.) by extension 'cmake'
[2.713s] Level 1:colcon.colcon_core.package_identification:_identify(.) by extension 'python'
[2.713s] Level 1:colcon.colcon_core.package_identification:_identify(.) by extensions ['python_setup_py']
[2.713s] Level 1:colcon.colcon_core.package_identification:_identify(.) by extension 'python_setup_py'
[2.713s] Level 1:colcon.colcon_core.package_identification:_identify(build) by extensions ['ignore', 'ignore_ament_install']
[2.714s] Level 1:colcon.colcon_core.package_identification:_identify(build) by extension 'ignore'
[2.714s] Level 1:colcon.colcon_core.package_identification:_identify(build) ignored
[2.714s] Level 1:colcon.colcon_core.package_identification:_identify(install) by extensions ['ignore', 'ignore_ament_install']
[2.714s] Level 1:colcon.colcon_core.package_identification:_identify(install) by extension 'ignore'
[2.714s] Level 1:colcon.colcon_core.package_identification:_identify(install) ignored
[2.715s] Level 1:colcon.colcon_core.package_identification:_identify(log) by extensions ['ignore', 'ignore_ament_install']
[2.715s] Level 1:colcon.colcon_core.package_identification:_identify(log) by extension 'ignore'
[2.715s] Level 1:colcon.colcon_core.package_identification:_identify(log) ignored
[2.715s] Level 1:colcon.colcon_core.package_identification:_identify(src) by extensions ['ignore', 'ignore_ament_install']
[2.715s] Level 1:colcon.colcon_core.package_identification:_identify(src) by extension 'ignore'
[2.715s] Level 1:colcon.colcon_core.package_identification:_identify(src) by extension 'ignore_ament_install'
[2.715s] Level 1:colcon.colcon_core.package_identification:_identify(src) by extensions ['colcon_pkg']
[2.716s] Level 1:colcon.colcon_core.package_identification:_identify(src) by extension 'colcon_pkg'
[2.716s] Level 1:colcon.colcon_core.package_identification:_identify(src) by extensions ['colcon_meta']
[2.716s] Level 1:colcon.colcon_core.package_identification:_identify(src) by extension 'colcon_meta'
[2.716s] Level 1:colcon.colcon_core.package_identification:_identify(src) by extensions ['ros']
[2.716s] Level 1:colcon.colcon_core.package_identification:_identify(src) by extension 'ros'
[2.716s] Level 1:colcon.colcon_core.package_identification:_identify(src) by extensions ['cmake', 'python']
[2.716s] Level 1:colcon.colcon_core.package_identification:_identify(src) by extension 'cmake'
[2.716s] Level 1:colcon.colcon_core.package_identification:_identify(src) by extension 'python'
[2.716s] Level 1:colcon.colcon_core.package_identification:_identify(src) by extensions ['python_setup_py']
[2.716s] Level 1:colcon.colcon_core.package_identification:_identify(src) by extension 'python_setup_py'
[2.717s] Level 1:colcon.colcon_core.package_identification:_identify(src/assessment) by extensions ['ignore', 'ignore_ament_install']
[2.717s] Level 1:colcon.colcon_core.package_identification:_identify(src/assessment) by extension 'ignore'
[2.717s] Level 1:colcon.colcon_core.package_identification:_identify(src/assessment) by extension 'ignore_ament_install'
[2.717s] Level 1:colcon.colcon_core.package_identification:_identify(src/assessment) by extensions ['colcon_pkg']
[2.717s] Level 1:colcon.colcon_core.package_identification:_identify(src/assessment) by extension 'colcon_pkg'
[2.717s] Level 1:colcon.colcon_core.package_identification:_identify(src/assessment) by extensions ['colcon_meta']
[2.717s] Level 1:colcon.colcon_core.package_identification:_identify(src/assessment) by extension 'colcon_meta'
[2.717s] Level 1:colcon.colcon_core.package_identification:_identify(src/assessment) by extensions ['ros']
[2.717s] Level 1:colcon.colcon_core.package_identification:_identify(src/assessment) by extension 'ros'
[2.722s] DEBUG:colcon.colcon_core.package_identification:Package 'src/assessment' with type 'ros.ament_python' and name 'assessment'
[2.723s] Level 1:colcon.colcon_core.package_identification:_identify(src/assessment_interfaces) by extensions ['ignore', 'ignore_ament_install']
[2.723s] Level 1:colcon.colcon_core.package_identification:_identify(src/assessment_interfaces) by extension 'ignore'
[2.723s] Level 1:colcon.colcon_core.package_identification:_identify(src/assessment_interfaces) by extension 'ignore_ament_install'
[2.723s] Level 1:colcon.colcon_core.package_identification:_identify(src/assessment_interfaces) by extensions ['colcon_pkg']
[2.723s] Level 1:colcon.colcon_core.package_identification:_identify(src/assessment_interfaces) by extension 'colcon_pkg'
[2.723s] Level 1:colcon.colcon_core.package_identification:_identify(src/assessment_interfaces) by extensions ['colcon_meta']
[2.723s] Level 1:colcon.colcon_core.package_identification:_identify(src/assessment_interfaces) by extension 'colcon_meta'
[2.723s] Level 1:colcon.colcon_core.package_identification:_identify(src/assessment_interfaces) by extensions ['ros']
[2.724s] Level 1:colcon.colcon_core.package_identification:_identify(src/assessment_interfaces) by extension 'ros'
[2.724s] DEBUG:colcon.colcon_core.package_identification:Package 'src/assessment_interfaces' with type 'ros.ament_cmake' and name 'assessment_interfaces'
[2.725s] Level 1:colcon.colcon_core.package_identification:_identify(src/solution) by extensions ['ignore', 'ignore_ament_install']
[2.725s] Level 1:colcon.colcon_core.package_identification:_identify(src/solution) by extension 'ignore'
[2.725s] Level 1:colcon.colcon_core.package_identification:_identify(src/solution) by extension 'ignore_ament_install'
[2.725s] Level 1:colcon.colcon_core.package_identification:_identify(src/solution) by extensions ['colcon_pkg']
[2.725s] Level 1:colcon.colcon_core.package_identification:_identify(src/solution) by extension 'colcon_pkg'
[2.725s] Level 1:colcon.colcon_core.package_identification:_identify(src/solution) by extensions ['colcon_meta']
[2.725s] Level 1:colcon.colcon_core.package_identification:_identify(src/solution) by extension 'colcon_meta'
[2.725s] Level 1:colcon.colcon_core.package_identification:_identify(src/solution) by extensions ['ros']
[2.726s] Level 1:colcon.colcon_core.package_identification:_identify(src/solution) by extension 'ros'
[2.727s] DEBUG:colcon.colcon_core.package_identification:Package 'src/solution' with type 'ros.ament_python' and name 'solution'
[2.727s] Level 1:colcon.colcon_core.package_identification:_identify(src/solution_interfaces) by extensions ['ignore', 'ignore_ament_install']
[2.727s] Level 1:colcon.colcon_core.package_identification:_identify(src/solution_interfaces) by extension 'ignore'
[2.727s] Level 1:colcon.colcon_core.package_identification:_identify(src/solution_interfaces) by extension 'ignore_ament_install'
[2.727s] Level 1:colcon.colcon_core.package_identification:_identify(src/solution_interfaces) by extensions ['colcon_pkg']
[2.728s] Level 1:colcon.colcon_core.package_identification:_identify(src/solution_interfaces) by extension 'colcon_pkg'
[2.728s] Level 1:colcon.colcon_core.package_identification:_identify(src/solution_interfaces) by extensions ['colcon_meta']
[2.728s] Level 1:colcon.colcon_core.package_identification:_identify(src/solution_interfaces) by extension 'colcon_meta'
[2.728s] Level 1:colcon.colcon_core.package_identification:_identify(src/solution_interfaces) by extensions ['ros']
[2.728s] Level 1:colcon.colcon_core.package_identification:_identify(src/solution_interfaces) by extension 'ros'
[2.729s] DEBUG:colcon.colcon_core.package_identification:Package 'src/solution_interfaces' with type 'ros.ament_cmake' and name 'solution_interfaces'
[2.730s] Level 1:colcon.colcon_core.package_identification:_identify(src/tf_relay) by extensions ['ignore', 'ignore_ament_install']
[2.730s] Level 1:colcon.colcon_core.package_identification:_identify(src/tf_relay) by extension 'ignore'
[2.730s] Level 1:colcon.colcon_core.package_identification:_identify(src/tf_relay) by extension 'ignore_ament_install'
[2.730s] Level 1:colcon.colcon_core.package_identification:_identify(src/tf_relay) by extensions ['colcon_pkg']
[2.730s] Level 1:colcon.colcon_core.package_identification:_identify(src/tf_relay) by extension 'colcon_pkg'
[2.730s] Level 1:colcon.colcon_core.package_identification:_identify(src/tf_relay) by extensions ['colcon_meta']
[2.730s] Level 1:colcon.colcon_core.package_identification:_identify(src/tf_relay) by extension 'colcon_meta'
[2.730s] Level 1:colcon.colcon_core.package_identification:_identify(src/tf_relay) by extensions ['ros']
[2.730s] Level 1:colcon.colcon_core.package_identification:_identify(src/tf_relay) by extension 'ros'
[2.731s] DEBUG:colcon.colcon_core.package_identification:Package 'src/tf_relay' with type 'ros.ament_python' and name 'tf_relay'
[2.731s] Level 1:colcon.colcon_core.package_discovery:discover_packages(recursive) using defaults
[2.731s] Level 1:colcon.colcon_core.package_discovery:discover_packages(ignore) discover
[2.732s] Level 1:colcon.colcon_core.package_discovery:discover_packages(ignore) using defaults
[2.732s] Level 1:colcon.colcon_core.package_discovery:discover_packages(path) discover
[2.732s] Level 1:colcon.colcon_core.package_discovery:discover_packages(path) using defaults
[2.962s] Level 1:colcon.colcon_core.package_discovery:discover_packages(prefix_path) check parameters
[2.962s] Level 1:colcon.colcon_core.package_discovery:discover_packages(prefix_path) discover
[3.041s] DEBUG:colcon.colcon_installed_package_information.package_discovery:Found 5 installed packages in /home/mc2148/AURO/GIT-SUBMISSION/AURO/Submission/install
[3.099s] DEBUG:colcon.colcon_installed_package_information.package_discovery:Found 15 installed packages in /home/mc2148/turtlebot3_ws/install
[3.140s] DEBUG:colcon.colcon_installed_package_information.package_discovery:Found 414 installed packages in /opt/ros/humble
[3.146s] Level 1:colcon.colcon_core.package_discovery:discover_packages(prefix_path) using defaults
[3.405s] Level 5:colcon.colcon_core.verb:set package 'assessment' build argument 'cmake_args' from command line to 'None'
[3.405s] Level 5:colcon.colcon_core.verb:set package 'assessment' build argument 'cmake_target' from command line to 'None'
[3.405s] Level 5:colcon.colcon_core.verb:set package 'assessment' build argument 'cmake_target_skip_unavailable' from command line to 'False'
[3.405s] Level 5:colcon.colcon_core.verb:set package 'assessment' build argument 'cmake_clean_cache' from command line to 'False'
[3.405s] Level 5:colcon.colcon_core.verb:set package 'assessment' build argument 'cmake_clean_first' from command line to 'False'
[3.405s] Level 5:colcon.colcon_core.verb:set package 'assessment' build argument 'cmake_force_configure' from command line to 'False'
[3.406s] Level 5:colcon.colcon_core.verb:set package 'assessment' build argument 'ament_cmake_args' from command line to 'None'
[3.406s] Level 5:colcon.colcon_core.verb:set package 'assessment' build argument 'catkin_cmake_args' from command line to 'None'
[3.406s] Level 5:colcon.colcon_core.verb:set package 'assessment' build argument 'catkin_skip_building_tests' from command line to 'False'
[3.406s] DEBUG:colcon.colcon_core.verb:Building package 'assessment' with the following arguments: {'ament_cmake_args': None, 'build_base': '/home/mc2148/AURO/GIT-SUBMISSION/AURO/Submission/build/assessment', 'catkin_cmake_args': None, 'catkin_skip_building_tests': False, 'cmake_args': None, 'cmake_clean_cache': False, 'cmake_clean_first': False, 'cmake_force_configure': False, 'cmake_target': None, 'cmake_target_skip_unavailable': False, 'install_base': '/home/mc2148/AURO/GIT-SUBMISSION/AURO/Submission/install/assessment', 'merge_install': False, 'path': '/home/mc2148/AURO/GIT-SUBMISSION/AURO/Submission/src/assessment', 'symlink_install': False, 'test_result_base': None}
[3.443s] Level 5:colcon.colcon_core.verb:set package 'assessment_interfaces' build argument 'cmake_args' from command line to 'None'
[3.443s] Level 5:colcon.colcon_core.verb:set package 'assessment_interfaces' build argument 'cmake_target' from command line to 'None'
[3.443s] Level 5:colcon.colcon_core.verb:set package 'assessment_interfaces' build argument 'cmake_target_skip_unavailable' from command line to 'False'
[3.443s] Level 5:colcon.colcon_core.verb:set package 'assessment_interfaces' build argument 'cmake_clean_cache' from command line to 'False'
[3.444s] Level 5:colcon.colcon_core.verb:set package 'assessment_interfaces' build argument 'cmake_clean_first' from command line to 'False'
[3.444s] Level 5:colcon.colcon_core.verb:set package 'assessment_interfaces' build argument 'cmake_force_configure' from command line to 'False'
[3.444s] Level 5:colcon.colcon_core.verb:set package 'assessment_interfaces' build argument 'ament_cmake_args' from command line to 'None'
[3.444s] Level 5:colcon.colcon_core.verb:set package 'assessment_interfaces' build argument 'catkin_cmake_args' from command line to 'None'
[3.444s] Level 5:colcon.colcon_core.verb:set package 'assessment_interfaces' build argument 'catkin_skip_building_tests' from command line to 'False'
[3.444s] DEBUG:colcon.colcon_core.verb:Building package 'assessment_interfaces' with the following arguments: {'ament_cmake_args': None, 'build_base': '/home/mc2148/AURO/GIT-SUBMISSION/AURO/Submission/build/assessment_interfaces', 'catkin_cmake_args': None, 'catkin_skip_building_tests': False, 'cmake_args': None, 'cmake_clean_cache': False, 'cmake_clean_first': False, 'cmake_force_configure': False, 'cmake_target': None, 'cmake_target_skip_unavailable': False, 'install_base': '/home/mc2148/AURO/GIT-SUBMISSION/AURO/Submission/install/assessment_interfaces', 'merge_install': False, 'path': '/home/mc2148/AURO/GIT-SUBMISSION/AURO/Submission/src/assessment_interfaces', 'symlink_install': False, 'test_result_base': None}
[3.483s] Level 5:colcon.colcon_core.verb:set package 'solution' build argument 'cmake_args' from command line to 'None'
[3.483s] Level 5:colcon.colcon_core.verb:set package 'solution' build argument 'cmake_target' from command line to 'None'
[3.483s] Level 5:colcon.colcon_core.verb:set package 'solution' build argument 'cmake_target_skip_unavailable' from command line to 'False'
[3.483s] Level 5:colcon.colcon_core.verb:set package 'solution' build argument 'cmake_clean_cache' from command line to 'False'
[3.483s] Level 5:colcon.colcon_core.verb:set package 'solution' build argument 'cmake_clean_first' from command line to 'False'
[3.483s] Level 5:colcon.colcon_core.verb:set package 'solution' build argument 'cmake_force_configure' from command line to 'False'
[3.483s] Level 5:colcon.colcon_core.verb:set package 'solution' build argument 'ament_cmake_args' from command line to 'None'
[3.483s] Level 5:colcon.colcon_core.verb:set package 'solution' build argument 'catkin_cmake_args' from command line to 'None'
[3.483s] Level 5:colcon.colcon_core.verb:set package 'solution' build argument 'catkin_skip_building_tests' from command line to 'False'
[3.483s] DEBUG:colcon.colcon_core.verb:Building package 'solution' with the following arguments: {'ament_cmake_args': None, 'build_base': '/home/mc2148/AURO/GIT-SUBMISSION/AURO/Submission/build/solution', 'catkin_cmake_args': None, 'catkin_skip_building_tests': False, 'cmake_args': None, 'cmake_clean_cache': False, 'cmake_clean_first': False, 'cmake_force_configure': False, 'cmake_target': None, 'cmake_target_skip_unavailable': False, 'install_base': '/home/mc2148/AURO/GIT-SUBMISSION/AURO/Submission/install/solution', 'merge_install': False, 'path': '/home/mc2148/AURO/GIT-SUBMISSION/AURO/Submission/src/solution', 'symlink_install': False, 'test_result_base': None}
[3.522s] Level 5:colcon.colcon_core.verb:set package 'solution_interfaces' build argument 'cmake_args' from command line to 'None'
[3.522s] Level 5:colcon.colcon_core.verb:set package 'solution_interfaces' build argument 'cmake_target' from command line to 'None'
[3.522s] Level 5:colcon.colcon_core.verb:set package 'solution_interfaces' build argument 'cmake_target_skip_unavailable' from command line to 'False'
[3.523s] Level 5:colcon.colcon_core.verb:set package 'solution_interfaces' build argument 'cmake_clean_cache' from command line to 'False'
[3.523s] Level 5:colcon.colcon_core.verb:set package 'solution_interfaces' build argument 'cmake_clean_first' from command line to 'False'
[3.523s] Level 5:colcon.colcon_core.verb:set package 'solution_interfaces' build argument 'cmake_force_configure' from command line to 'False'
[3.523s] Level 5:colcon.colcon_core.verb:set package 'solution_interfaces' build argument 'ament_cmake_args' from command line to 'None'
[3.523s] Level 5:colcon.colcon_core.verb:set package 'solution_interfaces' build argument 'catkin_cmake_args' from command line to 'None'
[3.523s] Level 5:colcon.colcon_core.verb:set package 'solution_interfaces' build argument 'catkin_skip_building_tests' from command line to 'False'
[3.523s] DEBUG:colcon.colcon_core.verb:Building package 'solution_interfaces' with the following arguments: {'ament_cmake_args': None, 'build_base': '/home/mc2148/AURO/GIT-SUBMISSION/AURO/Submission/build/solution_interfaces', 'catkin_cmake_args': None, 'catkin_skip_building_tests': False, 'cmake_args': None, 'cmake_clean_cache': False, 'cmake_clean_first': False, 'cmake_force_configure': False, 'cmake_target': None, 'cmake_target_skip_unavailable': False, 'install_base': '/home/mc2148/AURO/GIT-SUBMISSION/AURO/Submission/install/solution_interfaces', 'merge_install': False, 'path': '/home/mc2148/AURO/GIT-SUBMISSION/AURO/Submission/src/solution_interfaces', 'symlink_install': False, 'test_result_base': None}
[3.560s] Level 5:colcon.colcon_core.verb:set package 'tf_relay' build argument 'cmake_args' from command line to 'None'
[3.560s] Level 5:colcon.colcon_core.verb:set package 'tf_relay' build argument 'cmake_target' from command line to 'None'
[3.561s] Level 5:colcon.colcon_core.verb:set package 'tf_relay' build argument 'cmake_target_skip_unavailable' from command line to 'False'
[3.561s] Level 5:colcon.colcon_core.verb:set package 'tf_relay' build argument 'cmake_clean_cache' from command line to 'False'
[3.561s] Level 5:colcon.colcon_core.verb:set package 'tf_relay' build argument 'cmake_clean_first' from command line to 'False'
[3.561s] Level 5:colcon.colcon_core.verb:set package 'tf_relay' build argument 'cmake_force_configure' from command line to 'False'
[3.561s] Level 5:colcon.colcon_core.verb:set package 'tf_relay' build argument 'ament_cmake_args' from command line to 'None'
[3.561s] Level 5:colcon.colcon_core.verb:set package 'tf_relay' build argument 'catkin_cmake_args' from command line to 'None'
[3.561s] Level 5:colcon.colcon_core.verb:set package 'tf_relay' build argument 'catkin_skip_building_tests' from command line to 'False'
[3.561s] DEBUG:colcon.colcon_core.verb:Building package 'tf_relay' with the following arguments: {'ament_cmake_args': None, 'build_base': '/home/mc2148/AURO/GIT-SUBMISSION/AURO/Submission/build/tf_relay', 'catkin_cmake_args': None, 'catkin_skip_building_tests': False, 'cmake_args': None, 'cmake_clean_cache': False, 'cmake_clean_first': False, 'cmake_force_configure': False, 'cmake_target': None, 'cmake_target_skip_unavailable': False, 'install_base': '/home/mc2148/AURO/GIT-SUBMISSION/AURO/Submission/install/tf_relay', 'merge_install': False, 'path': '/home/mc2148/AURO/GIT-SUBMISSION/AURO/Submission/src/tf_relay', 'symlink_install': False, 'test_result_base': None}
[3.598s] INFO:colcon.colcon_core.executor:Executing jobs using 'parallel' executor
[3.636s] DEBUG:colcon.colcon_parallel_executor.executor.parallel:run_until_complete
[3.637s] INFO:colcon.colcon_ros.task.ament_python.build:Building ROS package in '/home/mc2148/AURO/GIT-SUBMISSION/AURO/Submission/src/assessment' with build type 'ament_python'
[3.637s] Level 1:colcon.colcon_core.shell:create_environment_hook('assessment', 'ament_prefix_path')
[3.685s] INFO:colcon.colcon_core.plugin_system:Skipping extension 'colcon_core.shell.bat': Not used on non-Windows systems
[3.686s] INFO:colcon.colcon_core.shell:Creating environment hook '/home/mc2148/AURO/GIT-SUBMISSION/AURO/Submission/install/assessment/share/assessment/hook/ament_prefix_path.ps1'
[3.687s] INFO:colcon.colcon_core.shell:Creating environment descriptor '/home/mc2148/AURO/GIT-SUBMISSION/AURO/Submission/install/assessment/share/assessment/hook/ament_prefix_path.dsv'
[3.688s] INFO:colcon.colcon_core.shell:Creating environment hook '/home/mc2148/AURO/GIT-SUBMISSION/AURO/Submission/install/assessment/share/assessment/hook/ament_prefix_path.sh'
[3.726s] INFO:colcon.colcon_core.shell:Skip shell extension 'powershell' for command environment: Not usable outside of PowerShell
[3.726s] DEBUG:colcon.colcon_core.shell:Skip shell extension 'dsv' for command environment
[3.899s] INFO:colcon.colcon_ros.task.ament_cmake.build:Building ROS package in '/home/mc2148/AURO/GIT-SUBMISSION/AURO/Submission/src/assessment_interfaces' with build type 'ament_cmake'
[3.899s] INFO:colcon.colcon_cmake.task.cmake.build:Building CMake package in '/home/mc2148/AURO/GIT-SUBMISSION/AURO/Submission/src/assessment_interfaces'
[3.941s] INFO:colcon.colcon_core.shell:Skip shell extension 'powershell' for command environment: Not usable outside of PowerShell
[3.942s] DEBUG:colcon.colcon_core.shell:Skip shell extension 'dsv' for command environment
[4.109s] INFO:colcon.colcon_ros.task.ament_python.build:Building ROS package in '/home/mc2148/AURO/GIT-SUBMISSION/AURO/Submission/src/solution' with build type 'ament_python'
[4.109s] Level 1:colcon.colcon_core.shell:create_environment_hook('solution', 'ament_prefix_path')
[4.150s] INFO:colcon.colcon_core.shell:Creating environment hook '/home/mc2148/AURO/GIT-SUBMISSION/AURO/Submission/install/solution/share/solution/hook/ament_prefix_path.ps1'
[4.151s] INFO:colcon.colcon_core.shell:Creating environment descriptor '/home/mc2148/AURO/GIT-SUBMISSION/AURO/Submission/install/solution/share/solution/hook/ament_prefix_path.dsv'
[4.152s] INFO:colcon.colcon_core.shell:Creating environment hook '/home/mc2148/AURO/GIT-SUBMISSION/AURO/Submission/install/solution/share/solution/hook/ament_prefix_path.sh'
[4.193s] INFO:colcon.colcon_core.shell:Skip shell extension 'powershell' for command environment: Not usable outside of PowerShell
[4.194s] DEBUG:colcon.colcon_core.shell:Skip shell extension 'dsv' for command environment
[4.357s] INFO:colcon.colcon_ros.task.ament_cmake.build:Building ROS package in '/home/mc2148/AURO/GIT-SUBMISSION/AURO/Submission/src/solution_interfaces' with build type 'ament_cmake'
[4.357s] INFO:colcon.colcon_cmake.task.cmake.build:Building CMake package in '/home/mc2148/AURO/GIT-SUBMISSION/AURO/Submission/src/solution_interfaces'
[4.398s] INFO:colcon.colcon_core.shell:Skip shell extension 'powershell' for command environment: Not usable outside of PowerShell
[4.398s] DEBUG:colcon.colcon_core.shell:Skip shell extension 'dsv' for command environment
[5.239s] INFO:colcon.colcon_core.task.python.build:Building Python package in '/home/mc2148/AURO/GIT-SUBMISSION/AURO/Submission/src/assessment'
[5.279s] INFO:colcon.colcon_core.shell:Skip shell extension 'powershell' for command environment: Not usable outside of PowerShell
[5.279s] DEBUG:colcon.colcon_core.shell:Skip shell extension 'dsv' for command environment
[5.451s] DEBUG:colcon.colcon_core.event_handler.log_command:Invoking command in '/home/mc2148/AURO/GIT-SUBMISSION/AURO/Submission/build/assessment_interfaces': CMAKE_PREFIX_PATH=${CMAKE_PREFIX_PATH}:/home/mc2148/AURO/GIT-SUBMISSION/AURO/Submission/install/tf_relay:/home/mc2148/AURO/GIT-SUBMISSION/AURO/Submission/install/solution:/home/mc2148/AURO/GIT-SUBMISSION/AURO/Submission/install/assessment:/home/mc2148/turtlebot3_ws/install/turtlebot3_teleop:/home/mc2148/turtlebot3_ws/install/turtlebot3_example:/opt/ros/humble /usr/bin/cmake --build /home/mc2148/AURO/GIT-SUBMISSION/AURO/Submission/build/assessment_interfaces -- -j4 -l4
[6.463s] INFO:colcon.colcon_core.task.python.build:Building Python package in '/home/mc2148/AURO/GIT-SUBMISSION/AURO/Submission/src/solution'
[6.520s] INFO:colcon.colcon_core.shell:Skip shell extension 'powershell' for command environment: Not usable outside of PowerShell
[6.521s] DEBUG:colcon.colcon_core.shell:Skip shell extension 'dsv' for command environment
[6.799s] DEBUG:colcon.colcon_core.event_handler.log_command:Invoking command in '/home/mc2148/AURO/GIT-SUBMISSION/AURO/Submission/build/solution_interfaces': CMAKE_PREFIX_PATH=${CMAKE_PREFIX_PATH}:/home/mc2148/AURO/GIT-SUBMISSION/AURO/Submission/install/tf_relay:/home/mc2148/AURO/GIT-SUBMISSION/AURO/Submission/install/solution:/home/mc2148/AURO/GIT-SUBMISSION/AURO/Submission/install/assessment:/home/mc2148/turtlebot3_ws/install/turtlebot3_teleop:/home/mc2148/turtlebot3_ws/install/turtlebot3_example:/opt/ros/humble /usr/bin/cmake --build /home/mc2148/AURO/GIT-SUBMISSION/AURO/Submission/build/solution_interfaces -- -j4 -l4
[6.805s] DEBUG:colcon.colcon_core.event_handler.log_command:Invoked command in '/home/mc2148/AURO/GIT-SUBMISSION/AURO/Submission/build/assessment_interfaces' returned '0': CMAKE_PREFIX_PATH=${CMAKE_PREFIX_PATH}:/home/mc2148/AURO/GIT-SUBMISSION/AURO/Submission/install/tf_relay:/home/mc2148/AURO/GIT-SUBMISSION/AURO/Submission/install/solution:/home/mc2148/AURO/GIT-SUBMISSION/AURO/Submission/install/assessment:/home/mc2148/turtlebot3_ws/install/turtlebot3_teleop:/home/mc2148/turtlebot3_ws/install/turtlebot3_example:/opt/ros/humble /usr/bin/cmake --build /home/mc2148/AURO/GIT-SUBMISSION/AURO/Submission/build/assessment_interfaces -- -j4 -l4
[8.308s] DEBUG:colcon.colcon_core.event_handler.log_command:Invoking command in '/home/mc2148/AURO/GIT-SUBMISSION/AURO/Submission/build/assessment_interfaces': CMAKE_PREFIX_PATH=${CMAKE_PREFIX_PATH}:/home/mc2148/AURO/GIT-SUBMISSION/AURO/Submission/install/tf_relay:/home/mc2148/AURO/GIT-SUBMISSION/AURO/Submission/install/solution:/home/mc2148/AURO/GIT-SUBMISSION/AURO/Submission/install/assessment:/home/mc2148/turtlebot3_ws/install/turtlebot3_teleop:/home/mc2148/turtlebot3_ws/install/turtlebot3_example:/opt/ros/humble /usr/bin/cmake --install /home/mc2148/AURO/GIT-SUBMISSION/AURO/Submission/build/assessment_interfaces
[8.569s] DEBUG:colcon.colcon_core.event_handler.log_command:Invoking command in '/home/mc2148/AURO/GIT-SUBMISSION/AURO/Submission/src/solution': PYTHONPATH=/home/mc2148/AURO/GIT-SUBMISSION/AURO/Submission/build/solution/prefix_override:/home/mc2148/AURO/GIT-SUBMISSION/AURO/Submission/install/solution/lib/python3.10/site-packages:${PYTHONPATH} /usr/bin/python3 setup.py egg_info --egg-base ../../build/solution build --build-base /home/mc2148/AURO/GIT-SUBMISSION/AURO/Submission/build/solution/build install --record /home/mc2148/AURO/GIT-SUBMISSION/AURO/Submission/build/solution/install.log --single-version-externally-managed
[8.641s] Level 1:colcon.colcon_core.environment:create_environment_scripts_only(assessment_interfaces)
[8.649s] DEBUG:colcon.colcon_core.event_handler.log_command:Invoked command in '/home/mc2148/AURO/GIT-SUBMISSION/AURO/Submission/build/assessment_interfaces' returned '0': CMAKE_PREFIX_PATH=${CMAKE_PREFIX_PATH}:/home/mc2148/AURO/GIT-SUBMISSION/AURO/Submission/install/tf_relay:/home/mc2148/AURO/GIT-SUBMISSION/AURO/Submission/install/solution:/home/mc2148/AURO/GIT-SUBMISSION/AURO/Submission/install/assessment:/home/mc2148/turtlebot3_ws/install/turtlebot3_teleop:/home/mc2148/turtlebot3_ws/install/turtlebot3_example:/opt/ros/humble /usr/bin/cmake --install /home/mc2148/AURO/GIT-SUBMISSION/AURO/Submission/build/assessment_interfaces
[8.752s] Level 1:colcon.colcon_core.environment:checking '/home/mc2148/AURO/GIT-SUBMISSION/AURO/Submission/install/assessment_interfaces' for CMake module files
[8.755s] Level 1:colcon.colcon_core.environment:checking '/home/mc2148/AURO/GIT-SUBMISSION/AURO/Submission/install/assessment_interfaces' for CMake config files
[8.756s] Level 1:colcon.colcon_core.shell:create_environment_hook('assessment_interfaces', 'cmake_prefix_path')
[8.843s] INFO:colcon.colcon_core.shell:Creating environment hook '/home/mc2148/AURO/GIT-SUBMISSION/AURO/Submission/install/assessment_interfaces/share/assessment_interfaces/hook/cmake_prefix_path.ps1'
[8.844s] INFO:colcon.colcon_core.shell:Creating environment descriptor '/home/mc2148/AURO/GIT-SUBMISSION/AURO/Submission/install/assessment_interfaces/share/assessment_interfaces/hook/cmake_prefix_path.dsv'
[8.845s] INFO:colcon.colcon_core.shell:Creating environment hook '/home/mc2148/AURO/GIT-SUBMISSION/AURO/Submission/install/assessment_interfaces/share/assessment_interfaces/hook/cmake_prefix_path.sh'
[8.847s] Level 1:colcon.colcon_core.environment:checking '/home/mc2148/AURO/GIT-SUBMISSION/AURO/Submission/install/assessment_interfaces/lib'
[8.847s] Level 1:colcon.colcon_core.shell:create_environment_hook('assessment_interfaces', 'ld_library_path_lib')
[8.896s] INFO:colcon.colcon_core.shell:Creating environment hook '/home/mc2148/AURO/GIT-SUBMISSION/AURO/Submission/install/assessment_interfaces/share/assessment_interfaces/hook/ld_library_path_lib.ps1'
[8.897s] INFO:colcon.colcon_core.shell:Creating environment descriptor '/home/mc2148/AURO/GIT-SUBMISSION/AURO/Submission/install/assessment_interfaces/share/assessment_interfaces/hook/ld_library_path_lib.dsv'
[8.898s] INFO:colcon.colcon_core.shell:Creating environment hook '/home/mc2148/AURO/GIT-SUBMISSION/AURO/Submission/install/assessment_interfaces/share/assessment_interfaces/hook/ld_library_path_lib.sh'
[8.899s] Level 1:colcon.colcon_core.environment:checking '/home/mc2148/AURO/GIT-SUBMISSION/AURO/Submission/install/assessment_interfaces/bin'
[8.899s] Level 1:colcon.colcon_core.environment:checking '/home/mc2148/AURO/GIT-SUBMISSION/AURO/Submission/install/assessment_interfaces/lib/pkgconfig/assessment_interfaces.pc'
[8.901s] Level 1:colcon.colcon_core.environment:checking '/home/mc2148/AURO/GIT-SUBMISSION/AURO/Submission/install/assessment_interfaces/lib/python3.10/site-packages'
[8.901s] Level 1:colcon.colcon_core.environment:checking '/home/mc2148/AURO/GIT-SUBMISSION/AURO/Submission/install/assessment_interfaces/bin'
[8.969s] INFO:colcon.colcon_core.shell:Creating package script '/home/mc2148/AURO/GIT-SUBMISSION/AURO/Submission/install/assessment_interfaces/share/assessment_interfaces/package.ps1'
[8.973s] INFO:colcon.colcon_core.shell:Creating package descriptor '/home/mc2148/AURO/GIT-SUBMISSION/AURO/Submission/install/assessment_interfaces/share/assessment_interfaces/package.dsv'
[8.975s] INFO:colcon.colcon_core.shell:Creating package script '/home/mc2148/AURO/GIT-SUBMISSION/AURO/Submission/install/assessment_interfaces/share/assessment_interfaces/package.sh'
[8.976s] INFO:colcon.colcon_core.shell:Creating package script '/home/mc2148/AURO/GIT-SUBMISSION/AURO/Submission/install/assessment_interfaces/share/assessment_interfaces/package.bash'
[8.978s] INFO:colcon.colcon_core.shell:Creating package script '/home/mc2148/AURO/GIT-SUBMISSION/AURO/Submission/install/assessment_interfaces/share/assessment_interfaces/package.zsh'
[8.979s] Level 1:colcon.colcon_core.environment:create_file_with_runtime_dependencies(/home/mc2148/AURO/GIT-SUBMISSION/AURO/Submission/install/assessment_interfaces/share/colcon-core/packages/assessment_interfaces)
[8.989s] DEBUG:colcon.colcon_core.event_handler.log_command:Invoking command in '/home/mc2148/AURO/GIT-SUBMISSION/AURO/Submission/src/assessment': PYTHONPATH=/home/mc2148/AURO/GIT-SUBMISSION/AURO/Submission/build/assessment/prefix_override:/home/mc2148/AURO/GIT-SUBMISSION/AURO/Submission/install/assessment/lib/python3.10/site-packages:${PYTHONPATH} /usr/bin/python3 setup.py egg_info --egg-base ../../build/assessment build --build-base /home/mc2148/AURO/GIT-SUBMISSION/AURO/Submission/build/assessment/build install --record /home/mc2148/AURO/GIT-SUBMISSION/AURO/Submission/build/assessment/install.log --single-version-externally-managed
[8.991s] DEBUG:colcon.colcon_core.event_handler.log_command:Invoked command in '/home/mc2148/AURO/GIT-SUBMISSION/AURO/Submission/build/solution_interfaces' returned '0': CMAKE_PREFIX_PATH=${CMAKE_PREFIX_PATH}:/home/mc2148/AURO/GIT-SUBMISSION/AURO/Submission/install/tf_relay:/home/mc2148/AURO/GIT-SUBMISSION/AURO/Submission/install/solution:/home/mc2148/AURO/GIT-SUBMISSION/AURO/Submission/install/assessment:/home/mc2148/turtlebot3_ws/install/turtlebot3_teleop:/home/mc2148/turtlebot3_ws/install/turtlebot3_example:/opt/ros/humble /usr/bin/cmake --build /home/mc2148/AURO/GIT-SUBMISSION/AURO/Submission/build/solution_interfaces -- -j4 -l4
[9.504s] DEBUG:colcon.colcon_core.event_handler.log_command:Invoking command in '/home/mc2148/AURO/GIT-SUBMISSION/AURO/Submission/build/solution_interfaces': CMAKE_PREFIX_PATH=${CMAKE_PREFIX_PATH}:/home/mc2148/AURO/GIT-SUBMISSION/AURO/Submission/install/tf_relay:/home/mc2148/AURO/GIT-SUBMISSION/AURO/Submission/install/solution:/home/mc2148/AURO/GIT-SUBMISSION/AURO/Submission/install/assessment:/home/mc2148/turtlebot3_ws/install/turtlebot3_teleop:/home/mc2148/turtlebot3_ws/install/turtlebot3_example:/opt/ros/humble /usr/bin/cmake --install /home/mc2148/AURO/GIT-SUBMISSION/AURO/Submission/build/solution_interfaces
[9.923s] Level 1:colcon.colcon_core.environment:create_environment_scripts_only(assessment_interfaces)
[9.991s] Level 1:colcon.colcon_core.environment:checking '/home/mc2148/AURO/GIT-SUBMISSION/AURO/Submission/install/assessment_interfaces' for CMake module files
[9.993s] Level 1:colcon.colcon_core.environment:checking '/home/mc2148/AURO/GIT-SUBMISSION/AURO/Submission/install/assessment_interfaces' for CMake config files
[9.994s] Level 1:colcon.colcon_core.shell:create_environment_hook('assessment_interfaces', 'cmake_prefix_path')
[10.090s] INFO:colcon.colcon_core.shell:Creating environment hook '/home/mc2148/AURO/GIT-SUBMISSION/AURO/Submission/install/assessment_interfaces/share/assessment_interfaces/hook/cmake_prefix_path.ps1'
[10.092s] INFO:colcon.colcon_core.shell:Creating environment descriptor '/home/mc2148/AURO/GIT-SUBMISSION/AURO/Submission/install/assessment_interfaces/share/assessment_interfaces/hook/cmake_prefix_path.dsv'
[10.093s] INFO:colcon.colcon_core.shell:Creating environment hook '/home/mc2148/AURO/GIT-SUBMISSION/AURO/Submission/install/assessment_interfaces/share/assessment_interfaces/hook/cmake_prefix_path.sh'
[10.094s] Level 1:colcon.colcon_core.environment:checking '/home/mc2148/AURO/GIT-SUBMISSION/AURO/Submission/install/assessment_interfaces/lib'
[10.095s] Level 1:colcon.colcon_core.shell:create_environment_hook('assessment_interfaces', 'ld_library_path_lib')
[10.162s] INFO:colcon.colcon_core.shell:Creating environment hook '/home/mc2148/AURO/GIT-SUBMISSION/AURO/Submission/install/assessment_interfaces/share/assessment_interfaces/hook/ld_library_path_lib.ps1'
[10.164s] INFO:colcon.colcon_core.shell:Creating environment descriptor '/home/mc2148/AURO/GIT-SUBMISSION/AURO/Submission/install/assessment_interfaces/share/assessment_interfaces/hook/ld_library_path_lib.dsv'
[10.166s] INFO:colcon.colcon_core.shell:Creating environment hook '/home/mc2148/AURO/GIT-SUBMISSION/AURO/Submission/install/assessment_interfaces/share/assessment_interfaces/hook/ld_library_path_lib.sh'
[10.167s] Level 1:colcon.colcon_core.environment:checking '/home/mc2148/AURO/GIT-SUBMISSION/AURO/Submission/install/assessment_interfaces/bin'
[10.167s] Level 1:colcon.colcon_core.environment:checking '/home/mc2148/AURO/GIT-SUBMISSION/AURO/Submission/install/assessment_interfaces/lib/pkgconfig/assessment_interfaces.pc'
[10.168s] Level 1:colcon.colcon_core.environment:checking '/home/mc2148/AURO/GIT-SUBMISSION/AURO/Submission/install/assessment_interfaces/lib/python3.10/site-packages'
[10.169s] Level 1:colcon.colcon_core.environment:checking '/home/mc2148/AURO/GIT-SUBMISSION/AURO/Submission/install/assessment_interfaces/bin'
[10.223s] INFO:colcon.colcon_core.shell:Creating package script '/home/mc2148/AURO/GIT-SUBMISSION/AURO/Submission/install/assessment_interfaces/share/assessment_interfaces/package.ps1'
[10.224s] INFO:colcon.colcon_core.shell:Creating package descriptor '/home/mc2148/AURO/GIT-SUBMISSION/AURO/Submission/install/assessment_interfaces/share/assessment_interfaces/package.dsv'
[10.227s] INFO:colcon.colcon_core.shell:Creating package script '/home/mc2148/AURO/GIT-SUBMISSION/AURO/Submission/install/assessment_interfaces/share/assessment_interfaces/package.sh'
[10.229s] INFO:colcon.colcon_core.shell:Creating package script '/home/mc2148/AURO/GIT-SUBMISSION/AURO/Submission/install/assessment_interfaces/share/assessment_interfaces/package.bash'
[10.229s] INFO:colcon.colcon_core.shell:Creating package script '/home/mc2148/AURO/GIT-SUBMISSION/AURO/Submission/install/assessment_interfaces/share/assessment_interfaces/package.zsh'
[10.230s] Level 1:colcon.colcon_core.environment:create_file_with_runtime_dependencies(/home/mc2148/AURO/GIT-SUBMISSION/AURO/Submission/install/assessment_interfaces/share/colcon-core/packages/assessment_interfaces)
[10.232s] INFO:colcon.colcon_ros.task.ament_python.build:Building ROS package in '/home/mc2148/AURO/GIT-SUBMISSION/AURO/Submission/src/tf_relay' with build type 'ament_python'
[10.232s] Level 1:colcon.colcon_core.shell:create_environment_hook('tf_relay', 'ament_prefix_path')
[10.277s] INFO:colcon.colcon_core.shell:Creating environment hook '/home/mc2148/AURO/GIT-SUBMISSION/AURO/Submission/install/tf_relay/share/tf_relay/hook/ament_prefix_path.ps1'
[10.278s] INFO:colcon.colcon_core.shell:Creating environment descriptor '/home/mc2148/AURO/GIT-SUBMISSION/AURO/Submission/install/tf_relay/share/tf_relay/hook/ament_prefix_path.dsv'
[10.279s] INFO:colcon.colcon_core.shell:Creating environment hook '/home/mc2148/AURO/GIT-SUBMISSION/AURO/Submission/install/tf_relay/share/tf_relay/hook/ament_prefix_path.sh'
[10.321s] INFO:colcon.colcon_core.shell:Skip shell extension 'powershell' for command environment: Not usable outside of PowerShell
[10.321s] DEBUG:colcon.colcon_core.shell:Skip shell extension 'dsv' for command environment
[10.486s] Level 1:colcon.colcon_core.environment:create_environment_scripts_only(solution_interfaces)
[10.487s] DEBUG:colcon.colcon_core.event_handler.log_command:Invoked command in '/home/mc2148/AURO/GIT-SUBMISSION/AURO/Submission/build/solution_interfaces' returned '0': CMAKE_PREFIX_PATH=${CMAKE_PREFIX_PATH}:/home/mc2148/AURO/GIT-SUBMISSION/AURO/Submission/install/tf_relay:/home/mc2148/AURO/GIT-SUBMISSION/AURO/Submission/install/solution:/home/mc2148/AURO/GIT-SUBMISSION/AURO/Submission/install/assessment:/home/mc2148/turtlebot3_ws/install/turtlebot3_teleop:/home/mc2148/turtlebot3_ws/install/turtlebot3_example:/opt/ros/humble /usr/bin/cmake --install /home/mc2148/AURO/GIT-SUBMISSION/AURO/Submission/build/solution_interfaces
[10.530s] Level 1:colcon.colcon_core.environment:checking '/home/mc2148/AURO/GIT-SUBMISSION/AURO/Submission/install/solution_interfaces' for CMake module files
[10.531s] Level 1:colcon.colcon_core.environment:checking '/home/mc2148/AURO/GIT-SUBMISSION/AURO/Submission/install/solution_interfaces' for CMake config files
[10.532s] Level 1:colcon.colcon_core.shell:create_environment_hook('solution_interfaces', 'cmake_prefix_path')
[10.570s] INFO:colcon.colcon_core.shell:Creating environment hook '/home/mc2148/AURO/GIT-SUBMISSION/AURO/Submission/install/solution_interfaces/share/solution_interfaces/hook/cmake_prefix_path.ps1'
[10.571s] INFO:colcon.colcon_core.shell:Creating environment descriptor '/home/mc2148/AURO/GIT-SUBMISSION/AURO/Submission/install/solution_interfaces/share/solution_interfaces/hook/cmake_prefix_path.dsv'
[10.571s] INFO:colcon.colcon_core.shell:Creating environment hook '/home/mc2148/AURO/GIT-SUBMISSION/AURO/Submission/install/solution_interfaces/share/solution_interfaces/hook/cmake_prefix_path.sh'
[10.572s] Level 1:colcon.colcon_core.environment:checking '/home/mc2148/AURO/GIT-SUBMISSION/AURO/Submission/install/solution_interfaces/lib'
[10.573s] Level 1:colcon.colcon_core.shell:create_environment_hook('solution_interfaces', 'ld_library_path_lib')
[10.612s] INFO:colcon.colcon_core.shell:Creating environment hook '/home/mc2148/AURO/GIT-SUBMISSION/AURO/Submission/install/solution_interfaces/share/solution_interfaces/hook/ld_library_path_lib.ps1'
[10.612s] INFO:colcon.colcon_core.shell:Creating environment descriptor '/home/mc2148/AURO/GIT-SUBMISSION/AURO/Submission/install/solution_interfaces/share/solution_interfaces/hook/ld_library_path_lib.dsv'
[10.613s] INFO:colcon.colcon_core.shell:Creating environment hook '/home/mc2148/AURO/GIT-SUBMISSION/AURO/Submission/install/solution_interfaces/share/solution_interfaces/hook/ld_library_path_lib.sh'
[10.614s] Level 1:colcon.colcon_core.environment:checking '/home/mc2148/AURO/GIT-SUBMISSION/AURO/Submission/install/solution_interfaces/bin'
[10.614s] Level 1:colcon.colcon_core.environment:checking '/home/mc2148/AURO/GIT-SUBMISSION/AURO/Submission/install/solution_interfaces/lib/pkgconfig/solution_interfaces.pc'
[10.615s] Level 1:colcon.colcon_core.environment:checking '/home/mc2148/AURO/GIT-SUBMISSION/AURO/Submission/install/solution_interfaces/lib/python3.10/site-packages'
[10.616s] Level 1:colcon.colcon_core.environment:checking '/home/mc2148/AURO/GIT-SUBMISSION/AURO/Submission/install/solution_interfaces/bin'
[10.655s] INFO:colcon.colcon_core.shell:Creating package script '/home/mc2148/AURO/GIT-SUBMISSION/AURO/Submission/install/solution_interfaces/share/solution_interfaces/package.ps1'
[10.657s] INFO:colcon.colcon_core.shell:Creating package descriptor '/home/mc2148/AURO/GIT-SUBMISSION/AURO/Submission/install/solution_interfaces/share/solution_interfaces/package.dsv'
[10.657s] INFO:colcon.colcon_core.shell:Creating package script '/home/mc2148/AURO/GIT-SUBMISSION/AURO/Submission/install/solution_interfaces/share/solution_interfaces/package.sh'
[10.658s] INFO:colcon.colcon_core.shell:Creating package script '/home/mc2148/AURO/GIT-SUBMISSION/AURO/Submission/install/solution_interfaces/share/solution_interfaces/package.bash'
[10.659s] INFO:colcon.colcon_core.shell:Creating package script '/home/mc2148/AURO/GIT-SUBMISSION/AURO/Submission/install/solution_interfaces/share/solution_interfaces/package.zsh'
[10.660s] Level 1:colcon.colcon_core.environment:create_file_with_runtime_dependencies(/home/mc2148/AURO/GIT-SUBMISSION/AURO/Submission/install/solution_interfaces/share/colcon-core/packages/solution_interfaces)
[10.662s] DEBUG:colcon.colcon_core.event_handler.log_command:Invoked command in '/home/mc2148/AURO/GIT-SUBMISSION/AURO/Submission/src/solution' returned '0': PYTHONPATH=/home/mc2148/AURO/GIT-SUBMISSION/AURO/Submission/build/solution/prefix_override:/home/mc2148/AURO/GIT-SUBMISSION/AURO/Submission/install/solution/lib/python3.10/site-packages:${PYTHONPATH} /usr/bin/python3 setup.py egg_info --egg-base ../../build/solution build --build-base /home/mc2148/AURO/GIT-SUBMISSION/AURO/Submission/build/solution/build install --record /home/mc2148/AURO/GIT-SUBMISSION/AURO/Submission/build/solution/install.log --single-version-externally-managed
[10.706s] Level 1:colcon.colcon_core.environment:checking '/home/mc2148/AURO/GIT-SUBMISSION/AURO/Submission/install/solution' for CMake module files
[10.707s] Level 1:colcon.colcon_core.environment:checking '/home/mc2148/AURO/GIT-SUBMISSION/AURO/Submission/install/solution' for CMake config files
[10.708s] Level 1:colcon.colcon_core.environment:checking '/home/mc2148/AURO/GIT-SUBMISSION/AURO/Submission/install/solution/lib'
[10.708s] Level 1:colcon.colcon_core.environment:checking '/home/mc2148/AURO/GIT-SUBMISSION/AURO/Submission/install/solution/bin'
[10.708s] Level 1:colcon.colcon_core.environment:checking '/home/mc2148/AURO/GIT-SUBMISSION/AURO/Submission/install/solution/lib/pkgconfig/solution.pc'
[10.709s] Level 1:colcon.colcon_core.environment:checking '/home/mc2148/AURO/GIT-SUBMISSION/AURO/Submission/install/solution/lib/python3.10/site-packages'
[10.709s] Level 1:colcon.colcon_core.shell:create_environment_hook('solution', 'pythonpath')
[10.755s] INFO:colcon.colcon_core.shell:Creating environment hook '/home/mc2148/AURO/GIT-SUBMISSION/AURO/Submission/install/solution/share/solution/hook/pythonpath.ps1'
[10.756s] INFO:colcon.colcon_core.shell:Creating environment descriptor '/home/mc2148/AURO/GIT-SUBMISSION/AURO/Submission/install/solution/share/solution/hook/pythonpath.dsv'
[10.757s] INFO:colcon.colcon_core.shell:Creating environment hook '/home/mc2148/AURO/GIT-SUBMISSION/AURO/Submission/install/solution/share/solution/hook/pythonpath.sh'
[10.758s] Level 1:colcon.colcon_core.environment:checking '/home/mc2148/AURO/GIT-SUBMISSION/AURO/Submission/install/solution/bin'
[10.758s] Level 1:colcon.colcon_core.environment:create_environment_scripts_only(solution)
[10.803s] INFO:colcon.colcon_core.shell:Creating package script '/home/mc2148/AURO/GIT-SUBMISSION/AURO/Submission/install/solution/share/solution/package.ps1'
[10.804s] INFO:colcon.colcon_core.shell:Creating package descriptor '/home/mc2148/AURO/GIT-SUBMISSION/AURO/Submission/install/solution/share/solution/package.dsv'
[10.805s] INFO:colcon.colcon_core.shell:Creating package script '/home/mc2148/AURO/GIT-SUBMISSION/AURO/Submission/install/solution/share/solution/package.sh'
[10.806s] INFO:colcon.colcon_core.shell:Creating package script '/home/mc2148/AURO/GIT-SUBMISSION/AURO/Submission/install/solution/share/solution/package.bash'
[10.807s] INFO:colcon.colcon_core.shell:Creating package script '/home/mc2148/AURO/GIT-SUBMISSION/AURO/Submission/install/solution/share/solution/package.zsh'
[10.808s] Level 1:colcon.colcon_core.environment:create_file_with_runtime_dependencies(/home/mc2148/AURO/GIT-SUBMISSION/AURO/Submission/install/solution/share/colcon-core/packages/solution)
[10.812s] DEBUG:colcon.colcon_core.event_handler.log_command:Invoked command in '/home/mc2148/AURO/GIT-SUBMISSION/AURO/Submission/src/assessment' returned '0': PYTHONPATH=/home/mc2148/AURO/GIT-SUBMISSION/AURO/Submission/build/assessment/prefix_override:/home/mc2148/AURO/GIT-SUBMISSION/AURO/Submission/install/assessment/lib/python3.10/site-packages:${PYTHONPATH} /usr/bin/python3 setup.py egg_info --egg-base ../../build/assessment build --build-base /home/mc2148/AURO/GIT-SUBMISSION/AURO/Submission/build/assessment/build install --record /home/mc2148/AURO/GIT-SUBMISSION/AURO/Submission/build/assessment/install.log --single-version-externally-managed
[10.859s] Level 1:colcon.colcon_core.environment:checking '/home/mc2148/AURO/GIT-SUBMISSION/AURO/Submission/install/assessment' for CMake module files
[10.860s] Level 1:colcon.colcon_core.environment:checking '/home/mc2148/AURO/GIT-SUBMISSION/AURO/Submission/install/assessment' for CMake config files
[10.861s] Level 1:colcon.colcon_core.environment:checking '/home/mc2148/AURO/GIT-SUBMISSION/AURO/Submission/install/assessment/lib'
[10.862s] Level 1:colcon.colcon_core.environment:checking '/home/mc2148/AURO/GIT-SUBMISSION/AURO/Submission/install/assessment/bin'
[10.862s] Level 1:colcon.colcon_core.environment:checking '/home/mc2148/AURO/GIT-SUBMISSION/AURO/Submission/install/assessment/lib/pkgconfig/assessment.pc'
[10.862s] Level 1:colcon.colcon_core.environment:checking '/home/mc2148/AURO/GIT-SUBMISSION/AURO/Submission/install/assessment/lib/python3.10/site-packages'
[10.863s] Level 1:colcon.colcon_core.shell:create_environment_hook('assessment', 'pythonpath')
[10.907s] INFO:colcon.colcon_core.shell:Creating environment hook '/home/mc2148/AURO/GIT-SUBMISSION/AURO/Submission/install/assessment/share/assessment/hook/pythonpath.ps1'
[10.907s] INFO:colcon.colcon_core.shell:Creating environment descriptor '/home/mc2148/AURO/GIT-SUBMISSION/AURO/Submission/install/assessment/share/assessment/hook/pythonpath.dsv'
[10.908s] INFO:colcon.colcon_core.shell:Creating environment hook '/home/mc2148/AURO/GIT-SUBMISSION/AURO/Submission/install/assessment/share/assessment/hook/pythonpath.sh'
[10.909s] Level 1:colcon.colcon_core.environment:checking '/home/mc2148/AURO/GIT-SUBMISSION/AURO/Submission/install/assessment/bin'
[10.909s] Level 1:colcon.colcon_core.environment:create_environment_scripts_only(assessment)
[10.956s] INFO:colcon.colcon_core.shell:Creating package script '/home/mc2148/AURO/GIT-SUBMISSION/AURO/Submission/install/assessment/share/assessment/package.ps1'
[10.957s] INFO:colcon.colcon_core.shell:Creating package descriptor '/home/mc2148/AURO/GIT-SUBMISSION/AURO/Submission/install/assessment/share/assessment/package.dsv'
[10.958s] INFO:colcon.colcon_core.shell:Creating package script '/home/mc2148/AURO/GIT-SUBMISSION/AURO/Submission/install/assessment/share/assessment/package.sh'
[10.959s] INFO:colcon.colcon_core.shell:Creating package script '/home/mc2148/AURO/GIT-SUBMISSION/AURO/Submission/install/assessment/share/assessment/package.bash'
[10.959s] INFO:colcon.colcon_core.shell:Creating package script '/home/mc2148/AURO/GIT-SUBMISSION/AURO/Submission/install/assessment/share/assessment/package.zsh'
[10.960s] Level 1:colcon.colcon_core.environment:create_file_with_runtime_dependencies(/home/mc2148/AURO/GIT-SUBMISSION/AURO/Submission/install/assessment/share/colcon-core/packages/assessment)
[11.662s] INFO:colcon.colcon_core.task.python.build:Building Python package in '/home/mc2148/AURO/GIT-SUBMISSION/AURO/Submission/src/tf_relay'
[11.700s] INFO:colcon.colcon_core.shell:Skip shell extension 'powershell' for command environment: Not usable outside of PowerShell
[11.701s] DEBUG:colcon.colcon_core.shell:Skip shell extension 'dsv' for command environment
[11.902s] Level 1:colcon.colcon_core.environment:create_environment_scripts_only(solution_interfaces)
[11.944s] Level 1:colcon.colcon_core.environment:checking '/home/mc2148/AURO/GIT-SUBMISSION/AURO/Submission/install/solution_interfaces' for CMake module files
[11.945s] Level 1:colcon.colcon_core.environment:checking '/home/mc2148/AURO/GIT-SUBMISSION/AURO/Submission/install/solution_interfaces' for CMake config files
[11.946s] Level 1:colcon.colcon_core.shell:create_environment_hook('solution_interfaces', 'cmake_prefix_path')
[11.984s] INFO:colcon.colcon_core.shell:Creating environment hook '/home/mc2148/AURO/GIT-SUBMISSION/AURO/Submission/install/solution_interfaces/share/solution_interfaces/hook/cmake_prefix_path.ps1'
[11.985s] INFO:colcon.colcon_core.shell:Creating environment descriptor '/home/mc2148/AURO/GIT-SUBMISSION/AURO/Submission/install/solution_interfaces/share/solution_interfaces/hook/cmake_prefix_path.dsv'
[11.985s] INFO:colcon.colcon_core.shell:Creating environment hook '/home/mc2148/AURO/GIT-SUBMISSION/AURO/Submission/install/solution_interfaces/share/solution_interfaces/hook/cmake_prefix_path.sh'
[11.986s] Level 1:colcon.colcon_core.environment:checking '/home/mc2148/AURO/GIT-SUBMISSION/AURO/Submission/install/solution_interfaces/lib'
[11.987s] Level 1:colcon.colcon_core.shell:create_environment_hook('solution_interfaces', 'ld_library_path_lib')
[12.026s] INFO:colcon.colcon_core.shell:Creating environment hook '/home/mc2148/AURO/GIT-SUBMISSION/AURO/Submission/install/solution_interfaces/share/solution_interfaces/hook/ld_library_path_lib.ps1'
[12.027s] INFO:colcon.colcon_core.shell:Creating environment descriptor '/home/mc2148/AURO/GIT-SUBMISSION/AURO/Submission/install/solution_interfaces/share/solution_interfaces/hook/ld_library_path_lib.dsv'
[12.028s] INFO:colcon.colcon_core.shell:Creating environment hook '/home/mc2148/AURO/GIT-SUBMISSION/AURO/Submission/install/solution_interfaces/share/solution_interfaces/hook/ld_library_path_lib.sh'
[12.029s] Level 1:colcon.colcon_core.environment:checking '/home/mc2148/AURO/GIT-SUBMISSION/AURO/Submission/install/solution_interfaces/bin'
[12.029s] Level 1:colcon.colcon_core.environment:checking '/home/mc2148/AURO/GIT-SUBMISSION/AURO/Submission/install/solution_interfaces/lib/pkgconfig/solution_interfaces.pc'
[12.030s] Level 1:colcon.colcon_core.environment:checking '/home/mc2148/AURO/GIT-SUBMISSION/AURO/Submission/install/solution_interfaces/lib/python3.10/site-packages'
[12.030s] Level 1:colcon.colcon_core.environment:checking '/home/mc2148/AURO/GIT-SUBMISSION/AURO/Submission/install/solution_interfaces/bin'
[12.067s] INFO:colcon.colcon_core.shell:Creating package script '/home/mc2148/AURO/GIT-SUBMISSION/AURO/Submission/install/solution_interfaces/share/solution_interfaces/package.ps1'
[12.068s] INFO:colcon.colcon_core.shell:Creating package descriptor '/home/mc2148/AURO/GIT-SUBMISSION/AURO/Submission/install/solution_interfaces/share/solution_interfaces/package.dsv'
[12.069s] INFO:colcon.colcon_core.shell:Creating package script '/home/mc2148/AURO/GIT-SUBMISSION/AURO/Submission/install/solution_interfaces/share/solution_interfaces/package.sh'
[12.070s] INFO:colcon.colcon_core.shell:Creating package script '/home/mc2148/AURO/GIT-SUBMISSION/AURO/Submission/install/solution_interfaces/share/solution_interfaces/package.bash'
[12.071s] INFO:colcon.colcon_core.shell:Creating package script '/home/mc2148/AURO/GIT-SUBMISSION/AURO/Submission/install/solution_interfaces/share/solution_interfaces/package.zsh'
[12.072s] Level 1:colcon.colcon_core.environment:create_file_with_runtime_dependencies(/home/mc2148/AURO/GIT-SUBMISSION/AURO/Submission/install/solution_interfaces/share/colcon-core/packages/solution_interfaces)
[13.067s] DEBUG:colcon.colcon_core.event_handler.log_command:Invoking command in '/home/mc2148/AURO/GIT-SUBMISSION/AURO/Submission/src/tf_relay': PYTHONPATH=/home/mc2148/AURO/GIT-SUBMISSION/AURO/Submission/build/tf_relay/prefix_override:/home/mc2148/AURO/GIT-SUBMISSION/AURO/Submission/install/tf_relay/lib/python3.10/site-packages:${PYTHONPATH} /usr/bin/python3 setup.py egg_info --egg-base ../../build/tf_relay build --build-base /home/mc2148/AURO/GIT-SUBMISSION/AURO/Submission/build/tf_relay/build install --record /home/mc2148/AURO/GIT-SUBMISSION/AURO/Submission/build/tf_relay/install.log --single-version-externally-managed
[13.916s] DEBUG:colcon.colcon_core.event_handler.log_command:Invoked command in '/home/mc2148/AURO/GIT-SUBMISSION/AURO/Submission/src/tf_relay' returned '0': PYTHONPATH=/home/mc2148/AURO/GIT-SUBMISSION/AURO/Submission/build/tf_relay/prefix_override:/home/mc2148/AURO/GIT-SUBMISSION/AURO/Submission/install/tf_relay/lib/python3.10/site-packages:${PYTHONPATH} /usr/bin/python3 setup.py egg_info --egg-base ../../build/tf_relay build --build-base /home/mc2148/AURO/GIT-SUBMISSION/AURO/Submission/build/tf_relay/build install --record /home/mc2148/AURO/GIT-SUBMISSION/AURO/Submission/build/tf_relay/install.log --single-version-externally-managed
[13.957s] Level 1:colcon.colcon_core.environment:checking '/home/mc2148/AURO/GIT-SUBMISSION/AURO/Submission/install/tf_relay' for CMake module files
[13.958s] Level 1:colcon.colcon_core.environment:checking '/home/mc2148/AURO/GIT-SUBMISSION/AURO/Submission/install/tf_relay' for CMake config files
[13.959s] Level 1:colcon.colcon_core.environment:checking '/home/mc2148/AURO/GIT-SUBMISSION/AURO/Submission/install/tf_relay/lib'
[13.959s] Level 1:colcon.colcon_core.environment:checking '/home/mc2148/AURO/GIT-SUBMISSION/AURO/Submission/install/tf_relay/bin'
[13.959s] Level 1:colcon.colcon_core.environment:checking '/home/mc2148/AURO/GIT-SUBMISSION/AURO/Submission/install/tf_relay/lib/pkgconfig/tf_relay.pc'
[13.960s] Level 1:colcon.colcon_core.environment:checking '/home/mc2148/AURO/GIT-SUBMISSION/AURO/Submission/install/tf_relay/lib/python3.10/site-packages'
[13.960s] Level 1:colcon.colcon_core.shell:create_environment_hook('tf_relay', 'pythonpath')
[13.998s] INFO:colcon.colcon_core.shell:Creating environment hook '/home/mc2148/AURO/GIT-SUBMISSION/AURO/Submission/install/tf_relay/share/tf_relay/hook/pythonpath.ps1'
[13.999s] INFO:colcon.colcon_core.shell:Creating environment descriptor '/home/mc2148/AURO/GIT-SUBMISSION/AURO/Submission/install/tf_relay/share/tf_relay/hook/pythonpath.dsv'
[13.999s] INFO:colcon.colcon_core.shell:Creating environment hook '/home/mc2148/AURO/GIT-SUBMISSION/AURO/Submission/install/tf_relay/share/tf_relay/hook/pythonpath.sh'
[14.001s] Level 1:colcon.colcon_core.environment:checking '/home/mc2148/AURO/GIT-SUBMISSION/AURO/Submission/install/tf_relay/bin'
[14.001s] Level 1:colcon.colcon_core.environment:create_environment_scripts_only(tf_relay)
[14.040s] INFO:colcon.colcon_core.shell:Creating package script '/home/mc2148/AURO/GIT-SUBMISSION/AURO/Submission/install/tf_relay/share/tf_relay/package.ps1'
[14.041s] INFO:colcon.colcon_core.shell:Creating package descriptor '/home/mc2148/AURO/GIT-SUBMISSION/AURO/Submission/install/tf_relay/share/tf_relay/package.dsv'
[14.042s] INFO:colcon.colcon_core.shell:Creating package script '/home/mc2148/AURO/GIT-SUBMISSION/AURO/Submission/install/tf_relay/share/tf_relay/package.sh'
[14.043s] INFO:colcon.colcon_core.shell:Creating package script '/home/mc2148/AURO/GIT-SUBMISSION/AURO/Submission/install/tf_relay/share/tf_relay/package.bash'
[14.044s] INFO:colcon.colcon_core.shell:Creating package script '/home/mc2148/AURO/GIT-SUBMISSION/AURO/Submission/install/tf_relay/share/tf_relay/package.zsh'
[14.045s] Level 1:colcon.colcon_core.environment:create_file_with_runtime_dependencies(/home/mc2148/AURO/GIT-SUBMISSION/AURO/Submission/install/tf_relay/share/colcon-core/packages/tf_relay)
[14.045s] DEBUG:colcon.colcon_parallel_executor.executor.parallel:closing loop
[14.045s] DEBUG:colcon.colcon_parallel_executor.executor.parallel:loop closed
[14.046s] DEBUG:colcon.colcon_parallel_executor.executor.parallel:run_until_complete finished with '0'
[14.046s] DEBUG:colcon.colcon_core.event_reactor:joining thread
[14.103s] INFO:colcon.colcon_core.plugin_system:Skipping extension 'colcon_notification.desktop_notification.terminal_notifier': Not used on non-Darwin systems
[14.103s] INFO:colcon.colcon_core.plugin_system:Skipping extension 'colcon_notification.desktop_notification.win32': Not used on non-Windows systems
[14.103s] INFO:colcon.colcon_notification.desktop_notification:Sending desktop notification using 'notify2'
[14.126s] DEBUG:colcon.colcon_core.event_reactor:joined thread
[14.173s] INFO:colcon.colcon_core.shell:Creating prefix script '/home/mc2148/AURO/GIT-SUBMISSION/AURO/Submission/install/local_setup.ps1'
[14.175s] INFO:colcon.colcon_core.shell:Creating prefix util module '/home/mc2148/AURO/GIT-SUBMISSION/AURO/Submission/install/_local_setup_util_ps1.py'
[14.177s] INFO:colcon.colcon_core.shell:Creating prefix chain script '/home/mc2148/AURO/GIT-SUBMISSION/AURO/Submission/install/setup.ps1'
[14.220s] INFO:colcon.colcon_core.shell:Creating prefix script '/home/mc2148/AURO/GIT-SUBMISSION/AURO/Submission/install/local_setup.sh'
[14.221s] INFO:colcon.colcon_core.shell:Creating prefix util module '/home/mc2148/AURO/GIT-SUBMISSION/AURO/Submission/install/_local_setup_util_sh.py'
[14.222s] INFO:colcon.colcon_core.shell:Creating prefix chain script '/home/mc2148/AURO/GIT-SUBMISSION/AURO/Submission/install/setup.sh'
[14.265s] INFO:colcon.colcon_core.shell:Creating prefix script '/home/mc2148/AURO/GIT-SUBMISSION/AURO/Submission/install/local_setup.bash'
[14.266s] INFO:colcon.colcon_core.shell:Creating prefix chain script '/home/mc2148/AURO/GIT-SUBMISSION/AURO/Submission/install/setup.bash'
[14.309s] INFO:colcon.colcon_core.shell:Creating prefix script '/home/mc2148/AURO/GIT-SUBMISSION/AURO/Submission/install/local_setup.zsh'
[14.310s] INFO:colcon.colcon_core.shell:Creating prefix chain script '/home/mc2148/AURO/GIT-SUBMISSION/AURO/Submission/install/setup.zsh'
