[4.368s] Invoking command in '/home/mc2148/AURO/GIT-SUBMISSION/AURO/Submission/src/solution': PYTHONPATH=/home/mc2148/AURO/GIT-SUBMISSION/AURO/Submission/build/solution/prefix_override:/home/mc2148/AURO/GIT-SUBMISSION/AURO/Submission/install/solution/lib/python3.10/site-packages:${PYTHONPATH} /usr/bin/python3 setup.py egg_info --egg-base ../../build/solution build --build-base /home/mc2148/AURO/GIT-SUBMISSION/AURO/Submission/build/solution/build install --record /home/mc2148/AURO/GIT-SUBMISSION/AURO/Submission/build/solution/install.log --single-version-externally-managed
[5.475s] running egg_info
[5.477s] writing ../../build/solution/solution.egg-info/PKG-INFO
[5.478s] writing dependency_links to ../../build/solution/solution.egg-info/dependency_links.txt
[5.478s] writing entry points to ../../build/solution/solution.egg-info/entry_points.txt
[5.478s] writing requirements to ../../build/solution/solution.egg-info/requires.txt
[5.479s] writing top-level names to ../../build/solution/solution.egg-info/top_level.txt
[5.485s] reading manifest file '../../build/solution/solution.egg-info/SOURCES.txt'
[5.489s] writing manifest file '../../build/solution/solution.egg-info/SOURCES.txt'
[5.489s] running build
[5.490s] running build_py
[5.490s] copying solution/robot_controller.py -> /home/mc2148/AURO/GIT-SUBMISSION/AURO/Submission/build/solution/build/lib/solution
[5.492s] running install
[5.492s] running install_lib
[5.495s] copying /home/mc2148/AURO/GIT-SUBMISSION/AURO/Submission/build/solution/build/lib/solution/robot_controller.py -> /home/mc2148/AURO/GIT-SUBMISSION/AURO/Submission/install/solution/lib/python3.10/site-packages/solution
[5.497s] byte-compiling /home/mc2148/AURO/GIT-SUBMISSION/AURO/Submission/install/solution/lib/python3.10/site-packages/solution/robot_controller.py to robot_controller.cpython-310.pyc
[5.506s] running install_data
[5.508s] running install_egg_info
[5.513s] removing '/home/mc2148/AURO/GIT-SUBMISSION/AURO/Submission/install/solution/lib/python3.10/site-packages/solution-0.0.0-py3.10.egg-info' (and everything under it)
[5.514s] Copying ../../build/solution/solution.egg-info to /home/mc2148/AURO/GIT-SUBMISSION/AURO/Submission/install/solution/lib/python3.10/site-packages/solution-0.0.0-py3.10.egg-info
[5.517s] running install_scripts
[5.573s] Installing data_logger script to /home/mc2148/AURO/GIT-SUBMISSION/AURO/Submission/install/solution/lib/solution
[5.574s] Installing robot_controller script to /home/mc2148/AURO/GIT-SUBMISSION/AURO/Submission/install/solution/lib/solution
[5.575s] writing list of installed files to '/home/mc2148/AURO/GIT-SUBMISSION/AURO/Submission/build/solution/install.log'
[6.190s] Invoked command in '/home/mc2148/AURO/GIT-SUBMISSION/AURO/Submission/src/solution' returned '0': PYTHONPATH=/home/mc2148/AURO/GIT-SUBMISSION/AURO/Submission/build/solution/prefix_override:/home/mc2148/AURO/GIT-SUBMISSION/AURO/Submission/install/solution/lib/python3.10/site-packages:${PYTHONPATH} /usr/bin/python3 setup.py egg_info --egg-base ../../build/solution build --build-base /home/mc2148/AURO/GIT-SUBMISSION/AURO/Submission/build/solution/build install --record /home/mc2148/AURO/GIT-SUBMISSION/AURO/Submission/build/solution/install.log --single-version-externally-managed
