[1.621s] Invoking command in '/home/mc2148/AURO/Submission/src/tf_transformations': PYTHONPATH=/home/mc2148/AURO/Submission/build/tf_transformations/prefix_override:/home/mc2148/AURO/Submission/install/tf_transformations/lib/python3.10/site-packages:${PYTHONPATH} /usr/bin/python3 setup.py egg_info --egg-base ../../build/tf_transformations build --build-base /home/mc2148/AURO/Submission/build/tf_transformations/build install --record /home/mc2148/AURO/Submission/build/tf_transformations/install.log --single-version-externally-managed
[1.918s] running egg_info
[1.918s] creating ../../build/tf_transformations/tf_transformations.egg-info
[1.919s] writing ../../build/tf_transformations/tf_transformations.egg-info/PKG-INFO
[1.919s] writing dependency_links to ../../build/tf_transformations/tf_transformations.egg-info/dependency_links.txt
[1.919s] writing requirements to ../../build/tf_transformations/tf_transformations.egg-info/requires.txt
[1.919s] writing top-level names to ../../build/tf_transformations/tf_transformations.egg-info/top_level.txt
[1.919s] writing manifest file '../../build/tf_transformations/tf_transformations.egg-info/SOURCES.txt'
[1.920s] reading manifest file '../../build/tf_transformations/tf_transformations.egg-info/SOURCES.txt'
[1.921s] adding license file 'LICENSE'
[1.921s] writing manifest file '../../build/tf_transformations/tf_transformations.egg-info/SOURCES.txt'
[1.921s] running build
[1.922s] running build_py
[1.922s] creating /home/mc2148/AURO/Submission/build/tf_transformations/build
[1.922s] creating /home/mc2148/AURO/Submission/build/tf_transformations/build/lib
[1.922s] creating /home/mc2148/AURO/Submission/build/tf_transformations/build/lib/tf_transformations
[1.922s] copying tf_transformations/__init__.py -> /home/mc2148/AURO/Submission/build/tf_transformations/build/lib/tf_transformations
[1.922s] running install
[1.922s] running install_lib
[1.923s] creating /home/mc2148/AURO/Submission/install/tf_transformations/lib/python3.10/site-packages/tf_transformations
[1.923s] copying /home/mc2148/AURO/Submission/build/tf_transformations/build/lib/tf_transformations/__init__.py -> /home/mc2148/AURO/Submission/install/tf_transformations/lib/python3.10/site-packages/tf_transformations
[1.924s] byte-compiling /home/mc2148/AURO/Submission/install/tf_transformations/lib/python3.10/site-packages/tf_transformations/__init__.py to __init__.cpython-310.pyc
[1.929s] running install_data
[1.929s] creating /home/mc2148/AURO/Submission/install/tf_transformations/share/ament_index
[1.929s] creating /home/mc2148/AURO/Submission/install/tf_transformations/share/ament_index/resource_index
[1.929s] creating /home/mc2148/AURO/Submission/install/tf_transformations/share/ament_index/resource_index/packages
[1.929s] copying resource/tf_transformations -> /home/mc2148/AURO/Submission/install/tf_transformations/share/ament_index/resource_index/packages
[1.929s] copying package.xml -> /home/mc2148/AURO/Submission/install/tf_transformations/share/tf_transformations
[1.929s] running install_egg_info
[1.931s] Copying ../../build/tf_transformations/tf_transformations.egg-info to /home/mc2148/AURO/Submission/install/tf_transformations/lib/python3.10/site-packages/tf_transformations-1.0.2-py3.10.egg-info
[1.932s] running install_scripts
[1.952s] writing list of installed files to '/home/mc2148/AURO/Submission/build/tf_transformations/install.log'
[1.994s] Invoked command in '/home/mc2148/AURO/Submission/src/tf_transformations' returned '0': PYTHONPATH=/home/mc2148/AURO/Submission/build/tf_transformations/prefix_override:/home/mc2148/AURO/Submission/install/tf_transformations/lib/python3.10/site-packages:${PYTHONPATH} /usr/bin/python3 setup.py egg_info --egg-base ../../build/tf_transformations build --build-base /home/mc2148/AURO/Submission/build/tf_transformations/build install --record /home/mc2148/AURO/Submission/build/tf_transformations/install.log --single-version-externally-managed
