[1.008s] DEBUG:colcon:Command line arguments: ['/usr/bin/colcon', 'build']
[1.008s] DEBUG:colcon:Parsed command line arguments: Namespace(log_base=None, log_level=None, verb_name='build', build_base='build', install_base='install', merge_install=False, symlink_install=False, test_result_base=None, continue_on_error=False, executor='parallel', parallel_workers=4, event_handlers=None, ignore_user_meta=False, metas=['./colcon.meta'], base_paths=['.'], packages_ignore=None, packages_ignore_regex=None, paths=None, packages_up_to=None, packages_up_to_regex=None, packages_above=None, packages_above_and_dependencies=None, packages_above_depth=None, packages_select_by_dep=None, packages_skip_by_dep=None, packages_skip_up_to=None, packages_select_build_failed=False, packages_skip_build_finished=False, packages_select_test_failures=False, packages_skip_test_passed=False, packages_select=None, packages_skip=None, packages_select_regex=None, packages_skip_regex=None, packages_start=None, packages_end=None, allow_overriding=[], cmake_args=None, cmake_target=None, cmake_target_skip_unavailable=False, cmake_clean_cache=False, cmake_clean_first=False, cmake_force_configure=False, ament_cmake_args=None, catkin_cmake_args=None, catkin_skip_building_tests=False, verb_parser=<colcon_defaults.argument_parser.defaults.DefaultArgumentsDecorator object at 0x7fee9057b880>, verb_extension=<colcon_core.verb.build.BuildVerb object at 0x7fee909f6ef0>, main=<bound method BuildVerb.main of <colcon_core.verb.build.BuildVerb object at 0x7fee909f6ef0>>)
[1.052s] Level 1:colcon.colcon_core.package_discovery:discover_packages(colcon_meta) check parameters
[1.052s] Level 1:colcon.colcon_core.package_discovery:discover_packages(recursive) check parameters
[1.052s] Level 1:colcon.colcon_core.package_discovery:discover_packages(ignore) check parameters
[1.052s] Level 1:colcon.colcon_core.package_discovery:discover_packages(path) check parameters
[1.052s] Level 1:colcon.colcon_core.package_discovery:discover_packages(colcon_meta) discover
[1.052s] Level 1:colcon.colcon_core.package_discovery:discover_packages(recursive) discover
[1.052s] INFO:colcon.colcon_core.package_discovery:Crawling recursively for packages in '/home/mc2148/AURO/Submission'
[1.052s] Level 1:colcon.colcon_core.package_identification:_identify(.) by extensions ['ignore', 'ignore_ament_install']
[1.053s] Level 1:colcon.colcon_core.package_identification:_identify(.) by extension 'ignore'
[1.053s] Level 1:colcon.colcon_core.package_identification:_identify(.) by extension 'ignore_ament_install'
[1.053s] Level 1:colcon.colcon_core.package_identification:_identify(.) by extensions ['colcon_pkg']
[1.053s] Level 1:colcon.colcon_core.package_identification:_identify(.) by extension 'colcon_pkg'
[1.053s] Level 1:colcon.colcon_core.package_identification:_identify(.) by extensions ['colcon_meta']
[1.053s] Level 1:colcon.colcon_core.package_identification:_identify(.) by extension 'colcon_meta'
[1.053s] Level 1:colcon.colcon_core.package_identification:_identify(.) by extensions ['ros']
[1.053s] Level 1:colcon.colcon_core.package_identification:_identify(.) by extension 'ros'
[1.063s] Level 1:colcon.colcon_core.package_identification:_identify(.) by extensions ['cmake', 'python']
[1.063s] Level 1:colcon.colcon_core.package_identification:_identify(.) by extension 'cmake'
[1.063s] Level 1:colcon.colcon_core.package_identification:_identify(.) by extension 'python'
[1.063s] Level 1:colcon.colcon_core.package_identification:_identify(.) by extensions ['python_setup_py']
[1.063s] Level 1:colcon.colcon_core.package_identification:_identify(.) by extension 'python_setup_py'
[1.063s] Level 1:colcon.colcon_core.package_identification:_identify(build) by extensions ['ignore', 'ignore_ament_install']
[1.064s] Level 1:colcon.colcon_core.package_identification:_identify(build) by extension 'ignore'
[1.064s] Level 1:colcon.colcon_core.package_identification:_identify(build) ignored
[1.064s] Level 1:colcon.colcon_core.package_identification:_identify(install) by extensions ['ignore', 'ignore_ament_install']
[1.064s] Level 1:colcon.colcon_core.package_identification:_identify(install) by extension 'ignore'
[1.064s] Level 1:colcon.colcon_core.package_identification:_identify(install) ignored
[1.064s] Level 1:colcon.colcon_core.package_identification:_identify(log) by extensions ['ignore', 'ignore_ament_install']
[1.064s] Level 1:colcon.colcon_core.package_identification:_identify(log) by extension 'ignore'
[1.064s] Level 1:colcon.colcon_core.package_identification:_identify(log) ignored
[1.064s] Level 1:colcon.colcon_core.package_identification:_identify(src) by extensions ['ignore', 'ignore_ament_install']
[1.064s] Level 1:colcon.colcon_core.package_identification:_identify(src) by extension 'ignore'
[1.064s] Level 1:colcon.colcon_core.package_identification:_identify(src) by extension 'ignore_ament_install'
[1.064s] Level 1:colcon.colcon_core.package_identification:_identify(src) by extensions ['colcon_pkg']
[1.064s] Level 1:colcon.colcon_core.package_identification:_identify(src) by extension 'colcon_pkg'
[1.064s] Level 1:colcon.colcon_core.package_identification:_identify(src) by extensions ['colcon_meta']
[1.064s] Level 1:colcon.colcon_core.package_identification:_identify(src) by extension 'colcon_meta'
[1.064s] Level 1:colcon.colcon_core.package_identification:_identify(src) by extensions ['ros']
[1.065s] Level 1:colcon.colcon_core.package_identification:_identify(src) by extension 'ros'
[1.065s] Level 1:colcon.colcon_core.package_identification:_identify(src) by extensions ['cmake', 'python']
[1.065s] Level 1:colcon.colcon_core.package_identification:_identify(src) by extension 'cmake'
[1.065s] Level 1:colcon.colcon_core.package_identification:_identify(src) by extension 'python'
[1.065s] Level 1:colcon.colcon_core.package_identification:_identify(src) by extensions ['python_setup_py']
[1.065s] Level 1:colcon.colcon_core.package_identification:_identify(src) by extension 'python_setup_py'
[1.065s] Level 1:colcon.colcon_core.package_identification:_identify(src/solution) by extensions ['ignore', 'ignore_ament_install']
[1.065s] Level 1:colcon.colcon_core.package_identification:_identify(src/solution) by extension 'ignore'
[1.065s] Level 1:colcon.colcon_core.package_identification:_identify(src/solution) by extension 'ignore_ament_install'
[1.065s] Level 1:colcon.colcon_core.package_identification:_identify(src/solution) by extensions ['colcon_pkg']
[1.065s] Level 1:colcon.colcon_core.package_identification:_identify(src/solution) by extension 'colcon_pkg'
[1.065s] Level 1:colcon.colcon_core.package_identification:_identify(src/solution) by extensions ['colcon_meta']
[1.065s] Level 1:colcon.colcon_core.package_identification:_identify(src/solution) by extension 'colcon_meta'
[1.065s] Level 1:colcon.colcon_core.package_identification:_identify(src/solution) by extensions ['ros']
[1.065s] Level 1:colcon.colcon_core.package_identification:_identify(src/solution) by extension 'ros'
[1.067s] DEBUG:colcon.colcon_core.package_identification:Package 'src/solution' with type 'ros.ament_python' and name 'solution'
[1.067s] Level 1:colcon.colcon_core.package_identification:_identify(src/solution_interfaces) by extensions ['ignore', 'ignore_ament_install']
[1.067s] Level 1:colcon.colcon_core.package_identification:_identify(src/solution_interfaces) by extension 'ignore'
[1.067s] Level 1:colcon.colcon_core.package_identification:_identify(src/solution_interfaces) by extension 'ignore_ament_install'
[1.067s] Level 1:colcon.colcon_core.package_identification:_identify(src/solution_interfaces) by extensions ['colcon_pkg']
[1.067s] Level 1:colcon.colcon_core.package_identification:_identify(src/solution_interfaces) by extension 'colcon_pkg'
[1.067s] Level 1:colcon.colcon_core.package_identification:_identify(src/solution_interfaces) by extensions ['colcon_meta']
[1.067s] Level 1:colcon.colcon_core.package_identification:_identify(src/solution_interfaces) by extension 'colcon_meta'
[1.068s] Level 1:colcon.colcon_core.package_identification:_identify(src/solution_interfaces) by extensions ['ros']
[1.068s] Level 1:colcon.colcon_core.package_identification:_identify(src/solution_interfaces) by extension 'ros'
[1.068s] DEBUG:colcon.colcon_core.package_identification:Package 'src/solution_interfaces' with type 'ros.ament_cmake' and name 'solution_interfaces'
[1.068s] Level 1:colcon.colcon_core.package_identification:_identify(src/tf_transformations) by extensions ['ignore', 'ignore_ament_install']
[1.068s] Level 1:colcon.colcon_core.package_identification:_identify(src/tf_transformations) by extension 'ignore'
[1.068s] Level 1:colcon.colcon_core.package_identification:_identify(src/tf_transformations) by extension 'ignore_ament_install'
[1.068s] Level 1:colcon.colcon_core.package_identification:_identify(src/tf_transformations) by extensions ['colcon_pkg']
[1.068s] Level 1:colcon.colcon_core.package_identification:_identify(src/tf_transformations) by extension 'colcon_pkg'
[1.068s] Level 1:colcon.colcon_core.package_identification:_identify(src/tf_transformations) by extensions ['colcon_meta']
[1.068s] Level 1:colcon.colcon_core.package_identification:_identify(src/tf_transformations) by extension 'colcon_meta'
[1.068s] Level 1:colcon.colcon_core.package_identification:_identify(src/tf_transformations) by extensions ['ros']
[1.068s] Level 1:colcon.colcon_core.package_identification:_identify(src/tf_transformations) by extension 'ros'
[1.069s] DEBUG:colcon.colcon_core.package_identification:Package 'src/tf_transformations' with type 'ros.ament_python' and name 'tf_transformations'
[1.069s] Level 1:colcon.colcon_core.package_discovery:discover_packages(recursive) using defaults
[1.069s] Level 1:colcon.colcon_core.package_discovery:discover_packages(ignore) discover
[1.069s] Level 1:colcon.colcon_core.package_discovery:discover_packages(ignore) using defaults
[1.069s] Level 1:colcon.colcon_core.package_discovery:discover_packages(path) discover
[1.069s] Level 1:colcon.colcon_core.package_discovery:discover_packages(path) using defaults
[1.159s] Level 1:colcon.colcon_core.package_discovery:discover_packages(prefix_path) check parameters
[1.159s] Level 1:colcon.colcon_core.package_discovery:discover_packages(prefix_path) discover
[1.188s] DEBUG:colcon.colcon_installed_package_information.package_discovery:Found 3 installed packages in /home/mc2148/AURO/Submission/install
[1.214s] DEBUG:colcon.colcon_installed_package_information.package_discovery:Found 13 installed packages in /home/mc2148/auro-practicals/install
[1.230s] DEBUG:colcon.colcon_installed_package_information.package_discovery:Found 15 installed packages in /home/mc2148/turtlebot3_ws/install
[1.246s] DEBUG:colcon.colcon_installed_package_information.package_discovery:Found 406 installed packages in /opt/ros/humble
[1.247s] Level 1:colcon.colcon_core.package_discovery:discover_packages(prefix_path) using defaults
[1.349s] Level 5:colcon.colcon_core.verb:set package 'solution' build argument 'cmake_args' from command line to 'None'
[1.349s] Level 5:colcon.colcon_core.verb:set package 'solution' build argument 'cmake_target' from command line to 'None'
[1.349s] Level 5:colcon.colcon_core.verb:set package 'solution' build argument 'cmake_target_skip_unavailable' from command line to 'False'
[1.349s] Level 5:colcon.colcon_core.verb:set package 'solution' build argument 'cmake_clean_cache' from command line to 'False'
[1.349s] Level 5:colcon.colcon_core.verb:set package 'solution' build argument 'cmake_clean_first' from command line to 'False'
[1.349s] Level 5:colcon.colcon_core.verb:set package 'solution' build argument 'cmake_force_configure' from command line to 'False'
[1.349s] Level 5:colcon.colcon_core.verb:set package 'solution' build argument 'ament_cmake_args' from command line to 'None'
[1.349s] Level 5:colcon.colcon_core.verb:set package 'solution' build argument 'catkin_cmake_args' from command line to 'None'
[1.349s] Level 5:colcon.colcon_core.verb:set package 'solution' build argument 'catkin_skip_building_tests' from command line to 'False'
[1.349s] DEBUG:colcon.colcon_core.verb:Building package 'solution' with the following arguments: {'ament_cmake_args': None, 'build_base': '/home/mc2148/AURO/Submission/build/solution', 'catkin_cmake_args': None, 'catkin_skip_building_tests': False, 'cmake_args': None, 'cmake_clean_cache': False, 'cmake_clean_first': False, 'cmake_force_configure': False, 'cmake_target': None, 'cmake_target_skip_unavailable': False, 'install_base': '/home/mc2148/AURO/Submission/install/solution', 'merge_install': False, 'path': '/home/mc2148/AURO/Submission/src/solution', 'symlink_install': False, 'test_result_base': None}
[1.364s] Level 5:colcon.colcon_core.verb:set package 'solution_interfaces' build argument 'cmake_args' from command line to 'None'
[1.364s] Level 5:colcon.colcon_core.verb:set package 'solution_interfaces' build argument 'cmake_target' from command line to 'None'
[1.364s] Level 5:colcon.colcon_core.verb:set package 'solution_interfaces' build argument 'cmake_target_skip_unavailable' from command line to 'False'
[1.364s] Level 5:colcon.colcon_core.verb:set package 'solution_interfaces' build argument 'cmake_clean_cache' from command line to 'False'
[1.364s] Level 5:colcon.colcon_core.verb:set package 'solution_interfaces' build argument 'cmake_clean_first' from command line to 'False'
[1.364s] Level 5:colcon.colcon_core.verb:set package 'solution_interfaces' build argument 'cmake_force_configure' from command line to 'False'
[1.364s] Level 5:colcon.colcon_core.verb:set package 'solution_interfaces' build argument 'ament_cmake_args' from command line to 'None'
[1.364s] Level 5:colcon.colcon_core.verb:set package 'solution_interfaces' build argument 'catkin_cmake_args' from command line to 'None'
[1.364s] Level 5:colcon.colcon_core.verb:set package 'solution_interfaces' build argument 'catkin_skip_building_tests' from command line to 'False'
[1.365s] DEBUG:colcon.colcon_core.verb:Building package 'solution_interfaces' with the following arguments: {'ament_cmake_args': None, 'build_base': '/home/mc2148/AURO/Submission/build/solution_interfaces', 'catkin_cmake_args': None, 'catkin_skip_building_tests': False, 'cmake_args': None, 'cmake_clean_cache': False, 'cmake_clean_first': False, 'cmake_force_configure': False, 'cmake_target': None, 'cmake_target_skip_unavailable': False, 'install_base': '/home/mc2148/AURO/Submission/install/solution_interfaces', 'merge_install': False, 'path': '/home/mc2148/AURO/Submission/src/solution_interfaces', 'symlink_install': False, 'test_result_base': None}
[1.380s] Level 5:colcon.colcon_core.verb:set package 'tf_transformations' build argument 'cmake_args' from command line to 'None'
[1.380s] Level 5:colcon.colcon_core.verb:set package 'tf_transformations' build argument 'cmake_target' from command line to 'None'
[1.380s] Level 5:colcon.colcon_core.verb:set package 'tf_transformations' build argument 'cmake_target_skip_unavailable' from command line to 'False'
[1.380s] Level 5:colcon.colcon_core.verb:set package 'tf_transformations' build argument 'cmake_clean_cache' from command line to 'False'
[1.380s] Level 5:colcon.colcon_core.verb:set package 'tf_transformations' build argument 'cmake_clean_first' from command line to 'False'
[1.380s] Level 5:colcon.colcon_core.verb:set package 'tf_transformations' build argument 'cmake_force_configure' from command line to 'False'
[1.380s] Level 5:colcon.colcon_core.verb:set package 'tf_transformations' build argument 'ament_cmake_args' from command line to 'None'
[1.380s] Level 5:colcon.colcon_core.verb:set package 'tf_transformations' build argument 'catkin_cmake_args' from command line to 'None'
[1.380s] Level 5:colcon.colcon_core.verb:set package 'tf_transformations' build argument 'catkin_skip_building_tests' from command line to 'False'
[1.380s] DEBUG:colcon.colcon_core.verb:Building package 'tf_transformations' with the following arguments: {'ament_cmake_args': None, 'build_base': '/home/mc2148/AURO/Submission/build/tf_transformations', 'catkin_cmake_args': None, 'catkin_skip_building_tests': False, 'cmake_args': None, 'cmake_clean_cache': False, 'cmake_clean_first': False, 'cmake_force_configure': False, 'cmake_target': None, 'cmake_target_skip_unavailable': False, 'install_base': '/home/mc2148/AURO/Submission/install/tf_transformations', 'merge_install': False, 'path': '/home/mc2148/AURO/Submission/src/tf_transformations', 'symlink_install': False, 'test_result_base': None}
[1.395s] INFO:colcon.colcon_core.executor:Executing jobs using 'parallel' executor
[1.411s] DEBUG:colcon.colcon_parallel_executor.executor.parallel:run_until_complete
[1.412s] INFO:colcon.colcon_ros.task.ament_python.build:Building ROS package in '/home/mc2148/AURO/Submission/src/solution' with build type 'ament_python'
[1.412s] Level 1:colcon.colcon_core.shell:create_environment_hook('solution', 'ament_prefix_path')
[1.437s] INFO:colcon.colcon_core.plugin_system:Skipping extension 'colcon_core.shell.bat': Not used on non-Windows systems
[1.437s] INFO:colcon.colcon_core.shell:Creating environment hook '/home/mc2148/AURO/Submission/install/solution/share/solution/hook/ament_prefix_path.ps1'
[1.438s] INFO:colcon.colcon_core.shell:Creating environment descriptor '/home/mc2148/AURO/Submission/install/solution/share/solution/hook/ament_prefix_path.dsv'
[1.439s] INFO:colcon.colcon_core.shell:Creating environment hook '/home/mc2148/AURO/Submission/install/solution/share/solution/hook/ament_prefix_path.sh'
[1.453s] INFO:colcon.colcon_core.shell:Skip shell extension 'powershell' for command environment: Not usable outside of PowerShell
[1.453s] DEBUG:colcon.colcon_core.shell:Skip shell extension 'dsv' for command environment
[1.533s] INFO:colcon.colcon_ros.task.ament_cmake.build:Building ROS package in '/home/mc2148/AURO/Submission/src/solution_interfaces' with build type 'ament_cmake'
[1.534s] INFO:colcon.colcon_cmake.task.cmake.build:Building CMake package in '/home/mc2148/AURO/Submission/src/solution_interfaces'
[1.550s] INFO:colcon.colcon_core.shell:Skip shell extension 'powershell' for command environment: Not usable outside of PowerShell
[1.550s] DEBUG:colcon.colcon_core.shell:Skip shell extension 'dsv' for command environment
[1.636s] INFO:colcon.colcon_ros.task.ament_python.build:Building ROS package in '/home/mc2148/AURO/Submission/src/tf_transformations' with build type 'ament_python'
[1.636s] Level 1:colcon.colcon_core.shell:create_environment_hook('tf_transformations', 'ament_prefix_path')
[1.665s] INFO:colcon.colcon_core.shell:Creating environment hook '/home/mc2148/AURO/Submission/install/tf_transformations/share/tf_transformations/hook/ament_prefix_path.ps1'
[1.666s] INFO:colcon.colcon_core.shell:Creating environment descriptor '/home/mc2148/AURO/Submission/install/tf_transformations/share/tf_transformations/hook/ament_prefix_path.dsv'
[1.666s] INFO:colcon.colcon_core.shell:Creating environment hook '/home/mc2148/AURO/Submission/install/tf_transformations/share/tf_transformations/hook/ament_prefix_path.sh'
[1.683s] INFO:colcon.colcon_core.shell:Skip shell extension 'powershell' for command environment: Not usable outside of PowerShell
[1.683s] DEBUG:colcon.colcon_core.shell:Skip shell extension 'dsv' for command environment
[2.061s] INFO:colcon.colcon_core.task.python.build:Building Python package in '/home/mc2148/AURO/Submission/src/solution'
[2.077s] INFO:colcon.colcon_core.shell:Skip shell extension 'powershell' for command environment: Not usable outside of PowerShell
[2.077s] DEBUG:colcon.colcon_core.shell:Skip shell extension 'dsv' for command environment
[2.162s] DEBUG:colcon.colcon_core.event_handler.log_command:Invoking command in '/home/mc2148/AURO/Submission/build/solution_interfaces': CMAKE_PREFIX_PATH=${CMAKE_PREFIX_PATH}:/home/mc2148/AURO/Submission/install/tf_transformations:/home/mc2148/AURO/Submission/install/solution:/home/mc2148/auro-practicals/install/week_8:/home/mc2148/auro-practicals/install/week_7:/home/mc2148/auro-practicals/install/week_6:/home/mc2148/auro-practicals/install/week_5:/home/mc2148/auro-practicals/install/week_4:/home/mc2148/auro-practicals/install/week_3:/home/mc2148/auro-practicals/install/week_2:/home/mc2148/auro-practicals/install/week_1:/home/mc2148/auro-practicals/install/tf_relay:/home/mc2148/auro-practicals/install/assessment:/home/mc2148/turtlebot3_ws/install/turtlebot3_teleop:/home/mc2148/turtlebot3_ws/install/turtlebot3_example:/opt/ros/humble /usr/bin/cmake --build /home/mc2148/AURO/Submission/build/solution_interfaces -- -j4 -l4
[2.490s] INFO:colcon.colcon_core.task.python.build:Building Python package in '/home/mc2148/AURO/Submission/src/tf_transformations'
[2.505s] INFO:colcon.colcon_core.shell:Skip shell extension 'powershell' for command environment: Not usable outside of PowerShell
[2.505s] DEBUG:colcon.colcon_core.shell:Skip shell extension 'dsv' for command environment
[3.032s] DEBUG:colcon.colcon_core.event_handler.log_command:Invoking command in '/home/mc2148/AURO/Submission/src/tf_transformations': PYTHONPATH=/home/mc2148/AURO/Submission/build/tf_transformations/prefix_override:/home/mc2148/AURO/Submission/install/tf_transformations/lib/python3.10/site-packages:${PYTHONPATH} /usr/bin/python3 setup.py egg_info --egg-base ../../build/tf_transformations build --build-base /home/mc2148/AURO/Submission/build/tf_transformations/build install --record /home/mc2148/AURO/Submission/build/tf_transformations/install.log --single-version-externally-managed
[3.074s] DEBUG:colcon.colcon_core.event_handler.log_command:Invoking command in '/home/mc2148/AURO/Submission/src/solution': PYTHONPATH=/home/mc2148/AURO/Submission/build/solution/prefix_override:/home/mc2148/AURO/Submission/install/solution/lib/python3.10/site-packages:${PYTHONPATH} /usr/bin/python3 setup.py egg_info --egg-base ../../build/solution build --build-base /home/mc2148/AURO/Submission/build/solution/build install --record /home/mc2148/AURO/Submission/build/solution/install.log --single-version-externally-managed
[3.117s] DEBUG:colcon.colcon_core.event_handler.log_command:Invoked command in '/home/mc2148/AURO/Submission/build/solution_interfaces' returned '0': CMAKE_PREFIX_PATH=${CMAKE_PREFIX_PATH}:/home/mc2148/AURO/Submission/install/tf_transformations:/home/mc2148/AURO/Submission/install/solution:/home/mc2148/auro-practicals/install/week_8:/home/mc2148/auro-practicals/install/week_7:/home/mc2148/auro-practicals/install/week_6:/home/mc2148/auro-practicals/install/week_5:/home/mc2148/auro-practicals/install/week_4:/home/mc2148/auro-practicals/install/week_3:/home/mc2148/auro-practicals/install/week_2:/home/mc2148/auro-practicals/install/week_1:/home/mc2148/auro-practicals/install/tf_relay:/home/mc2148/auro-practicals/install/assessment:/home/mc2148/turtlebot3_ws/install/turtlebot3_teleop:/home/mc2148/turtlebot3_ws/install/turtlebot3_example:/opt/ros/humble /usr/bin/cmake --build /home/mc2148/AURO/Submission/build/solution_interfaces -- -j4 -l4
[3.432s] DEBUG:colcon.colcon_core.event_handler.log_command:Invoking command in '/home/mc2148/AURO/Submission/build/solution_interfaces': CMAKE_PREFIX_PATH=${CMAKE_PREFIX_PATH}:/home/mc2148/AURO/Submission/install/tf_transformations:/home/mc2148/AURO/Submission/install/solution:/home/mc2148/auro-practicals/install/week_8:/home/mc2148/auro-practicals/install/week_7:/home/mc2148/auro-practicals/install/week_6:/home/mc2148/auro-practicals/install/week_5:/home/mc2148/auro-practicals/install/week_4:/home/mc2148/auro-practicals/install/week_3:/home/mc2148/auro-practicals/install/week_2:/home/mc2148/auro-practicals/install/week_1:/home/mc2148/auro-practicals/install/tf_relay:/home/mc2148/auro-practicals/install/assessment:/home/mc2148/turtlebot3_ws/install/turtlebot3_teleop:/home/mc2148/turtlebot3_ws/install/turtlebot3_example:/opt/ros/humble /usr/bin/cmake --install /home/mc2148/AURO/Submission/build/solution_interfaces
[3.437s] DEBUG:colcon.colcon_core.event_handler.log_command:Invoked command in '/home/mc2148/AURO/Submission/src/tf_transformations' returned '0': PYTHONPATH=/home/mc2148/AURO/Submission/build/tf_transformations/prefix_override:/home/mc2148/AURO/Submission/install/tf_transformations/lib/python3.10/site-packages:${PYTHONPATH} /usr/bin/python3 setup.py egg_info --egg-base ../../build/tf_transformations build --build-base /home/mc2148/AURO/Submission/build/tf_transformations/build install --record /home/mc2148/AURO/Submission/build/tf_transformations/install.log --single-version-externally-managed
[3.489s] Level 1:colcon.colcon_core.environment:checking '/home/mc2148/AURO/Submission/install/tf_transformations' for CMake module files
[3.490s] Level 1:colcon.colcon_core.environment:checking '/home/mc2148/AURO/Submission/install/tf_transformations' for CMake config files
[3.491s] Level 1:colcon.colcon_core.environment:checking '/home/mc2148/AURO/Submission/install/tf_transformations/lib'
[3.491s] Level 1:colcon.colcon_core.environment:checking '/home/mc2148/AURO/Submission/install/tf_transformations/bin'
[3.491s] Level 1:colcon.colcon_core.environment:checking '/home/mc2148/AURO/Submission/install/tf_transformations/lib/pkgconfig/tf_transformations.pc'
[3.491s] Level 1:colcon.colcon_core.environment:checking '/home/mc2148/AURO/Submission/install/tf_transformations/lib/python3.10/site-packages'
[3.491s] Level 1:colcon.colcon_core.shell:create_environment_hook('tf_transformations', 'pythonpath')
[3.506s] INFO:colcon.colcon_core.shell:Creating environment hook '/home/mc2148/AURO/Submission/install/tf_transformations/share/tf_transformations/hook/pythonpath.ps1'
[3.508s] INFO:colcon.colcon_core.shell:Creating environment descriptor '/home/mc2148/AURO/Submission/install/tf_transformations/share/tf_transformations/hook/pythonpath.dsv'
[3.508s] INFO:colcon.colcon_core.shell:Creating environment hook '/home/mc2148/AURO/Submission/install/tf_transformations/share/tf_transformations/hook/pythonpath.sh'
[3.509s] Level 1:colcon.colcon_core.environment:checking '/home/mc2148/AURO/Submission/install/tf_transformations/bin'
[3.509s] Level 1:colcon.colcon_core.environment:create_environment_scripts_only(tf_transformations)
[3.543s] INFO:colcon.colcon_core.shell:Creating package script '/home/mc2148/AURO/Submission/install/tf_transformations/share/tf_transformations/package.ps1'
[3.544s] INFO:colcon.colcon_core.shell:Creating package descriptor '/home/mc2148/AURO/Submission/install/tf_transformations/share/tf_transformations/package.dsv'
[3.545s] INFO:colcon.colcon_core.shell:Creating package script '/home/mc2148/AURO/Submission/install/tf_transformations/share/tf_transformations/package.sh'
[3.546s] INFO:colcon.colcon_core.shell:Creating package script '/home/mc2148/AURO/Submission/install/tf_transformations/share/tf_transformations/package.bash'
[3.547s] INFO:colcon.colcon_core.shell:Creating package script '/home/mc2148/AURO/Submission/install/tf_transformations/share/tf_transformations/package.zsh'
[3.547s] Level 1:colcon.colcon_core.environment:create_file_with_runtime_dependencies(/home/mc2148/AURO/Submission/install/tf_transformations/share/colcon-core/packages/tf_transformations)
[3.550s] DEBUG:colcon.colcon_core.event_handler.log_command:Invoked command in '/home/mc2148/AURO/Submission/src/solution' returned '0': PYTHONPATH=/home/mc2148/AURO/Submission/build/solution/prefix_override:/home/mc2148/AURO/Submission/install/solution/lib/python3.10/site-packages:${PYTHONPATH} /usr/bin/python3 setup.py egg_info --egg-base ../../build/solution build --build-base /home/mc2148/AURO/Submission/build/solution/build install --record /home/mc2148/AURO/Submission/build/solution/install.log --single-version-externally-managed
[3.567s] Level 1:colcon.colcon_core.environment:checking '/home/mc2148/AURO/Submission/install/solution' for CMake module files
[3.567s] Level 1:colcon.colcon_core.environment:checking '/home/mc2148/AURO/Submission/install/solution' for CMake config files
[3.568s] Level 1:colcon.colcon_core.environment:checking '/home/mc2148/AURO/Submission/install/solution/lib'
[3.568s] Level 1:colcon.colcon_core.environment:checking '/home/mc2148/AURO/Submission/install/solution/bin'
[3.568s] Level 1:colcon.colcon_core.environment:checking '/home/mc2148/AURO/Submission/install/solution/lib/pkgconfig/solution.pc'
[3.568s] Level 1:colcon.colcon_core.environment:checking '/home/mc2148/AURO/Submission/install/solution/lib/python3.10/site-packages'
[3.568s] Level 1:colcon.colcon_core.shell:create_environment_hook('solution', 'pythonpath')
[3.584s] INFO:colcon.colcon_core.shell:Creating environment hook '/home/mc2148/AURO/Submission/install/solution/share/solution/hook/pythonpath.ps1'
[3.584s] INFO:colcon.colcon_core.shell:Creating environment descriptor '/home/mc2148/AURO/Submission/install/solution/share/solution/hook/pythonpath.dsv'
[3.585s] INFO:colcon.colcon_core.shell:Creating environment hook '/home/mc2148/AURO/Submission/install/solution/share/solution/hook/pythonpath.sh'
[3.585s] Level 1:colcon.colcon_core.environment:checking '/home/mc2148/AURO/Submission/install/solution/bin'
[3.585s] Level 1:colcon.colcon_core.environment:create_environment_scripts_only(solution)
[3.600s] INFO:colcon.colcon_core.shell:Creating package script '/home/mc2148/AURO/Submission/install/solution/share/solution/package.ps1'
[3.600s] INFO:colcon.colcon_core.shell:Creating package descriptor '/home/mc2148/AURO/Submission/install/solution/share/solution/package.dsv'
[3.601s] INFO:colcon.colcon_core.shell:Creating package script '/home/mc2148/AURO/Submission/install/solution/share/solution/package.sh'
[3.601s] INFO:colcon.colcon_core.shell:Creating package script '/home/mc2148/AURO/Submission/install/solution/share/solution/package.bash'
[3.602s] INFO:colcon.colcon_core.shell:Creating package script '/home/mc2148/AURO/Submission/install/solution/share/solution/package.zsh'
[3.602s] Level 1:colcon.colcon_core.environment:create_file_with_runtime_dependencies(/home/mc2148/AURO/Submission/install/solution/share/colcon-core/packages/solution)
[3.603s] Level 1:colcon.colcon_core.environment:create_environment_scripts_only(solution_interfaces)
[3.604s] DEBUG:colcon.colcon_core.event_handler.log_command:Invoked command in '/home/mc2148/AURO/Submission/build/solution_interfaces' returned '0': CMAKE_PREFIX_PATH=${CMAKE_PREFIX_PATH}:/home/mc2148/AURO/Submission/install/tf_transformations:/home/mc2148/AURO/Submission/install/solution:/home/mc2148/auro-practicals/install/week_8:/home/mc2148/auro-practicals/install/week_7:/home/mc2148/auro-practicals/install/week_6:/home/mc2148/auro-practicals/install/week_5:/home/mc2148/auro-practicals/install/week_4:/home/mc2148/auro-practicals/install/week_3:/home/mc2148/auro-practicals/install/week_2:/home/mc2148/auro-practicals/install/week_1:/home/mc2148/auro-practicals/install/tf_relay:/home/mc2148/auro-practicals/install/assessment:/home/mc2148/turtlebot3_ws/install/turtlebot3_teleop:/home/mc2148/turtlebot3_ws/install/turtlebot3_example:/opt/ros/humble /usr/bin/cmake --install /home/mc2148/AURO/Submission/build/solution_interfaces
[3.619s] Level 1:colcon.colcon_core.environment:checking '/home/mc2148/AURO/Submission/install/solution_interfaces' for CMake module files
[3.620s] Level 1:colcon.colcon_core.environment:checking '/home/mc2148/AURO/Submission/install/solution_interfaces' for CMake config files
[3.620s] Level 1:colcon.colcon_core.shell:create_environment_hook('solution_interfaces', 'cmake_prefix_path')
[3.635s] INFO:colcon.colcon_core.shell:Creating environment hook '/home/mc2148/AURO/Submission/install/solution_interfaces/share/solution_interfaces/hook/cmake_prefix_path.ps1'
[3.636s] INFO:colcon.colcon_core.shell:Creating environment descriptor '/home/mc2148/AURO/Submission/install/solution_interfaces/share/solution_interfaces/hook/cmake_prefix_path.dsv'
[3.636s] INFO:colcon.colcon_core.shell:Creating environment hook '/home/mc2148/AURO/Submission/install/solution_interfaces/share/solution_interfaces/hook/cmake_prefix_path.sh'
[3.637s] Level 1:colcon.colcon_core.environment:checking '/home/mc2148/AURO/Submission/install/solution_interfaces/lib'
[3.637s] Level 1:colcon.colcon_core.shell:create_environment_hook('solution_interfaces', 'ld_library_path_lib')
[3.667s] INFO:colcon.colcon_core.shell:Creating environment hook '/home/mc2148/AURO/Submission/install/solution_interfaces/share/solution_interfaces/hook/ld_library_path_lib.ps1'
[3.668s] INFO:colcon.colcon_core.shell:Creating environment descriptor '/home/mc2148/AURO/Submission/install/solution_interfaces/share/solution_interfaces/hook/ld_library_path_lib.dsv'
[3.668s] INFO:colcon.colcon_core.shell:Creating environment hook '/home/mc2148/AURO/Submission/install/solution_interfaces/share/solution_interfaces/hook/ld_library_path_lib.sh'
[3.669s] Level 1:colcon.colcon_core.environment:checking '/home/mc2148/AURO/Submission/install/solution_interfaces/bin'
[3.669s] Level 1:colcon.colcon_core.environment:checking '/home/mc2148/AURO/Submission/install/solution_interfaces/lib/pkgconfig/solution_interfaces.pc'
[3.669s] Level 1:colcon.colcon_core.environment:checking '/home/mc2148/AURO/Submission/install/solution_interfaces/lib/python3.10/site-packages'
[3.669s] Level 1:colcon.colcon_core.environment:checking '/home/mc2148/AURO/Submission/install/solution_interfaces/bin'
[3.684s] INFO:colcon.colcon_core.shell:Creating package script '/home/mc2148/AURO/Submission/install/solution_interfaces/share/solution_interfaces/package.ps1'
[3.685s] INFO:colcon.colcon_core.shell:Creating package descriptor '/home/mc2148/AURO/Submission/install/solution_interfaces/share/solution_interfaces/package.dsv'
[3.685s] INFO:colcon.colcon_core.shell:Creating package script '/home/mc2148/AURO/Submission/install/solution_interfaces/share/solution_interfaces/package.sh'
[3.686s] INFO:colcon.colcon_core.shell:Creating package script '/home/mc2148/AURO/Submission/install/solution_interfaces/share/solution_interfaces/package.bash'
[3.687s] INFO:colcon.colcon_core.shell:Creating package script '/home/mc2148/AURO/Submission/install/solution_interfaces/share/solution_interfaces/package.zsh'
[3.687s] Level 1:colcon.colcon_core.environment:create_file_with_runtime_dependencies(/home/mc2148/AURO/Submission/install/solution_interfaces/share/colcon-core/packages/solution_interfaces)
[3.975s] Level 1:colcon.colcon_core.environment:create_environment_scripts_only(solution_interfaces)
[3.990s] Level 1:colcon.colcon_core.environment:checking '/home/mc2148/AURO/Submission/install/solution_interfaces' for CMake module files
[3.991s] Level 1:colcon.colcon_core.environment:checking '/home/mc2148/AURO/Submission/install/solution_interfaces' for CMake config files
[3.991s] Level 1:colcon.colcon_core.shell:create_environment_hook('solution_interfaces', 'cmake_prefix_path')
[4.007s] INFO:colcon.colcon_core.shell:Creating environment hook '/home/mc2148/AURO/Submission/install/solution_interfaces/share/solution_interfaces/hook/cmake_prefix_path.ps1'
[4.008s] INFO:colcon.colcon_core.shell:Creating environment descriptor '/home/mc2148/AURO/Submission/install/solution_interfaces/share/solution_interfaces/hook/cmake_prefix_path.dsv'
[4.008s] INFO:colcon.colcon_core.shell:Creating environment hook '/home/mc2148/AURO/Submission/install/solution_interfaces/share/solution_interfaces/hook/cmake_prefix_path.sh'
[4.009s] Level 1:colcon.colcon_core.environment:checking '/home/mc2148/AURO/Submission/install/solution_interfaces/lib'
[4.009s] Level 1:colcon.colcon_core.shell:create_environment_hook('solution_interfaces', 'ld_library_path_lib')
[4.024s] INFO:colcon.colcon_core.shell:Creating environment hook '/home/mc2148/AURO/Submission/install/solution_interfaces/share/solution_interfaces/hook/ld_library_path_lib.ps1'
[4.024s] INFO:colcon.colcon_core.shell:Creating environment descriptor '/home/mc2148/AURO/Submission/install/solution_interfaces/share/solution_interfaces/hook/ld_library_path_lib.dsv'
[4.025s] INFO:colcon.colcon_core.shell:Creating environment hook '/home/mc2148/AURO/Submission/install/solution_interfaces/share/solution_interfaces/hook/ld_library_path_lib.sh'
[4.025s] Level 1:colcon.colcon_core.environment:checking '/home/mc2148/AURO/Submission/install/solution_interfaces/bin'
[4.025s] Level 1:colcon.colcon_core.environment:checking '/home/mc2148/AURO/Submission/install/solution_interfaces/lib/pkgconfig/solution_interfaces.pc'
[4.026s] Level 1:colcon.colcon_core.environment:checking '/home/mc2148/AURO/Submission/install/solution_interfaces/lib/python3.10/site-packages'
[4.026s] Level 1:colcon.colcon_core.environment:checking '/home/mc2148/AURO/Submission/install/solution_interfaces/bin'
[4.041s] INFO:colcon.colcon_core.shell:Creating package script '/home/mc2148/AURO/Submission/install/solution_interfaces/share/solution_interfaces/package.ps1'
[4.041s] INFO:colcon.colcon_core.shell:Creating package descriptor '/home/mc2148/AURO/Submission/install/solution_interfaces/share/solution_interfaces/package.dsv'
[4.042s] INFO:colcon.colcon_core.shell:Creating package script '/home/mc2148/AURO/Submission/install/solution_interfaces/share/solution_interfaces/package.sh'
[4.043s] INFO:colcon.colcon_core.shell:Creating package script '/home/mc2148/AURO/Submission/install/solution_interfaces/share/solution_interfaces/package.bash'
[4.043s] INFO:colcon.colcon_core.shell:Creating package script '/home/mc2148/AURO/Submission/install/solution_interfaces/share/solution_interfaces/package.zsh'
[4.044s] Level 1:colcon.colcon_core.environment:create_file_with_runtime_dependencies(/home/mc2148/AURO/Submission/install/solution_interfaces/share/colcon-core/packages/solution_interfaces)
[4.045s] DEBUG:colcon.colcon_parallel_executor.executor.parallel:closing loop
[4.045s] DEBUG:colcon.colcon_parallel_executor.executor.parallel:loop closed
[4.045s] DEBUG:colcon.colcon_parallel_executor.executor.parallel:run_until_complete finished with '0'
[4.045s] DEBUG:colcon.colcon_core.event_reactor:joining thread
[4.065s] INFO:colcon.colcon_core.plugin_system:Skipping extension 'colcon_notification.desktop_notification.terminal_notifier': Not used on non-Darwin systems
[4.065s] INFO:colcon.colcon_core.plugin_system:Skipping extension 'colcon_notification.desktop_notification.win32': Not used on non-Windows systems
[4.065s] INFO:colcon.colcon_notification.desktop_notification:Sending desktop notification using 'notify2'
[4.078s] DEBUG:colcon.colcon_core.event_reactor:joined thread
[4.093s] INFO:colcon.colcon_core.shell:Creating prefix script '/home/mc2148/AURO/Submission/install/local_setup.ps1'
[4.094s] INFO:colcon.colcon_core.shell:Creating prefix util module '/home/mc2148/AURO/Submission/install/_local_setup_util_ps1.py'
[4.096s] INFO:colcon.colcon_core.shell:Creating prefix chain script '/home/mc2148/AURO/Submission/install/setup.ps1'
[4.112s] INFO:colcon.colcon_core.shell:Creating prefix script '/home/mc2148/AURO/Submission/install/local_setup.sh'
[4.113s] INFO:colcon.colcon_core.shell:Creating prefix util module '/home/mc2148/AURO/Submission/install/_local_setup_util_sh.py'
[4.113s] INFO:colcon.colcon_core.shell:Creating prefix chain script '/home/mc2148/AURO/Submission/install/setup.sh'
[4.130s] INFO:colcon.colcon_core.shell:Creating prefix script '/home/mc2148/AURO/Submission/install/local_setup.bash'
[4.131s] INFO:colcon.colcon_core.shell:Creating prefix chain script '/home/mc2148/AURO/Submission/install/setup.bash'
[4.149s] INFO:colcon.colcon_core.shell:Creating prefix script '/home/mc2148/AURO/Submission/install/local_setup.zsh'
[4.149s] INFO:colcon.colcon_core.shell:Creating prefix chain script '/home/mc2148/AURO/Submission/install/setup.zsh'
