[1.155s] DEBUG:colcon:Command line arguments: ['/usr/bin/colcon', 'build']
[1.155s] DEBUG:colcon:Parsed command line arguments: Namespace(log_base=None, log_level=None, verb_name='build', build_base='build', install_base='install', merge_install=False, symlink_install=False, test_result_base=None, continue_on_error=False, executor='parallel', parallel_workers=4, event_handlers=None, ignore_user_meta=False, metas=['./colcon.meta'], base_paths=['.'], packages_ignore=None, packages_ignore_regex=None, paths=None, packages_up_to=None, packages_up_to_regex=None, packages_above=None, packages_above_and_dependencies=None, packages_above_depth=None, packages_select_by_dep=None, packages_skip_by_dep=None, packages_skip_up_to=None, packages_select_build_failed=False, packages_skip_build_finished=False, packages_select_test_failures=False, packages_skip_test_passed=False, packages_select=None, packages_skip=None, packages_select_regex=None, packages_skip_regex=None, packages_start=None, packages_end=None, allow_overriding=[], cmake_args=None, cmake_target=None, cmake_target_skip_unavailable=False, cmake_clean_cache=False, cmake_clean_first=False, cmake_force_configure=False, ament_cmake_args=None, catkin_cmake_args=None, catkin_skip_building_tests=False, verb_parser=<colcon_defaults.argument_parser.defaults.DefaultArgumentsDecorator object at 0x7f1f289d6680>, verb_extension=<colcon_core.verb.build.BuildVerb object at 0x7f1f28dead70>, main=<bound method BuildVerb.main of <colcon_core.verb.build.BuildVerb object at 0x7f1f28dead70>>)
[1.225s] Level 1:colcon.colcon_core.package_discovery:discover_packages(colcon_meta) check parameters
[1.226s] Level 1:colcon.colcon_core.package_discovery:discover_packages(recursive) check parameters
[1.226s] Level 1:colcon.colcon_core.package_discovery:discover_packages(ignore) check parameters
[1.226s] Level 1:colcon.colcon_core.package_discovery:discover_packages(path) check parameters
[1.226s] Level 1:colcon.colcon_core.package_discovery:discover_packages(colcon_meta) discover
[1.226s] Level 1:colcon.colcon_core.package_discovery:discover_packages(recursive) discover
[1.226s] INFO:colcon.colcon_core.package_discovery:Crawling recursively for packages in '/home/mc2148/AURO/Submission'
[1.226s] Level 1:colcon.colcon_core.package_identification:_identify(.) by extensions ['ignore', 'ignore_ament_install']
[1.226s] Level 1:colcon.colcon_core.package_identification:_identify(.) by extension 'ignore'
[1.226s] Level 1:colcon.colcon_core.package_identification:_identify(.) by extension 'ignore_ament_install'
[1.226s] Level 1:colcon.colcon_core.package_identification:_identify(.) by extensions ['colcon_pkg']
[1.226s] Level 1:colcon.colcon_core.package_identification:_identify(.) by extension 'colcon_pkg'
[1.226s] Level 1:colcon.colcon_core.package_identification:_identify(.) by extensions ['colcon_meta']
[1.226s] Level 1:colcon.colcon_core.package_identification:_identify(.) by extension 'colcon_meta'
[1.226s] Level 1:colcon.colcon_core.package_identification:_identify(.) by extensions ['ros']
[1.226s] Level 1:colcon.colcon_core.package_identification:_identify(.) by extension 'ros'
[1.236s] Level 1:colcon.colcon_core.package_identification:_identify(.) by extensions ['cmake', 'python']
[1.236s] Level 1:colcon.colcon_core.package_identification:_identify(.) by extension 'cmake'
[1.236s] Level 1:colcon.colcon_core.package_identification:_identify(.) by extension 'python'
[1.236s] Level 1:colcon.colcon_core.package_identification:_identify(.) by extensions ['python_setup_py']
[1.236s] Level 1:colcon.colcon_core.package_identification:_identify(.) by extension 'python_setup_py'
[1.236s] Level 1:colcon.colcon_core.package_identification:_identify(build) by extensions ['ignore', 'ignore_ament_install']
[1.237s] Level 1:colcon.colcon_core.package_identification:_identify(build) by extension 'ignore'
[1.237s] Level 1:colcon.colcon_core.package_identification:_identify(build) ignored
[1.237s] Level 1:colcon.colcon_core.package_identification:_identify(install) by extensions ['ignore', 'ignore_ament_install']
[1.237s] Level 1:colcon.colcon_core.package_identification:_identify(install) by extension 'ignore'
[1.237s] Level 1:colcon.colcon_core.package_identification:_identify(install) ignored
[1.237s] Level 1:colcon.colcon_core.package_identification:_identify(log) by extensions ['ignore', 'ignore_ament_install']
[1.237s] Level 1:colcon.colcon_core.package_identification:_identify(log) by extension 'ignore'
[1.237s] Level 1:colcon.colcon_core.package_identification:_identify(log) ignored
[1.237s] Level 1:colcon.colcon_core.package_identification:_identify(src) by extensions ['ignore', 'ignore_ament_install']
[1.237s] Level 1:colcon.colcon_core.package_identification:_identify(src) by extension 'ignore'
[1.237s] Level 1:colcon.colcon_core.package_identification:_identify(src) by extension 'ignore_ament_install'
[1.237s] Level 1:colcon.colcon_core.package_identification:_identify(src) by extensions ['colcon_pkg']
[1.238s] Level 1:colcon.colcon_core.package_identification:_identify(src) by extension 'colcon_pkg'
[1.238s] Level 1:colcon.colcon_core.package_identification:_identify(src) by extensions ['colcon_meta']
[1.238s] Level 1:colcon.colcon_core.package_identification:_identify(src) by extension 'colcon_meta'
[1.238s] Level 1:colcon.colcon_core.package_identification:_identify(src) by extensions ['ros']
[1.238s] Level 1:colcon.colcon_core.package_identification:_identify(src) by extension 'ros'
[1.238s] Level 1:colcon.colcon_core.package_identification:_identify(src) by extensions ['cmake', 'python']
[1.238s] Level 1:colcon.colcon_core.package_identification:_identify(src) by extension 'cmake'
[1.238s] Level 1:colcon.colcon_core.package_identification:_identify(src) by extension 'python'
[1.238s] Level 1:colcon.colcon_core.package_identification:_identify(src) by extensions ['python_setup_py']
[1.238s] Level 1:colcon.colcon_core.package_identification:_identify(src) by extension 'python_setup_py'
[1.238s] Level 1:colcon.colcon_core.package_identification:_identify(src/solution) by extensions ['ignore', 'ignore_ament_install']
[1.238s] Level 1:colcon.colcon_core.package_identification:_identify(src/solution) by extension 'ignore'
[1.238s] Level 1:colcon.colcon_core.package_identification:_identify(src/solution) by extension 'ignore_ament_install'
[1.238s] Level 1:colcon.colcon_core.package_identification:_identify(src/solution) by extensions ['colcon_pkg']
[1.238s] Level 1:colcon.colcon_core.package_identification:_identify(src/solution) by extension 'colcon_pkg'
[1.238s] Level 1:colcon.colcon_core.package_identification:_identify(src/solution) by extensions ['colcon_meta']
[1.238s] Level 1:colcon.colcon_core.package_identification:_identify(src/solution) by extension 'colcon_meta'
[1.238s] Level 1:colcon.colcon_core.package_identification:_identify(src/solution) by extensions ['ros']
[1.238s] Level 1:colcon.colcon_core.package_identification:_identify(src/solution) by extension 'ros'
[1.249s] DEBUG:colcon.colcon_core.package_identification:Package 'src/solution' with type 'ros.ament_python' and name 'solution'
[1.250s] Level 1:colcon.colcon_core.package_identification:_identify(src/solution_interfaces) by extensions ['ignore', 'ignore_ament_install']
[1.250s] Level 1:colcon.colcon_core.package_identification:_identify(src/solution_interfaces) by extension 'ignore'
[1.250s] Level 1:colcon.colcon_core.package_identification:_identify(src/solution_interfaces) by extension 'ignore_ament_install'
[1.250s] Level 1:colcon.colcon_core.package_identification:_identify(src/solution_interfaces) by extensions ['colcon_pkg']
[1.250s] Level 1:colcon.colcon_core.package_identification:_identify(src/solution_interfaces) by extension 'colcon_pkg'
[1.250s] Level 1:colcon.colcon_core.package_identification:_identify(src/solution_interfaces) by extensions ['colcon_meta']
[1.250s] Level 1:colcon.colcon_core.package_identification:_identify(src/solution_interfaces) by extension 'colcon_meta'
[1.250s] Level 1:colcon.colcon_core.package_identification:_identify(src/solution_interfaces) by extensions ['ros']
[1.250s] Level 1:colcon.colcon_core.package_identification:_identify(src/solution_interfaces) by extension 'ros'
[1.258s] DEBUG:colcon.colcon_core.package_identification:Package 'src/solution_interfaces' with type 'ros.ament_cmake' and name 'solution_interfaces'
[1.258s] Level 1:colcon.colcon_core.package_discovery:discover_packages(recursive) using defaults
[1.258s] Level 1:colcon.colcon_core.package_discovery:discover_packages(ignore) discover
[1.258s] Level 1:colcon.colcon_core.package_discovery:discover_packages(ignore) using defaults
[1.258s] Level 1:colcon.colcon_core.package_discovery:discover_packages(path) discover
[1.258s] Level 1:colcon.colcon_core.package_discovery:discover_packages(path) using defaults
[1.356s] Level 1:colcon.colcon_core.package_discovery:discover_packages(prefix_path) check parameters
[1.356s] Level 1:colcon.colcon_core.package_discovery:discover_packages(prefix_path) discover
[1.388s] DEBUG:colcon.colcon_installed_package_information.package_discovery:Found 1 installed packages in /home/mc2148/ROS2-additionals/tf_transform/install
[1.413s] DEBUG:colcon.colcon_installed_package_information.package_discovery:Found 13 installed packages in /home/mc2148/ROS2-additionals/auro-practicals/install
[1.428s] DEBUG:colcon.colcon_installed_package_information.package_discovery:Found 15 installed packages in /home/mc2148/ROS2-additionals/turtlebot3_ws/install
[1.443s] DEBUG:colcon.colcon_installed_package_information.package_discovery:Found 406 installed packages in /opt/ros/humble
[1.445s] Level 1:colcon.colcon_core.package_discovery:discover_packages(prefix_path) using defaults
[1.543s] Level 5:colcon.colcon_core.verb:set package 'solution' build argument 'cmake_args' from command line to 'None'
[1.543s] Level 5:colcon.colcon_core.verb:set package 'solution' build argument 'cmake_target' from command line to 'None'
[1.543s] Level 5:colcon.colcon_core.verb:set package 'solution' build argument 'cmake_target_skip_unavailable' from command line to 'False'
[1.543s] Level 5:colcon.colcon_core.verb:set package 'solution' build argument 'cmake_clean_cache' from command line to 'False'
[1.543s] Level 5:colcon.colcon_core.verb:set package 'solution' build argument 'cmake_clean_first' from command line to 'False'
[1.543s] Level 5:colcon.colcon_core.verb:set package 'solution' build argument 'cmake_force_configure' from command line to 'False'
[1.543s] Level 5:colcon.colcon_core.verb:set package 'solution' build argument 'ament_cmake_args' from command line to 'None'
[1.543s] Level 5:colcon.colcon_core.verb:set package 'solution' build argument 'catkin_cmake_args' from command line to 'None'
[1.543s] Level 5:colcon.colcon_core.verb:set package 'solution' build argument 'catkin_skip_building_tests' from command line to 'False'
[1.543s] DEBUG:colcon.colcon_core.verb:Building package 'solution' with the following arguments: {'ament_cmake_args': None, 'build_base': '/home/mc2148/AURO/Submission/build/solution', 'catkin_cmake_args': None, 'catkin_skip_building_tests': False, 'cmake_args': None, 'cmake_clean_cache': False, 'cmake_clean_first': False, 'cmake_force_configure': False, 'cmake_target': None, 'cmake_target_skip_unavailable': False, 'install_base': '/home/mc2148/AURO/Submission/install/solution', 'merge_install': False, 'path': '/home/mc2148/AURO/Submission/src/solution', 'symlink_install': False, 'test_result_base': None}
[1.557s] Level 5:colcon.colcon_core.verb:set package 'solution_interfaces' build argument 'cmake_args' from command line to 'None'
[1.557s] Level 5:colcon.colcon_core.verb:set package 'solution_interfaces' build argument 'cmake_target' from command line to 'None'
[1.557s] Level 5:colcon.colcon_core.verb:set package 'solution_interfaces' build argument 'cmake_target_skip_unavailable' from command line to 'False'
[1.557s] Level 5:colcon.colcon_core.verb:set package 'solution_interfaces' build argument 'cmake_clean_cache' from command line to 'False'
[1.557s] Level 5:colcon.colcon_core.verb:set package 'solution_interfaces' build argument 'cmake_clean_first' from command line to 'False'
[1.557s] Level 5:colcon.colcon_core.verb:set package 'solution_interfaces' build argument 'cmake_force_configure' from command line to 'False'
[1.557s] Level 5:colcon.colcon_core.verb:set package 'solution_interfaces' build argument 'ament_cmake_args' from command line to 'None'
[1.557s] Level 5:colcon.colcon_core.verb:set package 'solution_interfaces' build argument 'catkin_cmake_args' from command line to 'None'
[1.557s] Level 5:colcon.colcon_core.verb:set package 'solution_interfaces' build argument 'catkin_skip_building_tests' from command line to 'False'
[1.557s] DEBUG:colcon.colcon_core.verb:Building package 'solution_interfaces' with the following arguments: {'ament_cmake_args': None, 'build_base': '/home/mc2148/AURO/Submission/build/solution_interfaces', 'catkin_cmake_args': None, 'catkin_skip_building_tests': False, 'cmake_args': None, 'cmake_clean_cache': False, 'cmake_clean_first': False, 'cmake_force_configure': False, 'cmake_target': None, 'cmake_target_skip_unavailable': False, 'install_base': '/home/mc2148/AURO/Submission/install/solution_interfaces', 'merge_install': False, 'path': '/home/mc2148/AURO/Submission/src/solution_interfaces', 'symlink_install': False, 'test_result_base': None}
[1.571s] INFO:colcon.colcon_core.executor:Executing jobs using 'parallel' executor
[1.586s] DEBUG:colcon.colcon_parallel_executor.executor.parallel:run_until_complete
[1.586s] INFO:colcon.colcon_ros.task.ament_python.build:Building ROS package in '/home/mc2148/AURO/Submission/src/solution' with build type 'ament_python'
[1.586s] Level 1:colcon.colcon_core.shell:create_environment_hook('solution', 'ament_prefix_path')
[1.607s] INFO:colcon.colcon_core.plugin_system:Skipping extension 'colcon_core.shell.bat': Not used on non-Windows systems
[1.607s] INFO:colcon.colcon_core.shell:Creating environment hook '/home/mc2148/AURO/Submission/install/solution/share/solution/hook/ament_prefix_path.ps1'
[1.608s] INFO:colcon.colcon_core.shell:Creating environment descriptor '/home/mc2148/AURO/Submission/install/solution/share/solution/hook/ament_prefix_path.dsv'
[1.608s] INFO:colcon.colcon_core.shell:Creating environment hook '/home/mc2148/AURO/Submission/install/solution/share/solution/hook/ament_prefix_path.sh'
[1.622s] INFO:colcon.colcon_core.shell:Skip shell extension 'powershell' for command environment: Not usable outside of PowerShell
[1.622s] DEBUG:colcon.colcon_core.shell:Skip shell extension 'dsv' for command environment
[1.696s] INFO:colcon.colcon_ros.task.ament_cmake.build:Building ROS package in '/home/mc2148/AURO/Submission/src/solution_interfaces' with build type 'ament_cmake'
[1.696s] INFO:colcon.colcon_cmake.task.cmake.build:Building CMake package in '/home/mc2148/AURO/Submission/src/solution_interfaces'
[1.712s] INFO:colcon.colcon_core.shell:Skip shell extension 'powershell' for command environment: Not usable outside of PowerShell
[1.712s] DEBUG:colcon.colcon_core.shell:Skip shell extension 'dsv' for command environment
[2.081s] INFO:colcon.colcon_core.task.python.build:Building Python package in '/home/mc2148/AURO/Submission/src/solution'
[2.096s] INFO:colcon.colcon_core.shell:Skip shell extension 'powershell' for command environment: Not usable outside of PowerShell
[2.096s] DEBUG:colcon.colcon_core.shell:Skip shell extension 'dsv' for command environment
[2.174s] DEBUG:colcon.colcon_core.event_handler.log_command:Invoking command in '/home/mc2148/AURO/Submission/build/solution_interfaces': CMAKE_PREFIX_PATH=${CMAKE_PREFIX_PATH}:/home/mc2148/ROS2-additionals/tf_transform/install/tf_transformations:/home/mc2148/ROS2-additionals/auro-practicals/install/week_8:/home/mc2148/ROS2-additionals/auro-practicals/install/week_7:/home/mc2148/ROS2-additionals/auro-practicals/install/week_6:/home/mc2148/ROS2-additionals/auro-practicals/install/week_5:/home/mc2148/ROS2-additionals/auro-practicals/install/week_4:/home/mc2148/ROS2-additionals/auro-practicals/install/week_3:/home/mc2148/ROS2-additionals/auro-practicals/install/week_2:/home/mc2148/ROS2-additionals/auro-practicals/install/week_1:/home/mc2148/ROS2-additionals/auro-practicals/install/tf_relay:/home/mc2148/ROS2-additionals/auro-practicals/install/assessment:/home/mc2148/ROS2-additionals/turtlebot3_ws/install/turtlebot3_teleop:/home/mc2148/ROS2-additionals/turtlebot3_ws/install/turtlebot3_example:/opt/ros/humble /usr/bin/cmake /home/mc2148/AURO/Submission/src/solution_interfaces -DCMAKE_INSTALL_PREFIX=/home/mc2148/AURO/Submission/install/solution_interfaces
[2.796s] DEBUG:colcon.colcon_core.event_handler.log_command:Invoking command in '/home/mc2148/AURO/Submission/src/solution': PYTHONPATH=/home/mc2148/AURO/Submission/build/solution/prefix_override:/home/mc2148/AURO/Submission/install/solution/lib/python3.10/site-packages:${PYTHONPATH} /usr/bin/python3 setup.py egg_info --egg-base ../../build/solution build --build-base /home/mc2148/AURO/Submission/build/solution/build install --record /home/mc2148/AURO/Submission/build/solution/install.log --single-version-externally-managed
[3.181s] DEBUG:colcon.colcon_core.event_handler.log_command:Invoked command in '/home/mc2148/AURO/Submission/src/solution' returned '0': PYTHONPATH=/home/mc2148/AURO/Submission/build/solution/prefix_override:/home/mc2148/AURO/Submission/install/solution/lib/python3.10/site-packages:${PYTHONPATH} /usr/bin/python3 setup.py egg_info --egg-base ../../build/solution build --build-base /home/mc2148/AURO/Submission/build/solution/build install --record /home/mc2148/AURO/Submission/build/solution/install.log --single-version-externally-managed
[3.194s] Level 1:colcon.colcon_core.environment:checking '/home/mc2148/AURO/Submission/install/solution' for CMake module files
[3.194s] Level 1:colcon.colcon_core.environment:checking '/home/mc2148/AURO/Submission/install/solution' for CMake config files
[3.195s] Level 1:colcon.colcon_core.environment:checking '/home/mc2148/AURO/Submission/install/solution/lib'
[3.195s] Level 1:colcon.colcon_core.environment:checking '/home/mc2148/AURO/Submission/install/solution/bin'
[3.195s] Level 1:colcon.colcon_core.environment:checking '/home/mc2148/AURO/Submission/install/solution/lib/pkgconfig/solution.pc'
[3.196s] Level 1:colcon.colcon_core.environment:checking '/home/mc2148/AURO/Submission/install/solution/lib/python3.10/site-packages'
[3.196s] Level 1:colcon.colcon_core.shell:create_environment_hook('solution', 'pythonpath')
[3.212s] INFO:colcon.colcon_core.shell:Creating environment hook '/home/mc2148/AURO/Submission/install/solution/share/solution/hook/pythonpath.ps1'
[3.212s] INFO:colcon.colcon_core.shell:Creating environment descriptor '/home/mc2148/AURO/Submission/install/solution/share/solution/hook/pythonpath.dsv'
[3.212s] INFO:colcon.colcon_core.shell:Creating environment hook '/home/mc2148/AURO/Submission/install/solution/share/solution/hook/pythonpath.sh'
[3.213s] Level 1:colcon.colcon_core.environment:checking '/home/mc2148/AURO/Submission/install/solution/bin'
[3.213s] Level 1:colcon.colcon_core.environment:create_environment_scripts_only(solution)
[3.227s] INFO:colcon.colcon_core.shell:Creating package script '/home/mc2148/AURO/Submission/install/solution/share/solution/package.ps1'
[3.227s] INFO:colcon.colcon_core.shell:Creating package descriptor '/home/mc2148/AURO/Submission/install/solution/share/solution/package.dsv'
[3.228s] INFO:colcon.colcon_core.shell:Creating package script '/home/mc2148/AURO/Submission/install/solution/share/solution/package.sh'
[3.228s] INFO:colcon.colcon_core.shell:Creating package script '/home/mc2148/AURO/Submission/install/solution/share/solution/package.bash'
[3.229s] INFO:colcon.colcon_core.shell:Creating package script '/home/mc2148/AURO/Submission/install/solution/share/solution/package.zsh'
[3.229s] Level 1:colcon.colcon_core.environment:create_file_with_runtime_dependencies(/home/mc2148/AURO/Submission/install/solution/share/colcon-core/packages/solution)
[4.743s] DEBUG:colcon.colcon_core.event_handler.log_command:Invoked command in '/home/mc2148/AURO/Submission/build/solution_interfaces' returned '0': CMAKE_PREFIX_PATH=${CMAKE_PREFIX_PATH}:/home/mc2148/ROS2-additionals/tf_transform/install/tf_transformations:/home/mc2148/ROS2-additionals/auro-practicals/install/week_8:/home/mc2148/ROS2-additionals/auro-practicals/install/week_7:/home/mc2148/ROS2-additionals/auro-practicals/install/week_6:/home/mc2148/ROS2-additionals/auro-practicals/install/week_5:/home/mc2148/ROS2-additionals/auro-practicals/install/week_4:/home/mc2148/ROS2-additionals/auro-practicals/install/week_3:/home/mc2148/ROS2-additionals/auro-practicals/install/week_2:/home/mc2148/ROS2-additionals/auro-practicals/install/week_1:/home/mc2148/ROS2-additionals/auro-practicals/install/tf_relay:/home/mc2148/ROS2-additionals/auro-practicals/install/assessment:/home/mc2148/ROS2-additionals/turtlebot3_ws/install/turtlebot3_teleop:/home/mc2148/ROS2-additionals/turtlebot3_ws/install/turtlebot3_example:/opt/ros/humble /usr/bin/cmake /home/mc2148/AURO/Submission/src/solution_interfaces -DCMAKE_INSTALL_PREFIX=/home/mc2148/AURO/Submission/install/solution_interfaces
[4.743s] DEBUG:colcon.colcon_core.event_handler.log_command:Invoking command in '/home/mc2148/AURO/Submission/build/solution_interfaces': CMAKE_PREFIX_PATH=${CMAKE_PREFIX_PATH}:/home/mc2148/ROS2-additionals/tf_transform/install/tf_transformations:/home/mc2148/ROS2-additionals/auro-practicals/install/week_8:/home/mc2148/ROS2-additionals/auro-practicals/install/week_7:/home/mc2148/ROS2-additionals/auro-practicals/install/week_6:/home/mc2148/ROS2-additionals/auro-practicals/install/week_5:/home/mc2148/ROS2-additionals/auro-practicals/install/week_4:/home/mc2148/ROS2-additionals/auro-practicals/install/week_3:/home/mc2148/ROS2-additionals/auro-practicals/install/week_2:/home/mc2148/ROS2-additionals/auro-practicals/install/week_1:/home/mc2148/ROS2-additionals/auro-practicals/install/tf_relay:/home/mc2148/ROS2-additionals/auro-practicals/install/assessment:/home/mc2148/ROS2-additionals/turtlebot3_ws/install/turtlebot3_teleop:/home/mc2148/ROS2-additionals/turtlebot3_ws/install/turtlebot3_example:/opt/ros/humble /usr/bin/cmake --build /home/mc2148/AURO/Submission/build/solution_interfaces -- -j4 -l4
[11.384s] DEBUG:colcon.colcon_core.event_handler.log_command:Invoked command in '/home/mc2148/AURO/Submission/build/solution_interfaces' returned '0': CMAKE_PREFIX_PATH=${CMAKE_PREFIX_PATH}:/home/mc2148/ROS2-additionals/tf_transform/install/tf_transformations:/home/mc2148/ROS2-additionals/auro-practicals/install/week_8:/home/mc2148/ROS2-additionals/auro-practicals/install/week_7:/home/mc2148/ROS2-additionals/auro-practicals/install/week_6:/home/mc2148/ROS2-additionals/auro-practicals/install/week_5:/home/mc2148/ROS2-additionals/auro-practicals/install/week_4:/home/mc2148/ROS2-additionals/auro-practicals/install/week_3:/home/mc2148/ROS2-additionals/auro-practicals/install/week_2:/home/mc2148/ROS2-additionals/auro-practicals/install/week_1:/home/mc2148/ROS2-additionals/auro-practicals/install/tf_relay:/home/mc2148/ROS2-additionals/auro-practicals/install/assessment:/home/mc2148/ROS2-additionals/turtlebot3_ws/install/turtlebot3_teleop:/home/mc2148/ROS2-additionals/turtlebot3_ws/install/turtlebot3_example:/opt/ros/humble /usr/bin/cmake --build /home/mc2148/AURO/Submission/build/solution_interfaces -- -j4 -l4
[11.699s] DEBUG:colcon.colcon_core.event_handler.log_command:Invoking command in '/home/mc2148/AURO/Submission/build/solution_interfaces': CMAKE_PREFIX_PATH=${CMAKE_PREFIX_PATH}:/home/mc2148/ROS2-additionals/tf_transform/install/tf_transformations:/home/mc2148/ROS2-additionals/auro-practicals/install/week_8:/home/mc2148/ROS2-additionals/auro-practicals/install/week_7:/home/mc2148/ROS2-additionals/auro-practicals/install/week_6:/home/mc2148/ROS2-additionals/auro-practicals/install/week_5:/home/mc2148/ROS2-additionals/auro-practicals/install/week_4:/home/mc2148/ROS2-additionals/auro-practicals/install/week_3:/home/mc2148/ROS2-additionals/auro-practicals/install/week_2:/home/mc2148/ROS2-additionals/auro-practicals/install/week_1:/home/mc2148/ROS2-additionals/auro-practicals/install/tf_relay:/home/mc2148/ROS2-additionals/auro-practicals/install/assessment:/home/mc2148/ROS2-additionals/turtlebot3_ws/install/turtlebot3_teleop:/home/mc2148/ROS2-additionals/turtlebot3_ws/install/turtlebot3_example:/opt/ros/humble /usr/bin/cmake --install /home/mc2148/AURO/Submission/build/solution_interfaces
[11.857s] Level 1:colcon.colcon_core.environment:create_environment_scripts_only(solution_interfaces)
[11.858s] DEBUG:colcon.colcon_core.event_handler.log_command:Invoked command in '/home/mc2148/AURO/Submission/build/solution_interfaces' returned '0': CMAKE_PREFIX_PATH=${CMAKE_PREFIX_PATH}:/home/mc2148/ROS2-additionals/tf_transform/install/tf_transformations:/home/mc2148/ROS2-additionals/auro-practicals/install/week_8:/home/mc2148/ROS2-additionals/auro-practicals/install/week_7:/home/mc2148/ROS2-additionals/auro-practicals/install/week_6:/home/mc2148/ROS2-additionals/auro-practicals/install/week_5:/home/mc2148/ROS2-additionals/auro-practicals/install/week_4:/home/mc2148/ROS2-additionals/auro-practicals/install/week_3:/home/mc2148/ROS2-additionals/auro-practicals/install/week_2:/home/mc2148/ROS2-additionals/auro-practicals/install/week_1:/home/mc2148/ROS2-additionals/auro-practicals/install/tf_relay:/home/mc2148/ROS2-additionals/auro-practicals/install/assessment:/home/mc2148/ROS2-additionals/turtlebot3_ws/install/turtlebot3_teleop:/home/mc2148/ROS2-additionals/turtlebot3_ws/install/turtlebot3_example:/opt/ros/humble /usr/bin/cmake --install /home/mc2148/AURO/Submission/build/solution_interfaces
[11.873s] Level 1:colcon.colcon_core.environment:checking '/home/mc2148/AURO/Submission/install/solution_interfaces' for CMake module files
[11.874s] Level 1:colcon.colcon_core.environment:checking '/home/mc2148/AURO/Submission/install/solution_interfaces' for CMake config files
[11.874s] Level 1:colcon.colcon_core.shell:create_environment_hook('solution_interfaces', 'cmake_prefix_path')
[11.893s] INFO:colcon.colcon_core.shell:Creating environment hook '/home/mc2148/AURO/Submission/install/solution_interfaces/share/solution_interfaces/hook/cmake_prefix_path.ps1'
[11.894s] INFO:colcon.colcon_core.shell:Creating environment descriptor '/home/mc2148/AURO/Submission/install/solution_interfaces/share/solution_interfaces/hook/cmake_prefix_path.dsv'
[11.894s] INFO:colcon.colcon_core.shell:Creating environment hook '/home/mc2148/AURO/Submission/install/solution_interfaces/share/solution_interfaces/hook/cmake_prefix_path.sh'
[11.894s] Level 1:colcon.colcon_core.environment:checking '/home/mc2148/AURO/Submission/install/solution_interfaces/lib'
[11.894s] Level 1:colcon.colcon_core.shell:create_environment_hook('solution_interfaces', 'ld_library_path_lib')
[11.921s] INFO:colcon.colcon_core.shell:Creating environment hook '/home/mc2148/AURO/Submission/install/solution_interfaces/share/solution_interfaces/hook/ld_library_path_lib.ps1'
[11.921s] INFO:colcon.colcon_core.shell:Creating environment descriptor '/home/mc2148/AURO/Submission/install/solution_interfaces/share/solution_interfaces/hook/ld_library_path_lib.dsv'
[11.922s] INFO:colcon.colcon_core.shell:Creating environment hook '/home/mc2148/AURO/Submission/install/solution_interfaces/share/solution_interfaces/hook/ld_library_path_lib.sh'
[11.922s] Level 1:colcon.colcon_core.environment:checking '/home/mc2148/AURO/Submission/install/solution_interfaces/bin'
[11.922s] Level 1:colcon.colcon_core.environment:checking '/home/mc2148/AURO/Submission/install/solution_interfaces/lib/pkgconfig/solution_interfaces.pc'
[11.922s] Level 1:colcon.colcon_core.environment:checking '/home/mc2148/AURO/Submission/install/solution_interfaces/lib/python3.10/site-packages'
[11.923s] Level 1:colcon.colcon_core.environment:checking '/home/mc2148/AURO/Submission/install/solution_interfaces/bin'
[11.940s] INFO:colcon.colcon_core.shell:Creating package script '/home/mc2148/AURO/Submission/install/solution_interfaces/share/solution_interfaces/package.ps1'
[11.942s] INFO:colcon.colcon_core.shell:Creating package descriptor '/home/mc2148/AURO/Submission/install/solution_interfaces/share/solution_interfaces/package.dsv'
[11.943s] INFO:colcon.colcon_core.shell:Creating package script '/home/mc2148/AURO/Submission/install/solution_interfaces/share/solution_interfaces/package.sh'
[11.943s] INFO:colcon.colcon_core.shell:Creating package script '/home/mc2148/AURO/Submission/install/solution_interfaces/share/solution_interfaces/package.bash'
[11.945s] INFO:colcon.colcon_core.shell:Creating package script '/home/mc2148/AURO/Submission/install/solution_interfaces/share/solution_interfaces/package.zsh'
[11.945s] Level 1:colcon.colcon_core.environment:create_file_with_runtime_dependencies(/home/mc2148/AURO/Submission/install/solution_interfaces/share/colcon-core/packages/solution_interfaces)
[12.288s] Level 1:colcon.colcon_core.environment:create_environment_scripts_only(solution_interfaces)
[12.303s] Level 1:colcon.colcon_core.environment:checking '/home/mc2148/AURO/Submission/install/solution_interfaces' for CMake module files
[12.303s] Level 1:colcon.colcon_core.environment:checking '/home/mc2148/AURO/Submission/install/solution_interfaces' for CMake config files
[12.304s] Level 1:colcon.colcon_core.shell:create_environment_hook('solution_interfaces', 'cmake_prefix_path')
[12.320s] INFO:colcon.colcon_core.shell:Creating environment hook '/home/mc2148/AURO/Submission/install/solution_interfaces/share/solution_interfaces/hook/cmake_prefix_path.ps1'
[12.321s] INFO:colcon.colcon_core.shell:Creating environment descriptor '/home/mc2148/AURO/Submission/install/solution_interfaces/share/solution_interfaces/hook/cmake_prefix_path.dsv'
[12.321s] INFO:colcon.colcon_core.shell:Creating environment hook '/home/mc2148/AURO/Submission/install/solution_interfaces/share/solution_interfaces/hook/cmake_prefix_path.sh'
[12.322s] Level 1:colcon.colcon_core.environment:checking '/home/mc2148/AURO/Submission/install/solution_interfaces/lib'
[12.322s] Level 1:colcon.colcon_core.shell:create_environment_hook('solution_interfaces', 'ld_library_path_lib')
[12.337s] INFO:colcon.colcon_core.shell:Creating environment hook '/home/mc2148/AURO/Submission/install/solution_interfaces/share/solution_interfaces/hook/ld_library_path_lib.ps1'
[12.338s] INFO:colcon.colcon_core.shell:Creating environment descriptor '/home/mc2148/AURO/Submission/install/solution_interfaces/share/solution_interfaces/hook/ld_library_path_lib.dsv'
[12.338s] INFO:colcon.colcon_core.shell:Creating environment hook '/home/mc2148/AURO/Submission/install/solution_interfaces/share/solution_interfaces/hook/ld_library_path_lib.sh'
[12.339s] Level 1:colcon.colcon_core.environment:checking '/home/mc2148/AURO/Submission/install/solution_interfaces/bin'
[12.339s] Level 1:colcon.colcon_core.environment:checking '/home/mc2148/AURO/Submission/install/solution_interfaces/lib/pkgconfig/solution_interfaces.pc'
[12.339s] Level 1:colcon.colcon_core.environment:checking '/home/mc2148/AURO/Submission/install/solution_interfaces/lib/python3.10/site-packages'
[12.339s] Level 1:colcon.colcon_core.environment:checking '/home/mc2148/AURO/Submission/install/solution_interfaces/bin'
[12.356s] INFO:colcon.colcon_core.shell:Creating package script '/home/mc2148/AURO/Submission/install/solution_interfaces/share/solution_interfaces/package.ps1'
[12.357s] INFO:colcon.colcon_core.shell:Creating package descriptor '/home/mc2148/AURO/Submission/install/solution_interfaces/share/solution_interfaces/package.dsv'
[12.357s] INFO:colcon.colcon_core.shell:Creating package script '/home/mc2148/AURO/Submission/install/solution_interfaces/share/solution_interfaces/package.sh'
[12.358s] INFO:colcon.colcon_core.shell:Creating package script '/home/mc2148/AURO/Submission/install/solution_interfaces/share/solution_interfaces/package.bash'
[12.359s] INFO:colcon.colcon_core.shell:Creating package script '/home/mc2148/AURO/Submission/install/solution_interfaces/share/solution_interfaces/package.zsh'
[12.359s] Level 1:colcon.colcon_core.environment:create_file_with_runtime_dependencies(/home/mc2148/AURO/Submission/install/solution_interfaces/share/colcon-core/packages/solution_interfaces)
[12.360s] DEBUG:colcon.colcon_parallel_executor.executor.parallel:closing loop
[12.360s] DEBUG:colcon.colcon_parallel_executor.executor.parallel:loop closed
[12.360s] DEBUG:colcon.colcon_parallel_executor.executor.parallel:run_until_complete finished with '0'
[12.360s] DEBUG:colcon.colcon_core.event_reactor:joining thread
[12.383s] INFO:colcon.colcon_core.plugin_system:Skipping extension 'colcon_notification.desktop_notification.terminal_notifier': Not used on non-Darwin systems
[12.383s] INFO:colcon.colcon_core.plugin_system:Skipping extension 'colcon_notification.desktop_notification.win32': Not used on non-Windows systems
[12.383s] INFO:colcon.colcon_notification.desktop_notification:Sending desktop notification using 'notify2'
[12.396s] DEBUG:colcon.colcon_core.event_reactor:joined thread
[12.411s] INFO:colcon.colcon_core.shell:Creating prefix script '/home/mc2148/AURO/Submission/install/local_setup.ps1'
[12.412s] INFO:colcon.colcon_core.shell:Creating prefix util module '/home/mc2148/AURO/Submission/install/_local_setup_util_ps1.py'
[12.414s] INFO:colcon.colcon_core.shell:Creating prefix chain script '/home/mc2148/AURO/Submission/install/setup.ps1'
[12.432s] INFO:colcon.colcon_core.shell:Creating prefix script '/home/mc2148/AURO/Submission/install/local_setup.sh'
[12.432s] INFO:colcon.colcon_core.shell:Creating prefix util module '/home/mc2148/AURO/Submission/install/_local_setup_util_sh.py'
[12.433s] INFO:colcon.colcon_core.shell:Creating prefix chain script '/home/mc2148/AURO/Submission/install/setup.sh'
[12.454s] INFO:colcon.colcon_core.shell:Creating prefix script '/home/mc2148/AURO/Submission/install/local_setup.bash'
[12.455s] INFO:colcon.colcon_core.shell:Creating prefix chain script '/home/mc2148/AURO/Submission/install/setup.bash'
[12.472s] INFO:colcon.colcon_core.shell:Creating prefix script '/home/mc2148/AURO/Submission/install/local_setup.zsh'
[12.472s] INFO:colcon.colcon_core.shell:Creating prefix chain script '/home/mc2148/AURO/Submission/install/setup.zsh'
