[2.508s] Invoking command in '/home/mc2148/AURO/GIT-SUBMISSION/AURO/Submission/src/tf_relay': PYTHONPATH=/home/mc2148/AURO/GIT-SUBMISSION/AURO/Submission/build/tf_relay/prefix_override:/home/mc2148/AURO/GIT-SUBMISSION/AURO/Submission/install/tf_relay/lib/python3.10/site-packages:${PYTHONPATH} /usr/bin/python3 setup.py egg_info --egg-base ../../build/tf_relay build --build-base /home/mc2148/AURO/GIT-SUBMISSION/AURO/Submission/build/tf_relay/build install --record /home/mc2148/AURO/GIT-SUBMISSION/AURO/Submission/build/tf_relay/install.log --single-version-externally-managed
[3.087s] running egg_info
[3.089s] writing ../../build/tf_relay/tf_relay.egg-info/PKG-INFO
[3.089s] writing dependency_links to ../../build/tf_relay/tf_relay.egg-info/dependency_links.txt
[3.089s] writing entry points to ../../build/tf_relay/tf_relay.egg-info/entry_points.txt
[3.089s] writing requirements to ../../build/tf_relay/tf_relay.egg-info/requires.txt
[3.090s] writing top-level names to ../../build/tf_relay/tf_relay.egg-info/top_level.txt
[3.093s] reading manifest file '../../build/tf_relay/tf_relay.egg-info/SOURCES.txt'
[3.095s] writing manifest file '../../build/tf_relay/tf_relay.egg-info/SOURCES.txt'
[3.095s] running build
[3.095s] running build_py
[3.096s] running install
[3.097s] running install_lib
[3.099s] running install_data
[3.100s] running install_egg_info
[3.104s] removing '/home/mc2148/AURO/GIT-SUBMISSION/AURO/Submission/install/tf_relay/lib/python3.10/site-packages/tf_relay-0.0.0-py3.10.egg-info' (and everything under it)
[3.104s] Copying ../../build/tf_relay/tf_relay.egg-info to /home/mc2148/AURO/GIT-SUBMISSION/AURO/Submission/install/tf_relay/lib/python3.10/site-packages/tf_relay-0.0.0-py3.10.egg-info
[3.107s] running install_scripts
[3.149s] Installing relay script to /home/mc2148/AURO/GIT-SUBMISSION/AURO/Submission/install/tf_relay/lib/tf_relay
[3.149s] writing list of installed files to '/home/mc2148/AURO/GIT-SUBMISSION/AURO/Submission/build/tf_relay/install.log'
[3.206s] Invoked command in '/home/mc2148/AURO/GIT-SUBMISSION/AURO/Submission/src/tf_relay' returned '0': PYTHONPATH=/home/mc2148/AURO/GIT-SUBMISSION/AURO/Submission/build/tf_relay/prefix_override:/home/mc2148/AURO/GIT-SUBMISSION/AURO/Submission/install/tf_relay/lib/python3.10/site-packages:${PYTHONPATH} /usr/bin/python3 setup.py egg_info --egg-base ../../build/tf_relay build --build-base /home/mc2148/AURO/GIT-SUBMISSION/AURO/Submission/build/tf_relay/build install --record /home/mc2148/AURO/GIT-SUBMISSION/AURO/Submission/build/tf_relay/install.log --single-version-externally-managed
