[1.804s] Invoking command in '/home/mc2148/AURO/Submission/src/solution': PYTHONPATH=/home/mc2148/AURO/Submission/build/solution/prefix_override:/home/mc2148/AURO/Submission/install/solution/lib/python3.10/site-packages:${PYTHONPATH} /usr/bin/python3 setup.py egg_info --egg-base ../../build/solution build --build-base /home/mc2148/AURO/Submission/build/solution/build install --record /home/mc2148/AURO/Submission/build/solution/install.log --single-version-externally-managed
[2.128s] running egg_info
[2.129s] writing ../../build/solution/solution.egg-info/PKG-INFO
[2.130s] writing dependency_links to ../../build/solution/solution.egg-info/dependency_links.txt
[2.131s] writing entry points to ../../build/solution/solution.egg-info/entry_points.txt
[2.133s] writing requirements to ../../build/solution/solution.egg-info/requires.txt
[2.133s] writing top-level names to ../../build/solution/solution.egg-info/top_level.txt
[2.136s] reading manifest file '../../build/solution/solution.egg-info/SOURCES.txt'
[2.136s] writing manifest file '../../build/solution/solution.egg-info/SOURCES.txt'
[2.139s] running build
[2.139s] running build_py
[2.139s] copying solution/item_assessor_service.py -> /home/mc2148/AURO/Submission/build/solution/build/lib/solution
[2.140s] running install
[2.140s] running install_lib
[2.140s] copying /home/mc2148/AURO/Submission/build/solution/build/lib/solution/item_assessor_service.py -> /home/mc2148/AURO/Submission/install/solution/lib/python3.10/site-packages/solution
[2.143s] byte-compiling /home/mc2148/AURO/Submission/install/solution/lib/python3.10/site-packages/solution/item_assessor_service.py to item_assessor_service.cpython-310.pyc
[2.146s] running install_data
[2.147s] running install_egg_info
[2.149s] removing '/home/mc2148/AURO/Submission/install/solution/lib/python3.10/site-packages/solution-0.0.0-py3.10.egg-info' (and everything under it)
[2.154s] Copying ../../build/solution/solution.egg-info to /home/mc2148/AURO/Submission/install/solution/lib/python3.10/site-packages/solution-0.0.0-py3.10.egg-info
[2.162s] running install_scripts
[2.215s] Installing data_logger script to /home/mc2148/AURO/Submission/install/solution/lib/solution
[2.215s] Installing item_assessor_service script to /home/mc2148/AURO/Submission/install/solution/lib/solution
[2.217s] Installing randomised_goal_service script to /home/mc2148/AURO/Submission/install/solution/lib/solution
[2.217s] Installing robot_controller script to /home/mc2148/AURO/Submission/install/solution/lib/solution
[2.218s] Installing robot_position script to /home/mc2148/AURO/Submission/install/solution/lib/solution
[2.218s] writing list of installed files to '/home/mc2148/AURO/Submission/build/solution/install.log'
[2.311s] Invoked command in '/home/mc2148/AURO/Submission/src/solution' returned '0': PYTHONPATH=/home/mc2148/AURO/Submission/build/solution/prefix_override:/home/mc2148/AURO/Submission/install/solution/lib/python3.10/site-packages:${PYTHONPATH} /usr/bin/python3 setup.py egg_info --egg-base ../../build/solution build --build-base /home/mc2148/AURO/Submission/build/solution/build install --record /home/mc2148/AURO/Submission/build/solution/install.log --single-version-externally-managed
