[4.075s] Invoking command in '/home/mc2148/AURO/GIT-SUBMISSION/AURO/Submission/src/solution': PYTHONPATH=/home/mc2148/AURO/GIT-SUBMISSION/AURO/Submission/build/solution/prefix_override:/home/mc2148/AURO/GIT-SUBMISSION/AURO/Submission/install/solution/lib/python3.10/site-packages:${PYTHONPATH} /usr/bin/python3 setup.py egg_info --egg-base ../../build/solution build --build-base /home/mc2148/AURO/GIT-SUBMISSION/AURO/Submission/build/solution/build install --record /home/mc2148/AURO/GIT-SUBMISSION/AURO/Submission/build/solution/install.log --single-version-externally-managed
[4.994s] running egg_info
[4.997s] writing ../../build/solution/solution.egg-info/PKG-INFO
[4.997s] writing dependency_links to ../../build/solution/solution.egg-info/dependency_links.txt
[4.999s] writing entry points to ../../build/solution/solution.egg-info/entry_points.txt
[5.000s] writing requirements to ../../build/solution/solution.egg-info/requires.txt
[5.000s] writing top-level names to ../../build/solution/solution.egg-info/top_level.txt
[5.003s] reading manifest file '../../build/solution/solution.egg-info/SOURCES.txt'
[5.013s] writing manifest file '../../build/solution/solution.egg-info/SOURCES.txt'
[5.013s] running build
[5.014s] running build_py
[5.014s] copying solution/robot_controller.py -> /home/mc2148/AURO/GIT-SUBMISSION/AURO/Submission/build/solution/build/lib/solution
[5.014s] running install
[5.014s] running install_lib
[5.015s] copying /home/mc2148/AURO/GIT-SUBMISSION/AURO/Submission/build/solution/build/lib/solution/robot_controller.py -> /home/mc2148/AURO/GIT-SUBMISSION/AURO/Submission/install/solution/lib/python3.10/site-packages/solution
[5.022s] byte-compiling /home/mc2148/AURO/GIT-SUBMISSION/AURO/Submission/install/solution/lib/python3.10/site-packages/solution/robot_controller.py to robot_controller.cpython-310.pyc
[5.023s] running install_data
[5.025s] running install_egg_info
[5.031s] removing '/home/mc2148/AURO/GIT-SUBMISSION/AURO/Submission/install/solution/lib/python3.10/site-packages/solution-0.0.0-py3.10.egg-info' (and everything under it)
[5.034s] Copying ../../build/solution/solution.egg-info to /home/mc2148/AURO/GIT-SUBMISSION/AURO/Submission/install/solution/lib/python3.10/site-packages/solution-0.0.0-py3.10.egg-info
[5.036s] running install_scripts
[5.115s] Installing data_logger script to /home/mc2148/AURO/GIT-SUBMISSION/AURO/Submission/install/solution/lib/solution
[5.115s] Installing robot_controller script to /home/mc2148/AURO/GIT-SUBMISSION/AURO/Submission/install/solution/lib/solution
[5.117s] writing list of installed files to '/home/mc2148/AURO/GIT-SUBMISSION/AURO/Submission/build/solution/install.log'
[5.732s] Invoked command in '/home/mc2148/AURO/GIT-SUBMISSION/AURO/Submission/src/solution' returned '0': PYTHONPATH=/home/mc2148/AURO/GIT-SUBMISSION/AURO/Submission/build/solution/prefix_override:/home/mc2148/AURO/GIT-SUBMISSION/AURO/Submission/install/solution/lib/python3.10/site-packages:${PYTHONPATH} /usr/bin/python3 setup.py egg_info --egg-base ../../build/solution build --build-base /home/mc2148/AURO/GIT-SUBMISSION/AURO/Submission/build/solution/build install --record /home/mc2148/AURO/GIT-SUBMISSION/AURO/Submission/build/solution/install.log --single-version-externally-managed
