[4.153s] Invoking command in '/home/mc2148/AURO/GIT-SUBMISSION/AURO/Submission/src/solution': PYTHONPATH=/home/mc2148/AURO/GIT-SUBMISSION/AURO/Submission/build/solution/prefix_override:/home/mc2148/AURO/GIT-SUBMISSION/AURO/Submission/install/solution/lib/python3.10/site-packages:${PYTHONPATH} /usr/bin/python3 setup.py egg_info --egg-base ../../build/solution build --build-base /home/mc2148/AURO/GIT-SUBMISSION/AURO/Submission/build/solution/build install --record /home/mc2148/AURO/GIT-SUBMISSION/AURO/Submission/build/solution/install.log --single-version-externally-managed
[5.222s] running egg_info
[5.223s] writing ../../build/solution/solution.egg-info/PKG-INFO
[5.224s] writing dependency_links to ../../build/solution/solution.egg-info/dependency_links.txt
[5.224s] writing entry points to ../../build/solution/solution.egg-info/entry_points.txt
[5.225s] writing requirements to ../../build/solution/solution.egg-info/requires.txt
[5.225s] writing top-level names to ../../build/solution/solution.egg-info/top_level.txt
[5.231s] reading manifest file '../../build/solution/solution.egg-info/SOURCES.txt'
[5.234s] writing manifest file '../../build/solution/solution.egg-info/SOURCES.txt'
[5.234s] running build
[5.235s] running build_py
[5.235s] copying solution/robot_controller.py -> /home/mc2148/AURO/GIT-SUBMISSION/AURO/Submission/build/solution/build/lib/solution
[5.236s] running install
[5.237s] running install_lib
[5.239s] copying /home/mc2148/AURO/GIT-SUBMISSION/AURO/Submission/build/solution/build/lib/solution/robot_controller.py -> /home/mc2148/AURO/GIT-SUBMISSION/AURO/Submission/install/solution/lib/python3.10/site-packages/solution
[5.241s] byte-compiling /home/mc2148/AURO/GIT-SUBMISSION/AURO/Submission/install/solution/lib/python3.10/site-packages/solution/robot_controller.py to robot_controller.cpython-310.pyc
[5.249s] running install_data
[5.251s] running install_egg_info
[5.256s] removing '/home/mc2148/AURO/GIT-SUBMISSION/AURO/Submission/install/solution/lib/python3.10/site-packages/solution-0.0.0-py3.10.egg-info' (and everything under it)
[5.257s] Copying ../../build/solution/solution.egg-info to /home/mc2148/AURO/GIT-SUBMISSION/AURO/Submission/install/solution/lib/python3.10/site-packages/solution-0.0.0-py3.10.egg-info
[5.259s] running install_scripts
[5.329s] Installing data_logger script to /home/mc2148/AURO/GIT-SUBMISSION/AURO/Submission/install/solution/lib/solution
[5.329s] Installing robot_controller script to /home/mc2148/AURO/GIT-SUBMISSION/AURO/Submission/install/solution/lib/solution
[5.330s] writing list of installed files to '/home/mc2148/AURO/GIT-SUBMISSION/AURO/Submission/build/solution/install.log'
[6.212s] Invoked command in '/home/mc2148/AURO/GIT-SUBMISSION/AURO/Submission/src/solution' returned '0': PYTHONPATH=/home/mc2148/AURO/GIT-SUBMISSION/AURO/Submission/build/solution/prefix_override:/home/mc2148/AURO/GIT-SUBMISSION/AURO/Submission/install/solution/lib/python3.10/site-packages:${PYTHONPATH} /usr/bin/python3 setup.py egg_info --egg-base ../../build/solution build --build-base /home/mc2148/AURO/GIT-SUBMISSION/AURO/Submission/build/solution/build install --record /home/mc2148/AURO/GIT-SUBMISSION/AURO/Submission/build/solution/install.log --single-version-externally-managed
