[4.820s] Invoking command in '/home/mc2148/AURO/GIT-SUBMISSION/AURO/Submission/src/tf_relay': PYTHONPATH=/home/mc2148/AURO/GIT-SUBMISSION/AURO/Submission/build/tf_relay/prefix_override:/home/mc2148/AURO/GIT-SUBMISSION/AURO/Submission/install/tf_relay/lib/python3.10/site-packages:${PYTHONPATH} /usr/bin/python3 setup.py egg_info --egg-base ../../build/tf_relay build --build-base /home/mc2148/AURO/GIT-SUBMISSION/AURO/Submission/build/tf_relay/build install --record /home/mc2148/AURO/GIT-SUBMISSION/AURO/Submission/build/tf_relay/install.log --single-version-externally-managed
[6.136s] running egg_info
[6.146s] creating ../../build/tf_relay/tf_relay.egg-info
[6.146s] writing ../../build/tf_relay/tf_relay.egg-info/PKG-INFO
[6.146s] writing dependency_links to ../../build/tf_relay/tf_relay.egg-info/dependency_links.txt
[6.147s] writing entry points to ../../build/tf_relay/tf_relay.egg-info/entry_points.txt
[6.147s] writing requirements to ../../build/tf_relay/tf_relay.egg-info/requires.txt
[6.147s] writing top-level names to ../../build/tf_relay/tf_relay.egg-info/top_level.txt
[6.147s] writing manifest file '../../build/tf_relay/tf_relay.egg-info/SOURCES.txt'
[6.148s] reading manifest file '../../build/tf_relay/tf_relay.egg-info/SOURCES.txt'
[6.152s] writing manifest file '../../build/tf_relay/tf_relay.egg-info/SOURCES.txt'
[6.152s] running build
[6.152s] running build_py
[6.153s] creating /home/mc2148/AURO/GIT-SUBMISSION/AURO/Submission/build/tf_relay/build
[6.153s] creating /home/mc2148/AURO/GIT-SUBMISSION/AURO/Submission/build/tf_relay/build/lib
[6.153s] creating /home/mc2148/AURO/GIT-SUBMISSION/AURO/Submission/build/tf_relay/build/lib/tf_relay
[6.154s] copying tf_relay/tf_static_relay.py -> /home/mc2148/AURO/GIT-SUBMISSION/AURO/Submission/build/tf_relay/build/lib/tf_relay
[6.154s] copying tf_relay/tf_relay.py -> /home/mc2148/AURO/GIT-SUBMISSION/AURO/Submission/build/tf_relay/build/lib/tf_relay
[6.154s] copying tf_relay/main.py -> /home/mc2148/AURO/GIT-SUBMISSION/AURO/Submission/build/tf_relay/build/lib/tf_relay
[6.154s] copying tf_relay/__init__.py -> /home/mc2148/AURO/GIT-SUBMISSION/AURO/Submission/build/tf_relay/build/lib/tf_relay
[6.155s] running install
[6.155s] running install_lib
[6.156s] creating /home/mc2148/AURO/GIT-SUBMISSION/AURO/Submission/install/tf_relay/lib/python3.10/site-packages/tf_relay
[6.156s] copying /home/mc2148/AURO/GIT-SUBMISSION/AURO/Submission/build/tf_relay/build/lib/tf_relay/tf_static_relay.py -> /home/mc2148/AURO/GIT-SUBMISSION/AURO/Submission/install/tf_relay/lib/python3.10/site-packages/tf_relay
[6.157s] copying /home/mc2148/AURO/GIT-SUBMISSION/AURO/Submission/build/tf_relay/build/lib/tf_relay/tf_relay.py -> /home/mc2148/AURO/GIT-SUBMISSION/AURO/Submission/install/tf_relay/lib/python3.10/site-packages/tf_relay
[6.157s] copying /home/mc2148/AURO/GIT-SUBMISSION/AURO/Submission/build/tf_relay/build/lib/tf_relay/main.py -> /home/mc2148/AURO/GIT-SUBMISSION/AURO/Submission/install/tf_relay/lib/python3.10/site-packages/tf_relay
[6.157s] copying /home/mc2148/AURO/GIT-SUBMISSION/AURO/Submission/build/tf_relay/build/lib/tf_relay/__init__.py -> /home/mc2148/AURO/GIT-SUBMISSION/AURO/Submission/install/tf_relay/lib/python3.10/site-packages/tf_relay
[6.159s] byte-compiling /home/mc2148/AURO/GIT-SUBMISSION/AURO/Submission/install/tf_relay/lib/python3.10/site-packages/tf_relay/tf_static_relay.py to tf_static_relay.cpython-310.pyc
[6.160s] byte-compiling /home/mc2148/AURO/GIT-SUBMISSION/AURO/Submission/install/tf_relay/lib/python3.10/site-packages/tf_relay/tf_relay.py to tf_relay.cpython-310.pyc
[6.162s] byte-compiling /home/mc2148/AURO/GIT-SUBMISSION/AURO/Submission/install/tf_relay/lib/python3.10/site-packages/tf_relay/main.py to main.cpython-310.pyc
[6.163s] byte-compiling /home/mc2148/AURO/GIT-SUBMISSION/AURO/Submission/install/tf_relay/lib/python3.10/site-packages/tf_relay/__init__.py to __init__.cpython-310.pyc
[6.163s] running install_data
[6.174s] creating /home/mc2148/AURO/GIT-SUBMISSION/AURO/Submission/install/tf_relay/share/ament_index
[6.174s] creating /home/mc2148/AURO/GIT-SUBMISSION/AURO/Submission/install/tf_relay/share/ament_index/resource_index
[6.175s] creating /home/mc2148/AURO/GIT-SUBMISSION/AURO/Submission/install/tf_relay/share/ament_index/resource_index/packages
[6.175s] copying resource/tf_relay -> /home/mc2148/AURO/GIT-SUBMISSION/AURO/Submission/install/tf_relay/share/ament_index/resource_index/packages
[6.175s] copying package.xml -> /home/mc2148/AURO/GIT-SUBMISSION/AURO/Submission/install/tf_relay/share/tf_relay
[6.176s] running install_egg_info
[6.183s] Copying ../../build/tf_relay/tf_relay.egg-info to /home/mc2148/AURO/GIT-SUBMISSION/AURO/Submission/install/tf_relay/lib/python3.10/site-packages/tf_relay-0.0.0-py3.10.egg-info
[6.195s] running install_scripts
[6.355s] Installing relay script to /home/mc2148/AURO/GIT-SUBMISSION/AURO/Submission/install/tf_relay/lib/tf_relay
[6.357s] writing list of installed files to '/home/mc2148/AURO/GIT-SUBMISSION/AURO/Submission/build/tf_relay/install.log'
[6.446s] Invoked command in '/home/mc2148/AURO/GIT-SUBMISSION/AURO/Submission/src/tf_relay' returned '0': PYTHONPATH=/home/mc2148/AURO/GIT-SUBMISSION/AURO/Submission/build/tf_relay/prefix_override:/home/mc2148/AURO/GIT-SUBMISSION/AURO/Submission/install/tf_relay/lib/python3.10/site-packages:${PYTHONPATH} /usr/bin/python3 setup.py egg_info --egg-base ../../build/tf_relay build --build-base /home/mc2148/AURO/GIT-SUBMISSION/AURO/Submission/build/tf_relay/build install --record /home/mc2148/AURO/GIT-SUBMISSION/AURO/Submission/build/tf_relay/install.log --single-version-externally-managed
