[0.602s] Invoking command in '/home/mc2148/AURO/Submission/build/solution_interfaces': CMAKE_PREFIX_PATH=${CMAKE_PREFIX_PATH}:/home/mc2148/AURO/Submission/install/tf_transformations:/home/mc2148/AURO/Submission/install/solution:/home/mc2148/auro-practicals/install/week_8:/home/mc2148/auro-practicals/install/week_7:/home/mc2148/auro-practicals/install/week_6:/home/mc2148/auro-practicals/install/week_5:/home/mc2148/auro-practicals/install/week_4:/home/mc2148/auro-practicals/install/week_3:/home/mc2148/auro-practicals/install/week_2:/home/mc2148/auro-practicals/install/week_1:/home/mc2148/auro-practicals/install/tf_relay:/home/mc2148/auro-practicals/install/assessment:/home/mc2148/turtlebot3_ws/install/turtlebot3_teleop:/home/mc2148/turtlebot3_ws/install/turtlebot3_example:/opt/ros/humble /usr/bin/cmake --build /home/mc2148/AURO/Submission/build/solution_interfaces -- -j4 -l4
[0.671s] [  1%] Built target solution_interfaces__cpp
[0.709s] [  1%] Built target ament_cmake_python_copy_solution_interfaces
[0.740s] [ 12%] Built target solution_interfaces__rosidl_typesupport_fastrtps_cpp
[0.770s] [ 23%] Built target solution_interfaces__rosidl_typesupport_introspection_cpp
[1.051s] running egg_info
[1.052s] writing solution_interfaces.egg-info/PKG-INFO
[1.052s] writing dependency_links to solution_interfaces.egg-info/dependency_links.txt
[1.053s] writing top-level names to solution_interfaces.egg-info/top_level.txt
[1.055s] reading manifest file 'solution_interfaces.egg-info/SOURCES.txt'
[1.056s] writing manifest file 'solution_interfaces.egg-info/SOURCES.txt'
[1.086s] [ 23%] Built target ament_cmake_python_build_solution_interfaces_egg
[1.120s] [ 34%] Built target solution_interfaces__rosidl_typesupport_cpp
[1.149s] [ 46%] Built target solution_interfaces__rosidl_generator_c
[1.180s] [ 57%] Built target solution_interfaces__rosidl_typesupport_fastrtps_c
[1.210s] [ 68%] Built target solution_interfaces__rosidl_typesupport_c
[1.242s] [ 79%] Built target solution_interfaces__rosidl_typesupport_introspection_c
[1.268s] [ 79%] Built target solution_interfaces
[1.294s] [ 80%] Built target solution_interfaces__py
[1.326s] [ 90%] Built target solution_interfaces__rosidl_generator_py
[1.353s] [ 93%] Built target solution_interfaces__rosidl_typesupport_fastrtps_c__pyext
[1.383s] [ 96%] Built target solution_interfaces__rosidl_typesupport_c__pyext
[1.414s] [100%] Built target solution_interfaces__rosidl_typesupport_introspection_c__pyext
[1.445s] Invoked command in '/home/mc2148/AURO/Submission/build/solution_interfaces' returned '0': CMAKE_PREFIX_PATH=${CMAKE_PREFIX_PATH}:/home/mc2148/AURO/Submission/install/tf_transformations:/home/mc2148/AURO/Submission/install/solution:/home/mc2148/auro-practicals/install/week_8:/home/mc2148/auro-practicals/install/week_7:/home/mc2148/auro-practicals/install/week_6:/home/mc2148/auro-practicals/install/week_5:/home/mc2148/auro-practicals/install/week_4:/home/mc2148/auro-practicals/install/week_3:/home/mc2148/auro-practicals/install/week_2:/home/mc2148/auro-practicals/install/week_1:/home/mc2148/auro-practicals/install/tf_relay:/home/mc2148/auro-practicals/install/assessment:/home/mc2148/turtlebot3_ws/install/turtlebot3_teleop:/home/mc2148/turtlebot3_ws/install/turtlebot3_example:/opt/ros/humble /usr/bin/cmake --build /home/mc2148/AURO/Submission/build/solution_interfaces -- -j4 -l4
[1.751s] Invoking command in '/home/mc2148/AURO/Submission/build/solution_interfaces': CMAKE_PREFIX_PATH=${CMAKE_PREFIX_PATH}:/home/mc2148/AURO/Submission/install/tf_transformations:/home/mc2148/AURO/Submission/install/solution:/home/mc2148/auro-practicals/install/week_8:/home/mc2148/auro-practicals/install/week_7:/home/mc2148/auro-practicals/install/week_6:/home/mc2148/auro-practicals/install/week_5:/home/mc2148/auro-practicals/install/week_4:/home/mc2148/auro-practicals/install/week_3:/home/mc2148/auro-practicals/install/week_2:/home/mc2148/auro-practicals/install/week_1:/home/mc2148/auro-practicals/install/tf_relay:/home/mc2148/auro-practicals/install/assessment:/home/mc2148/turtlebot3_ws/install/turtlebot3_teleop:/home/mc2148/turtlebot3_ws/install/turtlebot3_example:/opt/ros/humble /usr/bin/cmake --install /home/mc2148/AURO/Submission/build/solution_interfaces
[1.774s] -- Install configuration: ""
[1.774s] -- Up-to-date: /home/mc2148/AURO/Submission/install/solution_interfaces/share/ament_index/resource_index/rosidl_interfaces/solution_interfaces
[1.774s] -- Up-to-date: /home/mc2148/AURO/Submission/install/solution_interfaces/include/solution_interfaces/solution_interfaces
[1.775s] -- Up-to-date: /home/mc2148/AURO/Submission/install/solution_interfaces/include/solution_interfaces/solution_interfaces/msg
[1.775s] -- Up-to-date: /home/mc2148/AURO/Submission/install/solution_interfaces/include/solution_interfaces/solution_interfaces/msg/string_with_pose.h
[1.776s] -- Up-to-date: /home/mc2148/AURO/Submission/install/solution_interfaces/include/solution_interfaces/solution_interfaces/msg/rosidl_generator_c__visibility_control.h
[1.776s] -- Up-to-date: /home/mc2148/AURO/Submission/install/solution_interfaces/include/solution_interfaces/solution_interfaces/msg/example.h
[1.776s] -- Up-to-date: /home/mc2148/AURO/Submission/install/solution_interfaces/include/solution_interfaces/solution_interfaces/msg/detail
[1.777s] -- Up-to-date: /home/mc2148/AURO/Submission/install/solution_interfaces/include/solution_interfaces/solution_interfaces/msg/detail/robot_pub_position__functions.h
[1.777s] -- Up-to-date: /home/mc2148/AURO/Submission/install/solution_interfaces/include/solution_interfaces/solution_interfaces/msg/detail/example__struct.h
[1.778s] -- Up-to-date: /home/mc2148/AURO/Submission/install/solution_interfaces/include/solution_interfaces/solution_interfaces/msg/detail/example__functions.c
[1.778s] -- Up-to-date: /home/mc2148/AURO/Submission/install/solution_interfaces/include/solution_interfaces/solution_interfaces/msg/detail/string_with_pose__functions.c
[1.779s] -- Up-to-date: /home/mc2148/AURO/Submission/install/solution_interfaces/include/solution_interfaces/solution_interfaces/msg/detail/string_with_pose__type_support.h
[1.779s] -- Up-to-date: /home/mc2148/AURO/Submission/install/solution_interfaces/include/solution_interfaces/solution_interfaces/msg/detail/example__functions.h
[1.780s] -- Up-to-date: /home/mc2148/AURO/Submission/install/solution_interfaces/include/solution_interfaces/solution_interfaces/msg/detail/string_with_pose__functions.h
[1.780s] -- Up-to-date: /home/mc2148/AURO/Submission/install/solution_interfaces/include/solution_interfaces/solution_interfaces/msg/detail/example__type_support.h
[1.780s] -- Up-to-date: /home/mc2148/AURO/Submission/install/solution_interfaces/include/solution_interfaces/solution_interfaces/msg/detail/robot_pub_position__functions.c
[1.781s] -- Up-to-date: /home/mc2148/AURO/Submission/install/solution_interfaces/include/solution_interfaces/solution_interfaces/msg/detail/robot_pub_position__type_support.h
[1.782s] -- Up-to-date: /home/mc2148/AURO/Submission/install/solution_interfaces/include/solution_interfaces/solution_interfaces/msg/detail/robot_pub_position__struct.h
[1.782s] -- Up-to-date: /home/mc2148/AURO/Submission/install/solution_interfaces/include/solution_interfaces/solution_interfaces/msg/detail/string_with_pose__struct.h
[1.782s] -- Up-to-date: /home/mc2148/AURO/Submission/install/solution_interfaces/include/solution_interfaces/solution_interfaces/msg/robot_pub_position.h
[1.782s] -- Up-to-date: /home/mc2148/AURO/Submission/install/solution_interfaces/include/solution_interfaces/solution_interfaces/srv
[1.782s] -- Up-to-date: /home/mc2148/AURO/Submission/install/solution_interfaces/include/solution_interfaces/solution_interfaces/srv/detail
[1.782s] -- Up-to-date: /home/mc2148/AURO/Submission/install/solution_interfaces/include/solution_interfaces/solution_interfaces/srv/detail/item_assessment__type_support.h
[1.782s] -- Up-to-date: /home/mc2148/AURO/Submission/install/solution_interfaces/include/solution_interfaces/solution_interfaces/srv/detail/item_assessment__functions.c
[1.782s] -- Up-to-date: /home/mc2148/AURO/Submission/install/solution_interfaces/include/solution_interfaces/solution_interfaces/srv/detail/random_goal__struct.h
[1.782s] -- Up-to-date: /home/mc2148/AURO/Submission/install/solution_interfaces/include/solution_interfaces/solution_interfaces/srv/detail/random_goal__functions.h
[1.782s] -- Up-to-date: /home/mc2148/AURO/Submission/install/solution_interfaces/include/solution_interfaces/solution_interfaces/srv/detail/random_goal__type_support.h
[1.783s] -- Up-to-date: /home/mc2148/AURO/Submission/install/solution_interfaces/include/solution_interfaces/solution_interfaces/srv/detail/item_assessment__functions.h
[1.783s] -- Up-to-date: /home/mc2148/AURO/Submission/install/solution_interfaces/include/solution_interfaces/solution_interfaces/srv/detail/random_goal__functions.c
[1.783s] -- Up-to-date: /home/mc2148/AURO/Submission/install/solution_interfaces/include/solution_interfaces/solution_interfaces/srv/detail/item_assessment__struct.h
[1.783s] -- Up-to-date: /home/mc2148/AURO/Submission/install/solution_interfaces/include/solution_interfaces/solution_interfaces/srv/random_goal.h
[1.783s] -- Up-to-date: /home/mc2148/AURO/Submission/install/solution_interfaces/include/solution_interfaces/solution_interfaces/srv/item_assessment.h
[1.783s] -- Up-to-date: /home/mc2148/AURO/Submission/install/solution_interfaces/share/solution_interfaces/environment/library_path.sh
[1.783s] -- Up-to-date: /home/mc2148/AURO/Submission/install/solution_interfaces/share/solution_interfaces/environment/library_path.dsv
[1.783s] -- Up-to-date: /home/mc2148/AURO/Submission/install/solution_interfaces/lib/libsolution_interfaces__rosidl_generator_c.so
[1.783s] -- Up-to-date: /home/mc2148/AURO/Submission/install/solution_interfaces/include/solution_interfaces/solution_interfaces
[1.783s] -- Up-to-date: /home/mc2148/AURO/Submission/install/solution_interfaces/include/solution_interfaces/solution_interfaces/msg
[1.783s] -- Up-to-date: /home/mc2148/AURO/Submission/install/solution_interfaces/include/solution_interfaces/solution_interfaces/msg/detail
[1.783s] -- Up-to-date: /home/mc2148/AURO/Submission/install/solution_interfaces/include/solution_interfaces/solution_interfaces/msg/detail/string_with_pose__rosidl_typesupport_fastrtps_c.h
[1.783s] -- Up-to-date: /home/mc2148/AURO/Submission/install/solution_interfaces/include/solution_interfaces/solution_interfaces/msg/detail/robot_pub_position__rosidl_typesupport_fastrtps_c.h
[1.783s] -- Up-to-date: /home/mc2148/AURO/Submission/install/solution_interfaces/include/solution_interfaces/solution_interfaces/msg/detail/example__rosidl_typesupport_fastrtps_c.h
[1.783s] -- Up-to-date: /home/mc2148/AURO/Submission/install/solution_interfaces/include/solution_interfaces/solution_interfaces/msg/rosidl_typesupport_fastrtps_c__visibility_control.h
[1.783s] -- Up-to-date: /home/mc2148/AURO/Submission/install/solution_interfaces/include/solution_interfaces/solution_interfaces/srv
[1.783s] -- Up-to-date: /home/mc2148/AURO/Submission/install/solution_interfaces/include/solution_interfaces/solution_interfaces/srv/detail
[1.783s] -- Up-to-date: /home/mc2148/AURO/Submission/install/solution_interfaces/include/solution_interfaces/solution_interfaces/srv/detail/random_goal__rosidl_typesupport_fastrtps_c.h
[1.784s] -- Up-to-date: /home/mc2148/AURO/Submission/install/solution_interfaces/include/solution_interfaces/solution_interfaces/srv/detail/item_assessment__rosidl_typesupport_fastrtps_c.h
[1.784s] -- Up-to-date: /home/mc2148/AURO/Submission/install/solution_interfaces/lib/libsolution_interfaces__rosidl_typesupport_fastrtps_c.so
[1.784s] -- Up-to-date: /home/mc2148/AURO/Submission/install/solution_interfaces/include/solution_interfaces/solution_interfaces
[1.784s] -- Up-to-date: /home/mc2148/AURO/Submission/install/solution_interfaces/include/solution_interfaces/solution_interfaces/msg
[1.784s] -- Up-to-date: /home/mc2148/AURO/Submission/install/solution_interfaces/include/solution_interfaces/solution_interfaces/msg/example.hpp
[1.784s] -- Up-to-date: /home/mc2148/AURO/Submission/install/solution_interfaces/include/solution_interfaces/solution_interfaces/msg/detail
[1.784s] -- Up-to-date: /home/mc2148/AURO/Submission/install/solution_interfaces/include/solution_interfaces/solution_interfaces/msg/detail/example__builder.hpp
[1.784s] -- Up-to-date: /home/mc2148/AURO/Submission/install/solution_interfaces/include/solution_interfaces/solution_interfaces/msg/detail/robot_pub_position__traits.hpp
[1.784s] -- Up-to-date: /home/mc2148/AURO/Submission/install/solution_interfaces/include/solution_interfaces/solution_interfaces/msg/detail/string_with_pose__builder.hpp
[1.784s] -- Up-to-date: /home/mc2148/AURO/Submission/install/solution_interfaces/include/solution_interfaces/solution_interfaces/msg/detail/example__traits.hpp
[1.784s] -- Up-to-date: /home/mc2148/AURO/Submission/install/solution_interfaces/include/solution_interfaces/solution_interfaces/msg/detail/string_with_pose__struct.hpp
[1.784s] -- Up-to-date: /home/mc2148/AURO/Submission/install/solution_interfaces/include/solution_interfaces/solution_interfaces/msg/detail/example__struct.hpp
[1.784s] -- Up-to-date: /home/mc2148/AURO/Submission/install/solution_interfaces/include/solution_interfaces/solution_interfaces/msg/detail/robot_pub_position__struct.hpp
[1.784s] -- Up-to-date: /home/mc2148/AURO/Submission/install/solution_interfaces/include/solution_interfaces/solution_interfaces/msg/detail/string_with_pose__traits.hpp
[1.784s] -- Up-to-date: /home/mc2148/AURO/Submission/install/solution_interfaces/include/solution_interfaces/solution_interfaces/msg/detail/robot_pub_position__builder.hpp
[1.784s] -- Up-to-date: /home/mc2148/AURO/Submission/install/solution_interfaces/include/solution_interfaces/solution_interfaces/msg/string_with_pose.hpp
[1.784s] -- Up-to-date: /home/mc2148/AURO/Submission/install/solution_interfaces/include/solution_interfaces/solution_interfaces/msg/robot_pub_position.hpp
[1.784s] -- Up-to-date: /home/mc2148/AURO/Submission/install/solution_interfaces/include/solution_interfaces/solution_interfaces/srv
[1.785s] -- Up-to-date: /home/mc2148/AURO/Submission/install/solution_interfaces/include/solution_interfaces/solution_interfaces/srv/item_assessment.hpp
[1.785s] -- Up-to-date: /home/mc2148/AURO/Submission/install/solution_interfaces/include/solution_interfaces/solution_interfaces/srv/random_goal.hpp
[1.785s] -- Up-to-date: /home/mc2148/AURO/Submission/install/solution_interfaces/include/solution_interfaces/solution_interfaces/srv/detail
[1.785s] -- Up-to-date: /home/mc2148/AURO/Submission/install/solution_interfaces/include/solution_interfaces/solution_interfaces/srv/detail/random_goal__traits.hpp
[1.785s] -- Up-to-date: /home/mc2148/AURO/Submission/install/solution_interfaces/include/solution_interfaces/solution_interfaces/srv/detail/item_assessment__struct.hpp
[1.785s] -- Up-to-date: /home/mc2148/AURO/Submission/install/solution_interfaces/include/solution_interfaces/solution_interfaces/srv/detail/item_assessment__builder.hpp
[1.785s] -- Up-to-date: /home/mc2148/AURO/Submission/install/solution_interfaces/include/solution_interfaces/solution_interfaces/srv/detail/item_assessment__traits.hpp
[1.785s] -- Up-to-date: /home/mc2148/AURO/Submission/install/solution_interfaces/include/solution_interfaces/solution_interfaces/srv/detail/random_goal__builder.hpp
[1.785s] -- Up-to-date: /home/mc2148/AURO/Submission/install/solution_interfaces/include/solution_interfaces/solution_interfaces/srv/detail/random_goal__struct.hpp
[1.785s] -- Up-to-date: /home/mc2148/AURO/Submission/install/solution_interfaces/include/solution_interfaces/solution_interfaces
[1.785s] -- Up-to-date: /home/mc2148/AURO/Submission/install/solution_interfaces/include/solution_interfaces/solution_interfaces/msg
[1.785s] -- Up-to-date: /home/mc2148/AURO/Submission/install/solution_interfaces/include/solution_interfaces/solution_interfaces/msg/detail
[1.785s] -- Up-to-date: /home/mc2148/AURO/Submission/install/solution_interfaces/include/solution_interfaces/solution_interfaces/msg/detail/string_with_pose__rosidl_typesupport_fastrtps_cpp.hpp
[1.786s] -- Up-to-date: /home/mc2148/AURO/Submission/install/solution_interfaces/include/solution_interfaces/solution_interfaces/msg/detail/example__rosidl_typesupport_fastrtps_cpp.hpp
[1.786s] -- Up-to-date: /home/mc2148/AURO/Submission/install/solution_interfaces/include/solution_interfaces/solution_interfaces/msg/detail/robot_pub_position__rosidl_typesupport_fastrtps_cpp.hpp
[1.786s] -- Up-to-date: /home/mc2148/AURO/Submission/install/solution_interfaces/include/solution_interfaces/solution_interfaces/msg/detail/dds_fastrtps
[1.786s] -- Up-to-date: /home/mc2148/AURO/Submission/install/solution_interfaces/include/solution_interfaces/solution_interfaces/msg/rosidl_typesupport_fastrtps_cpp__visibility_control.h
[1.786s] -- Up-to-date: /home/mc2148/AURO/Submission/install/solution_interfaces/include/solution_interfaces/solution_interfaces/srv
[1.786s] -- Up-to-date: /home/mc2148/AURO/Submission/install/solution_interfaces/include/solution_interfaces/solution_interfaces/srv/detail
[1.786s] -- Up-to-date: /home/mc2148/AURO/Submission/install/solution_interfaces/include/solution_interfaces/solution_interfaces/srv/detail/item_assessment__rosidl_typesupport_fastrtps_cpp.hpp
[1.786s] -- Up-to-date: /home/mc2148/AURO/Submission/install/solution_interfaces/include/solution_interfaces/solution_interfaces/srv/detail/dds_fastrtps
[1.786s] -- Up-to-date: /home/mc2148/AURO/Submission/install/solution_interfaces/include/solution_interfaces/solution_interfaces/srv/detail/random_goal__rosidl_typesupport_fastrtps_cpp.hpp
[1.786s] -- Up-to-date: /home/mc2148/AURO/Submission/install/solution_interfaces/lib/libsolution_interfaces__rosidl_typesupport_fastrtps_cpp.so
[1.786s] -- Up-to-date: /home/mc2148/AURO/Submission/install/solution_interfaces/include/solution_interfaces/solution_interfaces
[1.786s] -- Up-to-date: /home/mc2148/AURO/Submission/install/solution_interfaces/include/solution_interfaces/solution_interfaces/msg
[1.786s] -- Up-to-date: /home/mc2148/AURO/Submission/install/solution_interfaces/include/solution_interfaces/solution_interfaces/msg/rosidl_typesupport_introspection_c__visibility_control.h
[1.786s] -- Up-to-date: /home/mc2148/AURO/Submission/install/solution_interfaces/include/solution_interfaces/solution_interfaces/msg/detail
[1.786s] -- Up-to-date: /home/mc2148/AURO/Submission/install/solution_interfaces/include/solution_interfaces/solution_interfaces/msg/detail/robot_pub_position__type_support.c
[1.786s] -- Up-to-date: /home/mc2148/AURO/Submission/install/solution_interfaces/include/solution_interfaces/solution_interfaces/msg/detail/string_with_pose__rosidl_typesupport_introspection_c.h
[1.786s] -- Up-to-date: /home/mc2148/AURO/Submission/install/solution_interfaces/include/solution_interfaces/solution_interfaces/msg/detail/robot_pub_position__rosidl_typesupport_introspection_c.h
[1.787s] -- Up-to-date: /home/mc2148/AURO/Submission/install/solution_interfaces/include/solution_interfaces/solution_interfaces/msg/detail/example__rosidl_typesupport_introspection_c.h
[1.787s] -- Up-to-date: /home/mc2148/AURO/Submission/install/solution_interfaces/include/solution_interfaces/solution_interfaces/msg/detail/example__type_support.c
[1.787s] -- Up-to-date: /home/mc2148/AURO/Submission/install/solution_interfaces/include/solution_interfaces/solution_interfaces/msg/detail/string_with_pose__type_support.c
[1.787s] -- Up-to-date: /home/mc2148/AURO/Submission/install/solution_interfaces/include/solution_interfaces/solution_interfaces/srv
[1.787s] -- Up-to-date: /home/mc2148/AURO/Submission/install/solution_interfaces/include/solution_interfaces/solution_interfaces/srv/detail
[1.787s] -- Up-to-date: /home/mc2148/AURO/Submission/install/solution_interfaces/include/solution_interfaces/solution_interfaces/srv/detail/item_assessment__rosidl_typesupport_introspection_c.h
[1.787s] -- Up-to-date: /home/mc2148/AURO/Submission/install/solution_interfaces/include/solution_interfaces/solution_interfaces/srv/detail/item_assessment__type_support.c
[1.787s] -- Up-to-date: /home/mc2148/AURO/Submission/install/solution_interfaces/include/solution_interfaces/solution_interfaces/srv/detail/random_goal__type_support.c
[1.787s] -- Up-to-date: /home/mc2148/AURO/Submission/install/solution_interfaces/include/solution_interfaces/solution_interfaces/srv/detail/random_goal__rosidl_typesupport_introspection_c.h
[1.787s] -- Up-to-date: /home/mc2148/AURO/Submission/install/solution_interfaces/lib/libsolution_interfaces__rosidl_typesupport_introspection_c.so
[1.787s] -- Up-to-date: /home/mc2148/AURO/Submission/install/solution_interfaces/lib/libsolution_interfaces__rosidl_typesupport_c.so
[1.787s] -- Up-to-date: /home/mc2148/AURO/Submission/install/solution_interfaces/include/solution_interfaces/solution_interfaces
[1.787s] -- Up-to-date: /home/mc2148/AURO/Submission/install/solution_interfaces/include/solution_interfaces/solution_interfaces/msg
[1.787s] -- Up-to-date: /home/mc2148/AURO/Submission/install/solution_interfaces/include/solution_interfaces/solution_interfaces/msg/detail
[1.787s] -- Up-to-date: /home/mc2148/AURO/Submission/install/solution_interfaces/include/solution_interfaces/solution_interfaces/msg/detail/robot_pub_position__type_support.cpp
[1.787s] -- Up-to-date: /home/mc2148/AURO/Submission/install/solution_interfaces/include/solution_interfaces/solution_interfaces/msg/detail/example__type_support.cpp
[1.787s] -- Up-to-date: /home/mc2148/AURO/Submission/install/solution_interfaces/include/solution_interfaces/solution_interfaces/msg/detail/string_with_pose__type_support.cpp
[1.787s] -- Up-to-date: /home/mc2148/AURO/Submission/install/solution_interfaces/include/solution_interfaces/solution_interfaces/msg/detail/example__rosidl_typesupport_introspection_cpp.hpp
[1.788s] -- Up-to-date: /home/mc2148/AURO/Submission/install/solution_interfaces/include/solution_interfaces/solution_interfaces/msg/detail/string_with_pose__rosidl_typesupport_introspection_cpp.hpp
[1.788s] -- Up-to-date: /home/mc2148/AURO/Submission/install/solution_interfaces/include/solution_interfaces/solution_interfaces/msg/detail/robot_pub_position__rosidl_typesupport_introspection_cpp.hpp
[1.788s] -- Up-to-date: /home/mc2148/AURO/Submission/install/solution_interfaces/include/solution_interfaces/solution_interfaces/srv
[1.788s] -- Up-to-date: /home/mc2148/AURO/Submission/install/solution_interfaces/include/solution_interfaces/solution_interfaces/srv/detail
[1.788s] -- Up-to-date: /home/mc2148/AURO/Submission/install/solution_interfaces/include/solution_interfaces/solution_interfaces/srv/detail/item_assessment__type_support.cpp
[1.788s] -- Up-to-date: /home/mc2148/AURO/Submission/install/solution_interfaces/include/solution_interfaces/solution_interfaces/srv/detail/item_assessment__rosidl_typesupport_introspection_cpp.hpp
[1.788s] -- Up-to-date: /home/mc2148/AURO/Submission/install/solution_interfaces/include/solution_interfaces/solution_interfaces/srv/detail/random_goal__rosidl_typesupport_introspection_cpp.hpp
[1.788s] -- Up-to-date: /home/mc2148/AURO/Submission/install/solution_interfaces/include/solution_interfaces/solution_interfaces/srv/detail/random_goal__type_support.cpp
[1.788s] -- Up-to-date: /home/mc2148/AURO/Submission/install/solution_interfaces/lib/libsolution_interfaces__rosidl_typesupport_introspection_cpp.so
[1.788s] -- Up-to-date: /home/mc2148/AURO/Submission/install/solution_interfaces/lib/libsolution_interfaces__rosidl_typesupport_cpp.so
[1.788s] -- Up-to-date: /home/mc2148/AURO/Submission/install/solution_interfaces/share/solution_interfaces/environment/pythonpath.sh
[1.788s] -- Up-to-date: /home/mc2148/AURO/Submission/install/solution_interfaces/share/solution_interfaces/environment/pythonpath.dsv
[1.788s] -- Up-to-date: /home/mc2148/AURO/Submission/install/solution_interfaces/local/lib/python3.10/dist-packages/solution_interfaces-0.0.0-py3.10.egg-info
[1.788s] -- Installing: /home/mc2148/AURO/Submission/install/solution_interfaces/local/lib/python3.10/dist-packages/solution_interfaces-0.0.0-py3.10.egg-info/dependency_links.txt
[1.788s] -- Installing: /home/mc2148/AURO/Submission/install/solution_interfaces/local/lib/python3.10/dist-packages/solution_interfaces-0.0.0-py3.10.egg-info/SOURCES.txt
[1.788s] -- Installing: /home/mc2148/AURO/Submission/install/solution_interfaces/local/lib/python3.10/dist-packages/solution_interfaces-0.0.0-py3.10.egg-info/PKG-INFO
[1.788s] -- Installing: /home/mc2148/AURO/Submission/install/solution_interfaces/local/lib/python3.10/dist-packages/solution_interfaces-0.0.0-py3.10.egg-info/top_level.txt
[1.788s] -- Up-to-date: /home/mc2148/AURO/Submission/install/solution_interfaces/local/lib/python3.10/dist-packages/solution_interfaces
[1.789s] -- Up-to-date: /home/mc2148/AURO/Submission/install/solution_interfaces/local/lib/python3.10/dist-packages/solution_interfaces/solution_interfaces_s__rosidl_typesupport_fastrtps_c.cpython-310-x86_64-linux-gnu.so
[1.789s] -- Up-to-date: /home/mc2148/AURO/Submission/install/solution_interfaces/local/lib/python3.10/dist-packages/solution_interfaces/_solution_interfaces_s.ep.rosidl_typesupport_c.c
[1.789s] -- Up-to-date: /home/mc2148/AURO/Submission/install/solution_interfaces/local/lib/python3.10/dist-packages/solution_interfaces/_solution_interfaces_s.ep.rosidl_typesupport_fastrtps_c.c
[1.789s] -- Up-to-date: /home/mc2148/AURO/Submission/install/solution_interfaces/local/lib/python3.10/dist-packages/solution_interfaces/solution_interfaces_s__rosidl_typesupport_introspection_c.cpython-310-x86_64-linux-gnu.so
[1.789s] -- Up-to-date: /home/mc2148/AURO/Submission/install/solution_interfaces/local/lib/python3.10/dist-packages/solution_interfaces/msg
[1.789s] -- Up-to-date: /home/mc2148/AURO/Submission/install/solution_interfaces/local/lib/python3.10/dist-packages/solution_interfaces/msg/_example.py
[1.789s] -- Up-to-date: /home/mc2148/AURO/Submission/install/solution_interfaces/local/lib/python3.10/dist-packages/solution_interfaces/msg/_example_s.c
[1.789s] -- Up-to-date: /home/mc2148/AURO/Submission/install/solution_interfaces/local/lib/python3.10/dist-packages/solution_interfaces/msg/_robot_pub_position.py
[1.789s] -- Up-to-date: /home/mc2148/AURO/Submission/install/solution_interfaces/local/lib/python3.10/dist-packages/solution_interfaces/msg/_string_with_pose.py
[1.789s] -- Up-to-date: /home/mc2148/AURO/Submission/install/solution_interfaces/local/lib/python3.10/dist-packages/solution_interfaces/msg/__init__.py
[1.789s] -- Up-to-date: /home/mc2148/AURO/Submission/install/solution_interfaces/local/lib/python3.10/dist-packages/solution_interfaces/msg/_robot_pub_position_s.c
[1.789s] -- Up-to-date: /home/mc2148/AURO/Submission/install/solution_interfaces/local/lib/python3.10/dist-packages/solution_interfaces/msg/_string_with_pose_s.c
[1.790s] -- Up-to-date: /home/mc2148/AURO/Submission/install/solution_interfaces/local/lib/python3.10/dist-packages/solution_interfaces/libsolution_interfaces__rosidl_generator_py.so
[1.790s] -- Up-to-date: /home/mc2148/AURO/Submission/install/solution_interfaces/local/lib/python3.10/dist-packages/solution_interfaces/_solution_interfaces_s.ep.rosidl_typesupport_introspection_c.c
[1.790s] -- Up-to-date: /home/mc2148/AURO/Submission/install/solution_interfaces/local/lib/python3.10/dist-packages/solution_interfaces/solution_interfaces_s__rosidl_typesupport_c.cpython-310-x86_64-linux-gnu.so
[1.790s] -- Up-to-date: /home/mc2148/AURO/Submission/install/solution_interfaces/local/lib/python3.10/dist-packages/solution_interfaces/__init__.py
[1.790s] -- Up-to-date: /home/mc2148/AURO/Submission/install/solution_interfaces/local/lib/python3.10/dist-packages/solution_interfaces/srv
[1.790s] -- Up-to-date: /home/mc2148/AURO/Submission/install/solution_interfaces/local/lib/python3.10/dist-packages/solution_interfaces/srv/_random_goal_s.c
[1.790s] -- Up-to-date: /home/mc2148/AURO/Submission/install/solution_interfaces/local/lib/python3.10/dist-packages/solution_interfaces/srv/_random_goal.py
[1.790s] -- Up-to-date: /home/mc2148/AURO/Submission/install/solution_interfaces/local/lib/python3.10/dist-packages/solution_interfaces/srv/_item_assessment_s.c
[1.790s] -- Up-to-date: /home/mc2148/AURO/Submission/install/solution_interfaces/local/lib/python3.10/dist-packages/solution_interfaces/srv/__init__.py
[1.790s] -- Up-to-date: /home/mc2148/AURO/Submission/install/solution_interfaces/local/lib/python3.10/dist-packages/solution_interfaces/srv/_item_assessment.py
[1.856s] Listing '/home/mc2148/AURO/Submission/install/solution_interfaces/local/lib/python3.10/dist-packages/solution_interfaces'...
[1.858s] Listing '/home/mc2148/AURO/Submission/install/solution_interfaces/local/lib/python3.10/dist-packages/solution_interfaces/msg'...
[1.859s] Listing '/home/mc2148/AURO/Submission/install/solution_interfaces/local/lib/python3.10/dist-packages/solution_interfaces/srv'...
[1.865s] -- Up-to-date: /home/mc2148/AURO/Submission/install/solution_interfaces/local/lib/python3.10/dist-packages/solution_interfaces/solution_interfaces_s__rosidl_typesupport_fastrtps_c.cpython-310-x86_64-linux-gnu.so
[1.865s] -- Up-to-date: /home/mc2148/AURO/Submission/install/solution_interfaces/local/lib/python3.10/dist-packages/solution_interfaces/solution_interfaces_s__rosidl_typesupport_introspection_c.cpython-310-x86_64-linux-gnu.so
[1.868s] -- Up-to-date: /home/mc2148/AURO/Submission/install/solution_interfaces/local/lib/python3.10/dist-packages/solution_interfaces/solution_interfaces_s__rosidl_typesupport_c.cpython-310-x86_64-linux-gnu.so
[1.869s] -- Up-to-date: /home/mc2148/AURO/Submission/install/solution_interfaces/lib/libsolution_interfaces__rosidl_generator_py.so
[1.869s] -- Up-to-date: /home/mc2148/AURO/Submission/install/solution_interfaces/share/solution_interfaces/msg/Example.idl
[1.871s] -- Up-to-date: /home/mc2148/AURO/Submission/install/solution_interfaces/share/solution_interfaces/msg/RobotPubPosition.idl
[1.871s] -- Up-to-date: /home/mc2148/AURO/Submission/install/solution_interfaces/share/solution_interfaces/msg/StringWithPose.idl
[1.872s] -- Up-to-date: /home/mc2148/AURO/Submission/install/solution_interfaces/share/solution_interfaces/srv/RandomGoal.idl
[1.872s] -- Up-to-date: /home/mc2148/AURO/Submission/install/solution_interfaces/share/solution_interfaces/srv/ItemAssessment.idl
[1.872s] -- Up-to-date: /home/mc2148/AURO/Submission/install/solution_interfaces/share/solution_interfaces/msg/Example.msg
[1.872s] -- Up-to-date: /home/mc2148/AURO/Submission/install/solution_interfaces/share/solution_interfaces/msg/RobotPubPosition.msg
[1.873s] -- Up-to-date: /home/mc2148/AURO/Submission/install/solution_interfaces/share/solution_interfaces/msg/StringWithPose.msg
[1.873s] -- Up-to-date: /home/mc2148/AURO/Submission/install/solution_interfaces/share/solution_interfaces/srv/RandomGoal.srv
[1.873s] -- Up-to-date: /home/mc2148/AURO/Submission/install/solution_interfaces/share/solution_interfaces/srv/RandomGoal_Request.msg
[1.873s] -- Up-to-date: /home/mc2148/AURO/Submission/install/solution_interfaces/share/solution_interfaces/srv/RandomGoal_Response.msg
[1.874s] -- Up-to-date: /home/mc2148/AURO/Submission/install/solution_interfaces/share/solution_interfaces/srv/ItemAssessment.srv
[1.874s] -- Up-to-date: /home/mc2148/AURO/Submission/install/solution_interfaces/share/solution_interfaces/srv/ItemAssessment_Request.msg
[1.874s] -- Up-to-date: /home/mc2148/AURO/Submission/install/solution_interfaces/share/solution_interfaces/srv/ItemAssessment_Response.msg
[1.875s] -- Up-to-date: /home/mc2148/AURO/Submission/install/solution_interfaces/share/ament_index/resource_index/package_run_dependencies/solution_interfaces
[1.875s] -- Up-to-date: /home/mc2148/AURO/Submission/install/solution_interfaces/share/ament_index/resource_index/parent_prefix_path/solution_interfaces
[1.875s] -- Up-to-date: /home/mc2148/AURO/Submission/install/solution_interfaces/share/solution_interfaces/environment/ament_prefix_path.sh
[1.875s] -- Up-to-date: /home/mc2148/AURO/Submission/install/solution_interfaces/share/solution_interfaces/environment/ament_prefix_path.dsv
[1.875s] -- Up-to-date: /home/mc2148/AURO/Submission/install/solution_interfaces/share/solution_interfaces/environment/path.sh
[1.875s] -- Up-to-date: /home/mc2148/AURO/Submission/install/solution_interfaces/share/solution_interfaces/environment/path.dsv
[1.875s] -- Up-to-date: /home/mc2148/AURO/Submission/install/solution_interfaces/share/solution_interfaces/local_setup.bash
[1.881s] -- Up-to-date: /home/mc2148/AURO/Submission/install/solution_interfaces/share/solution_interfaces/local_setup.sh
[1.881s] -- Up-to-date: /home/mc2148/AURO/Submission/install/solution_interfaces/share/solution_interfaces/local_setup.zsh
[1.881s] -- Up-to-date: /home/mc2148/AURO/Submission/install/solution_interfaces/share/solution_interfaces/local_setup.dsv
[1.881s] -- Installing: /home/mc2148/AURO/Submission/install/solution_interfaces/share/solution_interfaces/package.dsv
[1.885s] -- Up-to-date: /home/mc2148/AURO/Submission/install/solution_interfaces/share/ament_index/resource_index/packages/solution_interfaces
[1.885s] -- Up-to-date: /home/mc2148/AURO/Submission/install/solution_interfaces/share/solution_interfaces/cmake/export_solution_interfaces__rosidl_generator_cExport.cmake
[1.886s] -- Up-to-date: /home/mc2148/AURO/Submission/install/solution_interfaces/share/solution_interfaces/cmake/export_solution_interfaces__rosidl_generator_cExport-noconfig.cmake
[1.886s] -- Up-to-date: /home/mc2148/AURO/Submission/install/solution_interfaces/share/solution_interfaces/cmake/export_solution_interfaces__rosidl_typesupport_fastrtps_cExport.cmake
[1.894s] -- Up-to-date: /home/mc2148/AURO/Submission/install/solution_interfaces/share/solution_interfaces/cmake/export_solution_interfaces__rosidl_typesupport_fastrtps_cExport-noconfig.cmake
[1.894s] -- Up-to-date: /home/mc2148/AURO/Submission/install/solution_interfaces/share/solution_interfaces/cmake/export_solution_interfaces__rosidl_generator_cppExport.cmake
[1.894s] -- Up-to-date: /home/mc2148/AURO/Submission/install/solution_interfaces/share/solution_interfaces/cmake/export_solution_interfaces__rosidl_typesupport_fastrtps_cppExport.cmake
[1.895s] -- Up-to-date: /home/mc2148/AURO/Submission/install/solution_interfaces/share/solution_interfaces/cmake/export_solution_interfaces__rosidl_typesupport_fastrtps_cppExport-noconfig.cmake
[1.905s] -- Up-to-date: /home/mc2148/AURO/Submission/install/solution_interfaces/share/solution_interfaces/cmake/solution_interfaces__rosidl_typesupport_introspection_cExport.cmake
[1.909s] -- Up-to-date: /home/mc2148/AURO/Submission/install/solution_interfaces/share/solution_interfaces/cmake/solution_interfaces__rosidl_typesupport_introspection_cExport-noconfig.cmake
[1.910s] -- Up-to-date: /home/mc2148/AURO/Submission/install/solution_interfaces/share/solution_interfaces/cmake/solution_interfaces__rosidl_typesupport_cExport.cmake
[1.910s] -- Up-to-date: /home/mc2148/AURO/Submission/install/solution_interfaces/share/solution_interfaces/cmake/solution_interfaces__rosidl_typesupport_cExport-noconfig.cmake
[1.910s] -- Up-to-date: /home/mc2148/AURO/Submission/install/solution_interfaces/share/solution_interfaces/cmake/solution_interfaces__rosidl_typesupport_introspection_cppExport.cmake
[1.912s] -- Up-to-date: /home/mc2148/AURO/Submission/install/solution_interfaces/share/solution_interfaces/cmake/solution_interfaces__rosidl_typesupport_introspection_cppExport-noconfig.cmake
[1.912s] -- Up-to-date: /home/mc2148/AURO/Submission/install/solution_interfaces/share/solution_interfaces/cmake/solution_interfaces__rosidl_typesupport_cppExport.cmake
[1.913s] -- Up-to-date: /home/mc2148/AURO/Submission/install/solution_interfaces/share/solution_interfaces/cmake/solution_interfaces__rosidl_typesupport_cppExport-noconfig.cmake
[1.913s] -- Up-to-date: /home/mc2148/AURO/Submission/install/solution_interfaces/share/solution_interfaces/cmake/export_solution_interfaces__rosidl_generator_pyExport.cmake
[1.913s] -- Up-to-date: /home/mc2148/AURO/Submission/install/solution_interfaces/share/solution_interfaces/cmake/export_solution_interfaces__rosidl_generator_pyExport-noconfig.cmake
[1.913s] -- Up-to-date: /home/mc2148/AURO/Submission/install/solution_interfaces/share/solution_interfaces/cmake/rosidl_cmake-extras.cmake
[1.913s] -- Up-to-date: /home/mc2148/AURO/Submission/install/solution_interfaces/share/solution_interfaces/cmake/ament_cmake_export_dependencies-extras.cmake
[1.913s] -- Up-to-date: /home/mc2148/AURO/Submission/install/solution_interfaces/share/solution_interfaces/cmake/ament_cmake_export_include_directories-extras.cmake
[1.914s] -- Up-to-date: /home/mc2148/AURO/Submission/install/solution_interfaces/share/solution_interfaces/cmake/ament_cmake_export_libraries-extras.cmake
[1.914s] -- Up-to-date: /home/mc2148/AURO/Submission/install/solution_interfaces/share/solution_interfaces/cmake/ament_cmake_export_targets-extras.cmake
[1.914s] -- Up-to-date: /home/mc2148/AURO/Submission/install/solution_interfaces/share/solution_interfaces/cmake/rosidl_cmake_export_typesupport_targets-extras.cmake
[1.914s] -- Up-to-date: /home/mc2148/AURO/Submission/install/solution_interfaces/share/solution_interfaces/cmake/rosidl_cmake_export_typesupport_libraries-extras.cmake
[1.915s] -- Up-to-date: /home/mc2148/AURO/Submission/install/solution_interfaces/share/solution_interfaces/cmake/solution_interfacesConfig.cmake
[1.915s] -- Up-to-date: /home/mc2148/AURO/Submission/install/solution_interfaces/share/solution_interfaces/cmake/solution_interfacesConfig-version.cmake
[1.916s] -- Up-to-date: /home/mc2148/AURO/Submission/install/solution_interfaces/share/solution_interfaces/package.xml
[1.996s] Invoked command in '/home/mc2148/AURO/Submission/build/solution_interfaces' returned '0': CMAKE_PREFIX_PATH=${CMAKE_PREFIX_PATH}:/home/mc2148/AURO/Submission/install/tf_transformations:/home/mc2148/AURO/Submission/install/solution:/home/mc2148/auro-practicals/install/week_8:/home/mc2148/auro-practicals/install/week_7:/home/mc2148/auro-practicals/install/week_6:/home/mc2148/auro-practicals/install/week_5:/home/mc2148/auro-practicals/install/week_4:/home/mc2148/auro-practicals/install/week_3:/home/mc2148/auro-practicals/install/week_2:/home/mc2148/auro-practicals/install/week_1:/home/mc2148/auro-practicals/install/tf_relay:/home/mc2148/auro-practicals/install/assessment:/home/mc2148/turtlebot3_ws/install/turtlebot3_teleop:/home/mc2148/turtlebot3_ws/install/turtlebot3_example:/opt/ros/humble /usr/bin/cmake --install /home/mc2148/AURO/Submission/build/solution_interfaces
