[0.596s] Invoking command in '/home/mc2148/AURO/Submission/build/solution_interfaces': CMAKE_PREFIX_PATH=${CMAKE_PREFIX_PATH}:/home/mc2148/AURO/Submission/install/tf_transformations:/home/mc2148/AURO/Submission/install/solution:/home/mc2148/auro-practicals/install/week_8:/home/mc2148/auro-practicals/install/week_7:/home/mc2148/auro-practicals/install/week_6:/home/mc2148/auro-practicals/install/week_5:/home/mc2148/auro-practicals/install/week_4:/home/mc2148/auro-practicals/install/week_3:/home/mc2148/auro-practicals/install/week_2:/home/mc2148/auro-practicals/install/week_1:/home/mc2148/auro-practicals/install/tf_relay:/home/mc2148/auro-practicals/install/assessment:/home/mc2148/turtlebot3_ws/install/turtlebot3_teleop:/home/mc2148/turtlebot3_ws/install/turtlebot3_example:/opt/ros/humble /usr/bin/cmake --build /home/mc2148/AURO/Submission/build/solution_interfaces -- -j4 -l4
[0.660s] [  1%] Built target solution_interfaces__cpp
[0.699s] [  1%] Built target ament_cmake_python_copy_solution_interfaces
[0.732s] [ 12%] Built target solution_interfaces__rosidl_typesupport_fastrtps_cpp
[0.761s] [ 23%] Built target solution_interfaces__rosidl_typesupport_introspection_cpp
[1.049s] running egg_info
[1.050s] writing solution_interfaces.egg-info/PKG-INFO
[1.051s] writing dependency_links to solution_interfaces.egg-info/dependency_links.txt
[1.052s] writing top-level names to solution_interfaces.egg-info/top_level.txt
[1.056s] reading manifest file 'solution_interfaces.egg-info/SOURCES.txt'
[1.057s] writing manifest file 'solution_interfaces.egg-info/SOURCES.txt'
[1.087s] [ 23%] Built target ament_cmake_python_build_solution_interfaces_egg
[1.123s] [ 34%] Built target solution_interfaces__rosidl_typesupport_cpp
[1.152s] [ 46%] Built target solution_interfaces__rosidl_generator_c
[1.182s] [ 57%] Built target solution_interfaces__rosidl_typesupport_fastrtps_c
[1.214s] [ 68%] Built target solution_interfaces__rosidl_typesupport_c
[1.244s] [ 79%] Built target solution_interfaces__rosidl_typesupport_introspection_c
[1.270s] [ 79%] Built target solution_interfaces
[1.297s] [ 80%] Built target solution_interfaces__py
[1.340s] [ 90%] Built target solution_interfaces__rosidl_generator_py
[1.451s] [ 93%] Built target solution_interfaces__rosidl_typesupport_fastrtps_c__pyext
[1.497s] [ 96%] Built target solution_interfaces__rosidl_typesupport_c__pyext
[1.535s] [100%] Built target solution_interfaces__rosidl_typesupport_introspection_c__pyext
[1.560s] Invoked command in '/home/mc2148/AURO/Submission/build/solution_interfaces' returned '0': CMAKE_PREFIX_PATH=${CMAKE_PREFIX_PATH}:/home/mc2148/AURO/Submission/install/tf_transformations:/home/mc2148/AURO/Submission/install/solution:/home/mc2148/auro-practicals/install/week_8:/home/mc2148/auro-practicals/install/week_7:/home/mc2148/auro-practicals/install/week_6:/home/mc2148/auro-practicals/install/week_5:/home/mc2148/auro-practicals/install/week_4:/home/mc2148/auro-practicals/install/week_3:/home/mc2148/auro-practicals/install/week_2:/home/mc2148/auro-practicals/install/week_1:/home/mc2148/auro-practicals/install/tf_relay:/home/mc2148/auro-practicals/install/assessment:/home/mc2148/turtlebot3_ws/install/turtlebot3_teleop:/home/mc2148/turtlebot3_ws/install/turtlebot3_example:/opt/ros/humble /usr/bin/cmake --build /home/mc2148/AURO/Submission/build/solution_interfaces -- -j4 -l4
[1.909s] Invoking command in '/home/mc2148/AURO/Submission/build/solution_interfaces': CMAKE_PREFIX_PATH=${CMAKE_PREFIX_PATH}:/home/mc2148/AURO/Submission/install/tf_transformations:/home/mc2148/AURO/Submission/install/solution:/home/mc2148/auro-practicals/install/week_8:/home/mc2148/auro-practicals/install/week_7:/home/mc2148/auro-practicals/install/week_6:/home/mc2148/auro-practicals/install/week_5:/home/mc2148/auro-practicals/install/week_4:/home/mc2148/auro-practicals/install/week_3:/home/mc2148/auro-practicals/install/week_2:/home/mc2148/auro-practicals/install/week_1:/home/mc2148/auro-practicals/install/tf_relay:/home/mc2148/auro-practicals/install/assessment:/home/mc2148/turtlebot3_ws/install/turtlebot3_teleop:/home/mc2148/turtlebot3_ws/install/turtlebot3_example:/opt/ros/humble /usr/bin/cmake --install /home/mc2148/AURO/Submission/build/solution_interfaces
[1.925s] -- Install configuration: ""
[1.929s] -- Up-to-date: /home/mc2148/AURO/Submission/install/solution_interfaces/share/ament_index/resource_index/rosidl_interfaces/solution_interfaces
[1.929s] -- Up-to-date: /home/mc2148/AURO/Submission/install/solution_interfaces/include/solution_interfaces/solution_interfaces
[1.929s] -- Up-to-date: /home/mc2148/AURO/Submission/install/solution_interfaces/include/solution_interfaces/solution_interfaces/msg
[1.929s] -- Up-to-date: /home/mc2148/AURO/Submission/install/solution_interfaces/include/solution_interfaces/solution_interfaces/msg/string_with_pose.h
[1.930s] -- Up-to-date: /home/mc2148/AURO/Submission/install/solution_interfaces/include/solution_interfaces/solution_interfaces/msg/rosidl_generator_c__visibility_control.h
[1.930s] -- Up-to-date: /home/mc2148/AURO/Submission/install/solution_interfaces/include/solution_interfaces/solution_interfaces/msg/example.h
[1.930s] -- Up-to-date: /home/mc2148/AURO/Submission/install/solution_interfaces/include/solution_interfaces/solution_interfaces/msg/detail
[1.930s] -- Up-to-date: /home/mc2148/AURO/Submission/install/solution_interfaces/include/solution_interfaces/solution_interfaces/msg/detail/robot_pub_position__functions.h
[1.930s] -- Up-to-date: /home/mc2148/AURO/Submission/install/solution_interfaces/include/solution_interfaces/solution_interfaces/msg/detail/item_assessment__type_support.h
[1.930s] -- Up-to-date: /home/mc2148/AURO/Submission/install/solution_interfaces/include/solution_interfaces/solution_interfaces/msg/detail/example__struct.h
[1.930s] -- Up-to-date: /home/mc2148/AURO/Submission/install/solution_interfaces/include/solution_interfaces/solution_interfaces/msg/detail/home_pub_position__functions.h
[1.930s] -- Up-to-date: /home/mc2148/AURO/Submission/install/solution_interfaces/include/solution_interfaces/solution_interfaces/msg/detail/example__functions.c
[1.930s] -- Up-to-date: /home/mc2148/AURO/Submission/install/solution_interfaces/include/solution_interfaces/solution_interfaces/msg/detail/home_pub_position__struct.h
[1.930s] -- Up-to-date: /home/mc2148/AURO/Submission/install/solution_interfaces/include/solution_interfaces/solution_interfaces/msg/detail/home_pub_position__type_support.h
[1.930s] -- Up-to-date: /home/mc2148/AURO/Submission/install/solution_interfaces/include/solution_interfaces/solution_interfaces/msg/detail/item_assessment__functions.c
[1.930s] -- Up-to-date: /home/mc2148/AURO/Submission/install/solution_interfaces/include/solution_interfaces/solution_interfaces/msg/detail/string_with_pose__functions.c
[1.930s] -- Up-to-date: /home/mc2148/AURO/Submission/install/solution_interfaces/include/solution_interfaces/solution_interfaces/msg/detail/robot_start__type_support.h
[1.934s] -- Up-to-date: /home/mc2148/AURO/Submission/install/solution_interfaces/include/solution_interfaces/solution_interfaces/msg/detail/string_with_pose__type_support.h
[1.941s] -- Up-to-date: /home/mc2148/AURO/Submission/install/solution_interfaces/include/solution_interfaces/solution_interfaces/msg/detail/example__functions.h
[1.941s] -- Up-to-date: /home/mc2148/AURO/Submission/install/solution_interfaces/include/solution_interfaces/solution_interfaces/msg/detail/string_with_pose__functions.h
[1.941s] -- Up-to-date: /home/mc2148/AURO/Submission/install/solution_interfaces/include/solution_interfaces/solution_interfaces/msg/detail/robot_start__functions.h
[1.946s] -- Up-to-date: /home/mc2148/AURO/Submission/install/solution_interfaces/include/solution_interfaces/solution_interfaces/msg/detail/example__type_support.h
[1.946s] -- Up-to-date: /home/mc2148/AURO/Submission/install/solution_interfaces/include/solution_interfaces/solution_interfaces/msg/detail/robot_pub_position__functions.c
[1.946s] -- Up-to-date: /home/mc2148/AURO/Submission/install/solution_interfaces/include/solution_interfaces/solution_interfaces/msg/detail/robot_start__struct.h
[1.947s] -- Up-to-date: /home/mc2148/AURO/Submission/install/solution_interfaces/include/solution_interfaces/solution_interfaces/msg/detail/robot_pub_position__type_support.h
[1.947s] -- Up-to-date: /home/mc2148/AURO/Submission/install/solution_interfaces/include/solution_interfaces/solution_interfaces/msg/detail/robot_start__functions.c
[1.947s] -- Up-to-date: /home/mc2148/AURO/Submission/install/solution_interfaces/include/solution_interfaces/solution_interfaces/msg/detail/item_assessment__functions.h
[1.947s] -- Up-to-date: /home/mc2148/AURO/Submission/install/solution_interfaces/include/solution_interfaces/solution_interfaces/msg/detail/robot_pub_position__struct.h
[1.948s] -- Up-to-date: /home/mc2148/AURO/Submission/install/solution_interfaces/include/solution_interfaces/solution_interfaces/msg/detail/home_pub_position__functions.c
[1.948s] -- Up-to-date: /home/mc2148/AURO/Submission/install/solution_interfaces/include/solution_interfaces/solution_interfaces/msg/detail/string_with_pose__struct.h
[1.948s] -- Up-to-date: /home/mc2148/AURO/Submission/install/solution_interfaces/include/solution_interfaces/solution_interfaces/msg/detail/item_assessment__struct.h
[1.948s] -- Up-to-date: /home/mc2148/AURO/Submission/install/solution_interfaces/include/solution_interfaces/solution_interfaces/msg/robot_start.h
[1.948s] -- Up-to-date: /home/mc2148/AURO/Submission/install/solution_interfaces/include/solution_interfaces/solution_interfaces/msg/robot_pub_position.h
[1.949s] -- Up-to-date: /home/mc2148/AURO/Submission/install/solution_interfaces/include/solution_interfaces/solution_interfaces/msg/home_pub_position.h
[1.949s] -- Up-to-date: /home/mc2148/AURO/Submission/install/solution_interfaces/include/solution_interfaces/solution_interfaces/msg/item_assessment.h
[1.949s] -- Up-to-date: /home/mc2148/AURO/Submission/install/solution_interfaces/include/solution_interfaces/solution_interfaces/srv
[1.949s] -- Up-to-date: /home/mc2148/AURO/Submission/install/solution_interfaces/include/solution_interfaces/solution_interfaces/srv/detail
[1.950s] -- Up-to-date: /home/mc2148/AURO/Submission/install/solution_interfaces/include/solution_interfaces/solution_interfaces/srv/detail/item_assessment__type_support.h
[1.950s] -- Up-to-date: /home/mc2148/AURO/Submission/install/solution_interfaces/include/solution_interfaces/solution_interfaces/srv/detail/item_assessment__functions.c
[1.950s] -- Up-to-date: /home/mc2148/AURO/Submission/install/solution_interfaces/include/solution_interfaces/solution_interfaces/srv/detail/random_goal__struct.h
[1.950s] -- Up-to-date: /home/mc2148/AURO/Submission/install/solution_interfaces/include/solution_interfaces/solution_interfaces/srv/detail/random_goal__functions.h
[1.951s] -- Up-to-date: /home/mc2148/AURO/Submission/install/solution_interfaces/include/solution_interfaces/solution_interfaces/srv/detail/random_goal__type_support.h
[1.951s] -- Up-to-date: /home/mc2148/AURO/Submission/install/solution_interfaces/include/solution_interfaces/solution_interfaces/srv/detail/item_assessment__functions.h
[1.954s] -- Up-to-date: /home/mc2148/AURO/Submission/install/solution_interfaces/include/solution_interfaces/solution_interfaces/srv/detail/random_goal__functions.c
[1.955s] -- Up-to-date: /home/mc2148/AURO/Submission/install/solution_interfaces/include/solution_interfaces/solution_interfaces/srv/detail/item_assessment__struct.h
[1.955s] -- Up-to-date: /home/mc2148/AURO/Submission/install/solution_interfaces/include/solution_interfaces/solution_interfaces/srv/random_goal.h
[1.955s] -- Up-to-date: /home/mc2148/AURO/Submission/install/solution_interfaces/include/solution_interfaces/solution_interfaces/srv/item_assessment.h
[1.955s] -- Up-to-date: /home/mc2148/AURO/Submission/install/solution_interfaces/share/solution_interfaces/environment/library_path.sh
[1.956s] -- Up-to-date: /home/mc2148/AURO/Submission/install/solution_interfaces/share/solution_interfaces/environment/library_path.dsv
[1.956s] -- Up-to-date: /home/mc2148/AURO/Submission/install/solution_interfaces/lib/libsolution_interfaces__rosidl_generator_c.so
[1.956s] -- Up-to-date: /home/mc2148/AURO/Submission/install/solution_interfaces/include/solution_interfaces/solution_interfaces
[1.956s] -- Up-to-date: /home/mc2148/AURO/Submission/install/solution_interfaces/include/solution_interfaces/solution_interfaces/msg
[1.956s] -- Up-to-date: /home/mc2148/AURO/Submission/install/solution_interfaces/include/solution_interfaces/solution_interfaces/msg/detail
[1.956s] -- Up-to-date: /home/mc2148/AURO/Submission/install/solution_interfaces/include/solution_interfaces/solution_interfaces/msg/detail/home_pub_position__rosidl_typesupport_fastrtps_c.h
[1.957s] -- Up-to-date: /home/mc2148/AURO/Submission/install/solution_interfaces/include/solution_interfaces/solution_interfaces/msg/detail/string_with_pose__rosidl_typesupport_fastrtps_c.h
[1.957s] -- Up-to-date: /home/mc2148/AURO/Submission/install/solution_interfaces/include/solution_interfaces/solution_interfaces/msg/detail/robot_pub_position__rosidl_typesupport_fastrtps_c.h
[1.957s] -- Up-to-date: /home/mc2148/AURO/Submission/install/solution_interfaces/include/solution_interfaces/solution_interfaces/msg/detail/example__rosidl_typesupport_fastrtps_c.h
[1.957s] -- Up-to-date: /home/mc2148/AURO/Submission/install/solution_interfaces/include/solution_interfaces/solution_interfaces/msg/detail/item_assessment__rosidl_typesupport_fastrtps_c.h
[1.957s] -- Up-to-date: /home/mc2148/AURO/Submission/install/solution_interfaces/include/solution_interfaces/solution_interfaces/msg/detail/robot_start__rosidl_typesupport_fastrtps_c.h
[1.958s] -- Up-to-date: /home/mc2148/AURO/Submission/install/solution_interfaces/include/solution_interfaces/solution_interfaces/msg/rosidl_typesupport_fastrtps_c__visibility_control.h
[1.958s] -- Up-to-date: /home/mc2148/AURO/Submission/install/solution_interfaces/include/solution_interfaces/solution_interfaces/srv
[1.958s] -- Up-to-date: /home/mc2148/AURO/Submission/install/solution_interfaces/include/solution_interfaces/solution_interfaces/srv/detail
[1.959s] -- Up-to-date: /home/mc2148/AURO/Submission/install/solution_interfaces/include/solution_interfaces/solution_interfaces/srv/detail/random_goal__rosidl_typesupport_fastrtps_c.h
[1.959s] -- Up-to-date: /home/mc2148/AURO/Submission/install/solution_interfaces/include/solution_interfaces/solution_interfaces/srv/detail/item_assessment__rosidl_typesupport_fastrtps_c.h
[1.959s] -- Up-to-date: /home/mc2148/AURO/Submission/install/solution_interfaces/lib/libsolution_interfaces__rosidl_typesupport_fastrtps_c.so
[1.959s] -- Up-to-date: /home/mc2148/AURO/Submission/install/solution_interfaces/include/solution_interfaces/solution_interfaces
[1.959s] -- Up-to-date: /home/mc2148/AURO/Submission/install/solution_interfaces/include/solution_interfaces/solution_interfaces/msg
[1.959s] -- Up-to-date: /home/mc2148/AURO/Submission/install/solution_interfaces/include/solution_interfaces/solution_interfaces/msg/example.hpp
[1.960s] -- Up-to-date: /home/mc2148/AURO/Submission/install/solution_interfaces/include/solution_interfaces/solution_interfaces/msg/item_assessment.hpp
[1.962s] -- Up-to-date: /home/mc2148/AURO/Submission/install/solution_interfaces/include/solution_interfaces/solution_interfaces/msg/detail
[1.962s] -- Up-to-date: /home/mc2148/AURO/Submission/install/solution_interfaces/include/solution_interfaces/solution_interfaces/msg/detail/example__builder.hpp
[1.962s] -- Up-to-date: /home/mc2148/AURO/Submission/install/solution_interfaces/include/solution_interfaces/solution_interfaces/msg/detail/robot_pub_position__traits.hpp
[1.966s] -- Up-to-date: /home/mc2148/AURO/Submission/install/solution_interfaces/include/solution_interfaces/solution_interfaces/msg/detail/robot_start__builder.hpp
[1.966s] -- Up-to-date: /home/mc2148/AURO/Submission/install/solution_interfaces/include/solution_interfaces/solution_interfaces/msg/detail/robot_start__struct.hpp
[1.966s] -- Up-to-date: /home/mc2148/AURO/Submission/install/solution_interfaces/include/solution_interfaces/solution_interfaces/msg/detail/item_assessment__struct.hpp
[1.967s] -- Up-to-date: /home/mc2148/AURO/Submission/install/solution_interfaces/include/solution_interfaces/solution_interfaces/msg/detail/item_assessment__builder.hpp
[1.967s] -- Up-to-date: /home/mc2148/AURO/Submission/install/solution_interfaces/include/solution_interfaces/solution_interfaces/msg/detail/string_with_pose__builder.hpp
[1.967s] -- Up-to-date: /home/mc2148/AURO/Submission/install/solution_interfaces/include/solution_interfaces/solution_interfaces/msg/detail/example__traits.hpp
[1.967s] -- Up-to-date: /home/mc2148/AURO/Submission/install/solution_interfaces/include/solution_interfaces/solution_interfaces/msg/detail/item_assessment__traits.hpp
[1.969s] -- Up-to-date: /home/mc2148/AURO/Submission/install/solution_interfaces/include/solution_interfaces/solution_interfaces/msg/detail/home_pub_position__struct.hpp
[1.969s] -- Up-to-date: /home/mc2148/AURO/Submission/install/solution_interfaces/include/solution_interfaces/solution_interfaces/msg/detail/robot_start__traits.hpp
[1.970s] -- Up-to-date: /home/mc2148/AURO/Submission/install/solution_interfaces/include/solution_interfaces/solution_interfaces/msg/detail/home_pub_position__traits.hpp
[1.970s] -- Up-to-date: /home/mc2148/AURO/Submission/install/solution_interfaces/include/solution_interfaces/solution_interfaces/msg/detail/string_with_pose__struct.hpp
[1.970s] -- Up-to-date: /home/mc2148/AURO/Submission/install/solution_interfaces/include/solution_interfaces/solution_interfaces/msg/detail/example__struct.hpp
[1.970s] -- Up-to-date: /home/mc2148/AURO/Submission/install/solution_interfaces/include/solution_interfaces/solution_interfaces/msg/detail/robot_pub_position__struct.hpp
[1.971s] -- Up-to-date: /home/mc2148/AURO/Submission/install/solution_interfaces/include/solution_interfaces/solution_interfaces/msg/detail/home_pub_position__builder.hpp
[1.973s] -- Up-to-date: /home/mc2148/AURO/Submission/install/solution_interfaces/include/solution_interfaces/solution_interfaces/msg/detail/string_with_pose__traits.hpp
[1.973s] -- Up-to-date: /home/mc2148/AURO/Submission/install/solution_interfaces/include/solution_interfaces/solution_interfaces/msg/detail/robot_pub_position__builder.hpp
[1.974s] -- Up-to-date: /home/mc2148/AURO/Submission/install/solution_interfaces/include/solution_interfaces/solution_interfaces/msg/string_with_pose.hpp
[1.974s] -- Up-to-date: /home/mc2148/AURO/Submission/install/solution_interfaces/include/solution_interfaces/solution_interfaces/msg/home_pub_position.hpp
[1.975s] -- Up-to-date: /home/mc2148/AURO/Submission/install/solution_interfaces/include/solution_interfaces/solution_interfaces/msg/robot_pub_position.hpp
[1.975s] -- Up-to-date: /home/mc2148/AURO/Submission/install/solution_interfaces/include/solution_interfaces/solution_interfaces/msg/robot_start.hpp
[1.975s] -- Up-to-date: /home/mc2148/AURO/Submission/install/solution_interfaces/include/solution_interfaces/solution_interfaces/srv
[1.982s] -- Up-to-date: /home/mc2148/AURO/Submission/install/solution_interfaces/include/solution_interfaces/solution_interfaces/srv/item_assessment.hpp
[1.982s] -- Up-to-date: /home/mc2148/AURO/Submission/install/solution_interfaces/include/solution_interfaces/solution_interfaces/srv/random_goal.hpp
[1.983s] -- Up-to-date: /home/mc2148/AURO/Submission/install/solution_interfaces/include/solution_interfaces/solution_interfaces/srv/detail
[1.988s] -- Up-to-date: /home/mc2148/AURO/Submission/install/solution_interfaces/include/solution_interfaces/solution_interfaces/srv/detail/random_goal__traits.hpp
[1.991s] -- Up-to-date: /home/mc2148/AURO/Submission/install/solution_interfaces/include/solution_interfaces/solution_interfaces/srv/detail/item_assessment__struct.hpp
[1.991s] -- Up-to-date: /home/mc2148/AURO/Submission/install/solution_interfaces/include/solution_interfaces/solution_interfaces/srv/detail/item_assessment__builder.hpp
[1.992s] -- Up-to-date: /home/mc2148/AURO/Submission/install/solution_interfaces/include/solution_interfaces/solution_interfaces/srv/detail/item_assessment__traits.hpp
[1.993s] -- Up-to-date: /home/mc2148/AURO/Submission/install/solution_interfaces/include/solution_interfaces/solution_interfaces/srv/detail/random_goal__builder.hpp
[1.993s] -- Up-to-date: /home/mc2148/AURO/Submission/install/solution_interfaces/include/solution_interfaces/solution_interfaces/srv/detail/random_goal__struct.hpp
[1.993s] -- Up-to-date: /home/mc2148/AURO/Submission/install/solution_interfaces/include/solution_interfaces/solution_interfaces
[1.993s] -- Up-to-date: /home/mc2148/AURO/Submission/install/solution_interfaces/include/solution_interfaces/solution_interfaces/msg
[1.999s] -- Up-to-date: /home/mc2148/AURO/Submission/install/solution_interfaces/include/solution_interfaces/solution_interfaces/msg/detail
[1.999s] -- Up-to-date: /home/mc2148/AURO/Submission/install/solution_interfaces/include/solution_interfaces/solution_interfaces/msg/detail/item_assessment__rosidl_typesupport_fastrtps_cpp.hpp
[1.999s] -- Up-to-date: /home/mc2148/AURO/Submission/install/solution_interfaces/include/solution_interfaces/solution_interfaces/msg/detail/string_with_pose__rosidl_typesupport_fastrtps_cpp.hpp
[2.003s] -- Up-to-date: /home/mc2148/AURO/Submission/install/solution_interfaces/include/solution_interfaces/solution_interfaces/msg/detail/home_pub_position__rosidl_typesupport_fastrtps_cpp.hpp
[2.003s] -- Up-to-date: /home/mc2148/AURO/Submission/install/solution_interfaces/include/solution_interfaces/solution_interfaces/msg/detail/example__rosidl_typesupport_fastrtps_cpp.hpp
[2.003s] -- Up-to-date: /home/mc2148/AURO/Submission/install/solution_interfaces/include/solution_interfaces/solution_interfaces/msg/detail/robot_pub_position__rosidl_typesupport_fastrtps_cpp.hpp
[2.003s] -- Up-to-date: /home/mc2148/AURO/Submission/install/solution_interfaces/include/solution_interfaces/solution_interfaces/msg/detail/dds_fastrtps
[2.003s] -- Up-to-date: /home/mc2148/AURO/Submission/install/solution_interfaces/include/solution_interfaces/solution_interfaces/msg/detail/robot_start__rosidl_typesupport_fastrtps_cpp.hpp
[2.003s] -- Up-to-date: /home/mc2148/AURO/Submission/install/solution_interfaces/include/solution_interfaces/solution_interfaces/msg/rosidl_typesupport_fastrtps_cpp__visibility_control.h
[2.003s] -- Up-to-date: /home/mc2148/AURO/Submission/install/solution_interfaces/include/solution_interfaces/solution_interfaces/srv
[2.003s] -- Up-to-date: /home/mc2148/AURO/Submission/install/solution_interfaces/include/solution_interfaces/solution_interfaces/srv/detail
[2.003s] -- Up-to-date: /home/mc2148/AURO/Submission/install/solution_interfaces/include/solution_interfaces/solution_interfaces/srv/detail/item_assessment__rosidl_typesupport_fastrtps_cpp.hpp
[2.003s] -- Up-to-date: /home/mc2148/AURO/Submission/install/solution_interfaces/include/solution_interfaces/solution_interfaces/srv/detail/dds_fastrtps
[2.003s] -- Up-to-date: /home/mc2148/AURO/Submission/install/solution_interfaces/include/solution_interfaces/solution_interfaces/srv/detail/random_goal__rosidl_typesupport_fastrtps_cpp.hpp
[2.003s] -- Up-to-date: /home/mc2148/AURO/Submission/install/solution_interfaces/lib/libsolution_interfaces__rosidl_typesupport_fastrtps_cpp.so
[2.003s] -- Up-to-date: /home/mc2148/AURO/Submission/install/solution_interfaces/include/solution_interfaces/solution_interfaces
[2.004s] -- Up-to-date: /home/mc2148/AURO/Submission/install/solution_interfaces/include/solution_interfaces/solution_interfaces/msg
[2.004s] -- Up-to-date: /home/mc2148/AURO/Submission/install/solution_interfaces/include/solution_interfaces/solution_interfaces/msg/rosidl_typesupport_introspection_c__visibility_control.h
[2.004s] -- Up-to-date: /home/mc2148/AURO/Submission/install/solution_interfaces/include/solution_interfaces/solution_interfaces/msg/detail
[2.006s] -- Up-to-date: /home/mc2148/AURO/Submission/install/solution_interfaces/include/solution_interfaces/solution_interfaces/msg/detail/robot_pub_position__type_support.c
[2.006s] -- Up-to-date: /home/mc2148/AURO/Submission/install/solution_interfaces/include/solution_interfaces/solution_interfaces/msg/detail/item_assessment__rosidl_typesupport_introspection_c.h
[2.007s] -- Up-to-date: /home/mc2148/AURO/Submission/install/solution_interfaces/include/solution_interfaces/solution_interfaces/msg/detail/item_assessment__type_support.c
[2.010s] -- Up-to-date: /home/mc2148/AURO/Submission/install/solution_interfaces/include/solution_interfaces/solution_interfaces/msg/detail/string_with_pose__rosidl_typesupport_introspection_c.h
[2.010s] -- Up-to-date: /home/mc2148/AURO/Submission/install/solution_interfaces/include/solution_interfaces/solution_interfaces/msg/detail/robot_pub_position__rosidl_typesupport_introspection_c.h
[2.017s] -- Up-to-date: /home/mc2148/AURO/Submission/install/solution_interfaces/include/solution_interfaces/solution_interfaces/msg/detail/example__rosidl_typesupport_introspection_c.h
[2.018s] -- Up-to-date: /home/mc2148/AURO/Submission/install/solution_interfaces/include/solution_interfaces/solution_interfaces/msg/detail/home_pub_position__type_support.c
[2.018s] -- Up-to-date: /home/mc2148/AURO/Submission/install/solution_interfaces/include/solution_interfaces/solution_interfaces/msg/detail/robot_start__rosidl_typesupport_introspection_c.h
[2.018s] -- Up-to-date: /home/mc2148/AURO/Submission/install/solution_interfaces/include/solution_interfaces/solution_interfaces/msg/detail/home_pub_position__rosidl_typesupport_introspection_c.h
[2.018s] -- Up-to-date: /home/mc2148/AURO/Submission/install/solution_interfaces/include/solution_interfaces/solution_interfaces/msg/detail/robot_start__type_support.c
[2.018s] -- Up-to-date: /home/mc2148/AURO/Submission/install/solution_interfaces/include/solution_interfaces/solution_interfaces/msg/detail/example__type_support.c
[2.019s] -- Up-to-date: /home/mc2148/AURO/Submission/install/solution_interfaces/include/solution_interfaces/solution_interfaces/msg/detail/string_with_pose__type_support.c
[2.019s] -- Up-to-date: /home/mc2148/AURO/Submission/install/solution_interfaces/include/solution_interfaces/solution_interfaces/srv
[2.028s] -- Up-to-date: /home/mc2148/AURO/Submission/install/solution_interfaces/include/solution_interfaces/solution_interfaces/srv/detail
[2.028s] -- Up-to-date: /home/mc2148/AURO/Submission/install/solution_interfaces/include/solution_interfaces/solution_interfaces/srv/detail/item_assessment__rosidl_typesupport_introspection_c.h
[2.028s] -- Up-to-date: /home/mc2148/AURO/Submission/install/solution_interfaces/include/solution_interfaces/solution_interfaces/srv/detail/item_assessment__type_support.c
[2.032s] -- Up-to-date: /home/mc2148/AURO/Submission/install/solution_interfaces/include/solution_interfaces/solution_interfaces/srv/detail/random_goal__type_support.c
[2.032s] -- Up-to-date: /home/mc2148/AURO/Submission/install/solution_interfaces/include/solution_interfaces/solution_interfaces/srv/detail/random_goal__rosidl_typesupport_introspection_c.h
[2.032s] -- Up-to-date: /home/mc2148/AURO/Submission/install/solution_interfaces/lib/libsolution_interfaces__rosidl_typesupport_introspection_c.so
[2.033s] -- Up-to-date: /home/mc2148/AURO/Submission/install/solution_interfaces/lib/libsolution_interfaces__rosidl_typesupport_c.so
[2.033s] -- Up-to-date: /home/mc2148/AURO/Submission/install/solution_interfaces/include/solution_interfaces/solution_interfaces
[2.033s] -- Up-to-date: /home/mc2148/AURO/Submission/install/solution_interfaces/include/solution_interfaces/solution_interfaces/msg
[2.033s] -- Up-to-date: /home/mc2148/AURO/Submission/install/solution_interfaces/include/solution_interfaces/solution_interfaces/msg/detail
[2.033s] -- Up-to-date: /home/mc2148/AURO/Submission/install/solution_interfaces/include/solution_interfaces/solution_interfaces/msg/detail/item_assessment__type_support.cpp
[2.034s] -- Up-to-date: /home/mc2148/AURO/Submission/install/solution_interfaces/include/solution_interfaces/solution_interfaces/msg/detail/home_pub_position__type_support.cpp
[2.034s] -- Up-to-date: /home/mc2148/AURO/Submission/install/solution_interfaces/include/solution_interfaces/solution_interfaces/msg/detail/item_assessment__rosidl_typesupport_introspection_cpp.hpp
[2.035s] -- Up-to-date: /home/mc2148/AURO/Submission/install/solution_interfaces/include/solution_interfaces/solution_interfaces/msg/detail/robot_pub_position__type_support.cpp
[2.036s] -- Up-to-date: /home/mc2148/AURO/Submission/install/solution_interfaces/include/solution_interfaces/solution_interfaces/msg/detail/example__type_support.cpp
[2.036s] -- Up-to-date: /home/mc2148/AURO/Submission/install/solution_interfaces/include/solution_interfaces/solution_interfaces/msg/detail/string_with_pose__type_support.cpp
[2.037s] -- Up-to-date: /home/mc2148/AURO/Submission/install/solution_interfaces/include/solution_interfaces/solution_interfaces/msg/detail/example__rosidl_typesupport_introspection_cpp.hpp
[2.038s] -- Up-to-date: /home/mc2148/AURO/Submission/install/solution_interfaces/include/solution_interfaces/solution_interfaces/msg/detail/robot_start__type_support.cpp
[2.038s] -- Up-to-date: /home/mc2148/AURO/Submission/install/solution_interfaces/include/solution_interfaces/solution_interfaces/msg/detail/home_pub_position__rosidl_typesupport_introspection_cpp.hpp
[2.041s] -- Up-to-date: /home/mc2148/AURO/Submission/install/solution_interfaces/include/solution_interfaces/solution_interfaces/msg/detail/string_with_pose__rosidl_typesupport_introspection_cpp.hpp
[2.042s] -- Up-to-date: /home/mc2148/AURO/Submission/install/solution_interfaces/include/solution_interfaces/solution_interfaces/msg/detail/robot_pub_position__rosidl_typesupport_introspection_cpp.hpp
[2.042s] -- Up-to-date: /home/mc2148/AURO/Submission/install/solution_interfaces/include/solution_interfaces/solution_interfaces/msg/detail/robot_start__rosidl_typesupport_introspection_cpp.hpp
[2.043s] -- Up-to-date: /home/mc2148/AURO/Submission/install/solution_interfaces/include/solution_interfaces/solution_interfaces/srv
[2.047s] -- Up-to-date: /home/mc2148/AURO/Submission/install/solution_interfaces/include/solution_interfaces/solution_interfaces/srv/detail
[2.047s] -- Up-to-date: /home/mc2148/AURO/Submission/install/solution_interfaces/include/solution_interfaces/solution_interfaces/srv/detail/item_assessment__type_support.cpp
[2.047s] -- Up-to-date: /home/mc2148/AURO/Submission/install/solution_interfaces/include/solution_interfaces/solution_interfaces/srv/detail/item_assessment__rosidl_typesupport_introspection_cpp.hpp
[2.047s] -- Up-to-date: /home/mc2148/AURO/Submission/install/solution_interfaces/include/solution_interfaces/solution_interfaces/srv/detail/random_goal__rosidl_typesupport_introspection_cpp.hpp
[2.047s] -- Up-to-date: /home/mc2148/AURO/Submission/install/solution_interfaces/include/solution_interfaces/solution_interfaces/srv/detail/random_goal__type_support.cpp
[2.047s] -- Up-to-date: /home/mc2148/AURO/Submission/install/solution_interfaces/lib/libsolution_interfaces__rosidl_typesupport_introspection_cpp.so
[2.047s] -- Up-to-date: /home/mc2148/AURO/Submission/install/solution_interfaces/lib/libsolution_interfaces__rosidl_typesupport_cpp.so
[2.047s] -- Up-to-date: /home/mc2148/AURO/Submission/install/solution_interfaces/share/solution_interfaces/environment/pythonpath.sh
[2.047s] -- Up-to-date: /home/mc2148/AURO/Submission/install/solution_interfaces/share/solution_interfaces/environment/pythonpath.dsv
[2.047s] -- Up-to-date: /home/mc2148/AURO/Submission/install/solution_interfaces/local/lib/python3.10/dist-packages/solution_interfaces-0.0.0-py3.10.egg-info
[2.048s] -- Installing: /home/mc2148/AURO/Submission/install/solution_interfaces/local/lib/python3.10/dist-packages/solution_interfaces-0.0.0-py3.10.egg-info/dependency_links.txt
[2.048s] -- Installing: /home/mc2148/AURO/Submission/install/solution_interfaces/local/lib/python3.10/dist-packages/solution_interfaces-0.0.0-py3.10.egg-info/SOURCES.txt
[2.048s] -- Installing: /home/mc2148/AURO/Submission/install/solution_interfaces/local/lib/python3.10/dist-packages/solution_interfaces-0.0.0-py3.10.egg-info/PKG-INFO
[2.048s] -- Installing: /home/mc2148/AURO/Submission/install/solution_interfaces/local/lib/python3.10/dist-packages/solution_interfaces-0.0.0-py3.10.egg-info/top_level.txt
[2.048s] -- Up-to-date: /home/mc2148/AURO/Submission/install/solution_interfaces/local/lib/python3.10/dist-packages/solution_interfaces
[2.048s] -- Up-to-date: /home/mc2148/AURO/Submission/install/solution_interfaces/local/lib/python3.10/dist-packages/solution_interfaces/solution_interfaces_s__rosidl_typesupport_fastrtps_c.cpython-310-x86_64-linux-gnu.so
[2.048s] -- Up-to-date: /home/mc2148/AURO/Submission/install/solution_interfaces/local/lib/python3.10/dist-packages/solution_interfaces/_solution_interfaces_s.ep.rosidl_typesupport_c.c
[2.048s] -- Up-to-date: /home/mc2148/AURO/Submission/install/solution_interfaces/local/lib/python3.10/dist-packages/solution_interfaces/_solution_interfaces_s.ep.rosidl_typesupport_fastrtps_c.c
[2.048s] -- Up-to-date: /home/mc2148/AURO/Submission/install/solution_interfaces/local/lib/python3.10/dist-packages/solution_interfaces/solution_interfaces_s__rosidl_typesupport_introspection_c.cpython-310-x86_64-linux-gnu.so
[2.048s] -- Up-to-date: /home/mc2148/AURO/Submission/install/solution_interfaces/local/lib/python3.10/dist-packages/solution_interfaces/msg
[2.048s] -- Up-to-date: /home/mc2148/AURO/Submission/install/solution_interfaces/local/lib/python3.10/dist-packages/solution_interfaces/msg/_robot_start_s.c
[2.048s] -- Up-to-date: /home/mc2148/AURO/Submission/install/solution_interfaces/local/lib/python3.10/dist-packages/solution_interfaces/msg/_example.py
[2.048s] -- Up-to-date: /home/mc2148/AURO/Submission/install/solution_interfaces/local/lib/python3.10/dist-packages/solution_interfaces/msg/_example_s.c
[2.048s] -- Up-to-date: /home/mc2148/AURO/Submission/install/solution_interfaces/local/lib/python3.10/dist-packages/solution_interfaces/msg/_robot_pub_position.py
[2.048s] -- Up-to-date: /home/mc2148/AURO/Submission/install/solution_interfaces/local/lib/python3.10/dist-packages/solution_interfaces/msg/_robot_start.py
[2.048s] -- Up-to-date: /home/mc2148/AURO/Submission/install/solution_interfaces/local/lib/python3.10/dist-packages/solution_interfaces/msg/_item_assessment_s.c
[2.048s] -- Up-to-date: /home/mc2148/AURO/Submission/install/solution_interfaces/local/lib/python3.10/dist-packages/solution_interfaces/msg/_string_with_pose.py
[2.048s] -- Up-to-date: /home/mc2148/AURO/Submission/install/solution_interfaces/local/lib/python3.10/dist-packages/solution_interfaces/msg/__init__.py
[2.049s] -- Up-to-date: /home/mc2148/AURO/Submission/install/solution_interfaces/local/lib/python3.10/dist-packages/solution_interfaces/msg/_home_pub_position_s.c
[2.049s] -- Up-to-date: /home/mc2148/AURO/Submission/install/solution_interfaces/local/lib/python3.10/dist-packages/solution_interfaces/msg/_home_pub_position.py
[2.049s] -- Up-to-date: /home/mc2148/AURO/Submission/install/solution_interfaces/local/lib/python3.10/dist-packages/solution_interfaces/msg/_item_assessment.py
[2.049s] -- Up-to-date: /home/mc2148/AURO/Submission/install/solution_interfaces/local/lib/python3.10/dist-packages/solution_interfaces/msg/_robot_pub_position_s.c
[2.049s] -- Up-to-date: /home/mc2148/AURO/Submission/install/solution_interfaces/local/lib/python3.10/dist-packages/solution_interfaces/msg/_string_with_pose_s.c
[2.049s] -- Up-to-date: /home/mc2148/AURO/Submission/install/solution_interfaces/local/lib/python3.10/dist-packages/solution_interfaces/libsolution_interfaces__rosidl_generator_py.so
[2.049s] -- Up-to-date: /home/mc2148/AURO/Submission/install/solution_interfaces/local/lib/python3.10/dist-packages/solution_interfaces/_solution_interfaces_s.ep.rosidl_typesupport_introspection_c.c
[2.049s] -- Up-to-date: /home/mc2148/AURO/Submission/install/solution_interfaces/local/lib/python3.10/dist-packages/solution_interfaces/solution_interfaces_s__rosidl_typesupport_c.cpython-310-x86_64-linux-gnu.so
[2.049s] -- Up-to-date: /home/mc2148/AURO/Submission/install/solution_interfaces/local/lib/python3.10/dist-packages/solution_interfaces/__init__.py
[2.049s] -- Up-to-date: /home/mc2148/AURO/Submission/install/solution_interfaces/local/lib/python3.10/dist-packages/solution_interfaces/srv
[2.049s] -- Up-to-date: /home/mc2148/AURO/Submission/install/solution_interfaces/local/lib/python3.10/dist-packages/solution_interfaces/srv/_random_goal_s.c
[2.049s] -- Up-to-date: /home/mc2148/AURO/Submission/install/solution_interfaces/local/lib/python3.10/dist-packages/solution_interfaces/srv/_random_goal.py
[2.049s] -- Up-to-date: /home/mc2148/AURO/Submission/install/solution_interfaces/local/lib/python3.10/dist-packages/solution_interfaces/srv/_item_assessment_s.c
[2.049s] -- Up-to-date: /home/mc2148/AURO/Submission/install/solution_interfaces/local/lib/python3.10/dist-packages/solution_interfaces/srv/__init__.py
[2.049s] -- Up-to-date: /home/mc2148/AURO/Submission/install/solution_interfaces/local/lib/python3.10/dist-packages/solution_interfaces/srv/_item_assessment.py
[2.049s] Listing '/home/mc2148/AURO/Submission/install/solution_interfaces/local/lib/python3.10/dist-packages/solution_interfaces'...
[2.049s] Listing '/home/mc2148/AURO/Submission/install/solution_interfaces/local/lib/python3.10/dist-packages/solution_interfaces/msg'...
[2.050s] Listing '/home/mc2148/AURO/Submission/install/solution_interfaces/local/lib/python3.10/dist-packages/solution_interfaces/srv'...
[2.050s] -- Up-to-date: /home/mc2148/AURO/Submission/install/solution_interfaces/local/lib/python3.10/dist-packages/solution_interfaces/solution_interfaces_s__rosidl_typesupport_fastrtps_c.cpython-310-x86_64-linux-gnu.so
[2.050s] -- Up-to-date: /home/mc2148/AURO/Submission/install/solution_interfaces/local/lib/python3.10/dist-packages/solution_interfaces/solution_interfaces_s__rosidl_typesupport_introspection_c.cpython-310-x86_64-linux-gnu.so
[2.050s] -- Up-to-date: /home/mc2148/AURO/Submission/install/solution_interfaces/local/lib/python3.10/dist-packages/solution_interfaces/solution_interfaces_s__rosidl_typesupport_c.cpython-310-x86_64-linux-gnu.so
[2.050s] -- Up-to-date: /home/mc2148/AURO/Submission/install/solution_interfaces/lib/libsolution_interfaces__rosidl_generator_py.so
[2.050s] -- Up-to-date: /home/mc2148/AURO/Submission/install/solution_interfaces/share/solution_interfaces/msg/Example.idl
[2.050s] -- Up-to-date: /home/mc2148/AURO/Submission/install/solution_interfaces/share/solution_interfaces/msg/RobotPubPosition.idl
[2.050s] -- Up-to-date: /home/mc2148/AURO/Submission/install/solution_interfaces/share/solution_interfaces/msg/StringWithPose.idl
[2.050s] -- Up-to-date: /home/mc2148/AURO/Submission/install/solution_interfaces/share/solution_interfaces/srv/RandomGoal.idl
[2.050s] -- Up-to-date: /home/mc2148/AURO/Submission/install/solution_interfaces/share/solution_interfaces/srv/ItemAssessment.idl
[2.050s] -- Up-to-date: /home/mc2148/AURO/Submission/install/solution_interfaces/share/solution_interfaces/msg/Example.msg
[2.050s] -- Up-to-date: /home/mc2148/AURO/Submission/install/solution_interfaces/share/solution_interfaces/msg/RobotPubPosition.msg
[2.050s] -- Up-to-date: /home/mc2148/AURO/Submission/install/solution_interfaces/share/solution_interfaces/msg/StringWithPose.msg
[2.051s] -- Up-to-date: /home/mc2148/AURO/Submission/install/solution_interfaces/share/solution_interfaces/srv/RandomGoal.srv
[2.053s] -- Up-to-date: /home/mc2148/AURO/Submission/install/solution_interfaces/share/solution_interfaces/srv/RandomGoal_Request.msg
[2.053s] -- Up-to-date: /home/mc2148/AURO/Submission/install/solution_interfaces/share/solution_interfaces/srv/RandomGoal_Response.msg
[2.054s] -- Up-to-date: /home/mc2148/AURO/Submission/install/solution_interfaces/share/solution_interfaces/srv/ItemAssessment.srv
[2.054s] -- Up-to-date: /home/mc2148/AURO/Submission/install/solution_interfaces/share/solution_interfaces/srv/ItemAssessment_Request.msg
[2.054s] -- Up-to-date: /home/mc2148/AURO/Submission/install/solution_interfaces/share/solution_interfaces/srv/ItemAssessment_Response.msg
[2.054s] -- Up-to-date: /home/mc2148/AURO/Submission/install/solution_interfaces/share/ament_index/resource_index/package_run_dependencies/solution_interfaces
[2.055s] -- Up-to-date: /home/mc2148/AURO/Submission/install/solution_interfaces/share/ament_index/resource_index/parent_prefix_path/solution_interfaces
[2.055s] -- Up-to-date: /home/mc2148/AURO/Submission/install/solution_interfaces/share/solution_interfaces/environment/ament_prefix_path.sh
[2.055s] -- Up-to-date: /home/mc2148/AURO/Submission/install/solution_interfaces/share/solution_interfaces/environment/ament_prefix_path.dsv
[2.055s] -- Up-to-date: /home/mc2148/AURO/Submission/install/solution_interfaces/share/solution_interfaces/environment/path.sh
[2.056s] -- Up-to-date: /home/mc2148/AURO/Submission/install/solution_interfaces/share/solution_interfaces/environment/path.dsv
[2.056s] -- Up-to-date: /home/mc2148/AURO/Submission/install/solution_interfaces/share/solution_interfaces/local_setup.bash
[2.056s] -- Up-to-date: /home/mc2148/AURO/Submission/install/solution_interfaces/share/solution_interfaces/local_setup.sh
[2.056s] -- Up-to-date: /home/mc2148/AURO/Submission/install/solution_interfaces/share/solution_interfaces/local_setup.zsh
[2.056s] -- Up-to-date: /home/mc2148/AURO/Submission/install/solution_interfaces/share/solution_interfaces/local_setup.dsv
[2.059s] -- Installing: /home/mc2148/AURO/Submission/install/solution_interfaces/share/solution_interfaces/package.dsv
[2.059s] -- Up-to-date: /home/mc2148/AURO/Submission/install/solution_interfaces/share/ament_index/resource_index/packages/solution_interfaces
[2.061s] -- Up-to-date: /home/mc2148/AURO/Submission/install/solution_interfaces/share/solution_interfaces/cmake/export_solution_interfaces__rosidl_generator_cExport.cmake
[2.061s] -- Up-to-date: /home/mc2148/AURO/Submission/install/solution_interfaces/share/solution_interfaces/cmake/export_solution_interfaces__rosidl_generator_cExport-noconfig.cmake
[2.061s] -- Up-to-date: /home/mc2148/AURO/Submission/install/solution_interfaces/share/solution_interfaces/cmake/export_solution_interfaces__rosidl_typesupport_fastrtps_cExport.cmake
[2.061s] -- Up-to-date: /home/mc2148/AURO/Submission/install/solution_interfaces/share/solution_interfaces/cmake/export_solution_interfaces__rosidl_typesupport_fastrtps_cExport-noconfig.cmake
[2.061s] -- Up-to-date: /home/mc2148/AURO/Submission/install/solution_interfaces/share/solution_interfaces/cmake/export_solution_interfaces__rosidl_generator_cppExport.cmake
[2.061s] -- Up-to-date: /home/mc2148/AURO/Submission/install/solution_interfaces/share/solution_interfaces/cmake/export_solution_interfaces__rosidl_typesupport_fastrtps_cppExport.cmake
[2.061s] -- Up-to-date: /home/mc2148/AURO/Submission/install/solution_interfaces/share/solution_interfaces/cmake/export_solution_interfaces__rosidl_typesupport_fastrtps_cppExport-noconfig.cmake
[2.062s] -- Up-to-date: /home/mc2148/AURO/Submission/install/solution_interfaces/share/solution_interfaces/cmake/solution_interfaces__rosidl_typesupport_introspection_cExport.cmake
[2.063s] -- Up-to-date: /home/mc2148/AURO/Submission/install/solution_interfaces/share/solution_interfaces/cmake/solution_interfaces__rosidl_typesupport_introspection_cExport-noconfig.cmake
[2.063s] -- Up-to-date: /home/mc2148/AURO/Submission/install/solution_interfaces/share/solution_interfaces/cmake/solution_interfaces__rosidl_typesupport_cExport.cmake
[2.064s] -- Up-to-date: /home/mc2148/AURO/Submission/install/solution_interfaces/share/solution_interfaces/cmake/solution_interfaces__rosidl_typesupport_cExport-noconfig.cmake
[2.064s] -- Up-to-date: /home/mc2148/AURO/Submission/install/solution_interfaces/share/solution_interfaces/cmake/solution_interfaces__rosidl_typesupport_introspection_cppExport.cmake
[2.064s] -- Up-to-date: /home/mc2148/AURO/Submission/install/solution_interfaces/share/solution_interfaces/cmake/solution_interfaces__rosidl_typesupport_introspection_cppExport-noconfig.cmake
[2.065s] -- Up-to-date: /home/mc2148/AURO/Submission/install/solution_interfaces/share/solution_interfaces/cmake/solution_interfaces__rosidl_typesupport_cppExport.cmake
[2.065s] -- Up-to-date: /home/mc2148/AURO/Submission/install/solution_interfaces/share/solution_interfaces/cmake/solution_interfaces__rosidl_typesupport_cppExport-noconfig.cmake
[2.065s] -- Up-to-date: /home/mc2148/AURO/Submission/install/solution_interfaces/share/solution_interfaces/cmake/export_solution_interfaces__rosidl_generator_pyExport.cmake
[2.065s] -- Up-to-date: /home/mc2148/AURO/Submission/install/solution_interfaces/share/solution_interfaces/cmake/export_solution_interfaces__rosidl_generator_pyExport-noconfig.cmake
[2.066s] -- Up-to-date: /home/mc2148/AURO/Submission/install/solution_interfaces/share/solution_interfaces/cmake/rosidl_cmake-extras.cmake
[2.066s] -- Up-to-date: /home/mc2148/AURO/Submission/install/solution_interfaces/share/solution_interfaces/cmake/ament_cmake_export_dependencies-extras.cmake
[2.066s] -- Up-to-date: /home/mc2148/AURO/Submission/install/solution_interfaces/share/solution_interfaces/cmake/ament_cmake_export_include_directories-extras.cmake
[2.067s] -- Up-to-date: /home/mc2148/AURO/Submission/install/solution_interfaces/share/solution_interfaces/cmake/ament_cmake_export_libraries-extras.cmake
[2.067s] -- Up-to-date: /home/mc2148/AURO/Submission/install/solution_interfaces/share/solution_interfaces/cmake/ament_cmake_export_targets-extras.cmake
[2.067s] -- Up-to-date: /home/mc2148/AURO/Submission/install/solution_interfaces/share/solution_interfaces/cmake/rosidl_cmake_export_typesupport_targets-extras.cmake
[2.067s] -- Up-to-date: /home/mc2148/AURO/Submission/install/solution_interfaces/share/solution_interfaces/cmake/rosidl_cmake_export_typesupport_libraries-extras.cmake
[2.068s] -- Up-to-date: /home/mc2148/AURO/Submission/install/solution_interfaces/share/solution_interfaces/cmake/solution_interfacesConfig.cmake
[2.068s] -- Up-to-date: /home/mc2148/AURO/Submission/install/solution_interfaces/share/solution_interfaces/cmake/solution_interfacesConfig-version.cmake
[2.068s] -- Up-to-date: /home/mc2148/AURO/Submission/install/solution_interfaces/share/solution_interfaces/package.xml
[2.100s] Invoked command in '/home/mc2148/AURO/Submission/build/solution_interfaces' returned '0': CMAKE_PREFIX_PATH=${CMAKE_PREFIX_PATH}:/home/mc2148/AURO/Submission/install/tf_transformations:/home/mc2148/AURO/Submission/install/solution:/home/mc2148/auro-practicals/install/week_8:/home/mc2148/auro-practicals/install/week_7:/home/mc2148/auro-practicals/install/week_6:/home/mc2148/auro-practicals/install/week_5:/home/mc2148/auro-practicals/install/week_4:/home/mc2148/auro-practicals/install/week_3:/home/mc2148/auro-practicals/install/week_2:/home/mc2148/auro-practicals/install/week_1:/home/mc2148/auro-practicals/install/tf_relay:/home/mc2148/auro-practicals/install/assessment:/home/mc2148/turtlebot3_ws/install/turtlebot3_teleop:/home/mc2148/turtlebot3_ws/install/turtlebot3_example:/opt/ros/humble /usr/bin/cmake --install /home/mc2148/AURO/Submission/build/solution_interfaces
