running egg_info
creating ../../build/solution/solution.egg-info
writing ../../build/solution/solution.egg-info/PKG-INFO
writing dependency_links to ../../build/solution/solution.egg-info/dependency_links.txt
writing entry points to ../../build/solution/solution.egg-info/entry_points.txt
writing requirements to ../../build/solution/solution.egg-info/requires.txt
writing top-level names to ../../build/solution/solution.egg-info/top_level.txt
writing manifest file '../../build/solution/solution.egg-info/SOURCES.txt'
reading manifest file '../../build/solution/solution.egg-info/SOURCES.txt'
writing manifest file '../../build/solution/solution.egg-info/SOURCES.txt'
running build
running build_py
creating /home/mc2148/AURO/Submission/build/solution/build
creating /home/mc2148/AURO/Submission/build/solution/build/lib
creating /home/mc2148/AURO/Submission/build/solution/build/lib/solution
copying solution/robot_controller.py -> /home/mc2148/AURO/Submission/build/solution/build/lib/solution
copying solution/item_assessor_servicev2.py -> /home/mc2148/AURO/Submission/build/solution/build/lib/solution
copying solution/randomised_goal_service.py -> /home/mc2148/AURO/Submission/build/solution/build/lib/solution
copying solution/item_assessor_service.py -> /home/mc2148/AURO/Submission/build/solution/build/lib/solution
copying solution/__init__.py -> /home/mc2148/AURO/Submission/build/solution/build/lib/solution
copying solution/data_logger.py -> /home/mc2148/AURO/Submission/build/solution/build/lib/solution
copying solution/robot_position_publisher.py -> /home/mc2148/AURO/Submission/build/solution/build/lib/solution
running install
running install_lib
creating /home/mc2148/AURO/Submission/install/solution/lib/python3.10/site-packages/solution
copying /home/mc2148/AURO/Submission/build/solution/build/lib/solution/robot_controller.py -> /home/mc2148/AURO/Submission/install/solution/lib/python3.10/site-packages/solution
copying /home/mc2148/AURO/Submission/build/solution/build/lib/solution/item_assessor_servicev2.py -> /home/mc2148/AURO/Submission/install/solution/lib/python3.10/site-packages/solution
copying /home/mc2148/AURO/Submission/build/solution/build/lib/solution/randomised_goal_service.py -> /home/mc2148/AURO/Submission/install/solution/lib/python3.10/site-packages/solution
copying /home/mc2148/AURO/Submission/build/solution/build/lib/solution/item_assessor_service.py -> /home/mc2148/AURO/Submission/install/solution/lib/python3.10/site-packages/solution
copying /home/mc2148/AURO/Submission/build/solution/build/lib/solution/__init__.py -> /home/mc2148/AURO/Submission/install/solution/lib/python3.10/site-packages/solution
copying /home/mc2148/AURO/Submission/build/solution/build/lib/solution/data_logger.py -> /home/mc2148/AURO/Submission/install/solution/lib/python3.10/site-packages/solution
copying /home/mc2148/AURO/Submission/build/solution/build/lib/solution/robot_position_publisher.py -> /home/mc2148/AURO/Submission/install/solution/lib/python3.10/site-packages/solution
byte-compiling /home/mc2148/AURO/Submission/install/solution/lib/python3.10/site-packages/solution/robot_controller.py to robot_controller.cpython-310.pyc
byte-compiling /home/mc2148/AURO/Submission/install/solution/lib/python3.10/site-packages/solution/item_assessor_servicev2.py to item_assessor_servicev2.cpython-310.pyc
byte-compiling /home/mc2148/AURO/Submission/install/solution/lib/python3.10/site-packages/solution/randomised_goal_service.py to randomised_goal_service.cpython-310.pyc
byte-compiling /home/mc2148/AURO/Submission/install/solution/lib/python3.10/site-packages/solution/item_assessor_service.py to item_assessor_service.cpython-310.pyc
byte-compiling /home/mc2148/AURO/Submission/install/solution/lib/python3.10/site-packages/solution/__init__.py to __init__.cpython-310.pyc
byte-compiling /home/mc2148/AURO/Submission/install/solution/lib/python3.10/site-packages/solution/data_logger.py to data_logger.cpython-310.pyc
byte-compiling /home/mc2148/AURO/Submission/install/solution/lib/python3.10/site-packages/solution/robot_position_publisher.py to robot_position_publisher.cpython-310.pyc
running install_data
creating /home/mc2148/AURO/Submission/install/solution/share/ament_index
creating /home/mc2148/AURO/Submission/install/solution/share/ament_index/resource_index
creating /home/mc2148/AURO/Submission/install/solution/share/ament_index/resource_index/packages
copying resource/solution -> /home/mc2148/AURO/Submission/install/solution/share/ament_index/resource_index/packages
copying package.xml -> /home/mc2148/AURO/Submission/install/solution/share/solution
creating /home/mc2148/AURO/Submission/install/solution/share/solution/launch
copying launch/solution_launch.py -> /home/mc2148/AURO/Submission/install/solution/share/solution/launch/
copying launch/solution_nav2_launch.py -> /home/mc2148/AURO/Submission/install/solution/share/solution/launch/
running install_egg_info
Copying ../../build/solution/solution.egg-info to /home/mc2148/AURO/Submission/install/solution/lib/python3.10/site-packages/solution-0.0.0-py3.10.egg-info
running install_scripts
Installing data_logger script to /home/mc2148/AURO/Submission/install/solution/lib/solution
Installing item_assessor_service script to /home/mc2148/AURO/Submission/install/solution/lib/solution
Installing randomised_goal_service script to /home/mc2148/AURO/Submission/install/solution/lib/solution
Installing robot_controller script to /home/mc2148/AURO/Submission/install/solution/lib/solution
Installing robot_position script to /home/mc2148/AURO/Submission/install/solution/lib/solution
writing list of installed files to '/home/mc2148/AURO/Submission/build/solution/install.log'
