[1.208s] Invoking command in '/home/mc2148/AURO/Submission/src/solution': PYTHONPATH=/home/mc2148/AURO/Submission/build/solution/prefix_override:/home/mc2148/AURO/Submission/install/solution/lib/python3.10/site-packages:${PYTHONPATH} /usr/bin/python3 setup.py egg_info --egg-base ../../build/solution build --build-base /home/mc2148/AURO/Submission/build/solution/build install --record /home/mc2148/AURO/Submission/build/solution/install.log --single-version-externally-managed
[1.498s] running egg_info
[1.498s] creating ../../build/solution/solution.egg-info
[1.499s] writing ../../build/solution/solution.egg-info/PKG-INFO
[1.499s] writing dependency_links to ../../build/solution/solution.egg-info/dependency_links.txt
[1.499s] writing entry points to ../../build/solution/solution.egg-info/entry_points.txt
[1.499s] writing requirements to ../../build/solution/solution.egg-info/requires.txt
[1.499s] writing top-level names to ../../build/solution/solution.egg-info/top_level.txt
[1.499s] writing manifest file '../../build/solution/solution.egg-info/SOURCES.txt'
[1.502s] reading manifest file '../../build/solution/solution.egg-info/SOURCES.txt'
[1.503s] writing manifest file '../../build/solution/solution.egg-info/SOURCES.txt'
[1.503s] running build
[1.503s] running build_py
[1.503s] creating /home/mc2148/AURO/Submission/build/solution/build
[1.503s] creating /home/mc2148/AURO/Submission/build/solution/build/lib
[1.503s] creating /home/mc2148/AURO/Submission/build/solution/build/lib/solution
[1.503s] copying solution/robot_controller.py -> /home/mc2148/AURO/Submission/build/solution/build/lib/solution
[1.504s] copying solution/item_assessor_servicev2.py -> /home/mc2148/AURO/Submission/build/solution/build/lib/solution
[1.504s] copying solution/randomised_goal_service.py -> /home/mc2148/AURO/Submission/build/solution/build/lib/solution
[1.505s] copying solution/item_assessor_service.py -> /home/mc2148/AURO/Submission/build/solution/build/lib/solution
[1.505s] copying solution/__init__.py -> /home/mc2148/AURO/Submission/build/solution/build/lib/solution
[1.505s] copying solution/data_logger.py -> /home/mc2148/AURO/Submission/build/solution/build/lib/solution
[1.505s] copying solution/robot_position_publisher.py -> /home/mc2148/AURO/Submission/build/solution/build/lib/solution
[1.506s] running install
[1.506s] running install_lib
[1.507s] creating /home/mc2148/AURO/Submission/install/solution/lib/python3.10/site-packages/solution
[1.508s] copying /home/mc2148/AURO/Submission/build/solution/build/lib/solution/robot_controller.py -> /home/mc2148/AURO/Submission/install/solution/lib/python3.10/site-packages/solution
[1.508s] copying /home/mc2148/AURO/Submission/build/solution/build/lib/solution/item_assessor_servicev2.py -> /home/mc2148/AURO/Submission/install/solution/lib/python3.10/site-packages/solution
[1.508s] copying /home/mc2148/AURO/Submission/build/solution/build/lib/solution/randomised_goal_service.py -> /home/mc2148/AURO/Submission/install/solution/lib/python3.10/site-packages/solution
[1.508s] copying /home/mc2148/AURO/Submission/build/solution/build/lib/solution/item_assessor_service.py -> /home/mc2148/AURO/Submission/install/solution/lib/python3.10/site-packages/solution
[1.508s] copying /home/mc2148/AURO/Submission/build/solution/build/lib/solution/__init__.py -> /home/mc2148/AURO/Submission/install/solution/lib/python3.10/site-packages/solution
[1.508s] copying /home/mc2148/AURO/Submission/build/solution/build/lib/solution/data_logger.py -> /home/mc2148/AURO/Submission/install/solution/lib/python3.10/site-packages/solution
[1.508s] copying /home/mc2148/AURO/Submission/build/solution/build/lib/solution/robot_position_publisher.py -> /home/mc2148/AURO/Submission/install/solution/lib/python3.10/site-packages/solution
[1.509s] byte-compiling /home/mc2148/AURO/Submission/install/solution/lib/python3.10/site-packages/solution/robot_controller.py to robot_controller.cpython-310.pyc
[1.512s] byte-compiling /home/mc2148/AURO/Submission/install/solution/lib/python3.10/site-packages/solution/item_assessor_servicev2.py to item_assessor_servicev2.cpython-310.pyc
[1.512s] byte-compiling /home/mc2148/AURO/Submission/install/solution/lib/python3.10/site-packages/solution/randomised_goal_service.py to randomised_goal_service.cpython-310.pyc
[1.513s] byte-compiling /home/mc2148/AURO/Submission/install/solution/lib/python3.10/site-packages/solution/item_assessor_service.py to item_assessor_service.cpython-310.pyc
[1.514s] byte-compiling /home/mc2148/AURO/Submission/install/solution/lib/python3.10/site-packages/solution/__init__.py to __init__.cpython-310.pyc
[1.514s] byte-compiling /home/mc2148/AURO/Submission/install/solution/lib/python3.10/site-packages/solution/data_logger.py to data_logger.cpython-310.pyc
[1.515s] byte-compiling /home/mc2148/AURO/Submission/install/solution/lib/python3.10/site-packages/solution/robot_position_publisher.py to robot_position_publisher.cpython-310.pyc
[1.515s] running install_data
[1.516s] creating /home/mc2148/AURO/Submission/install/solution/share/ament_index
[1.516s] creating /home/mc2148/AURO/Submission/install/solution/share/ament_index/resource_index
[1.516s] creating /home/mc2148/AURO/Submission/install/solution/share/ament_index/resource_index/packages
[1.516s] copying resource/solution -> /home/mc2148/AURO/Submission/install/solution/share/ament_index/resource_index/packages
[1.517s] copying package.xml -> /home/mc2148/AURO/Submission/install/solution/share/solution
[1.517s] creating /home/mc2148/AURO/Submission/install/solution/share/solution/launch
[1.517s] copying launch/solution_launch.py -> /home/mc2148/AURO/Submission/install/solution/share/solution/launch/
[1.519s] copying launch/solution_nav2_launch.py -> /home/mc2148/AURO/Submission/install/solution/share/solution/launch/
[1.519s] running install_egg_info
[1.522s] Copying ../../build/solution/solution.egg-info to /home/mc2148/AURO/Submission/install/solution/lib/python3.10/site-packages/solution-0.0.0-py3.10.egg-info
[1.522s] running install_scripts
[1.546s] Installing data_logger script to /home/mc2148/AURO/Submission/install/solution/lib/solution
[1.546s] Installing item_assessor_service script to /home/mc2148/AURO/Submission/install/solution/lib/solution
[1.547s] Installing randomised_goal_service script to /home/mc2148/AURO/Submission/install/solution/lib/solution
[1.547s] Installing robot_controller script to /home/mc2148/AURO/Submission/install/solution/lib/solution
[1.547s] Installing robot_position script to /home/mc2148/AURO/Submission/install/solution/lib/solution
[1.548s] writing list of installed files to '/home/mc2148/AURO/Submission/build/solution/install.log'
[1.594s] Invoked command in '/home/mc2148/AURO/Submission/src/solution' returned '0': PYTHONPATH=/home/mc2148/AURO/Submission/build/solution/prefix_override:/home/mc2148/AURO/Submission/install/solution/lib/python3.10/site-packages:${PYTHONPATH} /usr/bin/python3 setup.py egg_info --egg-base ../../build/solution build --build-base /home/mc2148/AURO/Submission/build/solution/build install --record /home/mc2148/AURO/Submission/build/solution/install.log --single-version-externally-managed
